Log file open, 03/31/22 14:12:43
LogWindows: Failed to load 'aqProf.dll' (GetLastError=126)
LogWindows: File 'aqProf.dll' does not exist
LogWindows: Failed to load 'VtuneApi.dll' (GetLastError=126)
LogWindows: File 'VtuneApi.dll' does not exist
LogWindows: Failed to load 'VtuneApi32e.dll' (GetLastError=126)
LogWindows: File 'VtuneApi32e.dll' does not exist
LogConsoleResponse: Display: Failed to find resolution value strings in scalability ini. Falling back to default.
LogConsoleResponse: Display: Failed to find resolution value strings in scalability ini. Falling back to default.
LogInit: Display: Running engine for game: Monster_Shooter
LogPlatformFile: Not using cached read wrapper
LogTaskGraph: Started task graph with 5 named threads and 35 total threads with 3 sets of task threads.
LogStats: Stats thread started at 0.196141
LogICUInternationalization: ICU TimeZone Detection - Raw Offset: +1:00, Platform Override: ''
LogInit: Display: Loading text-based GConfig....
LogPluginManager: Mounting plugin MeshPainting
LogPluginManager: Mounting plugin XGEController
LogPluginManager: Mounting plugin AISupport
LogPluginManager: Mounting plugin Paper2D
LogPluginManager: Mounting plugin LiveLink
LogPluginManager: Mounting plugin EnvironmentQueryEditor
LogPluginManager: Mounting plugin LightPropagationVolume
LogPluginManager: Mounting plugin CameraShakePreviewer
LogPluginManager: Mounting plugin OodleData
LogPluginManager: Mounting plugin AnimationSharing
LogPluginManager: Mounting plugin CLionSourceCodeAccess
LogPluginManager: Mounting plugin CodeLiteSourceCodeAccess
LogPluginManager: Mounting plugin KDevelopSourceCodeAccess
LogPluginManager: Mounting plugin GitSourceControl
LogPluginManager: Mounting plugin NullSourceCodeAccess
LogPluginManager: Mounting plugin PerforceSourceControl
LogPluginManager: Mounting plugin PixWinPlugin
LogPluginManager: Mounting plugin PlasticSourceControl
LogPluginManager: Mounting plugin PluginUtils
LogPluginManager: Mounting plugin PropertyAccessNode
LogPluginManager: Mounting plugin RiderLink
LogPluginManager: Mounting plugin RiderSourceCodeAccess
LogPluginManager: Mounting plugin SubversionSourceControl
LogPluginManager: Mounting plugin TextureFormatOodle
LogPluginManager: Mounting plugin VisualStudioCodeSourceCodeAccess
LogPluginManager: Mounting plugin UObjectPlugin
LogPluginManager: Mounting plugin VisualStudioSourceCodeAccess
LogPluginManager: Mounting plugin XCodeSourceCodeAccess
LogPluginManager: Mounting plugin DatasmithContent
LogPluginManager: Mounting plugin VariantManagerContent
LogPluginManager: Mounting plugin Niagara
LogPluginManager: Mounting plugin AlembicImporter
LogPluginManager: Mounting plugin AutomationUtils
LogPluginManager: Mounting plugin BackChannel
LogPluginManager: Mounting plugin ChaosCloth
LogPluginManager: Mounting plugin ChaosClothEditor
LogPluginManager: Mounting plugin ChaosNiagara
LogPluginManager: Mounting plugin ChaosEditor
LogPluginManager: Mounting plugin ChaosSolverPlugin
LogPluginManager: Mounting plugin CharacterAI
LogPluginManager: Mounting plugin GeometryCache
LogPluginManager: Mounting plugin GeometryCollectionPlugin
LogPluginManager: Mounting plugin GameplayCameras
LogPluginManager: Mounting plugin GeometryProcessing
LogPluginManager: Mounting plugin OpenImageDenoise
LogPluginManager: Mounting plugin MotoSynth
LogPluginManager: Mounting plugin PlanarCut
LogPluginManager: Mounting plugin PlatformCrypto
LogPluginManager: Mounting plugin ProxyLODPlugin
LogPluginManager: Mounting plugin PythonScriptPlugin
LogPluginManager: Mounting plugin SkeletalReduction
LogPluginManager: Mounting plugin LuminPlatformFeatures
LogPluginManager: Mounting plugin MagicLeap
LogPluginManager: Mounting plugin MagicLeapLightEstimation
LogPluginManager: Mounting plugin MagicLeapMedia
LogPluginManager: Mounting plugin MLSDK
LogPluginManager: Mounting plugin AssetManagerEditor
LogPluginManager: Mounting plugin MagicLeapPassableWorld
LogPluginManager: Mounting plugin CurveEditorTools
LogPluginManager: Mounting plugin DataValidation
LogPluginManager: Mounting plugin FacialAnimation
LogPluginManager: Mounting plugin GameplayTagsEditor
LogPluginManager: Mounting plugin GeometryMode
LogPluginManager: Mounting plugin MacGraphicsSwitching
LogPluginManager: Mounting plugin MaterialAnalyzer
LogPluginManager: Mounting plugin MobileLauncherProfileWizard
LogPluginManager: Mounting plugin PluginBrowser
LogPluginManager: Mounting plugin SpeedTreeImporter
LogPluginManager: Mounting plugin ActorSequence
LogPluginManager: Mounting plugin LevelSequenceEditor
LogPluginManager: Mounting plugin CryptoKeys
LogPluginManager: Mounting plugin TemplateSequence
LogPluginManager: Mounting plugin TcpMessaging
LogPluginManager: Mounting plugin UdpMessaging
LogPluginManager: Mounting plugin LauncherChunkInstaller
LogPluginManager: Mounting plugin AndroidMedia
LogPluginManager: Mounting plugin MatineeToLevelSequence
LogPluginManager: Mounting plugin AvfMedia
LogPluginManager: Mounting plugin OnlineSubsystem
LogPluginManager: Mounting plugin ImgMedia
LogPluginManager: Mounting plugin MediaCompositing
LogPluginManager: Mounting plugin OnlineSubsystemNull
LogPluginManager: Mounting plugin OnlineSubsystemUtils
LogPluginManager: Mounting plugin MediaPlayerEditor
LogPluginManager: Mounting plugin WebMMedia
LogPluginManager: Mounting plugin WmfMedia
LogPluginManager: Mounting plugin ActorLayerUtilities
LogPluginManager: Mounting plugin AndroidDeviceProfileSelector
LogPluginManager: Mounting plugin AndroidMoviePlayer
LogPluginManager: Mounting plugin AndroidPermission
LogPluginManager: Mounting plugin AppleImageUtils
LogPluginManager: Mounting plugin AppleMoviePlayer
LogPluginManager: Mounting plugin ArchVisCharacter
LogPluginManager: Mounting plugin AssetTags
LogPluginManager: Mounting plugin AudioCapture
LogPluginManager: Mounting plugin AudioSynesthesia
LogPluginManager: Mounting plugin CableComponent
LogPluginManager: Mounting plugin ChunkDownloader
LogPluginManager: Mounting plugin CustomMeshComponent
LogPluginManager: Mounting plugin EditableMesh
LogPluginManager: Mounting plugin GoogleCloudMessaging
LogPluginManager: Mounting plugin GooglePAD
LogPluginManager: Mounting plugin ExampleDeviceProfileSelector
LogPluginManager: Mounting plugin IOSDeviceProfileSelector
LogPluginManager: Mounting plugin LinuxDeviceProfileSelector
LogPluginManager: Mounting plugin LocationServicesBPLibrary
LogPluginManager: Mounting plugin MobilePatchingUtils
LogPluginManager: Mounting plugin OpenXR
LogPluginManager: Mounting plugin OpenXREyeTracker
LogPluginManager: Mounting plugin ScreenshotTools
LogPluginManager: Mounting plugin OpenXRHandTracking
LogPluginManager: Mounting plugin PostSplashScreen
LogPluginManager: Mounting plugin ProceduralMeshComponent
LogPluginManager: Mounting plugin PhysXVehicles
LogPluginManager: Mounting plugin PropertyAccessEditor
LogPluginManager: Mounting plugin RuntimePhysXCooking
LogPluginManager: Mounting plugin SignificanceManager
LogPluginManager: Mounting plugin SoundFields
LogPluginManager: Mounting plugin Synthesis
LogPluginManager: Mounting plugin WebMMoviePlayer
LogPluginManager: Mounting plugin WindowsMoviePlayer
LogPluginManager: Mounting plugin Takes
LogPluginManager: Mounting plugin OodleNetwork
LogPluginManager: Mounting plugin ContentBrowserAssetDataSource
LogPluginManager: Mounting plugin ContentBrowserFileDataSource
LogPluginManager: Mounting plugin ContentBrowserClassDataSource
LogPluginManager: Mounting plugin OnlineSubsystemGooglePlay
LogPluginManager: Mounting plugin OnlineSubsystemIOS
LogPluginManager: Mounting plugin OculusVR
LogPluginManager: Mounting plugin SteamVR
PixWinPlugin: PIX capture plugin failed to initialize! Check that the process is launched from PIX.
LogInit: Using libcurl 7.55.1-DEV
LogInit:  - built for x86_64-pc-win32
LogInit:  - supports SSL with OpenSSL/1.1.1
LogInit:  - supports HTTP deflate (compression) using libz 1.2.8
LogInit:  - other features:
LogInit:      CURL_VERSION_SSL
LogInit:      CURL_VERSION_LIBZ
LogInit:      CURL_VERSION_IPV6
LogInit:      CURL_VERSION_ASYNCHDNS
LogInit:      CURL_VERSION_LARGEFILE
LogInit:      CURL_VERSION_IDN
LogInit:  CurlRequestOptions (configurable via config and command line):
LogInit:  - bVerifyPeer = true  - Libcurl will verify peer certificate
LogInit:  - bUseHttpProxy = false  - Libcurl will NOT use HTTP proxy
LogInit:  - bDontReuseConnections = false  - Libcurl will reuse connections
LogInit:  - MaxHostConnections = 16  - Libcurl will limit the number of connections to a host
LogInit:  - LocalHostAddr = Default
LogInit:  - BufferSize = 65536
LogOnline: OSS: Creating online subsystem instance for: NULL
LogInit: WinSock: version 1.1 (2.2), MaxSocks=32767, MaxUdp=65467
LogOnline: OSS: TryLoadSubsystemAndSetDefault: Loaded subsystem for module [NULL]
LogOculusPluginWrapper: OculusPlugin initialized successfully
LogHMD: Failed initializing OVRPlugin 1.59.0
LogInit: Build: ++UE4+Release-4.27-CL-18319896
LogInit: Engine Version: 4.27.2-18319896+++UE4+Release-4.27
LogInit: Compatible Engine Version: 4.27.0-17155196+++UE4+Release-4.27
LogInit: Net CL: 17155196
LogInit: OS: Windows 10 (Release 2009) (), CPU: Intel(R) Core(TM) i7-7800X CPU @ 3.50GHz, GPU: NVIDIA GeForce RTX 2080
LogInit: Compiled (64-bit): Nov 30 2021 07:12:08
LogInit: Compiled with Visual C++: 19.24.28315.00
LogInit: Build Configuration: Development
LogInit: Branch Name: ++UE4+Release-4.27
LogInit: Command Line:  /Game/Maps/Gameplay -game -PIEVIACONSOLE -Multiprocess "GameUserSettingsINI=C:/Users/Administrador/Documents/Unreal Projects/Unreal-Prisma/Monster_Shooter/Saved/Config/Windows/PIEGameUserSettings0.ini" -MultiprocessSaveConfig -forcepassthrough -messaging -SessionName="Play in Standalone Game" -windowed -ResX=1280 -ResY=720
LogInit: Base Directory: C:/Program Files/Epic Games/UE_4.27/Engine/Binaries/Win64/
LogInit: Allocator: TBB
LogInit: Installed Engine Build: 1
LogDevObjectVersion: Number of dev versions registered: 29
LogDevObjectVersion:   Dev-Blueprints (B0D832E4-1F89-4F0D-ACCF-7EB736FD4AA2): 10
LogDevObjectVersion:   Dev-Build (E1C64328-A22C-4D53-A36C-8E866417BD8C): 0
LogDevObjectVersion:   Dev-Core (375EC13C-06E4-48FB-B500-84F0262A717E): 4
LogDevObjectVersion:   Dev-Editor (E4B068ED-F494-42E9-A231-DA0B2E46BB41): 40
LogDevObjectVersion:   Dev-Framework (CFFC743F-43B0-4480-9391-14DF171D2073): 37
LogDevObjectVersion:   Dev-Mobile (B02B49B5-BB20-44E9-A304-32B752E40360): 3
LogDevObjectVersion:   Dev-Networking (A4E4105C-59A1-49B5-A7C5-40C4547EDFEE): 0
LogDevObjectVersion:   Dev-Online (39C831C9-5AE6-47DC-9A44-9C173E1C8E7C): 0
LogDevObjectVersion:   Dev-Physics (78F01B33-EBEA-4F98-B9B4-84EACCB95AA2): 14
LogDevObjectVersion:   Dev-Platform (6631380F-2D4D-43E0-8009-CF276956A95A): 0
LogDevObjectVersion:   Dev-Rendering (12F88B9F-8875-4AFC-A67C-D90C383ABD29): 45
LogDevObjectVersion:   Dev-Sequencer (7B5AE74C-D270-4C10-A958-57980B212A5A): 13
LogDevObjectVersion:   Dev-VR (D7296918-1DD6-4BDD-9DE2-64A83CC13884): 3
LogDevObjectVersion:   Dev-LoadTimes (C2A15278-BFE7-4AFE-6C17-90FF531DF755): 1
LogDevObjectVersion:   Private-Geometry (6EACA3D4-40EC-4CC1-B786-8BED09428FC5): 3
LogDevObjectVersion:   Dev-AnimPhys (29E575DD-E0A3-4627-9D10-D276232CDCEA): 17
LogDevObjectVersion:   Dev-Anim (AF43A65D-7FD3-4947-9873-3E8ED9C1BB05): 15
LogDevObjectVersion:   Dev-ReflectionCapture (6B266CEC-1EC7-4B8F-A30B-E4D90942FC07): 1
LogDevObjectVersion:   Dev-Automation (0DF73D61-A23F-47EA-B727-89E90C41499A): 1
LogDevObjectVersion:   FortniteMain (601D1886-AC64-4F84-AA16-D3DE0DEAC7D6): 47
LogDevObjectVersion:   FortniteRelease (E7086368-6B23-4C58-8439-1B7016265E91): 1
LogDevObjectVersion:   Dev-Enterprise (9DFFBCD6-494F-0158-E221-12823C92A888): 10
LogDevObjectVersion:   Dev-Niagara (F2AED0AC-9AFE-416F-8664-AA7FFA26D6FC): 1
LogDevObjectVersion:   Dev-Destruction (174F1F0B-B4C6-45A5-B13F-2EE8D0FB917D): 10
LogDevObjectVersion:   Dev-Physics-Ext (35F94A83-E258-406C-A318-09F59610247C): 41
LogDevObjectVersion:   Dev-PhysicsMaterial-Chaos (B68FC16E-8B1B-42E2-B453-215C058844FE): 1
LogDevObjectVersion:   Dev-CineCamera (B2E18506-4273-CFC2-A54E-F4BB758BBA07): 1
LogDevObjectVersion:   Dev-VirtualProduction (64F58936-FD1B-42BA-BA96-7289D5D0FA4E): 1
LogDevObjectVersion:   Dev-MediaFramework (6F0ED827-A609-4895-9C91-998D90180EA4): 2
LogInit: Presizing for max 25165824 objects, including 0 objects not considered by GC, pre-allocating 0 bytes for permanent pool.
LogConfig: Applying CVar settings from Section [/Script/Engine.StreamingSettings] File [C:/Users/Administrador/Documents/Unreal Projects/Unreal-Prisma/Monster_Shooter/Saved/Config/Windows/Engine.ini]
LogConfig: Setting CVar [[s.MinBulkDataSizeForAsyncLoading:131072]]
LogConfig: Setting CVar [[s.AsyncLoadingThreadEnabled:0]]
LogConfig: Setting CVar [[s.EventDrivenLoaderEnabled:1]]
LogConfig: Setting CVar [[s.WarnIfTimeLimitExceeded:0]]
LogConfig: Setting CVar [[s.TimeLimitExceededMultiplier:1.5]]
LogConfig: Setting CVar [[s.TimeLimitExceededMinTime:0.005]]
LogConfig: Setting CVar [[s.UseBackgroundLevelStreaming:1]]
LogConfig: Setting CVar [[s.PriorityAsyncLoadingExtraTime:15.0]]
LogConfig: Setting CVar [[s.LevelStreamingActorsUpdateTimeLimit:5.0]]
LogConfig: Setting CVar [[s.PriorityLevelStreamingActorsUpdateExtraTime:5.0]]
LogConfig: Setting CVar [[s.LevelStreamingComponentsRegistrationGranularity:10]]
LogConfig: Setting CVar [[s.UnregisterComponentsTimeLimit:1.0]]
LogConfig: Setting CVar [[s.LevelStreamingComponentsUnregistrationGranularity:5]]
LogConfig: Setting CVar [[s.FlushStreamingOnExit:1]]
LogInit: Object subsystem initialized
LogConfig: Setting CVar [[con.DebugEarlyDefault:1]]
LogConfig: Setting CVar [[r.setres:1280x720]]
[2022.03.31-12.12.43:940][  0]LogConfig: Setting CVar [[con.DebugEarlyDefault:1]]
[2022.03.31-12.12.43:940][  0]LogConfig: Setting CVar [[r.setres:1280x720]]
[2022.03.31-12.12.43:940][  0]LogConfig: Applying CVar settings from Section [/Script/Engine.RendererSettings] File [C:/Users/Administrador/Documents/Unreal Projects/Unreal-Prisma/Monster_Shooter/Saved/Config/Windows/Engine.ini]
[2022.03.31-12.12.43:940][  0]LogConfig: Setting CVar [[r.GPUCrashDebugging:0]]
[2022.03.31-12.12.43:940][  0]LogConfig: Applying CVar settings from Section [/Script/Engine.RendererOverrideSettings] File [C:/Users/Administrador/Documents/Unreal Projects/Unreal-Prisma/Monster_Shooter/Saved/Config/Windows/Engine.ini]
[2022.03.31-12.12.43:940][  0]LogConfig: Applying CVar settings from Section [/Script/Engine.StreamingSettings] File [C:/Users/Administrador/Documents/Unreal Projects/Unreal-Prisma/Monster_Shooter/Saved/Config/Windows/Engine.ini]
[2022.03.31-12.12.43:940][  0]LogConfig: Setting CVar [[s.MinBulkDataSizeForAsyncLoading:131072]]
[2022.03.31-12.12.43:940][  0]LogConfig: Setting CVar [[s.AsyncLoadingThreadEnabled:0]]
[2022.03.31-12.12.43:940][  0]LogConfig: Setting CVar [[s.EventDrivenLoaderEnabled:1]]
[2022.03.31-12.12.43:940][  0]LogConfig: Setting CVar [[s.WarnIfTimeLimitExceeded:0]]
[2022.03.31-12.12.43:940][  0]LogConfig: Setting CVar [[s.TimeLimitExceededMultiplier:1.5]]
[2022.03.31-12.12.43:940][  0]LogConfig: Setting CVar [[s.TimeLimitExceededMinTime:0.005]]
[2022.03.31-12.12.43:940][  0]LogConfig: Setting CVar [[s.UseBackgroundLevelStreaming:1]]
[2022.03.31-12.12.43:940][  0]LogConfig: Setting CVar [[s.PriorityAsyncLoadingExtraTime:15.0]]
[2022.03.31-12.12.43:940][  0]LogConfig: Setting CVar [[s.LevelStreamingActorsUpdateTimeLimit:5.0]]
[2022.03.31-12.12.43:940][  0]LogConfig: Setting CVar [[s.PriorityLevelStreamingActorsUpdateExtraTime:5.0]]
[2022.03.31-12.12.43:940][  0]LogConfig: Setting CVar [[s.LevelStreamingComponentsRegistrationGranularity:10]]
[2022.03.31-12.12.43:940][  0]LogConfig: Setting CVar [[s.UnregisterComponentsTimeLimit:1.0]]
[2022.03.31-12.12.43:940][  0]LogConfig: Setting CVar [[s.LevelStreamingComponentsUnregistrationGranularity:5]]
[2022.03.31-12.12.43:940][  0]LogConfig: Setting CVar [[s.FlushStreamingOnExit:1]]
[2022.03.31-12.12.43:940][  0]LogConfig: Applying CVar settings from Section [/Script/Engine.GarbageCollectionSettings] File [C:/Users/Administrador/Documents/Unreal Projects/Unreal-Prisma/Monster_Shooter/Saved/Config/Windows/Engine.ini]
[2022.03.31-12.12.43:940][  0]LogConfig: Setting CVar [[gc.MaxObjectsNotConsideredByGC:1]]
[2022.03.31-12.12.43:940][  0]LogConfig: Setting CVar [[gc.SizeOfPermanentObjectPool:0]]
[2022.03.31-12.12.43:940][  0]LogConfig: Setting CVar [[gc.FlushStreamingOnGC:0]]
[2022.03.31-12.12.43:940][  0]LogConfig: Setting CVar [[gc.NumRetriesBeforeForcingGC:10]]
[2022.03.31-12.12.43:940][  0]LogConfig: Setting CVar [[gc.AllowParallelGC:1]]
[2022.03.31-12.12.43:940][  0]LogConfig: Setting CVar [[gc.TimeBetweenPurgingPendingKillObjects:61.1]]
[2022.03.31-12.12.43:940][  0]LogConfig: Setting CVar [[gc.MaxObjectsInEditor:25165824]]
[2022.03.31-12.12.43:940][  0]LogConfig: Setting CVar [[gc.IncrementalBeginDestroyEnabled:1]]
[2022.03.31-12.12.43:940][  0]LogConfig: Setting CVar [[gc.CreateGCClusters:1]]
[2022.03.31-12.12.43:940][  0]LogConfig: Setting CVar [[gc.MinGCClusterSize:5]]
[2022.03.31-12.12.43:940][  0]LogConfig: Setting CVar [[gc.ActorClusteringEnabled:0]]
[2022.03.31-12.12.43:940][  0]LogConfig: Setting CVar [[gc.BlueprintClusteringEnabled:0]]
[2022.03.31-12.12.43:940][  0]LogConfig: Setting CVar [[gc.UseDisregardForGCOnDedicatedServers:0]]
[2022.03.31-12.12.43:940][  0]LogConfig: Setting CVar [[gc.MultithreadedDestructionEnabled:1]]
[2022.03.31-12.12.43:940][  0]LogConfig: Applying CVar settings from Section [/Script/Engine.NetworkSettings] File [C:/Users/Administrador/Documents/Unreal Projects/Unreal-Prisma/Monster_Shooter/Saved/Config/Windows/Engine.ini]
[2022.03.31-12.12.43:940][  0]LogConfig: Applying CVar settings from Section [/Script/UnrealEd.CookerSettings] File [C:/Users/Administrador/Documents/Unreal Projects/Unreal-Prisma/Monster_Shooter/Saved/Config/Windows/Engine.ini]
[2022.03.31-12.12.43:960][  0]LogConfig: Applying CVar settings from Section [ViewDistanceQuality@3] File [C:/Users/Administrador/Documents/Unreal Projects/Unreal-Prisma/Monster_Shooter/Saved/Config/Windows/Scalability.ini]
[2022.03.31-12.12.43:960][  0]LogConfig: Setting CVar [[r.SkeletalMeshLODBias:0]]
[2022.03.31-12.12.43:960][  0]LogConfig: Setting CVar [[r.ViewDistanceScale:1.0]]
[2022.03.31-12.12.43:960][  0]LogConfig: Applying CVar settings from Section [AntiAliasingQuality@3] File [C:/Users/Administrador/Documents/Unreal Projects/Unreal-Prisma/Monster_Shooter/Saved/Config/Windows/Scalability.ini]
[2022.03.31-12.12.43:960][  0]LogConfig: Setting CVar [[r.PostProcessAAQuality:4]]
[2022.03.31-12.12.43:960][  0]LogConfig: Applying CVar settings from Section [ShadowQuality@3] File [C:/Users/Administrador/Documents/Unreal Projects/Unreal-Prisma/Monster_Shooter/Saved/Config/Windows/Scalability.ini]
[2022.03.31-12.12.43:960][  0]LogConfig: Setting CVar [[r.LightFunctionQuality:1]]
[2022.03.31-12.12.43:960][  0]LogConfig: Setting CVar [[r.ShadowQuality:5]]
[2022.03.31-12.12.43:960][  0]LogConfig: Setting CVar [[r.Shadow.CSM.MaxCascades:10]]
[2022.03.31-12.12.43:960][  0]LogConfig: Setting CVar [[r.Shadow.MaxResolution:2048]]
[2022.03.31-12.12.43:960][  0]LogConfig: Setting CVar [[r.Shadow.MaxCSMResolution:2048]]
[2022.03.31-12.12.43:960][  0]LogConfig: Setting CVar [[r.Shadow.RadiusThreshold:0.01]]
[2022.03.31-12.12.43:960][  0]LogConfig: Setting CVar [[r.Shadow.DistanceScale:1.0]]
[2022.03.31-12.12.43:960][  0]LogConfig: Setting CVar [[r.Shadow.CSM.TransitionScale:1.0]]
[2022.03.31-12.12.43:960][  0]LogConfig: Setting CVar [[r.Shadow.PreShadowResolutionFactor:1.0]]
[2022.03.31-12.12.43:960][  0]LogConfig: Setting CVar [[r.DistanceFieldShadowing:1]]
[2022.03.31-12.12.43:960][  0]LogConfig: Setting CVar [[r.DistanceFieldAO:1]]
[2022.03.31-12.12.43:960][  0]LogConfig: Setting CVar [[r.AOQuality:2]]
[2022.03.31-12.12.43:960][  0]LogConfig: Setting CVar [[r.VolumetricFog:1]]
[2022.03.31-12.12.43:960][  0]LogConfig: Setting CVar [[r.VolumetricFog.GridPixelSize:8]]
[2022.03.31-12.12.43:960][  0]LogConfig: Setting CVar [[r.VolumetricFog.GridSizeZ:128]]
[2022.03.31-12.12.43:960][  0]LogConfig: Setting CVar [[r.VolumetricFog.HistoryMissSupersampleCount:4]]
[2022.03.31-12.12.43:960][  0]LogConfig: Setting CVar [[r.LightMaxDrawDistanceScale:1]]
[2022.03.31-12.12.43:960][  0]LogConfig: Setting CVar [[r.CapsuleShadows:1]]
[2022.03.31-12.12.43:960][  0]LogConfig: Applying CVar settings from Section [PostProcessQuality@3] File [C:/Users/Administrador/Documents/Unreal Projects/Unreal-Prisma/Monster_Shooter/Saved/Config/Windows/Scalability.ini]
[2022.03.31-12.12.43:960][  0]LogConfig: Setting CVar [[r.MotionBlurQuality:4]]
[2022.03.31-12.12.43:960][  0]LogConfig: Setting CVar [[r.AmbientOcclusionMipLevelFactor:0.4]]
[2022.03.31-12.12.43:960][  0]LogConfig: Setting CVar [[r.AmbientOcclusionMaxQuality:100]]
[2022.03.31-12.12.43:960][  0]LogConfig: Setting CVar [[r.AmbientOcclusionLevels:-1]]
[2022.03.31-12.12.43:960][  0]LogConfig: Setting CVar [[r.AmbientOcclusionRadiusScale:1.0]]
[2022.03.31-12.12.43:960][  0]LogConfig: Setting CVar [[r.DepthOfFieldQuality:2]]
[2022.03.31-12.12.43:960][  0]LogConfig: Setting CVar [[r.RenderTargetPoolMin:400]]
[2022.03.31-12.12.43:960][  0]LogConfig: Setting CVar [[r.LensFlareQuality:2]]
[2022.03.31-12.12.43:960][  0]LogConfig: Setting CVar [[r.SceneColorFringeQuality:1]]
[2022.03.31-12.12.43:960][  0]LogConfig: Setting CVar [[r.EyeAdaptationQuality:2]]
[2022.03.31-12.12.43:960][  0]LogConfig: Setting CVar [[r.BloomQuality:5]]
[2022.03.31-12.12.43:960][  0]LogConfig: Setting CVar [[r.FastBlurThreshold:100]]
[2022.03.31-12.12.43:960][  0]LogConfig: Setting CVar [[r.Upscale.Quality:3]]
[2022.03.31-12.12.43:960][  0]LogConfig: Setting CVar [[r.Tonemapper.GrainQuantization:1]]
[2022.03.31-12.12.43:960][  0]LogConfig: Setting CVar [[r.LightShaftQuality:1]]
[2022.03.31-12.12.43:960][  0]LogConfig: Setting CVar [[r.Filter.SizeScale:1]]
[2022.03.31-12.12.43:960][  0]LogConfig: Setting CVar [[r.Tonemapper.Quality:5]]
[2022.03.31-12.12.43:960][  0]LogConfig: Setting CVar [[r.DOF.Gather.AccumulatorQuality:1        ; higher gathering accumulator quality]]
[2022.03.31-12.12.43:960][  0]LogConfig: Setting CVar [[r.DOF.Gather.PostfilterMethod:1          ; Median3x3 postfilering method]]
[2022.03.31-12.12.43:960][  0]LogConfig: Setting CVar [[r.DOF.Gather.EnableBokehSettings:0       ; no bokeh simulation when gathering]]
[2022.03.31-12.12.43:960][  0]LogConfig: Setting CVar [[r.DOF.Gather.RingCount:4                 ; medium number of samples when gathering]]
[2022.03.31-12.12.43:960][  0]LogConfig: Setting CVar [[r.DOF.Scatter.ForegroundCompositing:1    ; additive foreground scattering]]
[2022.03.31-12.12.43:960][  0]LogConfig: Setting CVar [[r.DOF.Scatter.BackgroundCompositing:2    ; additive background scattering]]
[2022.03.31-12.12.43:960][  0]LogConfig: Setting CVar [[r.DOF.Scatter.EnableBokehSettings:1      ; bokeh simulation when scattering]]
[2022.03.31-12.12.43:960][  0]LogConfig: Setting CVar [[r.DOF.Scatter.MaxSpriteRatio:0.1         ; only a maximum of 10% of scattered bokeh]]
[2022.03.31-12.12.43:960][  0]LogConfig: Setting CVar [[r.DOF.Recombine.Quality:1                ; cheap slight out of focus]]
[2022.03.31-12.12.43:960][  0]LogConfig: Setting CVar [[r.DOF.Recombine.EnableBokehSettings:0    ; no bokeh simulation on slight out of focus]]
[2022.03.31-12.12.43:960][  0]LogConfig: Setting CVar [[r.DOF.TemporalAAQuality:1                ; more stable temporal accumulation]]
[2022.03.31-12.12.43:960][  0]LogConfig: Setting CVar [[r.DOF.Kernel.MaxForegroundRadius:0.025]]
[2022.03.31-12.12.43:960][  0]LogConfig: Setting CVar [[r.DOF.Kernel.MaxBackgroundRadius:0.025]]
[2022.03.31-12.12.43:960][  0]LogConfig: Applying CVar settings from Section [TextureQuality@3] File [C:/Users/Administrador/Documents/Unreal Projects/Unreal-Prisma/Monster_Shooter/Saved/Config/Windows/Scalability.ini]
[2022.03.31-12.12.43:960][  0]LogConfig: Setting CVar [[r.Streaming.MipBias:0]]
[2022.03.31-12.12.43:960][  0]LogConfig: Setting CVar [[r.Streaming.AmortizeCPUToGPUCopy:0]]
[2022.03.31-12.12.43:960][  0]LogConfig: Setting CVar [[r.Streaming.MaxNumTexturesToStreamPerFrame:0]]
[2022.03.31-12.12.43:960][  0]LogConfig: Setting CVar [[r.Streaming.Boost:1]]
[2022.03.31-12.12.43:960][  0]LogConfig: Setting CVar [[r.MaxAnisotropy:8]]
[2022.03.31-12.12.43:960][  0]LogConfig: Setting CVar [[r.VT.MaxAnisotropy:8]]
[2022.03.31-12.12.43:960][  0]LogConfig: Setting CVar [[r.Streaming.LimitPoolSizeToVRAM:0]]
[2022.03.31-12.12.43:960][  0]LogConfig: Setting CVar [[r.Streaming.PoolSize:1000]]
[2022.03.31-12.12.43:960][  0]LogConfig: Setting CVar [[r.Streaming.MaxEffectiveScreenSize:0]]
[2022.03.31-12.12.43:960][  0]LogConfig: Applying CVar settings from Section [EffectsQuality@3] File [C:/Users/Administrador/Documents/Unreal Projects/Unreal-Prisma/Monster_Shooter/Saved/Config/Windows/Scalability.ini]
[2022.03.31-12.12.43:960][  0]LogConfig: Setting CVar [[r.TranslucencyLightingVolumeDim:64]]
[2022.03.31-12.12.43:960][  0]LogConfig: Setting CVar [[r.RefractionQuality:2]]
[2022.03.31-12.12.43:960][  0]LogConfig: Setting CVar [[r.SSR.Quality:3]]
[2022.03.31-12.12.43:960][  0]LogConfig: Setting CVar [[r.SSR.HalfResSceneColor:0]]
[2022.03.31-12.12.43:960][  0]LogConfig: Setting CVar [[r.SceneColorFormat:4]]
[2022.03.31-12.12.43:960][  0]LogConfig: Setting CVar [[r.DetailMode:2]]
[2022.03.31-12.12.43:960][  0]LogConfig: Setting CVar [[r.TranslucencyVolumeBlur:1]]
[2022.03.31-12.12.43:960][  0]LogConfig: Setting CVar [[r.MaterialQualityLevel:1 ; High quality]]
[2022.03.31-12.12.43:960][  0]LogConfig: Setting CVar [[r.AnisotropicMaterials:1]]
[2022.03.31-12.12.43:960][  0]LogConfig: Setting CVar [[r.SSS.Scale:1]]
[2022.03.31-12.12.43:960][  0]LogConfig: Setting CVar [[r.SSS.SampleSet:2]]
[2022.03.31-12.12.43:960][  0]LogConfig: Setting CVar [[r.SSS.Quality:1]]
[2022.03.31-12.12.43:960][  0]LogConfig: Setting CVar [[r.SSS.HalfRes:0]]
[2022.03.31-12.12.43:960][  0]LogConfig: Setting CVar [[r.SSGI.Quality:3]]
[2022.03.31-12.12.43:960][  0]LogConfig: Setting CVar [[r.EmitterSpawnRateScale:1.0]]
[2022.03.31-12.12.43:960][  0]LogConfig: Setting CVar [[r.ParticleLightQuality:2]]
[2022.03.31-12.12.43:960][  0]LogConfig: Setting CVar [[r.SkyAtmosphere.AerialPerspectiveLUT.FastApplyOnOpaque:1 ; Always have FastSkyLUT 1 in this case to avoid wrong sky]]
[2022.03.31-12.12.43:960][  0]LogConfig: Setting CVar [[r.SkyAtmosphere.AerialPerspectiveLUT.SampleCountMaxPerSlice:4]]
[2022.03.31-12.12.43:960][  0]LogConfig: Setting CVar [[r.SkyAtmosphere.AerialPerspectiveLUT.DepthResolution:16.0]]
[2022.03.31-12.12.43:960][  0]LogConfig: Setting CVar [[r.SkyAtmosphere.FastSkyLUT:1]]
[2022.03.31-12.12.43:960][  0]LogConfig: Setting CVar [[r.SkyAtmosphere.FastSkyLUT.SampleCountMin:4.0]]
[2022.03.31-12.12.43:961][  0]LogConfig: Setting CVar [[r.SkyAtmosphere.FastSkyLUT.SampleCountMax:128.0]]
[2022.03.31-12.12.43:961][  0]LogConfig: Setting CVar [[r.SkyAtmosphere.SampleCountMin:4.0]]
[2022.03.31-12.12.43:961][  0]LogConfig: Setting CVar [[r.SkyAtmosphere.SampleCountMax:128.0]]
[2022.03.31-12.12.43:961][  0]LogConfig: Setting CVar [[r.SkyAtmosphere.TransmittanceLUT.UseSmallFormat:0]]
[2022.03.31-12.12.43:961][  0]LogConfig: Setting CVar [[r.SkyAtmosphere.TransmittanceLUT.SampleCount:10.0]]
[2022.03.31-12.12.43:961][  0]LogConfig: Setting CVar [[r.SkyAtmosphere.MultiScatteringLUT.SampleCount:15.0]]
[2022.03.31-12.12.43:961][  0]LogConfig: Setting CVar [[r.SkyLight.RealTimeReflectionCapture:1]]
[2022.03.31-12.12.43:961][  0]LogConfig: Applying CVar settings from Section [FoliageQuality@3] File [C:/Users/Administrador/Documents/Unreal Projects/Unreal-Prisma/Monster_Shooter/Saved/Config/Windows/Scalability.ini]
[2022.03.31-12.12.43:961][  0]LogConfig: Setting CVar [[foliage.DensityScale:1.0]]
[2022.03.31-12.12.43:961][  0]LogConfig: Setting CVar [[grass.DensityScale:1.0]]
[2022.03.31-12.12.43:961][  0]LogConfig: Applying CVar settings from Section [ShadingQuality@3] File [C:/Users/Administrador/Documents/Unreal Projects/Unreal-Prisma/Monster_Shooter/Saved/Config/Windows/Scalability.ini]
[2022.03.31-12.12.43:961][  0]LogConfig: Setting CVar [[r.HairStrands.SkyLighting.IntegrationType:2]]
[2022.03.31-12.12.43:961][  0]LogConfig: Setting CVar [[r.HairStrands.SkyAO.SampleCount:4]]
[2022.03.31-12.12.43:961][  0]LogConfig: Setting CVar [[r.HairStrands.Visibility.MSAA.SamplePerPixel:4]]
[2022.03.31-12.12.43:961][  0]LogInit: Selected Device Profile: [Windows]
[2022.03.31-12.12.43:961][  0]LogInit: Applying CVar settings loaded from the selected device profile: [Windows]
[2022.03.31-12.12.43:961][  0]LogHAL: Display: Platform has ~ 16 GB [16842637312 / 17179869184 / 16], which maps to Larger [LargestMinGB=32, LargerMinGB=12, DefaultMinGB=8, SmallerMinGB=6, SmallestMinGB=0)
[2022.03.31-12.12.43:961][  0]LogInit: Going up to parent DeviceProfile []
[2022.03.31-12.12.43:961][  0]LogConfig: Applying CVar settings from Section [ViewDistanceQuality@3] File [C:/Users/Administrador/Documents/Unreal Projects/Unreal-Prisma/Monster_Shooter/Saved/Config/Windows/Scalability.ini]
[2022.03.31-12.12.43:961][  0]LogConfig: Setting CVar [[r.SkeletalMeshLODBias:0]]
[2022.03.31-12.12.43:961][  0]LogConfig: Setting CVar [[r.ViewDistanceScale:1.0]]
[2022.03.31-12.12.43:961][  0]LogConfig: Applying CVar settings from Section [AntiAliasingQuality@3] File [C:/Users/Administrador/Documents/Unreal Projects/Unreal-Prisma/Monster_Shooter/Saved/Config/Windows/Scalability.ini]
[2022.03.31-12.12.43:961][  0]LogConfig: Setting CVar [[r.PostProcessAAQuality:4]]
[2022.03.31-12.12.43:961][  0]LogConfig: Applying CVar settings from Section [ShadowQuality@3] File [C:/Users/Administrador/Documents/Unreal Projects/Unreal-Prisma/Monster_Shooter/Saved/Config/Windows/Scalability.ini]
[2022.03.31-12.12.43:961][  0]LogConfig: Setting CVar [[r.LightFunctionQuality:1]]
[2022.03.31-12.12.43:961][  0]LogConfig: Setting CVar [[r.ShadowQuality:5]]
[2022.03.31-12.12.43:961][  0]LogConfig: Setting CVar [[r.Shadow.CSM.MaxCascades:10]]
[2022.03.31-12.12.43:961][  0]LogConfig: Setting CVar [[r.Shadow.MaxResolution:2048]]
[2022.03.31-12.12.43:961][  0]LogConfig: Setting CVar [[r.Shadow.MaxCSMResolution:2048]]
[2022.03.31-12.12.43:961][  0]LogConfig: Setting CVar [[r.Shadow.RadiusThreshold:0.01]]
[2022.03.31-12.12.43:961][  0]LogConfig: Setting CVar [[r.Shadow.DistanceScale:1.0]]
[2022.03.31-12.12.43:961][  0]LogConfig: Setting CVar [[r.Shadow.CSM.TransitionScale:1.0]]
[2022.03.31-12.12.43:961][  0]LogConfig: Setting CVar [[r.Shadow.PreShadowResolutionFactor:1.0]]
[2022.03.31-12.12.43:961][  0]LogConfig: Setting CVar [[r.DistanceFieldShadowing:1]]
[2022.03.31-12.12.43:961][  0]LogConfig: Setting CVar [[r.DistanceFieldAO:1]]
[2022.03.31-12.12.43:961][  0]LogConfig: Setting CVar [[r.AOQuality:2]]
[2022.03.31-12.12.43:961][  0]LogConfig: Setting CVar [[r.VolumetricFog:1]]
[2022.03.31-12.12.43:961][  0]LogConfig: Setting CVar [[r.VolumetricFog.GridPixelSize:8]]
[2022.03.31-12.12.43:961][  0]LogConfig: Setting CVar [[r.VolumetricFog.GridSizeZ:128]]
[2022.03.31-12.12.43:961][  0]LogConfig: Setting CVar [[r.VolumetricFog.HistoryMissSupersampleCount:4]]
[2022.03.31-12.12.43:961][  0]LogConfig: Setting CVar [[r.LightMaxDrawDistanceScale:1]]
[2022.03.31-12.12.43:961][  0]LogConfig: Setting CVar [[r.CapsuleShadows:1]]
[2022.03.31-12.12.43:961][  0]LogConfig: Applying CVar settings from Section [PostProcessQuality@3] File [C:/Users/Administrador/Documents/Unreal Projects/Unreal-Prisma/Monster_Shooter/Saved/Config/Windows/Scalability.ini]
[2022.03.31-12.12.43:961][  0]LogConfig: Setting CVar [[r.MotionBlurQuality:4]]
[2022.03.31-12.12.43:961][  0]LogConfig: Setting CVar [[r.AmbientOcclusionMipLevelFactor:0.4]]
[2022.03.31-12.12.43:961][  0]LogConfig: Setting CVar [[r.AmbientOcclusionMaxQuality:100]]
[2022.03.31-12.12.43:961][  0]LogConfig: Setting CVar [[r.AmbientOcclusionLevels:-1]]
[2022.03.31-12.12.43:961][  0]LogConfig: Setting CVar [[r.AmbientOcclusionRadiusScale:1.0]]
[2022.03.31-12.12.43:961][  0]LogConfig: Setting CVar [[r.DepthOfFieldQuality:2]]
[2022.03.31-12.12.43:961][  0]LogConfig: Setting CVar [[r.RenderTargetPoolMin:400]]
[2022.03.31-12.12.43:961][  0]LogConfig: Setting CVar [[r.LensFlareQuality:2]]
[2022.03.31-12.12.43:961][  0]LogConfig: Setting CVar [[r.SceneColorFringeQuality:1]]
[2022.03.31-12.12.43:961][  0]LogConfig: Setting CVar [[r.EyeAdaptationQuality:2]]
[2022.03.31-12.12.43:961][  0]LogConfig: Setting CVar [[r.BloomQuality:5]]
[2022.03.31-12.12.43:961][  0]LogConfig: Setting CVar [[r.FastBlurThreshold:100]]
[2022.03.31-12.12.43:961][  0]LogConfig: Setting CVar [[r.Upscale.Quality:3]]
[2022.03.31-12.12.43:961][  0]LogConfig: Setting CVar [[r.Tonemapper.GrainQuantization:1]]
[2022.03.31-12.12.43:961][  0]LogConfig: Setting CVar [[r.LightShaftQuality:1]]
[2022.03.31-12.12.43:961][  0]LogConfig: Setting CVar [[r.Filter.SizeScale:1]]
[2022.03.31-12.12.43:961][  0]LogConfig: Setting CVar [[r.Tonemapper.Quality:5]]
[2022.03.31-12.12.43:961][  0]LogConfig: Setting CVar [[r.DOF.Gather.AccumulatorQuality:1        ; higher gathering accumulator quality]]
[2022.03.31-12.12.43:961][  0]LogConfig: Setting CVar [[r.DOF.Gather.PostfilterMethod:1          ; Median3x3 postfilering method]]
[2022.03.31-12.12.43:961][  0]LogConfig: Setting CVar [[r.DOF.Gather.EnableBokehSettings:0       ; no bokeh simulation when gathering]]
[2022.03.31-12.12.43:961][  0]LogConfig: Setting CVar [[r.DOF.Gather.RingCount:4                 ; medium number of samples when gathering]]
[2022.03.31-12.12.43:961][  0]LogConfig: Setting CVar [[r.DOF.Scatter.ForegroundCompositing:1    ; additive foreground scattering]]
[2022.03.31-12.12.43:961][  0]LogConfig: Setting CVar [[r.DOF.Scatter.BackgroundCompositing:2    ; additive background scattering]]
[2022.03.31-12.12.43:961][  0]LogConfig: Setting CVar [[r.DOF.Scatter.EnableBokehSettings:1      ; bokeh simulation when scattering]]
[2022.03.31-12.12.43:961][  0]LogConfig: Setting CVar [[r.DOF.Scatter.MaxSpriteRatio:0.1         ; only a maximum of 10% of scattered bokeh]]
[2022.03.31-12.12.43:961][  0]LogConfig: Setting CVar [[r.DOF.Recombine.Quality:1                ; cheap slight out of focus]]
[2022.03.31-12.12.43:961][  0]LogConfig: Setting CVar [[r.DOF.Recombine.EnableBokehSettings:0    ; no bokeh simulation on slight out of focus]]
[2022.03.31-12.12.43:961][  0]LogConfig: Setting CVar [[r.DOF.TemporalAAQuality:1                ; more stable temporal accumulation]]
[2022.03.31-12.12.43:961][  0]LogConfig: Setting CVar [[r.DOF.Kernel.MaxForegroundRadius:0.025]]
[2022.03.31-12.12.43:961][  0]LogConfig: Setting CVar [[r.DOF.Kernel.MaxBackgroundRadius:0.025]]
[2022.03.31-12.12.43:961][  0]LogConfig: Applying CVar settings from Section [TextureQuality@3] File [C:/Users/Administrador/Documents/Unreal Projects/Unreal-Prisma/Monster_Shooter/Saved/Config/Windows/Scalability.ini]
[2022.03.31-12.12.43:961][  0]LogConfig: Setting CVar [[r.Streaming.MipBias:0]]
[2022.03.31-12.12.43:961][  0]LogConfig: Setting CVar [[r.Streaming.AmortizeCPUToGPUCopy:0]]
[2022.03.31-12.12.43:961][  0]LogConfig: Setting CVar [[r.Streaming.MaxNumTexturesToStreamPerFrame:0]]
[2022.03.31-12.12.43:961][  0]LogConfig: Setting CVar [[r.Streaming.Boost:1]]
[2022.03.31-12.12.43:961][  0]LogConfig: Setting CVar [[r.MaxAnisotropy:8]]
[2022.03.31-12.12.43:961][  0]LogConfig: Setting CVar [[r.VT.MaxAnisotropy:8]]
[2022.03.31-12.12.43:961][  0]LogConfig: Setting CVar [[r.Streaming.LimitPoolSizeToVRAM:0]]
[2022.03.31-12.12.43:961][  0]LogConfig: Setting CVar [[r.Streaming.PoolSize:1000]]
[2022.03.31-12.12.43:961][  0]LogConfig: Setting CVar [[r.Streaming.MaxEffectiveScreenSize:0]]
[2022.03.31-12.12.43:961][  0]LogConfig: Applying CVar settings from Section [EffectsQuality@3] File [C:/Users/Administrador/Documents/Unreal Projects/Unreal-Prisma/Monster_Shooter/Saved/Config/Windows/Scalability.ini]
[2022.03.31-12.12.43:961][  0]LogConfig: Setting CVar [[r.TranslucencyLightingVolumeDim:64]]
[2022.03.31-12.12.43:961][  0]LogConfig: Setting CVar [[r.RefractionQuality:2]]
[2022.03.31-12.12.43:961][  0]LogConfig: Setting CVar [[r.SSR.Quality:3]]
[2022.03.31-12.12.43:961][  0]LogConfig: Setting CVar [[r.SSR.HalfResSceneColor:0]]
[2022.03.31-12.12.43:961][  0]LogConfig: Setting CVar [[r.SceneColorFormat:4]]
[2022.03.31-12.12.43:961][  0]LogConfig: Setting CVar [[r.DetailMode:2]]
[2022.03.31-12.12.43:961][  0]LogConfig: Setting CVar [[r.TranslucencyVolumeBlur:1]]
[2022.03.31-12.12.43:961][  0]LogConfig: Setting CVar [[r.MaterialQualityLevel:1 ; High quality]]
[2022.03.31-12.12.43:961][  0]LogConfig: Setting CVar [[r.AnisotropicMaterials:1]]
[2022.03.31-12.12.43:961][  0]LogConfig: Setting CVar [[r.SSS.Scale:1]]
[2022.03.31-12.12.43:961][  0]LogConfig: Setting CVar [[r.SSS.SampleSet:2]]
[2022.03.31-12.12.43:961][  0]LogConfig: Setting CVar [[r.SSS.Quality:1]]
[2022.03.31-12.12.43:962][  0]LogConfig: Setting CVar [[r.SSS.HalfRes:0]]
[2022.03.31-12.12.43:962][  0]LogConfig: Setting CVar [[r.SSGI.Quality:3]]
[2022.03.31-12.12.43:962][  0]LogConfig: Setting CVar [[r.EmitterSpawnRateScale:1.0]]
[2022.03.31-12.12.43:962][  0]LogConfig: Setting CVar [[r.ParticleLightQuality:2]]
[2022.03.31-12.12.43:962][  0]LogConfig: Setting CVar [[r.SkyAtmosphere.AerialPerspectiveLUT.FastApplyOnOpaque:1 ; Always have FastSkyLUT 1 in this case to avoid wrong sky]]
[2022.03.31-12.12.43:962][  0]LogConfig: Setting CVar [[r.SkyAtmosphere.AerialPerspectiveLUT.SampleCountMaxPerSlice:4]]
[2022.03.31-12.12.43:962][  0]LogConfig: Setting CVar [[r.SkyAtmosphere.AerialPerspectiveLUT.DepthResolution:16.0]]
[2022.03.31-12.12.43:962][  0]LogConfig: Setting CVar [[r.SkyAtmosphere.FastSkyLUT:1]]
[2022.03.31-12.12.43:962][  0]LogConfig: Setting CVar [[r.SkyAtmosphere.FastSkyLUT.SampleCountMin:4.0]]
[2022.03.31-12.12.43:962][  0]LogConfig: Setting CVar [[r.SkyAtmosphere.FastSkyLUT.SampleCountMax:128.0]]
[2022.03.31-12.12.43:962][  0]LogConfig: Setting CVar [[r.SkyAtmosphere.SampleCountMin:4.0]]
[2022.03.31-12.12.43:962][  0]LogConfig: Setting CVar [[r.SkyAtmosphere.SampleCountMax:128.0]]
[2022.03.31-12.12.43:962][  0]LogConfig: Setting CVar [[r.SkyAtmosphere.TransmittanceLUT.UseSmallFormat:0]]
[2022.03.31-12.12.43:962][  0]LogConfig: Setting CVar [[r.SkyAtmosphere.TransmittanceLUT.SampleCount:10.0]]
[2022.03.31-12.12.43:962][  0]LogConfig: Setting CVar [[r.SkyAtmosphere.MultiScatteringLUT.SampleCount:15.0]]
[2022.03.31-12.12.43:962][  0]LogConfig: Setting CVar [[r.SkyLight.RealTimeReflectionCapture:1]]
[2022.03.31-12.12.43:962][  0]LogConfig: Applying CVar settings from Section [FoliageQuality@3] File [C:/Users/Administrador/Documents/Unreal Projects/Unreal-Prisma/Monster_Shooter/Saved/Config/Windows/Scalability.ini]
[2022.03.31-12.12.43:962][  0]LogConfig: Setting CVar [[foliage.DensityScale:1.0]]
[2022.03.31-12.12.43:962][  0]LogConfig: Setting CVar [[grass.DensityScale:1.0]]
[2022.03.31-12.12.43:962][  0]LogConfig: Applying CVar settings from Section [ShadingQuality@3] File [C:/Users/Administrador/Documents/Unreal Projects/Unreal-Prisma/Monster_Shooter/Saved/Config/Windows/Scalability.ini]
[2022.03.31-12.12.43:962][  0]LogConfig: Setting CVar [[r.HairStrands.SkyLighting.IntegrationType:2]]
[2022.03.31-12.12.43:962][  0]LogConfig: Setting CVar [[r.HairStrands.SkyAO.SampleCount:4]]
[2022.03.31-12.12.43:962][  0]LogConfig: Setting CVar [[r.HairStrands.Visibility.MSAA.SamplePerPixel:4]]
[2022.03.31-12.12.43:962][  0]LogConfig: Applying CVar settings from Section [Startup] File [../../../Engine/Config/ConsoleVariables.ini]
[2022.03.31-12.12.43:962][  0]LogConfig: Setting CVar [[net.UseAdaptiveNetUpdateFrequency:0]]
[2022.03.31-12.12.43:962][  0]LogConfig: Setting CVar [[p.chaos.AllowCreatePhysxBodies:1]]
[2022.03.31-12.12.43:962][  0]LogConfig: Setting CVar [[fx.SkipVectorVMBackendOptimizations:1]]
[2022.03.31-12.12.43:962][  0]LogConfig: Applying CVar settings from Section [ConsoleVariables] File [C:/Users/Administrador/Documents/Unreal Projects/Unreal-Prisma/Monster_Shooter/Saved/Config/Windows/Engine.ini]
[2022.03.31-12.12.43:962][  0]LogConfig: Applying CVar settings from Section [ConsoleVariables] File [C:/Users/Administrador/Documents/Unreal Projects/Unreal-Prisma/Monster_Shooter/Saved/Config/Windows/Editor.ini]
[2022.03.31-12.12.43:962][  0]LogInit: Computer: DESKTOP-QU0IU8S
[2022.03.31-12.12.43:962][  0]LogInit: User: Administrador
[2022.03.31-12.12.43:962][  0]LogInit: CPU Page size=4096, Cores=6
[2022.03.31-12.12.43:962][  0]LogInit: High frequency timer resolution =10.000000 MHz
[2022.03.31-12.12.43:962][  0]LogMemory: Memory total: Physical=15.7GB (16GB approx)
[2022.03.31-12.12.43:962][  0]LogMemory: Platform Memory Stats for Windows
[2022.03.31-12.12.43:962][  0]LogMemory: Process Physical Memory: 144.62 MB used, 144.62 MB peak
[2022.03.31-12.12.43:962][  0]LogMemory: Process Virtual Memory: 124.09 MB used, 124.09 MB peak
[2022.03.31-12.12.43:962][  0]LogMemory: Physical Memory: 10454.27 MB used,  5608.12 MB free, 16062.39 MB total
[2022.03.31-12.12.43:962][  0]LogMemory: Virtual Memory: 134210712.00 MB used,  7013.34 MB free, 134217728.00 MB total
[2022.03.31-12.12.43:964][  0]LogWindows: WindowsPlatformFeatures enabled
[2022.03.31-12.12.43:998][  0]LogInit: Physics initialised using underlying interface: PhysX
[2022.03.31-12.12.43:999][  0]LogInit: Using OS detected language (es-ES).
[2022.03.31-12.12.43:999][  0]LogInit: Using OS detected locale (es-ES).
[2022.03.31-12.12.44:002][  0]LogTextLocalizationManager: No specific localization for 'es-ES' exists, so the 'es' localization will be used.
[2022.03.31-12.12.44:079][  0]LogWindowsTextInputMethodSystem: Display: IME system deactivated.
[2022.03.31-12.12.44:113][  0]LogSlate: New Slate User Created.  User Index 0, Is Virtual User: 0
[2022.03.31-12.12.44:113][  0]LogSlate: Slate User Registered.  User Index 0, Is Virtual User: 0
[2022.03.31-12.12.44:135][  0]LogD3D11RHI: Loaded GFSDK_Aftermath_Lib.x64.dll
[2022.03.31-12.12.44:137][  0]LogHMD: Failed to initialize OpenVR with code 110
[2022.03.31-12.12.44:138][  0]LogD3D11RHI: D3D11 min allowed feature level: 11_0
[2022.03.31-12.12.44:138][  0]LogD3D11RHI: D3D11 max allowed feature level: 11_0
[2022.03.31-12.12.44:138][  0]LogD3D11RHI: D3D11 adapters:
[2022.03.31-12.12.44:224][  0]LogD3D11RHI:    0. 'NVIDIA GeForce RTX 2080' (Feature Level 11_0)
[2022.03.31-12.12.44:224][  0]LogD3D11RHI:       8010/0/8031 MB DedicatedVideo/DedicatedSystem/SharedSystem, Outputs:2, VendorId:0x10de
[2022.03.31-12.12.44:226][  0]LogD3D11RHI:    1. 'Microsoft Basic Render Driver' (Feature Level 11_0)
[2022.03.31-12.12.44:226][  0]LogD3D11RHI:       0/0/8031 MB DedicatedVideo/DedicatedSystem/SharedSystem, Outputs:0, VendorId:0x1414
[2022.03.31-12.12.44:226][  0]LogD3D11RHI: Chosen D3D11 Adapter:
[2022.03.31-12.12.44:226][  0]LogD3D11RHI:     Description : NVIDIA GeForce RTX 2080
[2022.03.31-12.12.44:226][  0]LogD3D11RHI:     VendorId    : 10de
[2022.03.31-12.12.44:226][  0]LogD3D11RHI:     DeviceId    : 1e82
[2022.03.31-12.12.44:226][  0]LogD3D11RHI:     SubSysId    : 37221462
[2022.03.31-12.12.44:226][  0]LogD3D11RHI:     Revision    : 00a1
[2022.03.31-12.12.44:226][  0]LogD3D11RHI:     DedicatedVideoMemory : 8399093760 bytes
[2022.03.31-12.12.44:226][  0]LogD3D11RHI:     DedicatedSystemMemory : 0 bytes
[2022.03.31-12.12.44:226][  0]LogD3D11RHI:     SharedSystemMemory : 8421318656 bytes
[2022.03.31-12.12.44:226][  0]LogD3D11RHI:     AdapterLuid : 0 50870
[2022.03.31-12.12.44:230][  0]LogD3D11RHI: Creating new Direct3DDevice
[2022.03.31-12.12.44:230][  0]LogD3D11RHI:     GPU DeviceId: 0x1e82 (for the marketing name, search the web for "GPU Device Id")
[2022.03.31-12.12.44:230][  0]LogWindows: EnumDisplayDevices:
[2022.03.31-12.12.44:231][  0]LogWindows:    0. 'NVIDIA GeForce RTX 2080' (P:1 D:1)
[2022.03.31-12.12.44:231][  0]LogWindows:    1. 'NVIDIA GeForce RTX 2080' (P:0 D:1)
[2022.03.31-12.12.44:231][  0]LogWindows:    2. 'NVIDIA GeForce RTX 2080' (P:0 D:0)
[2022.03.31-12.12.44:231][  0]LogWindows:    3. 'NVIDIA GeForce RTX 2080' (P:0 D:0)
[2022.03.31-12.12.44:231][  0]LogWindows: DebugString: FoundDriverCount:4 
[2022.03.31-12.12.44:231][  0]LogD3D11RHI:     Adapter Name: NVIDIA GeForce RTX 2080
[2022.03.31-12.12.44:231][  0]LogD3D11RHI:   Driver Version: 511.79 (internal:30.0.15.1179, unified:511.79)
[2022.03.31-12.12.44:231][  0]LogD3D11RHI:      Driver Date: 2-10-2022
[2022.03.31-12.12.44:231][  0]LogRHI: Texture pool is 5607 MB (70% of 8010 MB)
[2022.03.31-12.12.44:231][  0]LogD3D11RHI: Creating D3DDevice using adapter:
[2022.03.31-12.12.44:231][  0]LogD3D11RHI:     Description : NVIDIA GeForce RTX 2080
[2022.03.31-12.12.44:231][  0]LogD3D11RHI:     VendorId    : 10de
[2022.03.31-12.12.44:231][  0]LogD3D11RHI:     DeviceId    : 1e82
[2022.03.31-12.12.44:231][  0]LogD3D11RHI:     SubSysId    : 37221462
[2022.03.31-12.12.44:231][  0]LogD3D11RHI:     Revision    : 00a1
[2022.03.31-12.12.44:231][  0]LogD3D11RHI:     DedicatedVideoMemory : 8399093760 bytes
[2022.03.31-12.12.44:231][  0]LogD3D11RHI:     DedicatedSystemMemory : 0 bytes
[2022.03.31-12.12.44:231][  0]LogD3D11RHI:     SharedSystemMemory : 8421318656 bytes
[2022.03.31-12.12.44:231][  0]LogD3D11RHI:     AdapterLuid : 0 50870
[2022.03.31-12.12.44:281][  0]LogD3D11RHI: RHI has support for 64 bit atomics
[2022.03.31-12.12.44:281][  0]LogD3D11RHI: Async texture creation enabled
[2022.03.31-12.12.44:281][  0]LogD3D11RHI: Array index from any shader is supported
[2022.03.31-12.12.44:295][  0]LogD3D11RHI: GPU Timing Frequency: 1000.000000 (Debug: 2 1)
[2022.03.31-12.12.44:329][  0]LogRHI: GeForceNow SDK initialized: 1
[2022.03.31-12.12.44:581][  0]LogTargetPlatformManager: Display: Loaded TargetPlatform 'WindowsNoEditor'
[2022.03.31-12.12.44:585][  0]LogTargetPlatformManager: Display: Loaded TargetPlatform 'Windows'
[2022.03.31-12.12.44:590][  0]LogTargetPlatformManager: Display: Loaded TargetPlatform 'WindowsClient'
[2022.03.31-12.12.44:595][  0]LogTargetPlatformManager: Display: Loaded TargetPlatform 'WindowsServer'
[2022.03.31-12.12.44:595][  0]LogTargetPlatformManager: Display: Building Assets For Windows
[2022.03.31-12.12.44:602][  0]LogAudioDebug: Display: Lib vorbis DLL was dynamically loaded.
[2022.03.31-12.12.44:637][  0]LogTextureFormatOodle: Display: Oodle Texture 2.9.0 init RDO Off
[2022.03.31-12.12.44:667][  0]LogRendererCore: Ray tracing is disabled. Reason: r.RayTracing=0.
[2022.03.31-12.12.44:667][  0]LogShaderCompilers: Guid format shader working directory is -40 characters bigger than the processId version (../../../../../../Users/Administrador/Documents/Unreal Projects/Unreal-Prisma/Monster_Shooter/Intermediate/Shaders/WorkingDirectory/13260/).
[2022.03.31-12.12.44:668][  0]LogShaderCompilers: Cleaned the shader compiler working directory 'C:/Users/Administrador/AppData/Local/Temp/UnrealShaderWorkingDir/22B9C63448F3251AFDE185B6A8F92AD6/'.
[2022.03.31-12.12.44:668][  0]LogXGEController: Cannot use XGE Controller as Incredibuild is not installed on this machine.
[2022.03.31-12.12.44:668][  0]LogShaderCompilers: Cannot use XGE Shader Compiler as Incredibuild is not installed on this machine.
[2022.03.31-12.12.44:668][  0]LogShaderCompilers: Display: Using Local Shader Compiler.
[2022.03.31-12.12.45:365][  0]LogDerivedDataCache: Display: Max Cache Size: 512 MB
[2022.03.31-12.12.45:454][  0]LogDerivedDataCache: Loaded boot cache 0.09s 99MB C:/Users/Administrador/AppData/Local/UnrealEngine/4.27/DerivedDataCache/Boot.ddc.
[2022.03.31-12.12.45:454][  0]LogDerivedDataCache: Display: Loaded Boot cache: C:/Users/Administrador/AppData/Local/UnrealEngine/4.27/DerivedDataCache/Boot.ddc
[2022.03.31-12.12.45:454][  0]LogDerivedDataCache: FDerivedDataBackendGraph:  Pak pak cache file ../../../../../../Users/Administrador/Documents/Unreal Projects/Unreal-Prisma/Monster_Shooter/DerivedDataCache/DDC.ddp not found, will not use a pak cache.
[2022.03.31-12.12.45:454][  0]LogDerivedDataCache: Unable to find inner node Pak for hierarchical cache Hierarchy.
[2022.03.31-12.12.45:454][  0]LogDerivedDataCache: FDerivedDataBackendGraph:  CompressedPak pak cache file ../../../../../../Users/Administrador/Documents/Unreal Projects/Unreal-Prisma/Monster_Shooter/DerivedDataCache/Compressed.ddp not found, will not use a pak cache.
[2022.03.31-12.12.45:454][  0]LogDerivedDataCache: Unable to find inner node CompressedPak for hierarchical cache Hierarchy.
[2022.03.31-12.12.45:471][  0]LogDerivedDataCache: Display: Pak cache opened for reading ../../../Engine/DerivedDataCache/Compressed.ddp.
[2022.03.31-12.12.45:471][  0]LogDerivedDataCache: FDerivedDataBackendGraph:  EnterprisePak pak cache file ../../../Enterprise/DerivedDataCache/Compressed.ddp not found, will not use a pak cache.
[2022.03.31-12.12.45:471][  0]LogDerivedDataCache: Unable to find inner node EnterprisePak for hierarchical cache Hierarchy.
[2022.03.31-12.12.45:478][  0]LogDerivedDataCache: Speed tests for C:/Users/Administrador/AppData/Local/UnrealEngine/Common/DerivedDataCache took 0.01 seconds
[2022.03.31-12.12.45:478][  0]LogDerivedDataCache: Display: Performance to C:/Users/Administrador/AppData/Local/UnrealEngine/Common/DerivedDataCache: Latency=0.04ms. RandomReadSpeed=366.22MBs, RandomWriteSpeed=253.98MBs. Assigned SpeedClass 'Local'
[2022.03.31-12.12.45:479][  0]LogDerivedDataCache: Using Local data cache path C:/Users/Administrador/AppData/Local/UnrealEngine/Common/DerivedDataCache: Writable
[2022.03.31-12.12.45:479][  0]LogDerivedDataCache: Shared data cache path not found in *engine.ini, will not use an Shared cache.
[2022.03.31-12.12.45:479][  0]LogDerivedDataCache: Unable to find inner node Shared for hierarchical cache Hierarchy.
[2022.03.31-12.12.45:515][  0]LogSlate: Using FreeType 2.10.0
[2022.03.31-12.12.45:516][  0]LogSlate: SlateFontServices - WITH_FREETYPE: 1, WITH_HARFBUZZ: 1
[2022.03.31-12.12.45:584][  0]LogInit: Using OS detected language (es-ES).
[2022.03.31-12.12.45:584][  0]LogInit: Using OS detected locale (es-ES).
[2022.03.31-12.12.45:584][  0]LogTextLocalizationManager: No localization for 'es-ES' exists, so 'en' will be used for the language.
[2022.03.31-12.12.45:584][  0]LogTextLocalizationManager: No localization for 'es-ES' exists, so 'en' will be used for the locale.
[2022.03.31-12.12.45:584][  0]LogSlate: FontCache flush requested. Reason: Culture for localization was changed
[2022.03.31-12.12.45:584][  0]LogSlate: FontCache flush requested. Reason: Culture for localization was changed
[2022.03.31-12.12.45:587][  0]LogAssetRegistry: FAssetRegistry took 0.0016 seconds to start up
[2022.03.31-12.12.45:734][  0]LogTextLocalizationManager: Compacting localization data took   0.01ms
[2022.03.31-12.12.45:734][  0]LogPackageLocalizationCache: Processed 27 localized package path(s) for 1 prioritized culture(s) in 0.000876 seconds
[2022.03.31-12.12.45:792][  0]LogInit: Selected Device Profile: [Windows]
[2022.03.31-12.12.45:792][  0]LogInit: Active device profile: [000002B58D97B600][000002B5F2571000 49] Windows
[2022.03.31-12.12.45:792][  0]LogInit: Profiles: [000002B58D97B600][000002B5F2571000 49] Windows, [000002B58D940B00][000002B5F25792C0 49] WindowsNoEditor, [000002B58D978C00][000002B5F257D580 49] WindowsServer, [000002B58D943000][000002B5F2581840 49] WindowsClient, [000002B58D97AF00][000002B5F2575AC0 49] IOS, [000002B58D941300][000002B5F25841C0 49] iPadAir, [000002B58D979200][000002B581FC4480 49] iPadAir2, [000002B58D8F4200][000002B581FD89C0 49] IPadPro, [000002B58D8E7F00][000002B581FC8A00 49] iPadAir3, [000002B58D97AD00][000002B581FD0CC0 49] iPadAir4, [000002B58D8E5100][000002B581FCCF80 49] iPadMini2, [000002B58D979400][000002B581FD5240 49] iPadMini3, [000002B58D8E6B00][000002B581FDD500 49] iPadMini4, [000002B58D97A600][000002B5820BF7C0 49] iPadMini5, [000002B58D942B00][000002B5820CE140 49] iPhone6, [000002B58D942A00][000002B5820C2180 49] iPodTouch6, [000002B58D8E5200][000002B5820DA6C0 49] iPhone7, [000002B58D8E5300][000002B5820CA700 49] iPodTouch7, [000002B58D942000][000002B5820D29C0 49] iPhone5S, [000002B58D8E6C00][000002B5820C6C80 49] iPhone6Plus, [000002B58D940300][000002B5820D6F40 49] iPhone6S, [000002B58D8E7300][000002B5820DF200 49] iPhone6SPlus, [000002B58D940700][000002B5820E34C0 49] iPhone7Plus, [000002B58D8E6600][000002B5820E7780 49] iPhoneSE, [000002B58D941400][000002B5820EBA40 49] iPhone8, [000002B58D8E5500][000002B581FC0140 49] iPhone8Plus, [000002B58D942700][000002B5820EE3C0 49] iPhoneX, [000002B58D8E4400][000002B5820F6680 49] iPhoneXS, [000002B58D940100][000002B5820FA940 49] iPhoneXSMax, [000002B58D8E7C00][000002B5820FEC00 49] iPhoneXR, [000002B58D941200][000002B582102EC0 49] iPhone11, [000002B58D8E5900][000002B581967180 49] iPhone11Pro, [000002B58D942800][000002B58196B440 49] iPhone11ProMax, [000002B58D8E7000][000002B58196F700 49] iPhoneSE2, [000002B58D942D00][000002B5819739C0 49] iPhone12Mini, [000002B58D8E7700][000002B581976100 49] iPhone12, [000002B58D940600][000002B5820F2380 49] iPhone12Pro, [000002B58D8E4E00][000002B58197A600 49] iPhone12ProMax, [000002B58D943400][000002B5819828C0 49] iPadPro105, [000002B58D8E6F00][000002B581986B80 49] iPadPro129, [000002B58D941D00][000002B58198AE40 49] iPadPro97, [000002B58D8E7600][000002B58198F100 49] iPadPro2_129, [000002B58D940F00][000002B5819933C0 49] iPad5, [000002B58D8E5600][000002B581997680 49] iPad6, [000002B58D942100][000002B58199B940 49] iPad7, [000002B58D8E6800][000002B58199FC00 49] iPad8, [000002B58D942400][000002B5819A2340 49] iPadPro11, [000002B58D8E4500][000002B58197E5C0 49] iPadPro2_11, [000002B58D943800][000002B5819A6840 49] iPadPro3_129, [000002B58D8E6700][000002B5819AEB00 49] iPadPro4_129, [000002B58D941700][000002B582576DC0 49] AppleTV, [000002B58D8E7B00][000002B58257B080 49] AppleTV4K, [000002B58D942F00][000002B58257F340 49] TVOS, [000002B58D8E4900][000002B582583600 49] Mac, [000002B58D940D00][000002B5825878C0 49] MacClient, [000002B58D8E4F00][000002B58258BB80 49] MacNoEditor, [000002B58D942200][000002B58258E2C0 49] MacServer, [000002B58D8E4700][000002B582592580 49] Linux, [000002B58D9AD900][000002B5819AA800 49] LinuxAArch64, [000002B58D8F4500][000002B582596A80 49] LinuxNoEditor, [000002B58D9ADF00][000002B58259ED40 49] LinuxAArch64NoEditor, [000002B58D8F4400][000002B5825A3000 49] LinuxClient, [000002B58D9AC600][000002B5825A72C0 49] LinuxAArch64Client, [000002B58D8F5100][000002B5825AB580 49] LinuxServer, [000002B58D9AE300][000002B5825AF840 49] LinuxAArch64Server, [000002B58D8F6B00][000002B5825B3B00 49] Android, [000002B58D9AC900][000002B5825B6240 49] Android_Low, [000002B58D8F5200][000002B5825BA500 49] Android_Mid, [000002B58D9AC800][000002B5825BE7C0 49] Android_High, [000002B58D8F4300][000002B58259AA40 49] Android_Default, [000002B58D9AE100][000002B5825C2CC0 49] Android_Adreno4xx, [000002B58D8F5900][000002B5825CAF80 49] Android_Adreno5xx_Low, [000002B58D9ACC00][000002B5825CF240 49] Android_Adreno5xx, [000002B58D8F4100][000002B5825D3500 49] Android_Adreno6xx, [000002B58D9ADC00][000002B5825D77C0 49] Android_Adreno6xx_Vulkan, [000002B58D8F6300][000002B5825DBA80 49] Android_Mali_T6xx, [000002B58D9ACE00][000002B5825DE1C0 49] Android_Mali_T7xx, [000002B58D8F5800][000002B5825E2480 49] Android_Mali_T8xx, [000002B58D9AE200][000002B5825E6740 49] Android_Mali_G71, [000002B58D8F6900][000002B5825EAA00 49] Android_Mali_G72, [000002B58D9AD300][000002B5825C6C80 49] Android_Mali_G72_Vulkan, [000002B58D8F7200][000002B5825EEF00 49] Android_Mali_G76, [000002B58D8E4D00][000002B5825F71C0 49] Android_Mali_G76_Vulkan, [000002B58D943900][000002B5825FB480 49] Android_Mali_G77, [000002B58D8E6300][000002B5825FF740 49] Android_Mali_G77_Vulkan, [000002B58D941500][000002B582603A00 49] Android_Mali_G78, [000002B58D8E7100][000002B582606140 49] Android_Mali_G78_Vulkan, [000002B58D940400][000002B58260A400 49] Android_Mali_G710, [000002B58D8E5400][000002B58260E6C0 49] Android_Mali_G710_Vulkan, [000002B58D943C00][000002B582612980 49] Android_Vulkan_SM5, [000002B58D8E6D00][000002B582616C40 49] Android_PowerVR_G6xxx, [000002B58D942E00][000002B5825F2EC0 49] Android_PowerVR_GT7xxx, [000002B58D8E6200][000002B58261B140 49] Android_PowerVR_GE8xxx, [000002B58D943D00][000002B582623400 49] Android_PowerVR_GM9xxx, [000002B58D8E6E00][000002B5826276C0 49] Android_PowerVR_GM9xxx_Vulkan, [000002B58D940200][000002B58262B980 49] Android_TegraK1, [000002B58D9ADA00][000002B58262E0C0 49] Android_Unknown_Vulkan, [000002B58D940900][000002B582632380 49] Lumin, [000002B58D9AD000][000002B582636640 49] Lumin_Desktop, [000002B58D941100][000002B58263A900 49] HoloLens, 
[2022.03.31-12.12.45:832][  0]LogMeshReduction: Using QuadricMeshReduction for automatic static mesh reduction
[2022.03.31-12.12.45:832][  0]LogMeshReduction: Using SimplygonMeshReduction for automatic skeletal mesh reduction
[2022.03.31-12.12.45:832][  0]LogMeshReduction: Using ProxyLODMeshReduction for automatic mesh merging
[2022.03.31-12.12.45:832][  0]LogMeshReduction: No distributed automatic mesh merging module available
[2022.03.31-12.12.45:832][  0]LogMeshMerging: No distributed automatic mesh merging module available
[2022.03.31-12.12.45:938][  0]LogNetVersion: Monster_Shooter 1.0.0, NetCL: 17155196, EngineNetVer: 17, GameNetVer: 0 (Checksum: 3797625731)
[2022.03.31-12.12.46:173][  0]LogTexture: Default maximum texture size for cubemaps generated from long-lat sources has been changed from 512 to unlimited. In order to preserve old behaiour for '/Engine/MapTemplates/Sky/DaylightAmbientCubemap.DaylightAmbientCubemap', its maximum texture size has been explicitly set to 512.
[2022.03.31-12.12.46:231][  0]LogHMD: PokeAHoleMaterial loaded successfully
[2022.03.31-12.12.46:340][  0]LogMoviePlayer: Initializing movie player
[2022.03.31-12.12.46:426][  0]LogNiagaraDebuggerClient: Niagara Debugger Client Initialized | Session: 9C54CC844DFC8A6BC64822B5166AA2CB | Instance: DBB2B05649E7C72417A7CD815B23E546 (DESKTOP-QU0IU8S-13260).
[2022.03.31-12.12.46:448][  0]LogCollectionManager: Loaded 0 collections in 0.001894 seconds
[2022.03.31-12.12.46:450][  0]LogFileCache: Scanning file cache for directory 'C:/Users/Administrador/Documents/Unreal Projects/Unreal-Prisma/Monster_Shooter/Saved/Collections/' took 0.00s
[2022.03.31-12.12.46:450][  0]LogFileCache: Scanning file cache for directory 'C:/Users/Administrador/Documents/Unreal Projects/Unreal-Prisma/Monster_Shooter/Content/Developers/Administrador/Collections/' took 0.00s
[2022.03.31-12.12.46:450][  0]LogCollectionManager: Fixed up redirectors for 0 collections in 0.000002 seconds (updated 0 objects)
[2022.03.31-12.12.46:473][  0]LogFileCache: Scanning file cache for directory 'C:/Users/Administrador/Documents/Unreal Projects/Unreal-Prisma/Monster_Shooter/Content/Collections/' took 0.00s
[2022.03.31-12.12.46:473][  0]LogPython: Using Python 3.7.7
[2022.03.31-12.12.46:982][  0]LogTcpMessaging: Initializing TcpMessaging bridge
[2022.03.31-12.12.46:985][  0]LogUdpMessaging: Initializing bridge on interface 0.0.0.0:0 to multicast group 230.0.0.1:6666.
[2022.03.31-12.12.47:200][  0]SourceControl: Source control is disabled
[2022.03.31-12.12.47:200][  0]SourceControl: Source control is disabled
[2022.03.31-12.12.47:204][  0]SourceControl: Source control is disabled
[2022.03.31-12.12.47:206][  0]LogUProjectInfo: Found projects:
[2022.03.31-12.12.47:279][  0]LogOpenImageDenoise: OIDN starting up
[2022.03.31-12.12.47:319][  0]LogAndroidPermission: UAndroidPermissionCallbackProxy::GetInstance
[2022.03.31-12.12.47:337][  0]LogAudioCaptureCore: Display: No Audio Capture implementations found. Audio input will be silent.
[2022.03.31-12.12.47:337][  0]LogAudioCaptureCore: Display: No Audio Capture implementations found. Audio input will be silent.
[2022.03.31-12.12.47:401][  0]LogOcInput: OculusInput pre-init called
[2022.03.31-12.12.47:410][  0]LogUObjectArray: 23190 objects as part of root set at end of initial load.
[2022.03.31-12.12.47:410][  0]LogUObjectAllocator: 6505184 out of 0 bytes used by permanent object pool.
[2022.03.31-12.12.47:410][  0]LogUObjectArray: CloseDisregardForGC: 0/0 objects in disregard for GC pool
[2022.03.31-12.12.47:459][  0]LogEngine: Initializing Engine...
[2022.03.31-12.12.47:461][  0]LogHMD: Failed to enumerate extensions. Please check that you have a valid OpenXR runtime installed.
[2022.03.31-12.12.47:461][  0]LogHMD: Failed to initialize OpenVR with code 110
[2022.03.31-12.12.47:461][  0]LogMagicLeap: Warning: VR disabled because ZI is not enabled.  To enable, in the editor, Edit -> Project Settings -> Plugins -> Magic Leap Plugin -> Enable Zero Iteration
[2022.03.31-12.12.47:462][  0]LogStats: UGameplayTagsManager::InitializeManager -  0.000 s
[2022.03.31-12.12.47:564][  0]LogInit: Initializing FReadOnlyCVARCache
[2022.03.31-12.12.47:564][  0]LogAudio: Display: Initializing Audio Device Manager...
[2022.03.31-12.12.47:568][  0]LogAudio: Display: Loading Default Audio Settings Objects...
[2022.03.31-12.12.47:568][  0]LogAudio: Display: No default SoundConcurrencyObject specified (or failed to load).
[2022.03.31-12.12.47:569][  0]LogAudio: Display: Audio Device Manager Initialized
[2022.03.31-12.12.47:569][  0]LogAudio: Display: Creating Audio Device:                 Id: 1, Scope: Shared, Realtime: True
[2022.03.31-12.12.47:569][  0]LogAudioMixer: Display: Audio Mixer Platform Settings:
[2022.03.31-12.12.47:569][  0]LogAudioMixer: Display: 	Sample Rate:						  48000
[2022.03.31-12.12.47:569][  0]LogAudioMixer: Display: 	Callback Buffer Frame Size Requested: 1024
[2022.03.31-12.12.47:569][  0]LogAudioMixer: Display: 	Callback Buffer Frame Size To Use:	  1024
[2022.03.31-12.12.47:569][  0]LogAudioMixer: Display: 	Number of buffers to queue:			  2
[2022.03.31-12.12.47:569][  0]LogAudioMixer: Display: 	Max Channels (voices):				  32
[2022.03.31-12.12.47:569][  0]LogAudioMixer: Display: 	Number of Async Source Workers:		  0
[2022.03.31-12.12.47:569][  0]LogAudio: Display: AudioDevice MaxSources: 32
[2022.03.31-12.12.47:569][  0]LogAudio: Display: Audio Spatialization Plugin: None (built-in).
[2022.03.31-12.12.47:569][  0]LogAudio: Display: Audio Reverb Plugin: None (built-in).
[2022.03.31-12.12.47:569][  0]LogAudio: Display: Audio Occlusion Plugin: None (built-in).
[2022.03.31-12.12.47:569][  0]LogAudioMixer: Display: Initializing audio mixer.
[2022.03.31-12.12.47:578][  0]LogAudioMixer: Display: 0: FrontLeft
[2022.03.31-12.12.47:578][  0]LogAudioMixer: Display: 1: FrontRight
[2022.03.31-12.12.47:591][  0]LogAudioMixer: Display: Using Audio Device 27B1 (NVIDIA High Definition Audio)
[2022.03.31-12.12.47:597][  0]LogAudioMixer: Display: Initializing Sound Submixes...
[2022.03.31-12.12.47:599][  0]LogAudioMixer: Display: Creating Master Submix 'MasterSubmixDefault'
[2022.03.31-12.12.47:599][  0]LogAudioMixer: Display: Creating Master Submix 'MasterReverbSubmixDefault'
[2022.03.31-12.12.47:600][  0]LogAudioMixer: Display: Creating Master Submix 'MasterEQSubmixDefault'
[2022.03.31-12.12.47:600][  0]LogAudioMixer: FMixerPlatformXAudio2::StartAudioStream() called
[2022.03.31-12.12.47:600][  0]LogAudioMixer: Display: Output buffers initialized: Frames=1024, Channels=2, Samples=2048
[2022.03.31-12.12.47:602][  0]LogAudioMixer: Display: Starting AudioMixerPlatformInterface::RunInternal()
[2022.03.31-12.12.47:602][  0]LogAudioMixer: Display: FMixerPlatformXAudio2::SubmitBuffer() called for the first time
[2022.03.31-12.12.47:602][  0]LogInit: FAudioDevice initialized.
[2022.03.31-12.12.47:603][  0]LogNetVersion: Set ProjectVersion to 1.0.0.0. Version Checksum will be recalculated on next use.
[2022.03.31-12.12.47:605][  0]LogInit: Texture streaming: Enabled
[2022.03.31-12.12.47:682][  0]LogAudio: Display: Audio Device (ID: 1) registered with world 'Untitled'.
[2022.03.31-12.12.47:683][  0]LogSlate: Updating window title bar state: overlay mode, drag disabled, window buttons hidden, title bar hidden
[2022.03.31-12.12.47:683][  0]LogInit: Display: Game Engine Initialized.
[2022.03.31-12.12.47:683][  0]LogNiagaraEditor: GEditor isn't valid! Particle reset commands will not work for Niagara components!
[2022.03.31-12.12.47:788][  0]LogInit: Display: Starting Game.
[2022.03.31-12.12.47:788][  0]LogNet: Browse: /Game/Maps/Gameplay?Name=Player
[2022.03.31-12.12.47:789][  0]LogLoad: LoadMap: /Game/Maps/Gameplay?Name=Player
[2022.03.31-12.12.47:789][  0]LogWorld: BeginTearingDown for /Temp/Untitled_0
[2022.03.31-12.12.47:790][  0]LogWorld: UWorld::CleanupWorld for Untitled, bSessionEnded=true, bCleanupResources=true
[2022.03.31-12.12.47:790][  0]LogSlate: InvalidateAllWidgets triggered.  All widgets were invalidated
[2022.03.31-12.12.47:801][  0]LogAudio: Display: Audio Device unregistered from world 'None'.
[2022.03.31-12.12.47:803][  0]LogUObjectHash: Compacting FUObjectHashTables data took   0.76ms
[2022.03.31-12.12.47:921][  0]LogAudio: Display: Audio Device (ID: 1) registered with world 'Gameplay'.
[2022.03.31-12.12.47:928][  0]LogAIModule: Creating AISystem for world Gameplay
[2022.03.31-12.12.47:944][  0]LogLoad: Game class is 'MonsterShooter_GameMode_BP_C'
[2022.03.31-12.12.47:956][  0]LogWorld: Bringing World /Game/Maps/Gameplay.Gameplay up for play (max tick rate 0) at 2022.03.31-14.12.47
[2022.03.31-12.12.47:958][  0]LogWorld: Bringing up level for play took: 0.013657
[2022.03.31-12.12.47:960][  0]LogGameMode: Display: Match State Changed from EnteringMap to WaitingToStart
[2022.03.31-12.12.47:960][  0]LogGameState: Match State Changed from EnteringMap to WaitingToStart
[2022.03.31-12.12.47:960][  0]LogGameMode: Display: Match State Changed from WaitingToStart to InProgress
[2022.03.31-12.12.47:965][  0]LogGameState: Match State Changed from WaitingToStart to InProgress
[2022.03.31-12.12.47:966][  0]LogLoad: Took 0.176362 seconds to LoadMap(/Game/Maps/Gameplay)
[2022.03.31-12.12.48:056][  0]LogSlate: Took 0.000142 seconds to synchronously load lazily loaded font '../../../Engine/Content/Slate/Fonts/Roboto-Regular.ttf' (155K)
[2022.03.31-12.12.48:108][  0]LogRenderer: Reallocating scene render targets to support 1280x720 Format 10 NumSamples 1 (Frame:1).
[2022.03.31-12.12.48:108][  0]LogInit: Display: Engine is initialized. Leaving FEngineLoop::Init()
[2022.03.31-12.12.48:108][  0]LogLoad: (Engine Initialization) Total time: 4.93 seconds
[2022.03.31-12.12.48:108][  0]LogLoad: (Engine Initialization) Total Blueprint compile time: 0.00 seconds
[2022.03.31-12.12.48:114][  0]LogContentStreaming: Texture pool size now 1000 MB
[2022.03.31-12.12.48:118][  0]LogSlate: InvalidateAllWidgets triggered.  All widgets were invalidated
[2022.03.31-12.12.48:246][  1]LogSlate: Took 0.000148 seconds to synchronously load lazily loaded font '../../../Engine/Content/Slate/Fonts/Roboto-Regular.ttf' (155K)
[2022.03.31-12.12.54:819][139]LogGameMode: Display: Match State Changed from InProgress to LeavingMap
[2022.03.31-12.12.54:819][139]LogGameState: Match State Changed from InProgress to LeavingMap
[2022.03.31-12.12.54:819][139]LogNet: Browse: /Game/Maps/Gameplay
[2022.03.31-12.12.54:819][139]LogLoad: LoadMap: /Game/Maps/Gameplay
[2022.03.31-12.12.54:819][139]LogWorld: BeginTearingDown for /Game/Maps/Gameplay
[2022.03.31-12.12.54:821][139]LogWorld: UWorld::CleanupWorld for Gameplay, bSessionEnded=true, bCleanupResources=true
[2022.03.31-12.12.54:821][139]LogSlate: InvalidateAllWidgets triggered.  All widgets were invalidated
[2022.03.31-12.12.54:866][139]LogAudio: Display: Audio Device unregistered from world 'None'.
[2022.03.31-12.12.54:876][139]LogUObjectHash: Compacting FUObjectHashTables data took   0.80ms
[2022.03.31-12.12.54:970][139]LogAudio: Display: Audio Device (ID: 1) registered with world 'Gameplay'.
[2022.03.31-12.12.54:971][139]LogAIModule: Creating AISystem for world Gameplay
[2022.03.31-12.12.54:984][139]LogLoad: Game class is 'MonsterShooter_GameMode_BP_C'
[2022.03.31-12.12.54:994][139]LogWorld: Bringing World /Game/Maps/Gameplay.Gameplay up for play (max tick rate 0) at 2022.03.31-14.12.54
[2022.03.31-12.12.54:996][139]LogWorld: Bringing up level for play took: 0.011553
[2022.03.31-12.12.54:997][139]LogGameMode: Display: Match State Changed from EnteringMap to WaitingToStart
[2022.03.31-12.12.54:997][139]LogGameState: Match State Changed from EnteringMap to WaitingToStart
[2022.03.31-12.12.54:997][139]LogGameMode: Display: Match State Changed from WaitingToStart to InProgress
[2022.03.31-12.12.55:000][139]LogGameState: Match State Changed from WaitingToStart to InProgress
[2022.03.31-12.12.55:001][139]LogLoad: Took 0.182373 seconds to LoadMap(/Game/Maps/Gameplay)
[2022.03.31-12.13.04:269][233]LogGameMode: Display: Match State Changed from InProgress to LeavingMap
[2022.03.31-12.13.04:269][233]LogGameState: Match State Changed from InProgress to LeavingMap
[2022.03.31-12.13.04:270][233]LogNet: Browse: /Game/Maps/Gameplay
[2022.03.31-12.13.04:270][233]LogLoad: LoadMap: /Game/Maps/Gameplay
[2022.03.31-12.13.04:270][233]LogWorld: BeginTearingDown for /Game/Maps/Gameplay
[2022.03.31-12.13.04:270][233]LogWorld: UWorld::CleanupWorld for Gameplay, bSessionEnded=true, bCleanupResources=true
[2022.03.31-12.13.04:271][233]LogSlate: InvalidateAllWidgets triggered.  All widgets were invalidated
[2022.03.31-12.13.04:311][233]LogAudio: Display: Audio Device unregistered from world 'None'.
[2022.03.31-12.13.04:316][233]LogUObjectHash: Compacting FUObjectHashTables data took   0.60ms
[2022.03.31-12.13.04:404][233]LogAudio: Display: Audio Device (ID: 1) registered with world 'Gameplay'.
[2022.03.31-12.13.04:405][233]LogAIModule: Creating AISystem for world Gameplay
[2022.03.31-12.13.04:418][233]LogLoad: Game class is 'MonsterShooter_GameMode_BP_C'
[2022.03.31-12.13.04:429][233]LogWorld: Bringing World /Game/Maps/Gameplay.Gameplay up for play (max tick rate 0) at 2022.03.31-14.13.04
[2022.03.31-12.13.04:431][233]LogWorld: Bringing up level for play took: 0.011751
[2022.03.31-12.13.04:431][233]LogGameMode: Display: Match State Changed from EnteringMap to WaitingToStart
[2022.03.31-12.13.04:431][233]LogGameState: Match State Changed from EnteringMap to WaitingToStart
[2022.03.31-12.13.04:431][233]LogGameMode: Display: Match State Changed from WaitingToStart to InProgress
[2022.03.31-12.13.04:435][233]LogGameState: Match State Changed from WaitingToStart to InProgress
[2022.03.31-12.13.04:436][233]LogLoad: Took 0.165453 seconds to LoadMap(/Game/Maps/Gameplay)
[2022.03.31-12.13.36:219][979]LogWindowsDesktop: Alt-F4 pressed!
[2022.03.31-12.13.36:224][979]LogSlate: Window 'Monster_Shooter (64-bit Development PCD3D_SM5) ' being destroyed
[2022.03.31-12.13.36:232][979]LogWindowsTextInputMethodSystem: Display: IME system deactivated.
[2022.03.31-12.13.36:235][979]LogWindowsTextInputMethodSystem: Display: IME system deactivated.
[2022.03.31-12.13.36:236][979]LogSlate: Updating window title bar state: overlay mode, drag disabled, window buttons hidden, title bar hidden
[2022.03.31-12.13.36:236][979]LogEngine: All Windows Closed
[2022.03.31-12.13.36:236][979]LogWindows: FPlatformMisc::RequestExit(0)
[2022.03.31-12.13.36:236][979]LogWindows: FPlatformMisc::RequestExitWithStatus(0, 0)
[2022.03.31-12.13.36:236][979]LogCore: Engine exit requested (reason: Win RequestExit)
[2022.03.31-12.13.36:236][980]LogCore: Engine exit requested (reason: EngineExit() was called; note: exit was already requested)
[2022.03.31-12.13.36:236][980]LogInit: Display: PreExit Game.
[2022.03.31-12.13.36:245][980]LogWorld: BeginTearingDown for /Game/Maps/Gameplay
[2022.03.31-12.13.36:246][980]LogWorld: UWorld::CleanupWorld for Gameplay, bSessionEnded=true, bCleanupResources=true
[2022.03.31-12.13.36:246][980]LogSlate: InvalidateAllWidgets triggered.  All widgets were invalidated
[2022.03.31-12.13.36:492][980]LogAudio: Display: Beginning Audio Device Manager Shutdown (Module: AudioMixerXAudio2)...
[2022.03.31-12.13.36:492][980]LogAudio: Display: Destroying 1 Remaining Audio Device(s)...
[2022.03.31-12.13.36:492][980]LogAudio: Display: Audio Device unregistered from world 'Gameplay'.
[2022.03.31-12.13.36:495][980]LogAudioMixer: FMixerPlatformXAudio2::StopAudioStream() called
[2022.03.31-12.13.36:496][980]LogAudioMixer: FMixerPlatformXAudio2::StopAudioStream() called
[2022.03.31-12.13.36:500][980]LogAudio: Display: Audio Device Manager Shutdown
[2022.03.31-12.13.36:504][980]LogExit: Preparing to exit.
[2022.03.31-12.13.37:022][980]LogSlate: Updating window title bar state: overlay mode, drag disabled, window buttons hidden, title bar hidden
[2022.03.31-12.13.37:029][980]LogUObjectHash: Compacting FUObjectHashTables data took   0.88ms
[2022.03.31-12.13.37:055][980]LogMoviePlayer: Shutting down movie player
[2022.03.31-12.13.37:153][980]LogDemo: Cleaned up 0 splitscreen connections with owner deletion
[2022.03.31-12.13.37:155][980]LogExit: Game engine shut down
[2022.03.31-12.13.37:250][980]LogExit: Object subsystem successfully closed.
[2022.03.31-12.13.37:267][980]LogShaderCompilers: Display: === FShaderJobCache stats ===
[2022.03.31-12.13.37:267][980]LogShaderCompilers: Display: Total job queries 0, among them cache hits 0 (0.00%)
[2022.03.31-12.13.37:268][980]LogShaderCompilers: Display: Tracking 0 distinct input hashes that result in 0 distinct outputs (0.00%)
[2022.03.31-12.13.37:268][980]LogShaderCompilers: Display: RAM used: 0.00 MB (0.00 GB) of 819.20 MB (0.80 GB) budget. Usage: 0.00%
[2022.03.31-12.13.37:268][980]LogShaderCompilers: Display: ================================================
[2022.03.31-12.13.37:289][980]LogShaderCompilers: Display: Shaders left to compile 0
[2022.03.31-12.13.37:321][980]LogModuleManager: Shutting down and abandoning module SequenceRecorderSections (562)
[2022.03.31-12.13.37:321][980]LogModuleManager: Shutting down and abandoning module SequenceRecorder (560)
[2022.03.31-12.13.37:322][980]LogModuleManager: Shutting down and abandoning module AutomationController (558)
[2022.03.31-12.13.37:322][980]LogModuleManager: Shutting down and abandoning module AutomationWorker (556)
[2022.03.31-12.13.37:322][980]LogModuleManager: Shutting down and abandoning module Voice (554)
[2022.03.31-12.13.37:322][980]LogModuleManager: Shutting down and abandoning module AIModule (552)
[2022.03.31-12.13.37:323][980]LogModuleManager: Shutting down and abandoning module GameplayDebugger (551)
[2022.03.31-12.13.37:323][980]LogModuleManager: Shutting down and abandoning module AITestSuite (549)
[2022.03.31-12.13.37:323][980]LogModuleManager: Shutting down and abandoning module NavigationSystem (547)
[2022.03.31-12.13.37:323][980]LogModuleManager: Shutting down and abandoning module SteamVREditor (544)
[2022.03.31-12.13.37:323][980]LogModuleManager: Shutting down and abandoning module ToolMenus (543)
[2022.03.31-12.13.37:323][980]LogModuleManager: Shutting down and abandoning module OculusMR (540)
[2022.03.31-12.13.37:323][980]LogModuleManager: Shutting down and abandoning module TakeRecorderSources (538)
[2022.03.31-12.13.37:324][980]LogModuleManager: Shutting down and abandoning module TakeRecorder (537)
[2022.03.31-12.13.37:325][980]LogModuleManager: Shutting down and abandoning module TakeTrackRecorders (534)
[2022.03.31-12.13.37:325][980]LogModuleManager: Shutting down and abandoning module TakesCore (532)
[2022.03.31-12.13.37:325][980]LogModuleManager: Shutting down and abandoning module OpenXRInput (530)
[2022.03.31-12.13.37:325][980]LogModuleManager: Shutting down and abandoning module WmfMediaFactory (528)
[2022.03.31-12.13.37:325][980]LogModuleManager: Shutting down and abandoning module WebMMediaFactory (526)
[2022.03.31-12.13.37:326][980]LogModuleManager: Shutting down and abandoning module WebMMedia (524)
[2022.03.31-12.13.37:326][980]LogModuleManager: Shutting down and abandoning module OpenExrWrapper (522)
[2022.03.31-12.13.37:326][980]LogModuleManager: Shutting down and abandoning module ImgMediaFactory (520)
[2022.03.31-12.13.37:326][980]LogModuleManager: Shutting down and abandoning module AvfMediaFactory (518)
[2022.03.31-12.13.37:326][980]LogModuleManager: Shutting down and abandoning module MagicLeapMediaCodecFactory (516)
[2022.03.31-12.13.37:326][980]LogModuleManager: Shutting down and abandoning module MagicLeapMediaFactory (514)
[2022.03.31-12.13.37:326][980]LogModuleManager: Shutting down and abandoning module PlanarCut (512)
[2022.03.31-12.13.37:326][980]LogModuleManager: Shutting down and abandoning module CharacterAI (510)
[2022.03.31-12.13.37:326][980]LogModuleManager: Shutting down and abandoning module SessionServices (508)
[2022.03.31-12.13.37:326][980]LogModuleManager: Shutting down and abandoning module MovieSceneCapture (506)
[2022.03.31-12.13.37:327][980]LogModuleManager: Shutting down and abandoning module LiveCoding (504)
[2022.03.31-12.13.37:327][980]LogModuleManager: Shutting down and abandoning module LevelSequence (502)
[2022.03.31-12.13.37:327][980]LogModuleManager: Shutting down and abandoning module MovieSceneTracks (500)
[2022.03.31-12.13.37:327][980]LogModuleManager: Shutting down and abandoning module MovieScene (498)
[2022.03.31-12.13.37:328][980]LogModuleManager: Shutting down and abandoning module StreamingPauseRendering (496)
[2022.03.31-12.13.37:328][980]LogModuleManager: Shutting down and abandoning module PortalServices (494)
[2022.03.31-12.13.37:328][980]LogModuleManager: Shutting down and abandoning module PortalRpc (492)
[2022.03.31-12.13.37:328][980]LogModuleManager: Shutting down and abandoning module MessagingRpc (490)
[2022.03.31-12.13.37:328][980]LogModuleManager: Shutting down and abandoning module AudioMixerXAudio2 (488)
[2022.03.31-12.13.37:328][980]LogModuleManager: Shutting down and abandoning module AudioMixerCore (487)
[2022.03.31-12.13.37:328][980]LogModuleManager: Shutting down and abandoning module ImageWriteQueue (484)
[2022.03.31-12.13.37:333][980]LogModuleManager: Shutting down and abandoning module ProfilerService (482)
