Log file open, 04/01/22 11:42:54
LogWindows: Failed to load 'aqProf.dll' (GetLastError=126)
LogWindows: File 'aqProf.dll' does not exist
LogWindows: Failed to load 'VtuneApi.dll' (GetLastError=126)
LogWindows: File 'VtuneApi.dll' does not exist
LogWindows: Failed to load 'VtuneApi32e.dll' (GetLastError=126)
LogWindows: File 'VtuneApi32e.dll' does not exist
LogConsoleResponse: Display: Failed to find resolution value strings in scalability ini. Falling back to default.
LogConsoleResponse: Display: Failed to find resolution value strings in scalability ini. Falling back to default.
LogInit: Display: Running engine for game: Monster_Shooter
LogPlatformFile: Not using cached read wrapper
LogTaskGraph: Started task graph with 5 named threads and 35 total threads with 3 sets of task threads.
LogStats: Stats thread started at 0.205637
LogICUInternationalization: ICU TimeZone Detection - Raw Offset: +1:00, Platform Override: ''
LogInit: Display: Loading text-based GConfig....
LogPluginManager: Mounting plugin MeshPainting
LogPluginManager: Mounting plugin XGEController
LogPluginManager: Mounting plugin Paper2D
LogPluginManager: Mounting plugin AISupport
LogPluginManager: Mounting plugin LightPropagationVolume
LogPluginManager: Mounting plugin GameplayCameras
LogPluginManager: Mounting plugin EnvironmentQueryEditor
LogPluginManager: Mounting plugin LiveLink
LogPluginManager: Mounting plugin OodleData
LogPluginManager: Mounting plugin CameraShakePreviewer
LogPluginManager: Mounting plugin OodleNetwork
LogPluginManager: Mounting plugin DatasmithContent
LogPluginManager: Mounting plugin AssetManagerEditor
LogPluginManager: Mounting plugin VariantManagerContent
LogPluginManager: Mounting plugin CurveEditorTools
LogPluginManager: Mounting plugin DataValidation
LogPluginManager: Mounting plugin GameplayTagsEditor
LogPluginManager: Mounting plugin CryptoKeys
LogPluginManager: Mounting plugin FacialAnimation
LogPluginManager: Mounting plugin MaterialAnalyzer
LogPluginManager: Mounting plugin GeometryMode
LogPluginManager: Mounting plugin MacGraphicsSwitching
LogPluginManager: Mounting plugin SpeedTreeImporter
LogPluginManager: Mounting plugin MobileLauncherProfileWizard
LogPluginManager: Mounting plugin PluginBrowser
LogPluginManager: Mounting plugin AlembicImporter
LogPluginManager: Mounting plugin AutomationUtils
LogPluginManager: Mounting plugin BackChannel
LogPluginManager: Mounting plugin ChaosEditor
LogPluginManager: Mounting plugin ChaosCloth
LogPluginManager: Mounting plugin ChaosNiagara
LogPluginManager: Mounting plugin ChaosSolverPlugin
LogPluginManager: Mounting plugin CharacterAI
LogPluginManager: Mounting plugin ChaosClothEditor
LogPluginManager: Mounting plugin LuminPlatformFeatures
LogPluginManager: Mounting plugin MagicLeap
LogPluginManager: Mounting plugin MagicLeapLightEstimation
LogPluginManager: Mounting plugin MagicLeapMedia
LogPluginManager: Mounting plugin MagicLeapPassableWorld
LogPluginManager: Mounting plugin GeometryCache
LogPluginManager: Mounting plugin GeometryCollectionPlugin
LogPluginManager: Mounting plugin Niagara
LogPluginManager: Mounting plugin GeometryProcessing
LogPluginManager: Mounting plugin MLSDK
LogPluginManager: Mounting plugin MotoSynth
LogPluginManager: Mounting plugin OpenImageDenoise
LogPluginManager: Mounting plugin PlanarCut
LogPluginManager: Mounting plugin ProxyLODPlugin
LogPluginManager: Mounting plugin PlatformCrypto
LogPluginManager: Mounting plugin PythonScriptPlugin
LogPluginManager: Mounting plugin AndroidMedia
LogPluginManager: Mounting plugin AvfMedia
LogPluginManager: Mounting plugin SkeletalReduction
LogPluginManager: Mounting plugin UdpMessaging
LogPluginManager: Mounting plugin ImgMedia
LogPluginManager: Mounting plugin MediaCompositing
LogPluginManager: Mounting plugin MediaPlayerEditor
LogPluginManager: Mounting plugin WebMMedia
LogPluginManager: Mounting plugin WmfMedia
LogPluginManager: Mounting plugin LauncherChunkInstaller
LogPluginManager: Mounting plugin ActorSequence
LogPluginManager: Mounting plugin LevelSequenceEditor
LogPluginManager: Mounting plugin MatineeToLevelSequence
LogPluginManager: Mounting plugin TemplateSequence
LogPluginManager: Mounting plugin OnlineSubsystem
LogPluginManager: Mounting plugin ActorLayerUtilities
LogPluginManager: Mounting plugin OnlineSubsystemNull
LogPluginManager: Mounting plugin AndroidDeviceProfileSelector
LogPluginManager: Mounting plugin AndroidMoviePlayer
LogPluginManager: Mounting plugin AndroidPermission
LogPluginManager: Mounting plugin OnlineSubsystemUtils
LogPluginManager: Mounting plugin AppleImageUtils
LogPluginManager: Mounting plugin AppleMoviePlayer
LogPluginManager: Mounting plugin AssetTags
LogPluginManager: Mounting plugin ArchVisCharacter
LogPluginManager: Mounting plugin AudioCapture
LogPluginManager: Mounting plugin AudioSynesthesia
LogPluginManager: Mounting plugin CableComponent
LogPluginManager: Mounting plugin ChunkDownloader
LogPluginManager: Mounting plugin CustomMeshComponent
LogPluginManager: Mounting plugin EditableMesh
LogPluginManager: Mounting plugin ExampleDeviceProfileSelector
LogPluginManager: Mounting plugin GoogleCloudMessaging
LogPluginManager: Mounting plugin GooglePAD
LogPluginManager: Mounting plugin TcpMessaging
LogPluginManager: Mounting plugin ScreenshotTools
LogPluginManager: Mounting plugin Takes
LogPluginManager: Mounting plugin IOSDeviceProfileSelector
LogPluginManager: Mounting plugin LinuxDeviceProfileSelector
LogPluginManager: Mounting plugin LocationServicesBPLibrary
LogPluginManager: Mounting plugin MobilePatchingUtils
LogPluginManager: Mounting plugin OpenXR
LogPluginManager: Mounting plugin OpenXREyeTracker
LogPluginManager: Mounting plugin OpenXRHandTracking
LogPluginManager: Mounting plugin ProceduralMeshComponent
LogPluginManager: Mounting plugin PostSplashScreen
LogPluginManager: Mounting plugin PhysXVehicles
LogPluginManager: Mounting plugin PropertyAccessEditor
LogPluginManager: Mounting plugin RuntimePhysXCooking
LogPluginManager: Mounting plugin SignificanceManager
LogPluginManager: Mounting plugin SoundFields
LogPluginManager: Mounting plugin Synthesis
LogPluginManager: Mounting plugin WebMMoviePlayer
LogPluginManager: Mounting plugin AnimationSharing
LogPluginManager: Mounting plugin CLionSourceCodeAccess
LogPluginManager: Mounting plugin CodeLiteSourceCodeAccess
LogPluginManager: Mounting plugin GitSourceControl
LogPluginManager: Mounting plugin KDevelopSourceCodeAccess
LogPluginManager: Mounting plugin NullSourceCodeAccess
LogPluginManager: Mounting plugin PerforceSourceControl
LogPluginManager: Mounting plugin PixWinPlugin
LogPluginManager: Mounting plugin PluginUtils
LogPluginManager: Mounting plugin PlasticSourceControl
LogPluginManager: Mounting plugin PropertyAccessNode
LogPluginManager: Mounting plugin RiderLink
LogPluginManager: Mounting plugin SubversionSourceControl
LogPluginManager: Mounting plugin TextureFormatOodle
LogPluginManager: Mounting plugin RiderSourceCodeAccess
LogPluginManager: Mounting plugin WindowsMoviePlayer
LogPluginManager: Mounting plugin UObjectPlugin
LogPluginManager: Mounting plugin VisualStudioSourceCodeAccess
LogPluginManager: Mounting plugin VisualStudioCodeSourceCodeAccess
LogPluginManager: Mounting plugin XCodeSourceCodeAccess
LogPluginManager: Mounting plugin ContentBrowserFileDataSource
LogPluginManager: Mounting plugin ContentBrowserClassDataSource
LogPluginManager: Mounting plugin ContentBrowserAssetDataSource
LogPluginManager: Mounting plugin OnlineSubsystemGooglePlay
LogPluginManager: Mounting plugin OnlineSubsystemIOS
LogPluginManager: Mounting plugin OculusVR
LogPluginManager: Mounting plugin SteamVR
LogInit: Using libcurl 7.55.1-DEV
LogInit:  - built for x86_64-pc-win32
LogInit:  - supports SSL with OpenSSL/1.1.1
LogInit:  - supports HTTP deflate (compression) using libz 1.2.8
LogInit:  - other features:
LogInit:      CURL_VERSION_SSL
LogInit:      CURL_VERSION_LIBZ
LogInit:      CURL_VERSION_IPV6
LogInit:      CURL_VERSION_ASYNCHDNS
LogInit:      CURL_VERSION_LARGEFILE
LogInit:      CURL_VERSION_IDN
LogInit:  CurlRequestOptions (configurable via config and command line):
LogInit:  - bVerifyPeer = true  - Libcurl will verify peer certificate
LogInit:  - bUseHttpProxy = false  - Libcurl will NOT use HTTP proxy
LogInit:  - bDontReuseConnections = false  - Libcurl will reuse connections
LogInit:  - MaxHostConnections = 16  - Libcurl will limit the number of connections to a host
LogInit:  - LocalHostAddr = Default
LogInit:  - BufferSize = 65536
LogOnline: OSS: Creating online subsystem instance for: NULL
LogInit: WinSock: version 1.1 (2.2), MaxSocks=32767, MaxUdp=65467
LogOnline: OSS: TryLoadSubsystemAndSetDefault: Loaded subsystem for module [NULL]
PixWinPlugin: PIX capture plugin failed to initialize! Check that the process is launched from PIX.
LogOculusPluginWrapper: OculusPlugin initialized successfully
LogHMD: Failed initializing OVRPlugin 1.59.0
LogInit: Build: ++UE4+Release-4.27-CL-18319896
LogInit: Engine Version: 4.27.2-18319896+++UE4+Release-4.27
LogInit: Compatible Engine Version: 4.27.0-17155196+++UE4+Release-4.27
LogInit: Net CL: 17155196
LogInit: OS: Windows 10 (Release 2009) (), CPU: Intel(R) Core(TM) i7-7800X CPU @ 3.50GHz, GPU: NVIDIA GeForce RTX 2080
LogInit: Compiled (64-bit): Nov 30 2021 07:12:08
LogInit: Compiled with Visual C++: 19.24.28315.00
LogInit: Build Configuration: Development
LogInit: Branch Name: ++UE4+Release-4.27
LogInit: Command Line: 
LogInit: Base Directory: C:/Program Files/Epic Games/UE_4.27/Engine/Binaries/Win64/
LogInit: Allocator: TBB
LogInit: Installed Engine Build: 1
LogDevObjectVersion: Number of dev versions registered: 29
LogDevObjectVersion:   Dev-Blueprints (B0D832E4-1F89-4F0D-ACCF-7EB736FD4AA2): 10
LogDevObjectVersion:   Dev-Build (E1C64328-A22C-4D53-A36C-8E866417BD8C): 0
LogDevObjectVersion:   Dev-Core (375EC13C-06E4-48FB-B500-84F0262A717E): 4
LogDevObjectVersion:   Dev-Editor (E4B068ED-F494-42E9-A231-DA0B2E46BB41): 40
LogDevObjectVersion:   Dev-Framework (CFFC743F-43B0-4480-9391-14DF171D2073): 37
LogDevObjectVersion:   Dev-Mobile (B02B49B5-BB20-44E9-A304-32B752E40360): 3
LogDevObjectVersion:   Dev-Networking (A4E4105C-59A1-49B5-A7C5-40C4547EDFEE): 0
LogDevObjectVersion:   Dev-Online (39C831C9-5AE6-47DC-9A44-9C173E1C8E7C): 0
LogDevObjectVersion:   Dev-Physics (78F01B33-EBEA-4F98-B9B4-84EACCB95AA2): 14
LogDevObjectVersion:   Dev-Platform (6631380F-2D4D-43E0-8009-CF276956A95A): 0
LogDevObjectVersion:   Dev-Rendering (12F88B9F-8875-4AFC-A67C-D90C383ABD29): 45
LogDevObjectVersion:   Dev-Sequencer (7B5AE74C-D270-4C10-A958-57980B212A5A): 13
LogDevObjectVersion:   Dev-VR (D7296918-1DD6-4BDD-9DE2-64A83CC13884): 3
LogDevObjectVersion:   Dev-LoadTimes (C2A15278-BFE7-4AFE-6C17-90FF531DF755): 1
LogDevObjectVersion:   Private-Geometry (6EACA3D4-40EC-4CC1-B786-8BED09428FC5): 3
LogDevObjectVersion:   Dev-AnimPhys (29E575DD-E0A3-4627-9D10-D276232CDCEA): 17
LogDevObjectVersion:   Dev-Anim (AF43A65D-7FD3-4947-9873-3E8ED9C1BB05): 15
LogDevObjectVersion:   Dev-ReflectionCapture (6B266CEC-1EC7-4B8F-A30B-E4D90942FC07): 1
LogDevObjectVersion:   Dev-Automation (0DF73D61-A23F-47EA-B727-89E90C41499A): 1
LogDevObjectVersion:   FortniteMain (601D1886-AC64-4F84-AA16-D3DE0DEAC7D6): 47
LogDevObjectVersion:   FortniteRelease (E7086368-6B23-4C58-8439-1B7016265E91): 1
LogDevObjectVersion:   Dev-Enterprise (9DFFBCD6-494F-0158-E221-12823C92A888): 10
LogDevObjectVersion:   Dev-Niagara (F2AED0AC-9AFE-416F-8664-AA7FFA26D6FC): 1
LogDevObjectVersion:   Dev-Destruction (174F1F0B-B4C6-45A5-B13F-2EE8D0FB917D): 10
LogDevObjectVersion:   Dev-Physics-Ext (35F94A83-E258-406C-A318-09F59610247C): 41
LogDevObjectVersion:   Dev-PhysicsMaterial-Chaos (B68FC16E-8B1B-42E2-B453-215C058844FE): 1
LogDevObjectVersion:   Dev-CineCamera (B2E18506-4273-CFC2-A54E-F4BB758BBA07): 1
LogDevObjectVersion:   Dev-VirtualProduction (64F58936-FD1B-42BA-BA96-7289D5D0FA4E): 1
LogDevObjectVersion:   Dev-MediaFramework (6F0ED827-A609-4895-9C91-998D90180EA4): 2
LogInit: Presizing for max 25165824 objects, including 0 objects not considered by GC, pre-allocating 0 bytes for permanent pool.
LogConfig: Applying CVar settings from Section [/Script/Engine.StreamingSettings] File [C:/Users/Administrador/Documents/Unreal Projects/Unreal-Prisma/Monster_Shooter/Saved/Config/Windows/Engine.ini]
LogConfig: Setting CVar [[s.MinBulkDataSizeForAsyncLoading:131072]]
LogConfig: Setting CVar [[s.AsyncLoadingThreadEnabled:0]]
LogConfig: Setting CVar [[s.EventDrivenLoaderEnabled:1]]
LogConfig: Setting CVar [[s.WarnIfTimeLimitExceeded:0]]
LogConfig: Setting CVar [[s.TimeLimitExceededMultiplier:1.5]]
LogConfig: Setting CVar [[s.TimeLimitExceededMinTime:0.005]]
LogConfig: Setting CVar [[s.UseBackgroundLevelStreaming:1]]
LogConfig: Setting CVar [[s.PriorityAsyncLoadingExtraTime:15.0]]
LogConfig: Setting CVar [[s.LevelStreamingActorsUpdateTimeLimit:5.0]]
LogConfig: Setting CVar [[s.PriorityLevelStreamingActorsUpdateExtraTime:5.0]]
LogConfig: Setting CVar [[s.LevelStreamingComponentsRegistrationGranularity:10]]
LogConfig: Setting CVar [[s.UnregisterComponentsTimeLimit:1.0]]
LogConfig: Setting CVar [[s.LevelStreamingComponentsUnregistrationGranularity:5]]
LogConfig: Setting CVar [[s.FlushStreamingOnExit:1]]
LogInit: Object subsystem initialized
LogConfig: Setting CVar [[con.DebugEarlyDefault:1]]
LogConfig: Setting CVar [[r.setres:1280x720]]
[2022.04.01-09.42.54:896][  0]LogConfig: Setting CVar [[r.VSync:0]]
[2022.04.01-09.42.54:896][  0]LogConfig: Setting CVar [[r.RHICmdBypass:0]]
[2022.04.01-09.42.54:896][  0]LogConfig: Applying CVar settings from Section [/Script/Engine.RendererSettings] File [C:/Users/Administrador/Documents/Unreal Projects/Unreal-Prisma/Monster_Shooter/Saved/Config/Windows/Engine.ini]
[2022.04.01-09.42.54:896][  0]LogConfig: Setting CVar [[r.GPUCrashDebugging:0]]
[2022.04.01-09.42.54:896][  0]LogConfig: Applying CVar settings from Section [/Script/Engine.RendererOverrideSettings] File [C:/Users/Administrador/Documents/Unreal Projects/Unreal-Prisma/Monster_Shooter/Saved/Config/Windows/Engine.ini]
[2022.04.01-09.42.54:896][  0]LogConfig: Applying CVar settings from Section [/Script/Engine.StreamingSettings] File [C:/Users/Administrador/Documents/Unreal Projects/Unreal-Prisma/Monster_Shooter/Saved/Config/Windows/Engine.ini]
[2022.04.01-09.42.54:896][  0]LogConfig: Setting CVar [[s.MinBulkDataSizeForAsyncLoading:131072]]
[2022.04.01-09.42.54:896][  0]LogConfig: Setting CVar [[s.AsyncLoadingThreadEnabled:0]]
[2022.04.01-09.42.54:896][  0]LogConfig: Setting CVar [[s.EventDrivenLoaderEnabled:1]]
[2022.04.01-09.42.54:896][  0]LogConfig: Setting CVar [[s.WarnIfTimeLimitExceeded:0]]
[2022.04.01-09.42.54:896][  0]LogConfig: Setting CVar [[s.TimeLimitExceededMultiplier:1.5]]
[2022.04.01-09.42.54:896][  0]LogConfig: Setting CVar [[s.TimeLimitExceededMinTime:0.005]]
[2022.04.01-09.42.54:896][  0]LogConfig: Setting CVar [[s.UseBackgroundLevelStreaming:1]]
[2022.04.01-09.42.54:896][  0]LogConfig: Setting CVar [[s.PriorityAsyncLoadingExtraTime:15.0]]
[2022.04.01-09.42.54:896][  0]LogConfig: Setting CVar [[s.LevelStreamingActorsUpdateTimeLimit:5.0]]
[2022.04.01-09.42.54:896][  0]LogConfig: Setting CVar [[s.PriorityLevelStreamingActorsUpdateExtraTime:5.0]]
[2022.04.01-09.42.54:896][  0]LogConfig: Setting CVar [[s.LevelStreamingComponentsRegistrationGranularity:10]]
[2022.04.01-09.42.54:896][  0]LogConfig: Setting CVar [[s.UnregisterComponentsTimeLimit:1.0]]
[2022.04.01-09.42.54:896][  0]LogConfig: Setting CVar [[s.LevelStreamingComponentsUnregistrationGranularity:5]]
[2022.04.01-09.42.54:896][  0]LogConfig: Setting CVar [[s.FlushStreamingOnExit:1]]
[2022.04.01-09.42.54:896][  0]LogConfig: Applying CVar settings from Section [/Script/Engine.GarbageCollectionSettings] File [C:/Users/Administrador/Documents/Unreal Projects/Unreal-Prisma/Monster_Shooter/Saved/Config/Windows/Engine.ini]
[2022.04.01-09.42.54:896][  0]LogConfig: Setting CVar [[gc.MaxObjectsNotConsideredByGC:1]]
[2022.04.01-09.42.54:896][  0]LogConfig: Setting CVar [[gc.SizeOfPermanentObjectPool:0]]
[2022.04.01-09.42.54:896][  0]LogConfig: Setting CVar [[gc.FlushStreamingOnGC:0]]
[2022.04.01-09.42.54:896][  0]LogConfig: Setting CVar [[gc.NumRetriesBeforeForcingGC:10]]
[2022.04.01-09.42.54:896][  0]LogConfig: Setting CVar [[gc.AllowParallelGC:1]]
[2022.04.01-09.42.54:896][  0]LogConfig: Setting CVar [[gc.TimeBetweenPurgingPendingKillObjects:61.1]]
[2022.04.01-09.42.54:896][  0]LogConfig: Setting CVar [[gc.MaxObjectsInEditor:25165824]]
[2022.04.01-09.42.54:896][  0]LogConfig: Setting CVar [[gc.IncrementalBeginDestroyEnabled:1]]
[2022.04.01-09.42.54:896][  0]LogConfig: Setting CVar [[gc.CreateGCClusters:1]]
[2022.04.01-09.42.54:896][  0]LogConfig: Setting CVar [[gc.MinGCClusterSize:5]]
[2022.04.01-09.42.54:896][  0]LogConfig: Setting CVar [[gc.ActorClusteringEnabled:0]]
[2022.04.01-09.42.54:896][  0]LogConfig: Setting CVar [[gc.BlueprintClusteringEnabled:0]]
[2022.04.01-09.42.54:896][  0]LogConfig: Setting CVar [[gc.UseDisregardForGCOnDedicatedServers:0]]
[2022.04.01-09.42.54:896][  0]LogConfig: Setting CVar [[gc.MultithreadedDestructionEnabled:1]]
[2022.04.01-09.42.54:896][  0]LogConfig: Applying CVar settings from Section [/Script/Engine.NetworkSettings] File [C:/Users/Administrador/Documents/Unreal Projects/Unreal-Prisma/Monster_Shooter/Saved/Config/Windows/Engine.ini]
[2022.04.01-09.42.54:896][  0]LogConfig: Applying CVar settings from Section [/Script/UnrealEd.CookerSettings] File [C:/Users/Administrador/Documents/Unreal Projects/Unreal-Prisma/Monster_Shooter/Saved/Config/Windows/Engine.ini]
[2022.04.01-09.42.54:912][  0]LogConfig: Applying CVar settings from Section [ViewDistanceQuality@3] File [C:/Users/Administrador/Documents/Unreal Projects/Unreal-Prisma/Monster_Shooter/Saved/Config/Windows/Scalability.ini]
[2022.04.01-09.42.54:912][  0]LogConfig: Setting CVar [[r.SkeletalMeshLODBias:0]]
[2022.04.01-09.42.54:912][  0]LogConfig: Setting CVar [[r.ViewDistanceScale:1.0]]
[2022.04.01-09.42.54:912][  0]LogConfig: Applying CVar settings from Section [AntiAliasingQuality@3] File [C:/Users/Administrador/Documents/Unreal Projects/Unreal-Prisma/Monster_Shooter/Saved/Config/Windows/Scalability.ini]
[2022.04.01-09.42.54:912][  0]LogConfig: Setting CVar [[r.PostProcessAAQuality:4]]
[2022.04.01-09.42.54:912][  0]LogConfig: Applying CVar settings from Section [ShadowQuality@3] File [C:/Users/Administrador/Documents/Unreal Projects/Unreal-Prisma/Monster_Shooter/Saved/Config/Windows/Scalability.ini]
[2022.04.01-09.42.54:912][  0]LogConfig: Setting CVar [[r.LightFunctionQuality:1]]
[2022.04.01-09.42.54:912][  0]LogConfig: Setting CVar [[r.ShadowQuality:5]]
[2022.04.01-09.42.54:912][  0]LogConfig: Setting CVar [[r.Shadow.CSM.MaxCascades:10]]
[2022.04.01-09.42.54:912][  0]LogConfig: Setting CVar [[r.Shadow.MaxResolution:2048]]
[2022.04.01-09.42.54:912][  0]LogConfig: Setting CVar [[r.Shadow.MaxCSMResolution:2048]]
[2022.04.01-09.42.54:912][  0]LogConfig: Setting CVar [[r.Shadow.RadiusThreshold:0.01]]
[2022.04.01-09.42.54:912][  0]LogConfig: Setting CVar [[r.Shadow.DistanceScale:1.0]]
[2022.04.01-09.42.54:912][  0]LogConfig: Setting CVar [[r.Shadow.CSM.TransitionScale:1.0]]
[2022.04.01-09.42.54:912][  0]LogConfig: Setting CVar [[r.Shadow.PreShadowResolutionFactor:1.0]]
[2022.04.01-09.42.54:912][  0]LogConfig: Setting CVar [[r.DistanceFieldShadowing:1]]
[2022.04.01-09.42.54:912][  0]LogConfig: Setting CVar [[r.DistanceFieldAO:1]]
[2022.04.01-09.42.54:912][  0]LogConfig: Setting CVar [[r.AOQuality:2]]
[2022.04.01-09.42.54:912][  0]LogConfig: Setting CVar [[r.VolumetricFog:1]]
[2022.04.01-09.42.54:912][  0]LogConfig: Setting CVar [[r.VolumetricFog.GridPixelSize:8]]
[2022.04.01-09.42.54:912][  0]LogConfig: Setting CVar [[r.VolumetricFog.GridSizeZ:128]]
[2022.04.01-09.42.54:912][  0]LogConfig: Setting CVar [[r.VolumetricFog.HistoryMissSupersampleCount:4]]
[2022.04.01-09.42.54:912][  0]LogConfig: Setting CVar [[r.LightMaxDrawDistanceScale:1]]
[2022.04.01-09.42.54:912][  0]LogConfig: Setting CVar [[r.CapsuleShadows:1]]
[2022.04.01-09.42.54:912][  0]LogConfig: Applying CVar settings from Section [PostProcessQuality@3] File [C:/Users/Administrador/Documents/Unreal Projects/Unreal-Prisma/Monster_Shooter/Saved/Config/Windows/Scalability.ini]
[2022.04.01-09.42.54:912][  0]LogConfig: Setting CVar [[r.MotionBlurQuality:4]]
[2022.04.01-09.42.54:912][  0]LogConfig: Setting CVar [[r.AmbientOcclusionMipLevelFactor:0.4]]
[2022.04.01-09.42.54:912][  0]LogConfig: Setting CVar [[r.AmbientOcclusionMaxQuality:100]]
[2022.04.01-09.42.54:912][  0]LogConfig: Setting CVar [[r.AmbientOcclusionLevels:-1]]
[2022.04.01-09.42.54:913][  0]LogConfig: Setting CVar [[r.AmbientOcclusionRadiusScale:1.0]]
[2022.04.01-09.42.54:913][  0]LogConfig: Setting CVar [[r.DepthOfFieldQuality:2]]
[2022.04.01-09.42.54:913][  0]LogConfig: Setting CVar [[r.RenderTargetPoolMin:400]]
[2022.04.01-09.42.54:913][  0]LogConfig: Setting CVar [[r.LensFlareQuality:2]]
[2022.04.01-09.42.54:913][  0]LogConfig: Setting CVar [[r.SceneColorFringeQuality:1]]
[2022.04.01-09.42.54:913][  0]LogConfig: Setting CVar [[r.EyeAdaptationQuality:2]]
[2022.04.01-09.42.54:913][  0]LogConfig: Setting CVar [[r.BloomQuality:5]]
[2022.04.01-09.42.54:913][  0]LogConfig: Setting CVar [[r.FastBlurThreshold:100]]
[2022.04.01-09.42.54:913][  0]LogConfig: Setting CVar [[r.Upscale.Quality:3]]
[2022.04.01-09.42.54:913][  0]LogConfig: Setting CVar [[r.Tonemapper.GrainQuantization:1]]
[2022.04.01-09.42.54:913][  0]LogConfig: Setting CVar [[r.LightShaftQuality:1]]
[2022.04.01-09.42.54:913][  0]LogConfig: Setting CVar [[r.Filter.SizeScale:1]]
[2022.04.01-09.42.54:913][  0]LogConfig: Setting CVar [[r.Tonemapper.Quality:5]]
[2022.04.01-09.42.54:913][  0]LogConfig: Setting CVar [[r.DOF.Gather.AccumulatorQuality:1        ; higher gathering accumulator quality]]
[2022.04.01-09.42.54:913][  0]LogConfig: Setting CVar [[r.DOF.Gather.PostfilterMethod:1          ; Median3x3 postfilering method]]
[2022.04.01-09.42.54:913][  0]LogConfig: Setting CVar [[r.DOF.Gather.EnableBokehSettings:0       ; no bokeh simulation when gathering]]
[2022.04.01-09.42.54:913][  0]LogConfig: Setting CVar [[r.DOF.Gather.RingCount:4                 ; medium number of samples when gathering]]
[2022.04.01-09.42.54:913][  0]LogConfig: Setting CVar [[r.DOF.Scatter.ForegroundCompositing:1    ; additive foreground scattering]]
[2022.04.01-09.42.54:913][  0]LogConfig: Setting CVar [[r.DOF.Scatter.BackgroundCompositing:2    ; additive background scattering]]
[2022.04.01-09.42.54:913][  0]LogConfig: Setting CVar [[r.DOF.Scatter.EnableBokehSettings:1      ; bokeh simulation when scattering]]
[2022.04.01-09.42.54:913][  0]LogConfig: Setting CVar [[r.DOF.Scatter.MaxSpriteRatio:0.1         ; only a maximum of 10% of scattered bokeh]]
[2022.04.01-09.42.54:913][  0]LogConfig: Setting CVar [[r.DOF.Recombine.Quality:1                ; cheap slight out of focus]]
[2022.04.01-09.42.54:913][  0]LogConfig: Setting CVar [[r.DOF.Recombine.EnableBokehSettings:0    ; no bokeh simulation on slight out of focus]]
[2022.04.01-09.42.54:913][  0]LogConfig: Setting CVar [[r.DOF.TemporalAAQuality:1                ; more stable temporal accumulation]]
[2022.04.01-09.42.54:913][  0]LogConfig: Setting CVar [[r.DOF.Kernel.MaxForegroundRadius:0.025]]
[2022.04.01-09.42.54:913][  0]LogConfig: Setting CVar [[r.DOF.Kernel.MaxBackgroundRadius:0.025]]
[2022.04.01-09.42.54:913][  0]LogConfig: Applying CVar settings from Section [TextureQuality@3] File [C:/Users/Administrador/Documents/Unreal Projects/Unreal-Prisma/Monster_Shooter/Saved/Config/Windows/Scalability.ini]
[2022.04.01-09.42.54:913][  0]LogConfig: Setting CVar [[r.Streaming.MipBias:0]]
[2022.04.01-09.42.54:913][  0]LogConfig: Setting CVar [[r.Streaming.AmortizeCPUToGPUCopy:0]]
[2022.04.01-09.42.54:913][  0]LogConfig: Setting CVar [[r.Streaming.MaxNumTexturesToStreamPerFrame:0]]
[2022.04.01-09.42.54:913][  0]LogConfig: Setting CVar [[r.Streaming.Boost:1]]
[2022.04.01-09.42.54:913][  0]LogConfig: Setting CVar [[r.MaxAnisotropy:8]]
[2022.04.01-09.42.54:913][  0]LogConfig: Setting CVar [[r.VT.MaxAnisotropy:8]]
[2022.04.01-09.42.54:913][  0]LogConfig: Setting CVar [[r.Streaming.LimitPoolSizeToVRAM:0]]
[2022.04.01-09.42.54:913][  0]LogConfig: Setting CVar [[r.Streaming.PoolSize:1000]]
[2022.04.01-09.42.54:913][  0]LogConfig: Setting CVar [[r.Streaming.MaxEffectiveScreenSize:0]]
[2022.04.01-09.42.54:913][  0]LogConfig: Applying CVar settings from Section [EffectsQuality@3] File [C:/Users/Administrador/Documents/Unreal Projects/Unreal-Prisma/Monster_Shooter/Saved/Config/Windows/Scalability.ini]
[2022.04.01-09.42.54:913][  0]LogConfig: Setting CVar [[r.TranslucencyLightingVolumeDim:64]]
[2022.04.01-09.42.54:913][  0]LogConfig: Setting CVar [[r.RefractionQuality:2]]
[2022.04.01-09.42.54:913][  0]LogConfig: Setting CVar [[r.SSR.Quality:3]]
[2022.04.01-09.42.54:913][  0]LogConfig: Setting CVar [[r.SSR.HalfResSceneColor:0]]
[2022.04.01-09.42.54:913][  0]LogConfig: Setting CVar [[r.SceneColorFormat:4]]
[2022.04.01-09.42.54:913][  0]LogConfig: Setting CVar [[r.DetailMode:2]]
[2022.04.01-09.42.54:913][  0]LogConfig: Setting CVar [[r.TranslucencyVolumeBlur:1]]
[2022.04.01-09.42.54:913][  0]LogConfig: Setting CVar [[r.MaterialQualityLevel:1 ; High quality]]
[2022.04.01-09.42.54:913][  0]LogConfig: Setting CVar [[r.AnisotropicMaterials:1]]
[2022.04.01-09.42.54:913][  0]LogConfig: Setting CVar [[r.SSS.Scale:1]]
[2022.04.01-09.42.54:913][  0]LogConfig: Setting CVar [[r.SSS.SampleSet:2]]
[2022.04.01-09.42.54:913][  0]LogConfig: Setting CVar [[r.SSS.Quality:1]]
[2022.04.01-09.42.54:913][  0]LogConfig: Setting CVar [[r.SSS.HalfRes:0]]
[2022.04.01-09.42.54:913][  0]LogConfig: Setting CVar [[r.SSGI.Quality:3]]
[2022.04.01-09.42.54:913][  0]LogConfig: Setting CVar [[r.EmitterSpawnRateScale:1.0]]
[2022.04.01-09.42.54:913][  0]LogConfig: Setting CVar [[r.ParticleLightQuality:2]]
[2022.04.01-09.42.54:913][  0]LogConfig: Setting CVar [[r.SkyAtmosphere.AerialPerspectiveLUT.FastApplyOnOpaque:1 ; Always have FastSkyLUT 1 in this case to avoid wrong sky]]
[2022.04.01-09.42.54:913][  0]LogConfig: Setting CVar [[r.SkyAtmosphere.AerialPerspectiveLUT.SampleCountMaxPerSlice:4]]
[2022.04.01-09.42.54:913][  0]LogConfig: Setting CVar [[r.SkyAtmosphere.AerialPerspectiveLUT.DepthResolution:16.0]]
[2022.04.01-09.42.54:913][  0]LogConfig: Setting CVar [[r.SkyAtmosphere.FastSkyLUT:1]]
[2022.04.01-09.42.54:913][  0]LogConfig: Setting CVar [[r.SkyAtmosphere.FastSkyLUT.SampleCountMin:4.0]]
[2022.04.01-09.42.54:913][  0]LogConfig: Setting CVar [[r.SkyAtmosphere.FastSkyLUT.SampleCountMax:128.0]]
[2022.04.01-09.42.54:913][  0]LogConfig: Setting CVar [[r.SkyAtmosphere.SampleCountMin:4.0]]
[2022.04.01-09.42.54:913][  0]LogConfig: Setting CVar [[r.SkyAtmosphere.SampleCountMax:128.0]]
[2022.04.01-09.42.54:913][  0]LogConfig: Setting CVar [[r.SkyAtmosphere.TransmittanceLUT.UseSmallFormat:0]]
[2022.04.01-09.42.54:913][  0]LogConfig: Setting CVar [[r.SkyAtmosphere.TransmittanceLUT.SampleCount:10.0]]
[2022.04.01-09.42.54:913][  0]LogConfig: Setting CVar [[r.SkyAtmosphere.MultiScatteringLUT.SampleCount:15.0]]
[2022.04.01-09.42.54:913][  0]LogConfig: Setting CVar [[r.SkyLight.RealTimeReflectionCapture:1]]
[2022.04.01-09.42.54:913][  0]LogConfig: Applying CVar settings from Section [FoliageQuality@3] File [C:/Users/Administrador/Documents/Unreal Projects/Unreal-Prisma/Monster_Shooter/Saved/Config/Windows/Scalability.ini]
[2022.04.01-09.42.54:913][  0]LogConfig: Setting CVar [[foliage.DensityScale:1.0]]
[2022.04.01-09.42.54:913][  0]LogConfig: Setting CVar [[grass.DensityScale:1.0]]
[2022.04.01-09.42.54:913][  0]LogConfig: Applying CVar settings from Section [ShadingQuality@3] File [C:/Users/Administrador/Documents/Unreal Projects/Unreal-Prisma/Monster_Shooter/Saved/Config/Windows/Scalability.ini]
[2022.04.01-09.42.54:913][  0]LogConfig: Setting CVar [[r.HairStrands.SkyLighting.IntegrationType:2]]
[2022.04.01-09.42.54:913][  0]LogConfig: Setting CVar [[r.HairStrands.SkyAO.SampleCount:4]]
[2022.04.01-09.42.54:913][  0]LogConfig: Setting CVar [[r.HairStrands.Visibility.MSAA.SamplePerPixel:4]]
[2022.04.01-09.42.54:913][  0]LogInit: Selected Device Profile: [Windows]
[2022.04.01-09.42.54:913][  0]LogInit: Applying CVar settings loaded from the selected device profile: [Windows]
[2022.04.01-09.42.54:913][  0]LogHAL: Display: Platform has ~ 16 GB [16842637312 / 17179869184 / 16], which maps to Larger [LargestMinGB=32, LargerMinGB=12, DefaultMinGB=8, SmallerMinGB=6, SmallestMinGB=0)
[2022.04.01-09.42.54:913][  0]LogInit: Going up to parent DeviceProfile []
[2022.04.01-09.42.54:913][  0]LogConfig: Applying CVar settings from Section [ViewDistanceQuality@3] File [C:/Users/Administrador/Documents/Unreal Projects/Unreal-Prisma/Monster_Shooter/Saved/Config/Windows/Scalability.ini]
[2022.04.01-09.42.54:913][  0]LogConfig: Setting CVar [[r.SkeletalMeshLODBias:0]]
[2022.04.01-09.42.54:913][  0]LogConfig: Setting CVar [[r.ViewDistanceScale:1.0]]
[2022.04.01-09.42.54:913][  0]LogConfig: Applying CVar settings from Section [AntiAliasingQuality@3] File [C:/Users/Administrador/Documents/Unreal Projects/Unreal-Prisma/Monster_Shooter/Saved/Config/Windows/Scalability.ini]
[2022.04.01-09.42.54:913][  0]LogConfig: Setting CVar [[r.PostProcessAAQuality:4]]
[2022.04.01-09.42.54:913][  0]LogConfig: Applying CVar settings from Section [ShadowQuality@3] File [C:/Users/Administrador/Documents/Unreal Projects/Unreal-Prisma/Monster_Shooter/Saved/Config/Windows/Scalability.ini]
[2022.04.01-09.42.54:913][  0]LogConfig: Setting CVar [[r.LightFunctionQuality:1]]
[2022.04.01-09.42.54:913][  0]LogConfig: Setting CVar [[r.ShadowQuality:5]]
[2022.04.01-09.42.54:913][  0]LogConfig: Setting CVar [[r.Shadow.CSM.MaxCascades:10]]
[2022.04.01-09.42.54:913][  0]LogConfig: Setting CVar [[r.Shadow.MaxResolution:2048]]
[2022.04.01-09.42.54:913][  0]LogConfig: Setting CVar [[r.Shadow.MaxCSMResolution:2048]]
[2022.04.01-09.42.54:913][  0]LogConfig: Setting CVar [[r.Shadow.RadiusThreshold:0.01]]
[2022.04.01-09.42.54:913][  0]LogConfig: Setting CVar [[r.Shadow.DistanceScale:1.0]]
[2022.04.01-09.42.54:913][  0]LogConfig: Setting CVar [[r.Shadow.CSM.TransitionScale:1.0]]
[2022.04.01-09.42.54:913][  0]LogConfig: Setting CVar [[r.Shadow.PreShadowResolutionFactor:1.0]]
[2022.04.01-09.42.54:913][  0]LogConfig: Setting CVar [[r.DistanceFieldShadowing:1]]
[2022.04.01-09.42.54:913][  0]LogConfig: Setting CVar [[r.DistanceFieldAO:1]]
[2022.04.01-09.42.54:913][  0]LogConfig: Setting CVar [[r.AOQuality:2]]
[2022.04.01-09.42.54:913][  0]LogConfig: Setting CVar [[r.VolumetricFog:1]]
[2022.04.01-09.42.54:914][  0]LogConfig: Setting CVar [[r.VolumetricFog.GridPixelSize:8]]
[2022.04.01-09.42.54:914][  0]LogConfig: Setting CVar [[r.VolumetricFog.GridSizeZ:128]]
[2022.04.01-09.42.54:914][  0]LogConfig: Setting CVar [[r.VolumetricFog.HistoryMissSupersampleCount:4]]
[2022.04.01-09.42.54:914][  0]LogConfig: Setting CVar [[r.LightMaxDrawDistanceScale:1]]
[2022.04.01-09.42.54:914][  0]LogConfig: Setting CVar [[r.CapsuleShadows:1]]
[2022.04.01-09.42.54:914][  0]LogConfig: Applying CVar settings from Section [PostProcessQuality@3] File [C:/Users/Administrador/Documents/Unreal Projects/Unreal-Prisma/Monster_Shooter/Saved/Config/Windows/Scalability.ini]
[2022.04.01-09.42.54:914][  0]LogConfig: Setting CVar [[r.MotionBlurQuality:4]]
[2022.04.01-09.42.54:914][  0]LogConfig: Setting CVar [[r.AmbientOcclusionMipLevelFactor:0.4]]
[2022.04.01-09.42.54:914][  0]LogConfig: Setting CVar [[r.AmbientOcclusionMaxQuality:100]]
[2022.04.01-09.42.54:914][  0]LogConfig: Setting CVar [[r.AmbientOcclusionLevels:-1]]
[2022.04.01-09.42.54:914][  0]LogConfig: Setting CVar [[r.AmbientOcclusionRadiusScale:1.0]]
[2022.04.01-09.42.54:914][  0]LogConfig: Setting CVar [[r.DepthOfFieldQuality:2]]
[2022.04.01-09.42.54:914][  0]LogConfig: Setting CVar [[r.RenderTargetPoolMin:400]]
[2022.04.01-09.42.54:914][  0]LogConfig: Setting CVar [[r.LensFlareQuality:2]]
[2022.04.01-09.42.54:914][  0]LogConfig: Setting CVar [[r.SceneColorFringeQuality:1]]
[2022.04.01-09.42.54:914][  0]LogConfig: Setting CVar [[r.EyeAdaptationQuality:2]]
[2022.04.01-09.42.54:914][  0]LogConfig: Setting CVar [[r.BloomQuality:5]]
[2022.04.01-09.42.54:914][  0]LogConfig: Setting CVar [[r.FastBlurThreshold:100]]
[2022.04.01-09.42.54:914][  0]LogConfig: Setting CVar [[r.Upscale.Quality:3]]
[2022.04.01-09.42.54:914][  0]LogConfig: Setting CVar [[r.Tonemapper.GrainQuantization:1]]
[2022.04.01-09.42.54:914][  0]LogConfig: Setting CVar [[r.LightShaftQuality:1]]
[2022.04.01-09.42.54:914][  0]LogConfig: Setting CVar [[r.Filter.SizeScale:1]]
[2022.04.01-09.42.54:914][  0]LogConfig: Setting CVar [[r.Tonemapper.Quality:5]]
[2022.04.01-09.42.54:914][  0]LogConfig: Setting CVar [[r.DOF.Gather.AccumulatorQuality:1        ; higher gathering accumulator quality]]
[2022.04.01-09.42.54:914][  0]LogConfig: Setting CVar [[r.DOF.Gather.PostfilterMethod:1          ; Median3x3 postfilering method]]
[2022.04.01-09.42.54:914][  0]LogConfig: Setting CVar [[r.DOF.Gather.EnableBokehSettings:0       ; no bokeh simulation when gathering]]
[2022.04.01-09.42.54:914][  0]LogConfig: Setting CVar [[r.DOF.Gather.RingCount:4                 ; medium number of samples when gathering]]
[2022.04.01-09.42.54:914][  0]LogConfig: Setting CVar [[r.DOF.Scatter.ForegroundCompositing:1    ; additive foreground scattering]]
[2022.04.01-09.42.54:914][  0]LogConfig: Setting CVar [[r.DOF.Scatter.BackgroundCompositing:2    ; additive background scattering]]
[2022.04.01-09.42.54:914][  0]LogConfig: Setting CVar [[r.DOF.Scatter.EnableBokehSettings:1      ; bokeh simulation when scattering]]
[2022.04.01-09.42.54:914][  0]LogConfig: Setting CVar [[r.DOF.Scatter.MaxSpriteRatio:0.1         ; only a maximum of 10% of scattered bokeh]]
[2022.04.01-09.42.54:914][  0]LogConfig: Setting CVar [[r.DOF.Recombine.Quality:1                ; cheap slight out of focus]]
[2022.04.01-09.42.54:914][  0]LogConfig: Setting CVar [[r.DOF.Recombine.EnableBokehSettings:0    ; no bokeh simulation on slight out of focus]]
[2022.04.01-09.42.54:914][  0]LogConfig: Setting CVar [[r.DOF.TemporalAAQuality:1                ; more stable temporal accumulation]]
[2022.04.01-09.42.54:914][  0]LogConfig: Setting CVar [[r.DOF.Kernel.MaxForegroundRadius:0.025]]
[2022.04.01-09.42.54:914][  0]LogConfig: Setting CVar [[r.DOF.Kernel.MaxBackgroundRadius:0.025]]
[2022.04.01-09.42.54:914][  0]LogConfig: Applying CVar settings from Section [TextureQuality@3] File [C:/Users/Administrador/Documents/Unreal Projects/Unreal-Prisma/Monster_Shooter/Saved/Config/Windows/Scalability.ini]
[2022.04.01-09.42.54:914][  0]LogConfig: Setting CVar [[r.Streaming.MipBias:0]]
[2022.04.01-09.42.54:914][  0]LogConfig: Setting CVar [[r.Streaming.AmortizeCPUToGPUCopy:0]]
[2022.04.01-09.42.54:914][  0]LogConfig: Setting CVar [[r.Streaming.MaxNumTexturesToStreamPerFrame:0]]
[2022.04.01-09.42.54:914][  0]LogConfig: Setting CVar [[r.Streaming.Boost:1]]
[2022.04.01-09.42.54:914][  0]LogConfig: Setting CVar [[r.MaxAnisotropy:8]]
[2022.04.01-09.42.54:914][  0]LogConfig: Setting CVar [[r.VT.MaxAnisotropy:8]]
[2022.04.01-09.42.54:914][  0]LogConfig: Setting CVar [[r.Streaming.LimitPoolSizeToVRAM:0]]
[2022.04.01-09.42.54:914][  0]LogConfig: Setting CVar [[r.Streaming.PoolSize:1000]]
[2022.04.01-09.42.54:914][  0]LogConfig: Setting CVar [[r.Streaming.MaxEffectiveScreenSize:0]]
[2022.04.01-09.42.54:914][  0]LogConfig: Applying CVar settings from Section [EffectsQuality@3] File [C:/Users/Administrador/Documents/Unreal Projects/Unreal-Prisma/Monster_Shooter/Saved/Config/Windows/Scalability.ini]
[2022.04.01-09.42.54:914][  0]LogConfig: Setting CVar [[r.TranslucencyLightingVolumeDim:64]]
[2022.04.01-09.42.54:914][  0]LogConfig: Setting CVar [[r.RefractionQuality:2]]
[2022.04.01-09.42.54:914][  0]LogConfig: Setting CVar [[r.SSR.Quality:3]]
[2022.04.01-09.42.54:914][  0]LogConfig: Setting CVar [[r.SSR.HalfResSceneColor:0]]
[2022.04.01-09.42.54:914][  0]LogConfig: Setting CVar [[r.SceneColorFormat:4]]
[2022.04.01-09.42.54:914][  0]LogConfig: Setting CVar [[r.DetailMode:2]]
[2022.04.01-09.42.54:914][  0]LogConfig: Setting CVar [[r.TranslucencyVolumeBlur:1]]
[2022.04.01-09.42.54:914][  0]LogConfig: Setting CVar [[r.MaterialQualityLevel:1 ; High quality]]
[2022.04.01-09.42.54:914][  0]LogConfig: Setting CVar [[r.AnisotropicMaterials:1]]
[2022.04.01-09.42.54:914][  0]LogConfig: Setting CVar [[r.SSS.Scale:1]]
[2022.04.01-09.42.54:914][  0]LogConfig: Setting CVar [[r.SSS.SampleSet:2]]
[2022.04.01-09.42.54:914][  0]LogConfig: Setting CVar [[r.SSS.Quality:1]]
[2022.04.01-09.42.54:914][  0]LogConfig: Setting CVar [[r.SSS.HalfRes:0]]
[2022.04.01-09.42.54:914][  0]LogConfig: Setting CVar [[r.SSGI.Quality:3]]
[2022.04.01-09.42.54:914][  0]LogConfig: Setting CVar [[r.EmitterSpawnRateScale:1.0]]
[2022.04.01-09.42.54:914][  0]LogConfig: Setting CVar [[r.ParticleLightQuality:2]]
[2022.04.01-09.42.54:914][  0]LogConfig: Setting CVar [[r.SkyAtmosphere.AerialPerspectiveLUT.FastApplyOnOpaque:1 ; Always have FastSkyLUT 1 in this case to avoid wrong sky]]
[2022.04.01-09.42.54:914][  0]LogConfig: Setting CVar [[r.SkyAtmosphere.AerialPerspectiveLUT.SampleCountMaxPerSlice:4]]
[2022.04.01-09.42.54:914][  0]LogConfig: Setting CVar [[r.SkyAtmosphere.AerialPerspectiveLUT.DepthResolution:16.0]]
[2022.04.01-09.42.54:914][  0]LogConfig: Setting CVar [[r.SkyAtmosphere.FastSkyLUT:1]]
[2022.04.01-09.42.54:914][  0]LogConfig: Setting CVar [[r.SkyAtmosphere.FastSkyLUT.SampleCountMin:4.0]]
[2022.04.01-09.42.54:914][  0]LogConfig: Setting CVar [[r.SkyAtmosphere.FastSkyLUT.SampleCountMax:128.0]]
[2022.04.01-09.42.54:914][  0]LogConfig: Setting CVar [[r.SkyAtmosphere.SampleCountMin:4.0]]
[2022.04.01-09.42.54:914][  0]LogConfig: Setting CVar [[r.SkyAtmosphere.SampleCountMax:128.0]]
[2022.04.01-09.42.54:914][  0]LogConfig: Setting CVar [[r.SkyAtmosphere.TransmittanceLUT.UseSmallFormat:0]]
[2022.04.01-09.42.54:914][  0]LogConfig: Setting CVar [[r.SkyAtmosphere.TransmittanceLUT.SampleCount:10.0]]
[2022.04.01-09.42.54:914][  0]LogConfig: Setting CVar [[r.SkyAtmosphere.MultiScatteringLUT.SampleCount:15.0]]
[2022.04.01-09.42.54:914][  0]LogConfig: Setting CVar [[r.SkyLight.RealTimeReflectionCapture:1]]
[2022.04.01-09.42.54:914][  0]LogConfig: Applying CVar settings from Section [FoliageQuality@3] File [C:/Users/Administrador/Documents/Unreal Projects/Unreal-Prisma/Monster_Shooter/Saved/Config/Windows/Scalability.ini]
[2022.04.01-09.42.54:914][  0]LogConfig: Setting CVar [[foliage.DensityScale:1.0]]
[2022.04.01-09.42.54:914][  0]LogConfig: Setting CVar [[grass.DensityScale:1.0]]
[2022.04.01-09.42.54:914][  0]LogConfig: Applying CVar settings from Section [ShadingQuality@3] File [C:/Users/Administrador/Documents/Unreal Projects/Unreal-Prisma/Monster_Shooter/Saved/Config/Windows/Scalability.ini]
[2022.04.01-09.42.54:914][  0]LogConfig: Setting CVar [[r.HairStrands.SkyLighting.IntegrationType:2]]
[2022.04.01-09.42.54:914][  0]LogConfig: Setting CVar [[r.HairStrands.SkyAO.SampleCount:4]]
[2022.04.01-09.42.54:914][  0]LogConfig: Setting CVar [[r.HairStrands.Visibility.MSAA.SamplePerPixel:4]]
[2022.04.01-09.42.54:914][  0]LogConfig: Applying CVar settings from Section [Startup] File [../../../Engine/Config/ConsoleVariables.ini]
[2022.04.01-09.42.54:914][  0]LogConfig: Setting CVar [[net.UseAdaptiveNetUpdateFrequency:0]]
[2022.04.01-09.42.54:914][  0]LogConfig: Setting CVar [[p.chaos.AllowCreatePhysxBodies:1]]
[2022.04.01-09.42.54:914][  0]LogConfig: Setting CVar [[fx.SkipVectorVMBackendOptimizations:1]]
[2022.04.01-09.42.54:914][  0]LogConfig: Applying CVar settings from Section [ConsoleVariables] File [C:/Users/Administrador/Documents/Unreal Projects/Unreal-Prisma/Monster_Shooter/Saved/Config/Windows/Engine.ini]
[2022.04.01-09.42.54:914][  0]LogConfig: Applying CVar settings from Section [ConsoleVariables] File [C:/Users/Administrador/Documents/Unreal Projects/Unreal-Prisma/Monster_Shooter/Saved/Config/Windows/Editor.ini]
[2022.04.01-09.42.54:915][  0]LogInit: Computer: DESKTOP-QU0IU8S
[2022.04.01-09.42.54:915][  0]LogInit: User: Administrador
[2022.04.01-09.42.54:915][  0]LogInit: CPU Page size=4096, Cores=6
[2022.04.01-09.42.54:915][  0]LogInit: High frequency timer resolution =10.000000 MHz
[2022.04.01-09.42.54:915][  0]LogMemory: Memory total: Physical=15.7GB (16GB approx)
[2022.04.01-09.42.54:915][  0]LogMemory: Platform Memory Stats for Windows
[2022.04.01-09.42.54:915][  0]LogMemory: Process Physical Memory: 145.21 MB used, 145.21 MB peak
[2022.04.01-09.42.54:915][  0]LogMemory: Process Virtual Memory: 117.96 MB used, 117.96 MB peak
[2022.04.01-09.42.54:915][  0]LogMemory: Physical Memory: 9731.04 MB used,  6331.35 MB free, 16062.39 MB total
[2022.04.01-09.42.54:915][  0]LogMemory: Virtual Memory: 134212240.00 MB used,  5491.51 MB free, 134217728.00 MB total
[2022.04.01-09.42.54:918][  0]LogWindows: WindowsPlatformFeatures enabled
[2022.04.01-09.42.54:947][  0]LogInit: Physics initialised using underlying interface: PhysX
[2022.04.01-09.42.54:947][  0]LogInit: Overriding language with editor language configuration option (en).
[2022.04.01-09.42.54:947][  0]LogInit: Using OS detected locale (es-ES).
[2022.04.01-09.42.55:132][  0]LogInit: Setting process to per monitor DPI aware
[2022.04.01-09.42.55:142][  0]LogWindowsTextInputMethodSystem: Display: IME system deactivated.
[2022.04.01-09.42.55:153][  0]LogSlate: New Slate User Created.  User Index 0, Is Virtual User: 0
[2022.04.01-09.42.55:153][  0]LogSlate: Slate User Registered.  User Index 0, Is Virtual User: 0
[2022.04.01-09.42.55:239][  0]LogD3D11RHI: Loaded GFSDK_Aftermath_Lib.x64.dll
[2022.04.01-09.42.55:241][  0]LogHMD: Failed to initialize OpenVR with code 110
[2022.04.01-09.42.55:241][  0]LogD3D11RHI: D3D11 min allowed feature level: 11_0
[2022.04.01-09.42.55:241][  0]LogD3D11RHI: D3D11 max allowed feature level: 11_0
[2022.04.01-09.42.55:241][  0]LogD3D11RHI: D3D11 adapters:
[2022.04.01-09.42.55:337][  0]LogD3D11RHI:    0. 'NVIDIA GeForce RTX 2080' (Feature Level 11_0)
[2022.04.01-09.42.55:337][  0]LogD3D11RHI:       8010/0/8031 MB DedicatedVideo/DedicatedSystem/SharedSystem, Outputs:2, VendorId:0x10de
[2022.04.01-09.42.55:339][  0]LogD3D11RHI:    1. 'Microsoft Basic Render Driver' (Feature Level 11_0)
[2022.04.01-09.42.55:339][  0]LogD3D11RHI:       0/0/8031 MB DedicatedVideo/DedicatedSystem/SharedSystem, Outputs:0, VendorId:0x1414
[2022.04.01-09.42.55:339][  0]LogD3D11RHI: Chosen D3D11 Adapter:
[2022.04.01-09.42.55:339][  0]LogD3D11RHI:     Description : NVIDIA GeForce RTX 2080
[2022.04.01-09.42.55:339][  0]LogD3D11RHI:     VendorId    : 10de
[2022.04.01-09.42.55:339][  0]LogD3D11RHI:     DeviceId    : 1e82
[2022.04.01-09.42.55:339][  0]LogD3D11RHI:     SubSysId    : 37221462
[2022.04.01-09.42.55:339][  0]LogD3D11RHI:     Revision    : 00a1
[2022.04.01-09.42.55:339][  0]LogD3D11RHI:     DedicatedVideoMemory : 8399093760 bytes
[2022.04.01-09.42.55:339][  0]LogD3D11RHI:     DedicatedSystemMemory : 0 bytes
[2022.04.01-09.42.55:339][  0]LogD3D11RHI:     SharedSystemMemory : 8421318656 bytes
[2022.04.01-09.42.55:339][  0]LogD3D11RHI:     AdapterLuid : 0 51222
[2022.04.01-09.42.55:344][  0]LogD3D11RHI: Creating new Direct3DDevice
[2022.04.01-09.42.55:344][  0]LogD3D11RHI:     GPU DeviceId: 0x1e82 (for the marketing name, search the web for "GPU Device Id")
[2022.04.01-09.42.55:344][  0]LogWindows: EnumDisplayDevices:
[2022.04.01-09.42.55:344][  0]LogWindows:    0. 'NVIDIA GeForce RTX 2080' (P:1 D:1)
[2022.04.01-09.42.55:344][  0]LogWindows:    1. 'NVIDIA GeForce RTX 2080' (P:0 D:1)
[2022.04.01-09.42.55:344][  0]LogWindows:    2. 'NVIDIA GeForce RTX 2080' (P:0 D:0)
[2022.04.01-09.42.55:344][  0]LogWindows:    3. 'NVIDIA GeForce RTX 2080' (P:0 D:0)
[2022.04.01-09.42.55:344][  0]LogWindows: DebugString: FoundDriverCount:4 
[2022.04.01-09.42.55:344][  0]LogD3D11RHI:     Adapter Name: NVIDIA GeForce RTX 2080
[2022.04.01-09.42.55:344][  0]LogD3D11RHI:   Driver Version: 511.79 (internal:30.0.15.1179, unified:511.79)
[2022.04.01-09.42.55:344][  0]LogD3D11RHI:      Driver Date: 2-10-2022
[2022.04.01-09.42.55:344][  0]LogRHI: Texture pool is 5607 MB (70% of 8010 MB)
[2022.04.01-09.42.55:344][  0]LogD3D11RHI: Creating D3DDevice using adapter:
[2022.04.01-09.42.55:344][  0]LogD3D11RHI:     Description : NVIDIA GeForce RTX 2080
[2022.04.01-09.42.55:344][  0]LogD3D11RHI:     VendorId    : 10de
[2022.04.01-09.42.55:344][  0]LogD3D11RHI:     DeviceId    : 1e82
[2022.04.01-09.42.55:344][  0]LogD3D11RHI:     SubSysId    : 37221462
[2022.04.01-09.42.55:344][  0]LogD3D11RHI:     Revision    : 00a1
[2022.04.01-09.42.55:344][  0]LogD3D11RHI:     DedicatedVideoMemory : 8399093760 bytes
[2022.04.01-09.42.55:344][  0]LogD3D11RHI:     DedicatedSystemMemory : 0 bytes
[2022.04.01-09.42.55:344][  0]LogD3D11RHI:     SharedSystemMemory : 8421318656 bytes
[2022.04.01-09.42.55:344][  0]LogD3D11RHI:     AdapterLuid : 0 51222
[2022.04.01-09.42.55:402][  0]LogD3D11RHI: RHI has support for 64 bit atomics
[2022.04.01-09.42.55:402][  0]LogD3D11RHI: Async texture creation enabled
[2022.04.01-09.42.55:402][  0]LogD3D11RHI: Array index from any shader is supported
[2022.04.01-09.42.55:415][  0]LogD3D11RHI: GPU Timing Frequency: 1000.000000 (Debug: 2 1)
[2022.04.01-09.42.55:445][  0]LogRHI: GeForceNow SDK initialized: 1
[2022.04.01-09.42.55:688][  0]LogTargetPlatformManager: Display: Loaded TargetPlatform 'AllDesktop'
[2022.04.01-09.42.55:706][  0]LogTargetPlatformManager: Display: Loaded TargetPlatform 'Android'
[2022.04.01-09.42.55:706][  0]LogTargetPlatformManager: Display: Loaded TargetPlatform 'Android_ASTC'
[2022.04.01-09.42.55:706][  0]LogTargetPlatformManager: Display: Loaded TargetPlatform 'Android_DXT'
[2022.04.01-09.42.55:706][  0]LogTargetPlatformManager: Display: Loaded TargetPlatform 'Android_ETC2'
[2022.04.01-09.42.55:706][  0]LogTargetPlatformManager: Display: Loaded TargetPlatform 'AndroidClient'
[2022.04.01-09.42.55:706][  0]LogTargetPlatformManager: Display: Loaded TargetPlatform 'Android_ASTCClient'
[2022.04.01-09.42.55:706][  0]LogTargetPlatformManager: Display: Loaded TargetPlatform 'Android_DXTClient'
[2022.04.01-09.42.55:706][  0]LogTargetPlatformManager: Display: Loaded TargetPlatform 'Android_ETC2Client'
[2022.04.01-09.42.55:706][  0]LogTargetPlatformManager: Display: Loaded TargetPlatform 'Android_Multi'
[2022.04.01-09.42.55:706][  0]LogTargetPlatformManager: Display: Loaded TargetPlatform 'Android_MultiClient'
[2022.04.01-09.42.55:725][  0]LogTargetPlatformManager: Display: Loaded TargetPlatform 'IOSClient'
[2022.04.01-09.42.55:725][  0]LogTargetPlatformManager: Display: Loaded TargetPlatform 'IOS'
[2022.04.01-09.42.55:732][  0]LogTargetPlatformManager: Display: Loaded TargetPlatform 'Linux'
[2022.04.01-09.42.55:736][  0]LogTargetPlatformManager: Display: Loaded TargetPlatform 'LinuxNoEditor'
[2022.04.01-09.42.55:739][  0]LogTargetPlatformManager: Display: Loaded TargetPlatform 'LinuxClient'
[2022.04.01-09.42.55:742][  0]LogTargetPlatformManager: Display: Loaded TargetPlatform 'LinuxServer'
[2022.04.01-09.42.55:750][  0]LogTargetPlatformManager: Display: Loaded TargetPlatform 'LinuxAArch64NoEditor'
[2022.04.01-09.42.55:753][  0]LogTargetPlatformManager: Display: Loaded TargetPlatform 'LinuxAArch64Client'
[2022.04.01-09.42.55:756][  0]LogTargetPlatformManager: Display: Loaded TargetPlatform 'LinuxAArch64Server'
[2022.04.01-09.42.55:777][  0]LogTargetPlatformManager: Display: Loaded TargetPlatform 'Lumin'
[2022.04.01-09.42.55:777][  0]LogTargetPlatformManager: Display: Loaded TargetPlatform 'LuminClient'
[2022.04.01-09.42.55:784][  0]LogTargetPlatformManager: Display: Loaded TargetPlatform 'MacNoEditor'
[2022.04.01-09.42.55:787][  0]LogTargetPlatformManager: Display: Loaded TargetPlatform 'Mac'
[2022.04.01-09.42.55:790][  0]LogTargetPlatformManager: Display: Loaded TargetPlatform 'MacClient'
[2022.04.01-09.42.55:795][  0]LogTargetPlatformManager: Display: Loaded TargetPlatform 'MacServer'
[2022.04.01-09.42.55:803][  0]LogTargetPlatformManager: Display: Loaded TargetPlatform 'TVOSClient'
[2022.04.01-09.42.55:803][  0]LogTargetPlatformManager: Display: Loaded TargetPlatform 'TVOS'
[2022.04.01-09.42.55:809][  0]LogTargetPlatformManager: Display: Loaded TargetPlatform 'WindowsNoEditor'
[2022.04.01-09.42.55:813][  0]LogTargetPlatformManager: Display: Loaded TargetPlatform 'Windows'
[2022.04.01-09.42.55:816][  0]LogTargetPlatformManager: Display: Loaded TargetPlatform 'WindowsClient'
[2022.04.01-09.42.55:820][  0]LogTargetPlatformManager: Display: Loaded TargetPlatform 'WindowsServer'
[2022.04.01-09.42.55:820][  0]LogTargetPlatformManager: Display: Building Assets For Windows
[2022.04.01-09.42.55:825][  0]LogAudioDebug: Display: Lib vorbis DLL was dynamically loaded.
[2022.04.01-09.42.55:848][  0]LogTextureFormatOodle: Display: Oodle Texture 2.9.0 init RDO Off
[2022.04.01-09.42.55:870][  0]LogRendererCore: Ray tracing is disabled. Reason: r.RayTracing=0.
[2022.04.01-09.42.55:870][  0]LogShaderCompilers: Guid format shader working directory is -40 characters bigger than the processId version (../../../../../../Users/Administrador/Documents/Unreal Projects/Unreal-Prisma/Monster_Shooter/Intermediate/Shaders/WorkingDirectory/11504/).
[2022.04.01-09.42.55:870][  0]LogShaderCompilers: Cleaned the shader compiler working directory 'C:/Users/Administrador/AppData/Local/Temp/UnrealShaderWorkingDir/AE0CBA3E4DBF93718CBB9784B1643F5C/'.
[2022.04.01-09.42.55:871][  0]LogXGEController: Cannot use XGE Controller as Incredibuild is not installed on this machine.
[2022.04.01-09.42.55:871][  0]LogShaderCompilers: Cannot use XGE Shader Compiler as Incredibuild is not installed on this machine.
[2022.04.01-09.42.55:871][  0]LogShaderCompilers: Display: Using Local Shader Compiler.
[2022.04.01-09.42.56:555][  0]LogDerivedDataCache: Display: Max Cache Size: 512 MB
[2022.04.01-09.42.56:615][  0]LogDerivedDataCache: Loaded boot cache 0.06s 99MB C:/Users/Administrador/AppData/Local/UnrealEngine/4.27/DerivedDataCache/Boot.ddc.
[2022.04.01-09.42.56:616][  0]LogDerivedDataCache: Display: Loaded Boot cache: C:/Users/Administrador/AppData/Local/UnrealEngine/4.27/DerivedDataCache/Boot.ddc
[2022.04.01-09.42.56:616][  0]LogDerivedDataCache: FDerivedDataBackendGraph:  Pak pak cache file ../../../../../../Users/Administrador/Documents/Unreal Projects/Unreal-Prisma/Monster_Shooter/DerivedDataCache/DDC.ddp not found, will not use a pak cache.
[2022.04.01-09.42.56:616][  0]LogDerivedDataCache: Unable to find inner node Pak for hierarchical cache Hierarchy.
[2022.04.01-09.42.56:616][  0]LogDerivedDataCache: FDerivedDataBackendGraph:  CompressedPak pak cache file ../../../../../../Users/Administrador/Documents/Unreal Projects/Unreal-Prisma/Monster_Shooter/DerivedDataCache/Compressed.ddp not found, will not use a pak cache.
[2022.04.01-09.42.56:616][  0]LogDerivedDataCache: Unable to find inner node CompressedPak for hierarchical cache Hierarchy.
[2022.04.01-09.42.56:631][  0]LogDerivedDataCache: Display: Pak cache opened for reading ../../../Engine/DerivedDataCache/Compressed.ddp.
[2022.04.01-09.42.56:631][  0]LogDerivedDataCache: FDerivedDataBackendGraph:  EnterprisePak pak cache file ../../../Enterprise/DerivedDataCache/Compressed.ddp not found, will not use a pak cache.
[2022.04.01-09.42.56:631][  0]LogDerivedDataCache: Unable to find inner node EnterprisePak for hierarchical cache Hierarchy.
[2022.04.01-09.42.56:636][  0]LogDerivedDataCache: Speed tests for C:/Users/Administrador/AppData/Local/UnrealEngine/Common/DerivedDataCache took 0.01 seconds
[2022.04.01-09.42.56:637][  0]LogDerivedDataCache: Display: Performance to C:/Users/Administrador/AppData/Local/UnrealEngine/Common/DerivedDataCache: Latency=0.01ms. RandomReadSpeed=1927.61MBs, RandomWriteSpeed=201.32MBs. Assigned SpeedClass 'Local'
[2022.04.01-09.42.56:637][  0]LogDerivedDataCache: Using Local data cache path C:/Users/Administrador/AppData/Local/UnrealEngine/Common/DerivedDataCache: Writable
[2022.04.01-09.42.56:637][  0]LogDerivedDataCache: Shared data cache path not found in *engine.ini, will not use an Shared cache.
[2022.04.01-09.42.56:637][  0]LogDerivedDataCache: Unable to find inner node Shared for hierarchical cache Hierarchy.
[2022.04.01-09.42.56:681][  0]LogSlate: Using FreeType 2.10.0
[2022.04.01-09.42.56:681][  0]LogSlate: SlateFontServices - WITH_FREETYPE: 1, WITH_HARFBUZZ: 1
[2022.04.01-09.42.56:700][  0]LogAssetRegistry: FAssetRegistry took 0.0025 seconds to start up
[2022.04.01-09.42.56:918][  0]LogInit: Selected Device Profile: [Windows]
[2022.04.01-09.42.56:918][  0]LogInit: Active device profile: [00000264B0815300][00000264AEE3E300 49] Windows
[2022.04.01-09.42.56:918][  0]LogInit: Profiles: [00000264B0815300][00000264AEE3E300 49] Windows, [00000264B07DEF00][00000264AEE465C0 49] WindowsNoEditor, [00000264B0816500][00000264AEE4A880 49] WindowsServer, [00000264B07DFD00][00000264AEE4EB40 49] WindowsClient, [00000264B0817200][00000264AEE42DC0 49] IOS, [00000264B07DD300][00000264AEE57080 49] iPadAir, [00000264B0816900][00000264AEE5B340 49] iPadAir2, [00000264B0755C00][00000264AEEBD880 49] IPadPro, [00000264B0755D00][00000264AEEAD8C0 49] iPadAir3, [00000264B07DD800][00000264AEEB5B80 49] iPadAir4, [00000264B0756C00][00000264AEEB02C0 49] iPadMini2, [00000264B07DDE00][00000264AEEB8580 49] iPadMini3, [00000264B0754B00][00000264AE8C0840 49] iPadMini4, [00000264B07DF300][00000264AE8C4B00 49] iPadMini5, [00000264B0775300][00000264A3F46FC0 49] iPhone6, [00000264B0775400][00000264AEE53000 49] iPodTouch6, [00000264B0815600][00000264A3F53540 49] iPhone7, [00000264B0816B00][00000264A3F39580 49] iPodTouch7, [00000264B0757A00][00000264A3F4B840 49] iPhone5S, [00000264B0815800][00000264A3F35B00 49] iPhone6Plus, [00000264B0757000][00000264A3F4E240 49] iPhone6S, [00000264B0816800][00000264A3F56500 49] iPhone6SPlus, [00000264B0755400][00000264A3F5A7C0 49] iPhone7Plus, [00000264B0814100][00000264AE880A80 49] iPhoneSE, [00000264B0814B00][00000264A3F3CD40 49] iPhone8, [00000264B0774800][00000264A3F30FC0 49] iPhone8Plus, [00000264B0815500][00000264AE885240 49] iPhoneX, [00000264B0774F00][00000264AE88D500 49] iPhoneXS, [00000264B0817700][00000264AE8917C0 49] iPhoneXSMax, [00000264B0777200][00000264AE591A80 49] iPhoneXR, [00000264B0817800][00000264A41641C0 49] iPhone11, [00000264B0777D00][00000264A3C64480 49] iPhone11Pro, [00000264B0756600][00000264AE58C740 49] iPhone11ProMax, [00000264B0774600][00000264AE894A00 49] iPhoneSE2, [00000264B0756000][00000264AE898CC0 49] iPhone12Mini, [00000264B0777800][00000264AE89CF80 49] iPhone12, [00000264B0755B00][00000264AE889200 49] iPhone12Pro, [00000264B0775E00][00000264AE8A1480 49] iPhone12ProMax, [00000264B0757F00][00000264AE8A9740 49] iPadPro105, [00000264B0777300][00000264AE8ADA00 49] iPadPro129, [00000264B0757700][00000264AE8B0140 49] iPadPro97, [00000264B0776200][00000264AE8B4400 49] iPadPro2_129, [00000264B0756F00][00000264AE8B86C0 49] iPad5, [00000264B0774C00][00000264AE8BC980 49] iPad6, [00000264B0756500][00000264A3F6AC40 49] iPad7, [00000264B0776B00][00000264A3F6EF00 49] iPad8, [00000264B0755500][00000264A3F731C0 49] iPadPro11, [00000264B0777E00][00000264AE8A5440 49] iPadPro2_11, [00000264B0756100][00000264A3F776C0 49] iPadPro3_129, [00000264B0774700][00000264A3F7F980 49] iPadPro4_129, [00000264B0757100][00000264A3F820C0 49] AppleTV, [00000264B0775C00][00000264A3F86380 49] AppleTV4K, [00000264B0755900][00000264A3F8A640 49] TVOS, [00000264B0776100][00000264A3F8E900 49] Mac, [00000264B0757C00][00000264A3F92BC0 49] MacClient, [00000264B0776500][00000264A3F96E80 49] MacNoEditor, [00000264B0755800][00000264A3F9B140 49] MacServer, [00000264B0775900][00000264A3F9F400 49] Linux, [00000264B0755000][00000264A3F7B680 49] LinuxAArch64, [00000264B0774900][00000264A3FA3900 49] LinuxNoEditor, [00000264B0757B00][00000264A3FABBC0 49] LinuxAArch64NoEditor, [00000264B0775D00][00000264A3FAE300 49] LinuxClient, [00000264B0754A00][00000264A3FB25C0 49] LinuxAArch64Client, [00000264B0775A00][00000264A3FB6880 49] LinuxServer, [00000264B0754200][00000264A3FBAB40 49] LinuxAArch64Server, [00000264B0775000][00000264AECBCE00 49] Android, [00000264B0756B00][00000264AECC10C0 49] Android_Low, [00000264B0775F00][00000264AECC5380 49] Android_Mid, [00000264B0754100][00000264AECC9640 49] Android_High, [00000264B0775700][00000264A3FA78C0 49] Android_Default, [00000264B0754800][00000264AECCDB40 49] Android_Adreno4xx, [00000264B0775500][00000264AECD4280 49] Android_Adreno5xx_Low, [00000264B0757E00][00000264AECD8540 49] Android_Adreno5xx, [00000264B0776000][00000264AECDC800 49] Android_Adreno6xx, [00000264B0754600][00000264AECE0AC0 49] Android_Adreno6xx_Vulkan, [00000264B0774A00][00000264AECE4D80 49] Android_Mali_T6xx, [00000264B0754E00][00000264AECE9040 49] Android_Mali_T7xx, [00000264B0777900][00000264AECED300 49] Android_Mali_T8xx, [00000264B0755600][00000264AECF15C0 49] Android_Mali_G71, [00000264B0776A00][00000264AECF5880 49] Android_Mali_G72, [00000264B0755300][00000264AECD1B00 49] Android_Mali_G72_Vulkan, [00000264B0776C00][00000264AECF8200 49] Android_Mali_G76, [00000264B0757800][00000264AED004C0 49] Android_Mali_G76_Vulkan, [00000264B0814300][00000264AED04780 49] Android_Mali_G77, [00000264B07DF600][00000264AED08A40 49] Android_Mali_G77_Vulkan, [00000264B0816300][00000264AED0CD00 49] Android_Mali_G78, [00000264B07DD100][00000264AED10FC0 49] Android_Mali_G78_Vulkan, [00000264B0817400][00000264AED15280 49] Android_Mali_G710, [00000264B07DED00][00000264AED19540 49] Android_Mali_G710_Vulkan, [00000264B0814800][00000264AED1D800 49] Android_Vulkan_SM5, [00000264B07DFA00][00000264AED21AC0 49] Android_PowerVR_G6xxx, [00000264B0814700][00000264AECFC1C0 49] Android_PowerVR_GT7xxx, [00000264B07DDA00][00000264AED24440 49] Android_PowerVR_GE8xxx, [00000264B0816C00][00000264AED2C700 49] Android_PowerVR_GM9xxx, [00000264B07DF100][00000264AED309C0 49] Android_PowerVR_GM9xxx_Vulkan, [00000264B0817100][00000264AED34C80 49] Android_TegraK1, [00000264B07DD000][00000264AED38F40 49] Android_Unknown_Vulkan, [00000264B0817D00][00000264AED3D200 49] Lumin, [00000264B07DD600][00000264AED414C0 49] Lumin_Desktop, [00000264B0815C00][00000264AED45780 49] HoloLens, 
[2022.04.01-09.42.57:031][  0]LogMeshReduction: Using QuadricMeshReduction for automatic static mesh reduction
[2022.04.01-09.42.57:031][  0]LogMeshReduction: Using SimplygonMeshReduction for automatic skeletal mesh reduction
[2022.04.01-09.42.57:031][  0]LogMeshReduction: Using ProxyLODMeshReduction for automatic mesh merging
[2022.04.01-09.42.57:031][  0]LogMeshReduction: No distributed automatic mesh merging module available
[2022.04.01-09.42.57:031][  0]LogMeshMerging: No distributed automatic mesh merging module available
[2022.04.01-09.42.57:044][  0]LogNetVersion: Monster_Shooter 1.0.0, NetCL: 17155196, EngineNetVer: 17, GameNetVer: 0 (Checksum: 3797625731)
[2022.04.01-09.42.57:350][  0]LogTexture: Default maximum texture size for cubemaps generated from long-lat sources has been changed from 512 to unlimited. In order to preserve old behaiour for '/Engine/MapTemplates/Sky/DaylightAmbientCubemap.DaylightAmbientCubemap', its maximum texture size has been explicitly set to 512.
[2022.04.01-09.42.57:405][  0]LogHMD: PokeAHoleMaterial loaded successfully
[2022.04.01-09.42.57:411][  0]LogUObjectArray: 17178 objects as part of root set at end of initial load.
[2022.04.01-09.42.57:411][  0]LogUObjectAllocator: 4302048 out of 0 bytes used by permanent object pool.
[2022.04.01-09.42.57:411][  0]LogUObjectArray: CloseDisregardForGC: 0/0 objects in disregard for GC pool
[2022.04.01-09.42.57:685][  0]LogNiagaraDebuggerClient: Niagara Debugger Client Initialized | Session: 63BA6D5B4DC6AF848B28D7876D91C703 | Instance: C862F925482B60363057468701D53F74 (DESKTOP-QU0IU8S-11504).
[2022.04.01-09.42.57:714][  0]LogPython: Using Python 3.7.7
[2022.04.01-09.42.58:182][  0]LogUdpMessaging: Initializing bridge on interface 0.0.0.0:0 to multicast group 230.0.0.1:6666.
[2022.04.01-09.42.58:203][  0]LogTcpMessaging: Initializing TcpMessaging bridge
[2022.04.01-09.42.58:252][  0]LogModuleManager: Warning: ModuleManager: Unable to load module 'C:/Users/Administrador/Documents/Unreal Projects/Unreal-Prisma/Monster_Shooter/Binaries/Win64/UE4Editor-Monster_Shooter-0008.dll' because InitializeModule function was not found.
[2022.04.01-09.43.01:899][  0]Message dialog closed, result: Ok, title: Message, text: The game module 'Monster_Shooter' could not be successfully initialized after it was loaded.
[2022.04.01-09.43.01:900][  0]LogCore: Engine exit requested (reason: EngineExit() was called)
[2022.04.01-09.43.01:901][  0]LogSlate: Slate User Destroyed.  User Index 0, Is Virtual User: 0
[2022.04.01-09.43.01:901][  0]LogExit: Preparing to exit.
[2022.04.01-09.43.02:192][  0]LogUObjectHash: Compacting FUObjectHashTables data took   0.64ms
[2022.04.01-09.43.03:235][  0]LogWindows: Error: === Critical error: ===
[2022.04.01-09.43.03:235][  0]LogWindows: Error: 
[2022.04.01-09.43.03:235][  0]LogWindows: Error: Fatal error!
[2022.04.01-09.43.03:235][  0]LogWindows: Error: 
[2022.04.01-09.43.03:235][  0]LogWindows: Error: Unhandled Exception: EXCEPTION_ACCESS_VIOLATION reading address 0x00007ff8dc1c1128
[2022.04.01-09.43.03:235][  0]LogWindows: Error: 
[2022.04.01-09.43.03:235][  0]LogWindows: Error: [Callstack] 0x00007ff93868cbe2 UE4Editor-CoreUObject.dll!UObject::ConditionalBeginDestroy() [D:\Build\++UE4\Sync\Engine\Source\Runtime\CoreUObject\Private\UObject\Obj.cpp:970]
[2022.04.01-09.43.03:235][  0]LogWindows: Error: [Callstack] 0x00007ff93867778d UE4Editor-CoreUObject.dll!UnhashUnreachableObjects() [D:\Build\++UE4\Sync\Engine\Source\Runtime\CoreUObject\Private\UObject\GarbageCollection.cpp:2125]
[2022.04.01-09.43.03:235][  0]LogWindows: Error: [Callstack] 0x00007ff938563632 UE4Editor-CoreUObject.dll!IncrementalPurgeGarbage() [D:\Build\++UE4\Sync\Engine\Source\Runtime\CoreUObject\Private\UObject\GarbageCollection.cpp:1509]
[2022.04.01-09.43.03:235][  0]LogWindows: Error: [Callstack] 0x00007ff9386decaf UE4Editor-CoreUObject.dll!StaticExit() [D:\Build\++UE4\Sync\Engine\Source\Runtime\CoreUObject\Private\UObject\Obj.cpp:4568]
[2022.04.01-09.43.03:235][  0]LogWindows: Error: [Callstack] 0x00007ff938549bd7 UE4Editor-CoreUObject.dll!TBaseStaticDelegateInstance<void __cdecl(void),FDefaultDelegateUserPolicy>::ExecuteIfSafe() [D:\Build\++UE4\Sync\Engine\Source\Runtime\Core\Public\Delegates\DelegateInstancesImpl.h:731]
[2022.04.01-09.43.03:235][  0]LogWindows: Error: [Callstack] 0x00007ff7683388ed UE4Editor.exe!TMulticastDelegate<void __cdecl(void),FDefaultDelegateUserPolicy>::Broadcast() [D:\Build\++UE4\Sync\Engine\Source\Runtime\Core\Public\Delegates\DelegateSignatureImpl.inl:955]
[2022.04.01-09.43.03:235][  0]LogWindows: Error: [Callstack] 0x00007ff76833823d UE4Editor.exe!FEngineLoop::AppPreExit() [D:\Build\++UE4\Sync\Engine\Source\Runtime\Launch\Private\LaunchEngineLoop.cpp:5814]
[2022.04.01-09.43.03:235][  0]LogWindows: Error: [Callstack] 0x00007ff76834048a UE4Editor.exe!FEngineLoop::Exit() [D:\Build\++UE4\Sync\Engine\Source\Runtime\Launch\Private\LaunchEngineLoop.cpp:4266]
[2022.04.01-09.43.03:235][  0]LogWindows: Error: [Callstack] 0x00007ff768341063 UE4Editor.exe!GuardedMain() [D:\Build\++UE4\Sync\Engine\Source\Runtime\Launch\Private\Launch.cpp:192]
[2022.04.01-09.43.03:235][  0]LogWindows: Error: [Callstack] 0x00007ff7683410ba UE4Editor.exe!GuardedMainWrapper() [D:\Build\++UE4\Sync\Engine\Source\Runtime\Launch\Private\Windows\LaunchWindows.cpp:137]
[2022.04.01-09.43.03:235][  0]LogWindows: Error: [Callstack] 0x00007ff7683440dd UE4Editor.exe!LaunchWindowsStartup() [D:\Build\++UE4\Sync\Engine\Source\Runtime\Launch\Private\Windows\LaunchWindows.cpp:273]
[2022.04.01-09.43.03:235][  0]LogWindows: Error: [Callstack] 0x00007ff768355984 UE4Editor.exe!WinMain() [D:\Build\++UE4\Sync\Engine\Source\Runtime\Launch\Private\Windows\LaunchWindows.cpp:320]
[2022.04.01-09.43.03:235][  0]LogWindows: Error: [Callstack] 0x00007ff76835853a UE4Editor.exe!__scrt_common_main_seh() [d:\agent\_work\5\s\src\vctools\crt\vcstartup\src\startup\exe_common.inl:288]
[2022.04.01-09.43.03:235][  0]LogWindows: Error: [Callstack] 0x00007ff98e377034 KERNEL32.DLL!UnknownFunction []
[2022.04.01-09.43.03:235][  0]LogWindows: Error: [Callstack] 0x00007ff98e9a2651 ntdll.dll!UnknownFunction []
[2022.04.01-09.43.03:235][  0]LogWindows: Error: 
[2022.04.01-09.43.03:241][  0]LogExit: Executing StaticShutdownAfterError
[2022.04.01-09.43.03:242][  0]LogWindows: FPlatformMisc::RequestExit(1)
[2022.04.01-09.43.03:242][  0]LogWindows: FPlatformMisc::RequestExitWithStatus(1, 3)
[2022.04.01-09.43.03:242][  0]LogCore: Engine exit requested (reason: Win RequestExit; note: exit was already requested)
[2022.04.01-09.43.03:252][  0]Log file closed, 04/01/22 11:43:03
