Log file open, 05/05/22 16:02:33
LogWindows: Failed to load 'aqProf.dll' (GetLastError=126)
LogWindows: File 'aqProf.dll' does not exist
LogWindows: Failed to load 'VtuneApi.dll' (GetLastError=126)
LogWindows: File 'VtuneApi.dll' does not exist
LogWindows: Failed to load 'VtuneApi32e.dll' (GetLastError=126)
LogWindows: File 'VtuneApi32e.dll' does not exist
LogConsoleResponse: Display: Failed to find resolution value strings in scalability ini. Falling back to default.
LogConsoleResponse: Display: Failed to find resolution value strings in scalability ini. Falling back to default.
LogInit: Display: Running engine for game: ThirdPersonVR
LogPlatformFile: Not using cached read wrapper
LogTaskGraph: Started task graph with 5 named threads and 35 total threads with 3 sets of task threads.
LogStats: Stats thread started at 0.216674
LogICUInternationalization: ICU TimeZone Detection - Raw Offset: +1:00, Platform Override: ''
LogInit: Display: Loading text-based GConfig....
LogPluginManager: Mounting plugin MeshPainting
LogPluginManager: Mounting plugin XGEController
LogPluginManager: Mounting plugin AISupport
LogPluginManager: Mounting plugin Paper2D
LogPluginManager: Mounting plugin EnvironmentQueryEditor
LogPluginManager: Mounting plugin LightPropagationVolume
LogPluginManager: Mounting plugin LiveLink
LogPluginManager: Mounting plugin CameraShakePreviewer
LogPluginManager: Mounting plugin AnimationSharing
LogPluginManager: Mounting plugin GameplayCameras
LogPluginManager: Mounting plugin CodeLiteSourceCodeAccess
LogPluginManager: Mounting plugin GitSourceControl
LogPluginManager: Mounting plugin CLionSourceCodeAccess
LogPluginManager: Mounting plugin NullSourceCodeAccess
LogPluginManager: Mounting plugin KDevelopSourceCodeAccess
LogPluginManager: Mounting plugin PerforceSourceControl
LogPluginManager: Mounting plugin PixWinPlugin
LogPluginManager: Mounting plugin PlasticSourceControl
LogPluginManager: Mounting plugin PluginUtils
LogPluginManager: Mounting plugin PropertyAccessNode
LogPluginManager: Mounting plugin RiderLink
LogPluginManager: Mounting plugin RiderSourceCodeAccess
LogPluginManager: Mounting plugin TextureFormatOodle
LogPluginManager: Mounting plugin DatasmithContent
LogPluginManager: Mounting plugin UObjectPlugin
LogPluginManager: Mounting plugin VisualStudioCodeSourceCodeAccess
LogPluginManager: Mounting plugin VisualStudioSourceCodeAccess
LogPluginManager: Mounting plugin XCodeSourceCodeAccess
LogPluginManager: Mounting plugin OodleData
LogPluginManager: Mounting plugin SubversionSourceControl
LogPluginManager: Mounting plugin VariantManagerContent
LogPluginManager: Mounting plugin OodleNetwork
LogPluginManager: Mounting plugin Niagara
LogPluginManager: Mounting plugin AlembicImporter
LogPluginManager: Mounting plugin AutomationUtils
LogPluginManager: Mounting plugin AssetManagerEditor
LogPluginManager: Mounting plugin BackChannel
LogPluginManager: Mounting plugin CurveEditorTools
LogPluginManager: Mounting plugin ChaosCloth
LogPluginManager: Mounting plugin DataValidation
LogPluginManager: Mounting plugin ChaosClothEditor
LogPluginManager: Mounting plugin CryptoKeys
LogPluginManager: Mounting plugin ChaosEditor
LogPluginManager: Mounting plugin ChaosNiagara
LogPluginManager: Mounting plugin ChaosSolverPlugin
LogPluginManager: Mounting plugin CharacterAI
LogPluginManager: Mounting plugin FacialAnimation
LogPluginManager: Mounting plugin GameplayTagsEditor
LogPluginManager: Mounting plugin MacGraphicsSwitching
LogPluginManager: Mounting plugin GeometryMode
LogPluginManager: Mounting plugin MaterialAnalyzer
LogPluginManager: Mounting plugin MobileLauncherProfileWizard
LogPluginManager: Mounting plugin PluginBrowser
LogPluginManager: Mounting plugin SpeedTreeImporter
LogPluginManager: Mounting plugin GeometryCache
LogPluginManager: Mounting plugin GeometryCollectionPlugin
LogPluginManager: Mounting plugin AndroidMedia
LogPluginManager: Mounting plugin AvfMedia
LogPluginManager: Mounting plugin GeometryProcessing
LogPluginManager: Mounting plugin ImgMedia
LogPluginManager: Mounting plugin MediaCompositing
LogPluginManager: Mounting plugin MotoSynth
LogPluginManager: Mounting plugin OpenImageDenoise
LogPluginManager: Mounting plugin MediaPlayerEditor
LogPluginManager: Mounting plugin WebMMedia
LogPluginManager: Mounting plugin PlanarCut
LogPluginManager: Mounting plugin WmfMedia
LogPluginManager: Mounting plugin PlatformCrypto
LogPluginManager: Mounting plugin ProxyLODPlugin
LogPluginManager: Mounting plugin PythonScriptPlugin
LogPluginManager: Mounting plugin SkeletalReduction
LogPluginManager: Mounting plugin TcpMessaging
LogPluginManager: Mounting plugin UdpMessaging
LogPluginManager: Mounting plugin ActorSequence
LogPluginManager: Mounting plugin LuminPlatformFeatures
LogPluginManager: Mounting plugin MatineeToLevelSequence
LogPluginManager: Mounting plugin MagicLeap
LogPluginManager: Mounting plugin LevelSequenceEditor
LogPluginManager: Mounting plugin TemplateSequence
LogPluginManager: Mounting plugin MagicLeapLightEstimation
LogPluginManager: Mounting plugin MagicLeapMedia
LogPluginManager: Mounting plugin MLSDK
LogPluginManager: Mounting plugin MagicLeapPassableWorld
LogPluginManager: Mounting plugin OnlineSubsystem
LogPluginManager: Mounting plugin ActorLayerUtilities
LogPluginManager: Mounting plugin OnlineSubsystemNull
LogPluginManager: Mounting plugin AndroidDeviceProfileSelector
LogPluginManager: Mounting plugin AndroidMoviePlayer
LogPluginManager: Mounting plugin AndroidPermission
LogPluginManager: Mounting plugin OnlineSubsystemUtils
LogPluginManager: Mounting plugin AppleMoviePlayer
LogPluginManager: Mounting plugin AppleImageUtils
LogPluginManager: Mounting plugin ArchVisCharacter
LogPluginManager: Mounting plugin AssetTags
LogPluginManager: Mounting plugin AudioCapture
LogPluginManager: Mounting plugin AudioSynesthesia
LogPluginManager: Mounting plugin ChunkDownloader
LogPluginManager: Mounting plugin CableComponent
LogPluginManager: Mounting plugin CustomMeshComponent
LogPluginManager: Mounting plugin EditableMesh
LogPluginManager: Mounting plugin ExampleDeviceProfileSelector
LogPluginManager: Mounting plugin GoogleCloudMessaging
LogPluginManager: Mounting plugin GooglePAD
LogPluginManager: Mounting plugin LauncherChunkInstaller
LogPluginManager: Mounting plugin ScreenshotTools
LogPluginManager: Mounting plugin IOSDeviceProfileSelector
LogPluginManager: Mounting plugin LinuxDeviceProfileSelector
LogPluginManager: Mounting plugin LocationServicesBPLibrary
LogPluginManager: Mounting plugin MobilePatchingUtils
LogPluginManager: Mounting plugin OpenXR
LogPluginManager: Mounting plugin OpenXREyeTracker
LogPluginManager: Mounting plugin OpenXRHandTracking
LogPluginManager: Mounting plugin PhysXVehicles
LogPluginManager: Mounting plugin Takes
LogPluginManager: Mounting plugin ProceduralMeshComponent
LogPluginManager: Mounting plugin PropertyAccessEditor
LogPluginManager: Mounting plugin PostSplashScreen
LogPluginManager: Mounting plugin RuntimePhysXCooking
LogPluginManager: Mounting plugin SignificanceManager
LogPluginManager: Mounting plugin SoundFields
LogPluginManager: Mounting plugin Synthesis
LogPluginManager: Mounting plugin WebMMoviePlayer
LogPluginManager: Mounting plugin WindowsMoviePlayer
LogPluginManager: Mounting plugin ContentBrowserAssetDataSource
LogPluginManager: Mounting plugin ContentBrowserClassDataSource
LogPluginManager: Mounting plugin ContentBrowserFileDataSource
LogPluginManager: Mounting plugin OnlineSubsystemGooglePlay
LogPluginManager: Mounting plugin OnlineSubsystemIOS
LogPluginManager: Mounting plugin OculusVR
LogPluginManager: Mounting plugin SteamVR
PixWinPlugin: PIX capture plugin failed to initialize! Check that the process is launched from PIX.
LogInit: Using libcurl 7.55.1-DEV
LogInit:  - built for x86_64-pc-win32
LogInit:  - supports SSL with OpenSSL/1.1.1
LogInit:  - supports HTTP deflate (compression) using libz 1.2.8
LogInit:  - other features:
LogInit:      CURL_VERSION_SSL
LogInit:      CURL_VERSION_LIBZ
LogInit:      CURL_VERSION_IPV6
LogInit:      CURL_VERSION_ASYNCHDNS
LogInit:      CURL_VERSION_LARGEFILE
LogInit:      CURL_VERSION_IDN
LogInit:  CurlRequestOptions (configurable via config and command line):
LogInit:  - bVerifyPeer = true  - Libcurl will verify peer certificate
LogInit:  - bUseHttpProxy = false  - Libcurl will NOT use HTTP proxy
LogInit:  - bDontReuseConnections = false  - Libcurl will reuse connections
LogInit:  - MaxHostConnections = 16  - Libcurl will limit the number of connections to a host
LogInit:  - LocalHostAddr = Default
LogInit:  - BufferSize = 65536
LogOnline: OSS: Creating online subsystem instance for: NULL
LogInit: WinSock: version 1.1 (2.2), MaxSocks=32767, MaxUdp=65467
LogOnline: OSS: TryLoadSubsystemAndSetDefault: Loaded subsystem for module [NULL]
LogOculusPluginWrapper: OculusPlugin initialized successfully
LogHMD: FOculusHMDModule PreInit successfully
LogInit: Build: ++UE4+Release-4.27-CL-18319896
LogInit: Engine Version: 4.27.2-18319896+++UE4+Release-4.27
LogInit: Compatible Engine Version: 4.27.0-17155196+++UE4+Release-4.27
LogInit: Net CL: 17155196
LogInit: OS: Windows 10 (Release 2009) (), CPU: Intel(R) Core(TM) i7-7800X CPU @ 3.50GHz, GPU: NVIDIA GeForce RTX 2080
LogInit: Compiled (64-bit): Nov 30 2021 07:12:08
LogInit: Compiled with Visual C++: 19.24.28315.00
LogInit: Build Configuration: Development
LogInit: Branch Name: ++UE4+Release-4.27
LogInit: Command Line: 
LogInit: Base Directory: C:/Program Files/Epic Games/UE_4.27/Engine/Binaries/Win64/
LogInit: Allocator: TBB
LogInit: Installed Engine Build: 1
LogDevObjectVersion: Number of dev versions registered: 29
LogDevObjectVersion:   Dev-Blueprints (B0D832E4-1F89-4F0D-ACCF-7EB736FD4AA2): 10
LogDevObjectVersion:   Dev-Build (E1C64328-A22C-4D53-A36C-8E866417BD8C): 0
LogDevObjectVersion:   Dev-Core (375EC13C-06E4-48FB-B500-84F0262A717E): 4
LogDevObjectVersion:   Dev-Editor (E4B068ED-F494-42E9-A231-DA0B2E46BB41): 40
LogDevObjectVersion:   Dev-Framework (CFFC743F-43B0-4480-9391-14DF171D2073): 37
LogDevObjectVersion:   Dev-Mobile (B02B49B5-BB20-44E9-A304-32B752E40360): 3
LogDevObjectVersion:   Dev-Networking (A4E4105C-59A1-49B5-A7C5-40C4547EDFEE): 0
LogDevObjectVersion:   Dev-Online (39C831C9-5AE6-47DC-9A44-9C173E1C8E7C): 0
LogDevObjectVersion:   Dev-Physics (78F01B33-EBEA-4F98-B9B4-84EACCB95AA2): 14
LogDevObjectVersion:   Dev-Platform (6631380F-2D4D-43E0-8009-CF276956A95A): 0
LogDevObjectVersion:   Dev-Rendering (12F88B9F-8875-4AFC-A67C-D90C383ABD29): 45
LogDevObjectVersion:   Dev-Sequencer (7B5AE74C-D270-4C10-A958-57980B212A5A): 13
LogDevObjectVersion:   Dev-VR (D7296918-1DD6-4BDD-9DE2-64A83CC13884): 3
LogDevObjectVersion:   Dev-LoadTimes (C2A15278-BFE7-4AFE-6C17-90FF531DF755): 1
LogDevObjectVersion:   Private-Geometry (6EACA3D4-40EC-4CC1-B786-8BED09428FC5): 3
LogDevObjectVersion:   Dev-AnimPhys (29E575DD-E0A3-4627-9D10-D276232CDCEA): 17
LogDevObjectVersion:   Dev-Anim (AF43A65D-7FD3-4947-9873-3E8ED9C1BB05): 15
LogDevObjectVersion:   Dev-ReflectionCapture (6B266CEC-1EC7-4B8F-A30B-E4D90942FC07): 1
LogDevObjectVersion:   Dev-Automation (0DF73D61-A23F-47EA-B727-89E90C41499A): 1
LogDevObjectVersion:   FortniteMain (601D1886-AC64-4F84-AA16-D3DE0DEAC7D6): 47
LogDevObjectVersion:   FortniteRelease (E7086368-6B23-4C58-8439-1B7016265E91): 1
LogDevObjectVersion:   Dev-Enterprise (9DFFBCD6-494F-0158-E221-12823C92A888): 10
LogDevObjectVersion:   Dev-Niagara (F2AED0AC-9AFE-416F-8664-AA7FFA26D6FC): 1
LogDevObjectVersion:   Dev-Destruction (174F1F0B-B4C6-45A5-B13F-2EE8D0FB917D): 10
LogDevObjectVersion:   Dev-Physics-Ext (35F94A83-E258-406C-A318-09F59610247C): 41
LogDevObjectVersion:   Dev-PhysicsMaterial-Chaos (B68FC16E-8B1B-42E2-B453-215C058844FE): 1
LogDevObjectVersion:   Dev-CineCamera (B2E18506-4273-CFC2-A54E-F4BB758BBA07): 1
LogDevObjectVersion:   Dev-VirtualProduction (64F58936-FD1B-42BA-BA96-7289D5D0FA4E): 1
LogDevObjectVersion:   Dev-MediaFramework (6F0ED827-A609-4895-9C91-998D90180EA4): 2
LogInit: Presizing for max 25165824 objects, including 0 objects not considered by GC, pre-allocating 0 bytes for permanent pool.
LogConfig: Applying CVar settings from Section [/Script/Engine.StreamingSettings] File [C:/Users/Administrador/Documents/Unreal Projects/Unreal-Prisma/ThirdPersonVR/Saved/Config/Windows/Engine.ini]
LogConfig: Setting CVar [[s.MinBulkDataSizeForAsyncLoading:131072]]
LogConfig: Setting CVar [[s.AsyncLoadingThreadEnabled:0]]
LogConfig: Setting CVar [[s.EventDrivenLoaderEnabled:1]]
LogConfig: Setting CVar [[s.WarnIfTimeLimitExceeded:0]]
LogConfig: Setting CVar [[s.TimeLimitExceededMultiplier:1.5]]
LogConfig: Setting CVar [[s.TimeLimitExceededMinTime:0.005]]
LogConfig: Setting CVar [[s.UseBackgroundLevelStreaming:1]]
LogConfig: Setting CVar [[s.PriorityAsyncLoadingExtraTime:15.0]]
LogConfig: Setting CVar [[s.LevelStreamingActorsUpdateTimeLimit:5.0]]
LogConfig: Setting CVar [[s.PriorityLevelStreamingActorsUpdateExtraTime:5.0]]
LogConfig: Setting CVar [[s.LevelStreamingComponentsRegistrationGranularity:10]]
LogConfig: Setting CVar [[s.UnregisterComponentsTimeLimit:1.0]]
LogConfig: Setting CVar [[s.LevelStreamingComponentsUnregistrationGranularity:5]]
LogConfig: Setting CVar [[s.FlushStreamingOnExit:1]]
LogInit: Object subsystem initialized
LogConfig: Setting CVar [[con.DebugEarlyDefault:1]]
LogConfig: Setting CVar [[r.setres:1280x720]]
[2022.05.05-14.02.33:761][  0]LogConfig: Setting CVar [[r.VSync:0]]
[2022.05.05-14.02.33:761][  0]LogConfig: Setting CVar [[r.RHICmdBypass:0]]
[2022.05.05-14.02.33:761][  0]LogConfig: Applying CVar settings from Section [/Script/Engine.RendererSettings] File [C:/Users/Administrador/Documents/Unreal Projects/Unreal-Prisma/ThirdPersonVR/Saved/Config/Windows/Engine.ini]
[2022.05.05-14.02.33:761][  0]LogConfig: Setting CVar [[r.GPUCrashDebugging:0]]
[2022.05.05-14.02.33:761][  0]LogConfig: Applying CVar settings from Section [/Script/Engine.RendererOverrideSettings] File [C:/Users/Administrador/Documents/Unreal Projects/Unreal-Prisma/ThirdPersonVR/Saved/Config/Windows/Engine.ini]
[2022.05.05-14.02.33:761][  0]LogConfig: Applying CVar settings from Section [/Script/Engine.StreamingSettings] File [C:/Users/Administrador/Documents/Unreal Projects/Unreal-Prisma/ThirdPersonVR/Saved/Config/Windows/Engine.ini]
[2022.05.05-14.02.33:761][  0]LogConfig: Setting CVar [[s.MinBulkDataSizeForAsyncLoading:131072]]
[2022.05.05-14.02.33:761][  0]LogConfig: Setting CVar [[s.AsyncLoadingThreadEnabled:0]]
[2022.05.05-14.02.33:761][  0]LogConfig: Setting CVar [[s.EventDrivenLoaderEnabled:1]]
[2022.05.05-14.02.33:761][  0]LogConfig: Setting CVar [[s.WarnIfTimeLimitExceeded:0]]
[2022.05.05-14.02.33:761][  0]LogConfig: Setting CVar [[s.TimeLimitExceededMultiplier:1.5]]
[2022.05.05-14.02.33:761][  0]LogConfig: Setting CVar [[s.TimeLimitExceededMinTime:0.005]]
[2022.05.05-14.02.33:761][  0]LogConfig: Setting CVar [[s.UseBackgroundLevelStreaming:1]]
[2022.05.05-14.02.33:761][  0]LogConfig: Setting CVar [[s.PriorityAsyncLoadingExtraTime:15.0]]
[2022.05.05-14.02.33:761][  0]LogConfig: Setting CVar [[s.LevelStreamingActorsUpdateTimeLimit:5.0]]
[2022.05.05-14.02.33:761][  0]LogConfig: Setting CVar [[s.PriorityLevelStreamingActorsUpdateExtraTime:5.0]]
[2022.05.05-14.02.33:761][  0]LogConfig: Setting CVar [[s.LevelStreamingComponentsRegistrationGranularity:10]]
[2022.05.05-14.02.33:761][  0]LogConfig: Setting CVar [[s.UnregisterComponentsTimeLimit:1.0]]
[2022.05.05-14.02.33:761][  0]LogConfig: Setting CVar [[s.LevelStreamingComponentsUnregistrationGranularity:5]]
[2022.05.05-14.02.33:761][  0]LogConfig: Setting CVar [[s.FlushStreamingOnExit:1]]
[2022.05.05-14.02.33:761][  0]LogConfig: Applying CVar settings from Section [/Script/Engine.GarbageCollectionSettings] File [C:/Users/Administrador/Documents/Unreal Projects/Unreal-Prisma/ThirdPersonVR/Saved/Config/Windows/Engine.ini]
[2022.05.05-14.02.33:761][  0]LogConfig: Setting CVar [[gc.MaxObjectsNotConsideredByGC:1]]
[2022.05.05-14.02.33:761][  0]LogConfig: Setting CVar [[gc.SizeOfPermanentObjectPool:0]]
[2022.05.05-14.02.33:761][  0]LogConfig: Setting CVar [[gc.FlushStreamingOnGC:0]]
[2022.05.05-14.02.33:761][  0]LogConfig: Setting CVar [[gc.NumRetriesBeforeForcingGC:10]]
[2022.05.05-14.02.33:761][  0]LogConfig: Setting CVar [[gc.AllowParallelGC:1]]
[2022.05.05-14.02.33:761][  0]LogConfig: Setting CVar [[gc.TimeBetweenPurgingPendingKillObjects:61.1]]
[2022.05.05-14.02.33:761][  0]LogConfig: Setting CVar [[gc.MaxObjectsInEditor:25165824]]
[2022.05.05-14.02.33:761][  0]LogConfig: Setting CVar [[gc.IncrementalBeginDestroyEnabled:1]]
[2022.05.05-14.02.33:761][  0]LogConfig: Setting CVar [[gc.CreateGCClusters:1]]
[2022.05.05-14.02.33:761][  0]LogConfig: Setting CVar [[gc.MinGCClusterSize:5]]
[2022.05.05-14.02.33:761][  0]LogConfig: Setting CVar [[gc.ActorClusteringEnabled:0]]
[2022.05.05-14.02.33:761][  0]LogConfig: Setting CVar [[gc.BlueprintClusteringEnabled:0]]
[2022.05.05-14.02.33:761][  0]LogConfig: Setting CVar [[gc.UseDisregardForGCOnDedicatedServers:0]]
[2022.05.05-14.02.33:761][  0]LogConfig: Setting CVar [[gc.MultithreadedDestructionEnabled:1]]
[2022.05.05-14.02.33:761][  0]LogConfig: Applying CVar settings from Section [/Script/Engine.NetworkSettings] File [C:/Users/Administrador/Documents/Unreal Projects/Unreal-Prisma/ThirdPersonVR/Saved/Config/Windows/Engine.ini]
[2022.05.05-14.02.33:761][  0]LogConfig: Applying CVar settings from Section [/Script/UnrealEd.CookerSettings] File [C:/Users/Administrador/Documents/Unreal Projects/Unreal-Prisma/ThirdPersonVR/Saved/Config/Windows/Engine.ini]
[2022.05.05-14.02.33:779][  0]LogConfig: Applying CVar settings from Section [ViewDistanceQuality@3] File [C:/Users/Administrador/Documents/Unreal Projects/Unreal-Prisma/ThirdPersonVR/Saved/Config/Windows/Scalability.ini]
[2022.05.05-14.02.33:779][  0]LogConfig: Setting CVar [[r.SkeletalMeshLODBias:0]]
[2022.05.05-14.02.33:779][  0]LogConfig: Setting CVar [[r.ViewDistanceScale:1.0]]
[2022.05.05-14.02.33:779][  0]LogConfig: Applying CVar settings from Section [AntiAliasingQuality@3] File [C:/Users/Administrador/Documents/Unreal Projects/Unreal-Prisma/ThirdPersonVR/Saved/Config/Windows/Scalability.ini]
[2022.05.05-14.02.33:779][  0]LogConfig: Setting CVar [[r.PostProcessAAQuality:4]]
[2022.05.05-14.02.33:779][  0]LogConfig: Applying CVar settings from Section [ShadowQuality@3] File [C:/Users/Administrador/Documents/Unreal Projects/Unreal-Prisma/ThirdPersonVR/Saved/Config/Windows/Scalability.ini]
[2022.05.05-14.02.33:779][  0]LogConfig: Setting CVar [[r.LightFunctionQuality:1]]
[2022.05.05-14.02.33:779][  0]LogConfig: Setting CVar [[r.ShadowQuality:5]]
[2022.05.05-14.02.33:779][  0]LogConfig: Setting CVar [[r.Shadow.CSM.MaxCascades:10]]
[2022.05.05-14.02.33:779][  0]LogConfig: Setting CVar [[r.Shadow.MaxResolution:2048]]
[2022.05.05-14.02.33:779][  0]LogConfig: Setting CVar [[r.Shadow.MaxCSMResolution:2048]]
[2022.05.05-14.02.33:779][  0]LogConfig: Setting CVar [[r.Shadow.RadiusThreshold:0.01]]
[2022.05.05-14.02.33:779][  0]LogConfig: Setting CVar [[r.Shadow.DistanceScale:1.0]]
[2022.05.05-14.02.33:779][  0]LogConfig: Setting CVar [[r.Shadow.CSM.TransitionScale:1.0]]
[2022.05.05-14.02.33:779][  0]LogConfig: Setting CVar [[r.Shadow.PreShadowResolutionFactor:1.0]]
[2022.05.05-14.02.33:779][  0]LogConfig: Setting CVar [[r.DistanceFieldShadowing:1]]
[2022.05.05-14.02.33:779][  0]LogConfig: Setting CVar [[r.DistanceFieldAO:1]]
[2022.05.05-14.02.33:779][  0]LogConfig: Setting CVar [[r.AOQuality:2]]
[2022.05.05-14.02.33:779][  0]LogConfig: Setting CVar [[r.VolumetricFog:1]]
[2022.05.05-14.02.33:779][  0]LogConfig: Setting CVar [[r.VolumetricFog.GridPixelSize:8]]
[2022.05.05-14.02.33:779][  0]LogConfig: Setting CVar [[r.VolumetricFog.GridSizeZ:128]]
[2022.05.05-14.02.33:779][  0]LogConfig: Setting CVar [[r.VolumetricFog.HistoryMissSupersampleCount:4]]
[2022.05.05-14.02.33:779][  0]LogConfig: Setting CVar [[r.LightMaxDrawDistanceScale:1]]
[2022.05.05-14.02.33:779][  0]LogConfig: Setting CVar [[r.CapsuleShadows:1]]
[2022.05.05-14.02.33:779][  0]LogConfig: Applying CVar settings from Section [PostProcessQuality@3] File [C:/Users/Administrador/Documents/Unreal Projects/Unreal-Prisma/ThirdPersonVR/Saved/Config/Windows/Scalability.ini]
[2022.05.05-14.02.33:779][  0]LogConfig: Setting CVar [[r.MotionBlurQuality:4]]
[2022.05.05-14.02.33:779][  0]LogConfig: Setting CVar [[r.AmbientOcclusionMipLevelFactor:0.4]]
[2022.05.05-14.02.33:779][  0]LogConfig: Setting CVar [[r.AmbientOcclusionMaxQuality:100]]
[2022.05.05-14.02.33:779][  0]LogConfig: Setting CVar [[r.AmbientOcclusionLevels:-1]]
[2022.05.05-14.02.33:779][  0]LogConfig: Setting CVar [[r.AmbientOcclusionRadiusScale:1.0]]
[2022.05.05-14.02.33:779][  0]LogConfig: Setting CVar [[r.DepthOfFieldQuality:2]]
[2022.05.05-14.02.33:779][  0]LogConfig: Setting CVar [[r.RenderTargetPoolMin:400]]
[2022.05.05-14.02.33:779][  0]LogConfig: Setting CVar [[r.LensFlareQuality:2]]
[2022.05.05-14.02.33:779][  0]LogConfig: Setting CVar [[r.SceneColorFringeQuality:1]]
[2022.05.05-14.02.33:779][  0]LogConfig: Setting CVar [[r.EyeAdaptationQuality:2]]
[2022.05.05-14.02.33:779][  0]LogConfig: Setting CVar [[r.BloomQuality:5]]
[2022.05.05-14.02.33:779][  0]LogConfig: Setting CVar [[r.FastBlurThreshold:100]]
[2022.05.05-14.02.33:780][  0]LogConfig: Setting CVar [[r.Upscale.Quality:3]]
[2022.05.05-14.02.33:780][  0]LogConfig: Setting CVar [[r.Tonemapper.GrainQuantization:1]]
[2022.05.05-14.02.33:780][  0]LogConfig: Setting CVar [[r.LightShaftQuality:1]]
[2022.05.05-14.02.33:780][  0]LogConfig: Setting CVar [[r.Filter.SizeScale:1]]
[2022.05.05-14.02.33:780][  0]LogConfig: Setting CVar [[r.Tonemapper.Quality:5]]
[2022.05.05-14.02.33:780][  0]LogConfig: Setting CVar [[r.DOF.Gather.AccumulatorQuality:1        ; higher gathering accumulator quality]]
[2022.05.05-14.02.33:780][  0]LogConfig: Setting CVar [[r.DOF.Gather.PostfilterMethod:1          ; Median3x3 postfilering method]]
[2022.05.05-14.02.33:780][  0]LogConfig: Setting CVar [[r.DOF.Gather.EnableBokehSettings:0       ; no bokeh simulation when gathering]]
[2022.05.05-14.02.33:780][  0]LogConfig: Setting CVar [[r.DOF.Gather.RingCount:4                 ; medium number of samples when gathering]]
[2022.05.05-14.02.33:780][  0]LogConfig: Setting CVar [[r.DOF.Scatter.ForegroundCompositing:1    ; additive foreground scattering]]
[2022.05.05-14.02.33:780][  0]LogConfig: Setting CVar [[r.DOF.Scatter.BackgroundCompositing:2    ; additive background scattering]]
[2022.05.05-14.02.33:780][  0]LogConfig: Setting CVar [[r.DOF.Scatter.EnableBokehSettings:1      ; bokeh simulation when scattering]]
[2022.05.05-14.02.33:780][  0]LogConfig: Setting CVar [[r.DOF.Scatter.MaxSpriteRatio:0.1         ; only a maximum of 10% of scattered bokeh]]
[2022.05.05-14.02.33:780][  0]LogConfig: Setting CVar [[r.DOF.Recombine.Quality:1                ; cheap slight out of focus]]
[2022.05.05-14.02.33:780][  0]LogConfig: Setting CVar [[r.DOF.Recombine.EnableBokehSettings:0    ; no bokeh simulation on slight out of focus]]
[2022.05.05-14.02.33:780][  0]LogConfig: Setting CVar [[r.DOF.TemporalAAQuality:1                ; more stable temporal accumulation]]
[2022.05.05-14.02.33:780][  0]LogConfig: Setting CVar [[r.DOF.Kernel.MaxForegroundRadius:0.025]]
[2022.05.05-14.02.33:780][  0]LogConfig: Setting CVar [[r.DOF.Kernel.MaxBackgroundRadius:0.025]]
[2022.05.05-14.02.33:780][  0]LogConfig: Applying CVar settings from Section [TextureQuality@3] File [C:/Users/Administrador/Documents/Unreal Projects/Unreal-Prisma/ThirdPersonVR/Saved/Config/Windows/Scalability.ini]
[2022.05.05-14.02.33:780][  0]LogConfig: Setting CVar [[r.Streaming.MipBias:0]]
[2022.05.05-14.02.33:780][  0]LogConfig: Setting CVar [[r.Streaming.AmortizeCPUToGPUCopy:0]]
[2022.05.05-14.02.33:780][  0]LogConfig: Setting CVar [[r.Streaming.MaxNumTexturesToStreamPerFrame:0]]
[2022.05.05-14.02.33:780][  0]LogConfig: Setting CVar [[r.Streaming.Boost:1]]
[2022.05.05-14.02.33:780][  0]LogConfig: Setting CVar [[r.MaxAnisotropy:8]]
[2022.05.05-14.02.33:780][  0]LogConfig: Setting CVar [[r.VT.MaxAnisotropy:8]]
[2022.05.05-14.02.33:780][  0]LogConfig: Setting CVar [[r.Streaming.LimitPoolSizeToVRAM:0]]
[2022.05.05-14.02.33:780][  0]LogConfig: Setting CVar [[r.Streaming.PoolSize:1000]]
[2022.05.05-14.02.33:780][  0]LogConfig: Setting CVar [[r.Streaming.MaxEffectiveScreenSize:0]]
[2022.05.05-14.02.33:780][  0]LogConfig: Applying CVar settings from Section [EffectsQuality@3] File [C:/Users/Administrador/Documents/Unreal Projects/Unreal-Prisma/ThirdPersonVR/Saved/Config/Windows/Scalability.ini]
[2022.05.05-14.02.33:780][  0]LogConfig: Setting CVar [[r.TranslucencyLightingVolumeDim:64]]
[2022.05.05-14.02.33:780][  0]LogConfig: Setting CVar [[r.RefractionQuality:2]]
[2022.05.05-14.02.33:780][  0]LogConfig: Setting CVar [[r.SSR.Quality:3]]
[2022.05.05-14.02.33:780][  0]LogConfig: Setting CVar [[r.SSR.HalfResSceneColor:0]]
[2022.05.05-14.02.33:780][  0]LogConfig: Setting CVar [[r.SceneColorFormat:4]]
[2022.05.05-14.02.33:780][  0]LogConfig: Setting CVar [[r.DetailMode:2]]
[2022.05.05-14.02.33:780][  0]LogConfig: Setting CVar [[r.TranslucencyVolumeBlur:1]]
[2022.05.05-14.02.33:780][  0]LogConfig: Setting CVar [[r.MaterialQualityLevel:1 ; High quality]]
[2022.05.05-14.02.33:780][  0]LogConfig: Setting CVar [[r.AnisotropicMaterials:1]]
[2022.05.05-14.02.33:780][  0]LogConfig: Setting CVar [[r.SSS.Scale:1]]
[2022.05.05-14.02.33:780][  0]LogConfig: Setting CVar [[r.SSS.SampleSet:2]]
[2022.05.05-14.02.33:780][  0]LogConfig: Setting CVar [[r.SSS.Quality:1]]
[2022.05.05-14.02.33:780][  0]LogConfig: Setting CVar [[r.SSS.HalfRes:0]]
[2022.05.05-14.02.33:780][  0]LogConfig: Setting CVar [[r.SSGI.Quality:3]]
[2022.05.05-14.02.33:780][  0]LogConfig: Setting CVar [[r.EmitterSpawnRateScale:1.0]]
[2022.05.05-14.02.33:780][  0]LogConfig: Setting CVar [[r.ParticleLightQuality:2]]
[2022.05.05-14.02.33:780][  0]LogConfig: Setting CVar [[r.SkyAtmosphere.AerialPerspectiveLUT.FastApplyOnOpaque:1 ; Always have FastSkyLUT 1 in this case to avoid wrong sky]]
[2022.05.05-14.02.33:780][  0]LogConfig: Setting CVar [[r.SkyAtmosphere.AerialPerspectiveLUT.SampleCountMaxPerSlice:4]]
[2022.05.05-14.02.33:780][  0]LogConfig: Setting CVar [[r.SkyAtmosphere.AerialPerspectiveLUT.DepthResolution:16.0]]
[2022.05.05-14.02.33:780][  0]LogConfig: Setting CVar [[r.SkyAtmosphere.FastSkyLUT:1]]
[2022.05.05-14.02.33:780][  0]LogConfig: Setting CVar [[r.SkyAtmosphere.FastSkyLUT.SampleCountMin:4.0]]
[2022.05.05-14.02.33:780][  0]LogConfig: Setting CVar [[r.SkyAtmosphere.FastSkyLUT.SampleCountMax:128.0]]
[2022.05.05-14.02.33:780][  0]LogConfig: Setting CVar [[r.SkyAtmosphere.SampleCountMin:4.0]]
[2022.05.05-14.02.33:780][  0]LogConfig: Setting CVar [[r.SkyAtmosphere.SampleCountMax:128.0]]
[2022.05.05-14.02.33:780][  0]LogConfig: Setting CVar [[r.SkyAtmosphere.TransmittanceLUT.UseSmallFormat:0]]
[2022.05.05-14.02.33:780][  0]LogConfig: Setting CVar [[r.SkyAtmosphere.TransmittanceLUT.SampleCount:10.0]]
[2022.05.05-14.02.33:780][  0]LogConfig: Setting CVar [[r.SkyAtmosphere.MultiScatteringLUT.SampleCount:15.0]]
[2022.05.05-14.02.33:780][  0]LogConfig: Setting CVar [[r.SkyLight.RealTimeReflectionCapture:1]]
[2022.05.05-14.02.33:780][  0]LogConfig: Applying CVar settings from Section [FoliageQuality@3] File [C:/Users/Administrador/Documents/Unreal Projects/Unreal-Prisma/ThirdPersonVR/Saved/Config/Windows/Scalability.ini]
[2022.05.05-14.02.33:780][  0]LogConfig: Setting CVar [[foliage.DensityScale:1.0]]
[2022.05.05-14.02.33:780][  0]LogConfig: Setting CVar [[grass.DensityScale:1.0]]
[2022.05.05-14.02.33:780][  0]LogConfig: Applying CVar settings from Section [ShadingQuality@3] File [C:/Users/Administrador/Documents/Unreal Projects/Unreal-Prisma/ThirdPersonVR/Saved/Config/Windows/Scalability.ini]
[2022.05.05-14.02.33:780][  0]LogConfig: Setting CVar [[r.HairStrands.SkyLighting.IntegrationType:2]]
[2022.05.05-14.02.33:780][  0]LogConfig: Setting CVar [[r.HairStrands.SkyAO.SampleCount:4]]
[2022.05.05-14.02.33:780][  0]LogConfig: Setting CVar [[r.HairStrands.Visibility.MSAA.SamplePerPixel:4]]
[2022.05.05-14.02.33:780][  0]LogInit: Selected Device Profile: [Windows]
[2022.05.05-14.02.33:780][  0]LogInit: Applying CVar settings loaded from the selected device profile: [Windows]
[2022.05.05-14.02.33:780][  0]LogHAL: Display: Platform has ~ 16 GB [16842637312 / 17179869184 / 16], which maps to Larger [LargestMinGB=32, LargerMinGB=12, DefaultMinGB=8, SmallerMinGB=6, SmallestMinGB=0)
[2022.05.05-14.02.33:780][  0]LogInit: Going up to parent DeviceProfile []
[2022.05.05-14.02.33:780][  0]LogConfig: Applying CVar settings from Section [ViewDistanceQuality@3] File [C:/Users/Administrador/Documents/Unreal Projects/Unreal-Prisma/ThirdPersonVR/Saved/Config/Windows/Scalability.ini]
[2022.05.05-14.02.33:780][  0]LogConfig: Setting CVar [[r.SkeletalMeshLODBias:0]]
[2022.05.05-14.02.33:780][  0]LogConfig: Setting CVar [[r.ViewDistanceScale:1.0]]
[2022.05.05-14.02.33:780][  0]LogConfig: Applying CVar settings from Section [AntiAliasingQuality@3] File [C:/Users/Administrador/Documents/Unreal Projects/Unreal-Prisma/ThirdPersonVR/Saved/Config/Windows/Scalability.ini]
[2022.05.05-14.02.33:780][  0]LogConfig: Setting CVar [[r.PostProcessAAQuality:4]]
[2022.05.05-14.02.33:780][  0]LogConfig: Applying CVar settings from Section [ShadowQuality@3] File [C:/Users/Administrador/Documents/Unreal Projects/Unreal-Prisma/ThirdPersonVR/Saved/Config/Windows/Scalability.ini]
[2022.05.05-14.02.33:780][  0]LogConfig: Setting CVar [[r.LightFunctionQuality:1]]
[2022.05.05-14.02.33:780][  0]LogConfig: Setting CVar [[r.ShadowQuality:5]]
[2022.05.05-14.02.33:780][  0]LogConfig: Setting CVar [[r.Shadow.CSM.MaxCascades:10]]
[2022.05.05-14.02.33:780][  0]LogConfig: Setting CVar [[r.Shadow.MaxResolution:2048]]
[2022.05.05-14.02.33:780][  0]LogConfig: Setting CVar [[r.Shadow.MaxCSMResolution:2048]]
[2022.05.05-14.02.33:780][  0]LogConfig: Setting CVar [[r.Shadow.RadiusThreshold:0.01]]
[2022.05.05-14.02.33:780][  0]LogConfig: Setting CVar [[r.Shadow.DistanceScale:1.0]]
[2022.05.05-14.02.33:780][  0]LogConfig: Setting CVar [[r.Shadow.CSM.TransitionScale:1.0]]
[2022.05.05-14.02.33:780][  0]LogConfig: Setting CVar [[r.Shadow.PreShadowResolutionFactor:1.0]]
[2022.05.05-14.02.33:780][  0]LogConfig: Setting CVar [[r.DistanceFieldShadowing:1]]
[2022.05.05-14.02.33:780][  0]LogConfig: Setting CVar [[r.DistanceFieldAO:1]]
[2022.05.05-14.02.33:780][  0]LogConfig: Setting CVar [[r.AOQuality:2]]
[2022.05.05-14.02.33:780][  0]LogConfig: Setting CVar [[r.VolumetricFog:1]]
[2022.05.05-14.02.33:780][  0]LogConfig: Setting CVar [[r.VolumetricFog.GridPixelSize:8]]
[2022.05.05-14.02.33:780][  0]LogConfig: Setting CVar [[r.VolumetricFog.GridSizeZ:128]]
[2022.05.05-14.02.33:780][  0]LogConfig: Setting CVar [[r.VolumetricFog.HistoryMissSupersampleCount:4]]
[2022.05.05-14.02.33:780][  0]LogConfig: Setting CVar [[r.LightMaxDrawDistanceScale:1]]
[2022.05.05-14.02.33:780][  0]LogConfig: Setting CVar [[r.CapsuleShadows:1]]
[2022.05.05-14.02.33:781][  0]LogConfig: Applying CVar settings from Section [PostProcessQuality@3] File [C:/Users/Administrador/Documents/Unreal Projects/Unreal-Prisma/ThirdPersonVR/Saved/Config/Windows/Scalability.ini]
[2022.05.05-14.02.33:781][  0]LogConfig: Setting CVar [[r.MotionBlurQuality:4]]
[2022.05.05-14.02.33:781][  0]LogConfig: Setting CVar [[r.AmbientOcclusionMipLevelFactor:0.4]]
[2022.05.05-14.02.33:781][  0]LogConfig: Setting CVar [[r.AmbientOcclusionMaxQuality:100]]
[2022.05.05-14.02.33:781][  0]LogConfig: Setting CVar [[r.AmbientOcclusionLevels:-1]]
[2022.05.05-14.02.33:781][  0]LogConfig: Setting CVar [[r.AmbientOcclusionRadiusScale:1.0]]
[2022.05.05-14.02.33:781][  0]LogConfig: Setting CVar [[r.DepthOfFieldQuality:2]]
[2022.05.05-14.02.33:781][  0]LogConfig: Setting CVar [[r.RenderTargetPoolMin:400]]
[2022.05.05-14.02.33:781][  0]LogConfig: Setting CVar [[r.LensFlareQuality:2]]
[2022.05.05-14.02.33:781][  0]LogConfig: Setting CVar [[r.SceneColorFringeQuality:1]]
[2022.05.05-14.02.33:781][  0]LogConfig: Setting CVar [[r.EyeAdaptationQuality:2]]
[2022.05.05-14.02.33:781][  0]LogConfig: Setting CVar [[r.BloomQuality:5]]
[2022.05.05-14.02.33:781][  0]LogConfig: Setting CVar [[r.FastBlurThreshold:100]]
[2022.05.05-14.02.33:781][  0]LogConfig: Setting CVar [[r.Upscale.Quality:3]]
[2022.05.05-14.02.33:781][  0]LogConfig: Setting CVar [[r.Tonemapper.GrainQuantization:1]]
[2022.05.05-14.02.33:781][  0]LogConfig: Setting CVar [[r.LightShaftQuality:1]]
[2022.05.05-14.02.33:781][  0]LogConfig: Setting CVar [[r.Filter.SizeScale:1]]
[2022.05.05-14.02.33:781][  0]LogConfig: Setting CVar [[r.Tonemapper.Quality:5]]
[2022.05.05-14.02.33:781][  0]LogConfig: Setting CVar [[r.DOF.Gather.AccumulatorQuality:1        ; higher gathering accumulator quality]]
[2022.05.05-14.02.33:781][  0]LogConfig: Setting CVar [[r.DOF.Gather.PostfilterMethod:1          ; Median3x3 postfilering method]]
[2022.05.05-14.02.33:781][  0]LogConfig: Setting CVar [[r.DOF.Gather.EnableBokehSettings:0       ; no bokeh simulation when gathering]]
[2022.05.05-14.02.33:781][  0]LogConfig: Setting CVar [[r.DOF.Gather.RingCount:4                 ; medium number of samples when gathering]]
[2022.05.05-14.02.33:781][  0]LogConfig: Setting CVar [[r.DOF.Scatter.ForegroundCompositing:1    ; additive foreground scattering]]
[2022.05.05-14.02.33:781][  0]LogConfig: Setting CVar [[r.DOF.Scatter.BackgroundCompositing:2    ; additive background scattering]]
[2022.05.05-14.02.33:781][  0]LogConfig: Setting CVar [[r.DOF.Scatter.EnableBokehSettings:1      ; bokeh simulation when scattering]]
[2022.05.05-14.02.33:781][  0]LogConfig: Setting CVar [[r.DOF.Scatter.MaxSpriteRatio:0.1         ; only a maximum of 10% of scattered bokeh]]
[2022.05.05-14.02.33:781][  0]LogConfig: Setting CVar [[r.DOF.Recombine.Quality:1                ; cheap slight out of focus]]
[2022.05.05-14.02.33:781][  0]LogConfig: Setting CVar [[r.DOF.Recombine.EnableBokehSettings:0    ; no bokeh simulation on slight out of focus]]
[2022.05.05-14.02.33:781][  0]LogConfig: Setting CVar [[r.DOF.TemporalAAQuality:1                ; more stable temporal accumulation]]
[2022.05.05-14.02.33:781][  0]LogConfig: Setting CVar [[r.DOF.Kernel.MaxForegroundRadius:0.025]]
[2022.05.05-14.02.33:781][  0]LogConfig: Setting CVar [[r.DOF.Kernel.MaxBackgroundRadius:0.025]]
[2022.05.05-14.02.33:781][  0]LogConfig: Applying CVar settings from Section [TextureQuality@3] File [C:/Users/Administrador/Documents/Unreal Projects/Unreal-Prisma/ThirdPersonVR/Saved/Config/Windows/Scalability.ini]
[2022.05.05-14.02.33:781][  0]LogConfig: Setting CVar [[r.Streaming.MipBias:0]]
[2022.05.05-14.02.33:781][  0]LogConfig: Setting CVar [[r.Streaming.AmortizeCPUToGPUCopy:0]]
[2022.05.05-14.02.33:781][  0]LogConfig: Setting CVar [[r.Streaming.MaxNumTexturesToStreamPerFrame:0]]
[2022.05.05-14.02.33:781][  0]LogConfig: Setting CVar [[r.Streaming.Boost:1]]
[2022.05.05-14.02.33:781][  0]LogConfig: Setting CVar [[r.MaxAnisotropy:8]]
[2022.05.05-14.02.33:781][  0]LogConfig: Setting CVar [[r.VT.MaxAnisotropy:8]]
[2022.05.05-14.02.33:781][  0]LogConfig: Setting CVar [[r.Streaming.LimitPoolSizeToVRAM:0]]
[2022.05.05-14.02.33:781][  0]LogConfig: Setting CVar [[r.Streaming.PoolSize:1000]]
[2022.05.05-14.02.33:781][  0]LogConfig: Setting CVar [[r.Streaming.MaxEffectiveScreenSize:0]]
[2022.05.05-14.02.33:781][  0]LogConfig: Applying CVar settings from Section [EffectsQuality@3] File [C:/Users/Administrador/Documents/Unreal Projects/Unreal-Prisma/ThirdPersonVR/Saved/Config/Windows/Scalability.ini]
[2022.05.05-14.02.33:781][  0]LogConfig: Setting CVar [[r.TranslucencyLightingVolumeDim:64]]
[2022.05.05-14.02.33:781][  0]LogConfig: Setting CVar [[r.RefractionQuality:2]]
[2022.05.05-14.02.33:781][  0]LogConfig: Setting CVar [[r.SSR.Quality:3]]
[2022.05.05-14.02.33:781][  0]LogConfig: Setting CVar [[r.SSR.HalfResSceneColor:0]]
[2022.05.05-14.02.33:781][  0]LogConfig: Setting CVar [[r.SceneColorFormat:4]]
[2022.05.05-14.02.33:781][  0]LogConfig: Setting CVar [[r.DetailMode:2]]
[2022.05.05-14.02.33:781][  0]LogConfig: Setting CVar [[r.TranslucencyVolumeBlur:1]]
[2022.05.05-14.02.33:781][  0]LogConfig: Setting CVar [[r.MaterialQualityLevel:1 ; High quality]]
[2022.05.05-14.02.33:781][  0]LogConfig: Setting CVar [[r.AnisotropicMaterials:1]]
[2022.05.05-14.02.33:781][  0]LogConfig: Setting CVar [[r.SSS.Scale:1]]
[2022.05.05-14.02.33:781][  0]LogConfig: Setting CVar [[r.SSS.SampleSet:2]]
[2022.05.05-14.02.33:781][  0]LogConfig: Setting CVar [[r.SSS.Quality:1]]
[2022.05.05-14.02.33:781][  0]LogConfig: Setting CVar [[r.SSS.HalfRes:0]]
[2022.05.05-14.02.33:781][  0]LogConfig: Setting CVar [[r.SSGI.Quality:3]]
[2022.05.05-14.02.33:781][  0]LogConfig: Setting CVar [[r.EmitterSpawnRateScale:1.0]]
[2022.05.05-14.02.33:781][  0]LogConfig: Setting CVar [[r.ParticleLightQuality:2]]
[2022.05.05-14.02.33:781][  0]LogConfig: Setting CVar [[r.SkyAtmosphere.AerialPerspectiveLUT.FastApplyOnOpaque:1 ; Always have FastSkyLUT 1 in this case to avoid wrong sky]]
[2022.05.05-14.02.33:781][  0]LogConfig: Setting CVar [[r.SkyAtmosphere.AerialPerspectiveLUT.SampleCountMaxPerSlice:4]]
[2022.05.05-14.02.33:781][  0]LogConfig: Setting CVar [[r.SkyAtmosphere.AerialPerspectiveLUT.DepthResolution:16.0]]
[2022.05.05-14.02.33:781][  0]LogConfig: Setting CVar [[r.SkyAtmosphere.FastSkyLUT:1]]
[2022.05.05-14.02.33:781][  0]LogConfig: Setting CVar [[r.SkyAtmosphere.FastSkyLUT.SampleCountMin:4.0]]
[2022.05.05-14.02.33:781][  0]LogConfig: Setting CVar [[r.SkyAtmosphere.FastSkyLUT.SampleCountMax:128.0]]
[2022.05.05-14.02.33:781][  0]LogConfig: Setting CVar [[r.SkyAtmosphere.SampleCountMin:4.0]]
[2022.05.05-14.02.33:781][  0]LogConfig: Setting CVar [[r.SkyAtmosphere.SampleCountMax:128.0]]
[2022.05.05-14.02.33:781][  0]LogConfig: Setting CVar [[r.SkyAtmosphere.TransmittanceLUT.UseSmallFormat:0]]
[2022.05.05-14.02.33:781][  0]LogConfig: Setting CVar [[r.SkyAtmosphere.TransmittanceLUT.SampleCount:10.0]]
[2022.05.05-14.02.33:781][  0]LogConfig: Setting CVar [[r.SkyAtmosphere.MultiScatteringLUT.SampleCount:15.0]]
[2022.05.05-14.02.33:781][  0]LogConfig: Setting CVar [[r.SkyLight.RealTimeReflectionCapture:1]]
[2022.05.05-14.02.33:781][  0]LogConfig: Applying CVar settings from Section [FoliageQuality@3] File [C:/Users/Administrador/Documents/Unreal Projects/Unreal-Prisma/ThirdPersonVR/Saved/Config/Windows/Scalability.ini]
[2022.05.05-14.02.33:781][  0]LogConfig: Setting CVar [[foliage.DensityScale:1.0]]
[2022.05.05-14.02.33:781][  0]LogConfig: Setting CVar [[grass.DensityScale:1.0]]
[2022.05.05-14.02.33:781][  0]LogConfig: Applying CVar settings from Section [ShadingQuality@3] File [C:/Users/Administrador/Documents/Unreal Projects/Unreal-Prisma/ThirdPersonVR/Saved/Config/Windows/Scalability.ini]
[2022.05.05-14.02.33:781][  0]LogConfig: Setting CVar [[r.HairStrands.SkyLighting.IntegrationType:2]]
[2022.05.05-14.02.33:781][  0]LogConfig: Setting CVar [[r.HairStrands.SkyAO.SampleCount:4]]
[2022.05.05-14.02.33:781][  0]LogConfig: Setting CVar [[r.HairStrands.Visibility.MSAA.SamplePerPixel:4]]
[2022.05.05-14.02.33:781][  0]LogConfig: Applying CVar settings from Section [Startup] File [../../../Engine/Config/ConsoleVariables.ini]
[2022.05.05-14.02.33:782][  0]LogConfig: Setting CVar [[net.UseAdaptiveNetUpdateFrequency:0]]
[2022.05.05-14.02.33:782][  0]LogConfig: Setting CVar [[p.chaos.AllowCreatePhysxBodies:1]]
[2022.05.05-14.02.33:782][  0]LogConfig: Setting CVar [[fx.SkipVectorVMBackendOptimizations:1]]
[2022.05.05-14.02.33:782][  0]LogConfig: Applying CVar settings from Section [ConsoleVariables] File [C:/Users/Administrador/Documents/Unreal Projects/Unreal-Prisma/ThirdPersonVR/Saved/Config/Windows/Engine.ini]
[2022.05.05-14.02.33:782][  0]LogConfig: Applying CVar settings from Section [ConsoleVariables] File [C:/Users/Administrador/Documents/Unreal Projects/Unreal-Prisma/ThirdPersonVR/Saved/Config/Windows/Editor.ini]
[2022.05.05-14.02.33:782][  0]LogInit: Computer: DESKTOP-QU0IU8S
[2022.05.05-14.02.33:782][  0]LogInit: User: Administrador
[2022.05.05-14.02.33:782][  0]LogInit: CPU Page size=4096, Cores=6
[2022.05.05-14.02.33:782][  0]LogInit: High frequency timer resolution =10.000000 MHz
[2022.05.05-14.02.33:782][  0]LogMemory: Memory total: Physical=15.7GB (16GB approx)
[2022.05.05-14.02.33:782][  0]LogMemory: Platform Memory Stats for Windows
[2022.05.05-14.02.33:782][  0]LogMemory: Process Physical Memory: 150.80 MB used, 150.81 MB peak
[2022.05.05-14.02.33:782][  0]LogMemory: Process Virtual Memory: 121.88 MB used, 121.88 MB peak
[2022.05.05-14.02.33:782][  0]LogMemory: Physical Memory: 7021.69 MB used,  9040.70 MB free, 16062.39 MB total
[2022.05.05-14.02.33:782][  0]LogMemory: Virtual Memory: 134209016.00 MB used,  8712.28 MB free, 134217728.00 MB total
[2022.05.05-14.02.33:787][  0]LogWindows: WindowsPlatformFeatures enabled
[2022.05.05-14.02.33:814][  0]LogInit: Physics initialised using underlying interface: PhysX
[2022.05.05-14.02.33:815][  0]LogInit: Overriding language with editor language configuration option (en).
[2022.05.05-14.02.33:815][  0]LogInit: Using OS detected locale (es-ES).
[2022.05.05-14.02.33:999][  0]LogInit: Setting process to per monitor DPI aware
[2022.05.05-14.02.34:012][  0]LogWindowsTextInputMethodSystem: Display: IME system deactivated.
[2022.05.05-14.02.34:025][  0]LogSlate: New Slate User Created.  User Index 0, Is Virtual User: 0
[2022.05.05-14.02.34:025][  0]LogSlate: Slate User Registered.  User Index 0, Is Virtual User: 0
[2022.05.05-14.02.34:118][  0]LogD3D11RHI: Loaded GFSDK_Aftermath_Lib.x64.dll
[2022.05.05-14.02.34:118][  0]LogD3D11RHI: D3D11 min allowed feature level: 11_0
[2022.05.05-14.02.34:118][  0]LogD3D11RHI: D3D11 max allowed feature level: 11_0
[2022.05.05-14.02.34:118][  0]LogD3D11RHI: D3D11 adapters:
[2022.05.05-14.02.34:198][  0]LogD3D11RHI:    0. 'NVIDIA GeForce RTX 2080' (Feature Level 11_0)
[2022.05.05-14.02.34:198][  0]LogD3D11RHI:       8010/0/8031 MB DedicatedVideo/DedicatedSystem/SharedSystem, Outputs:2, VendorId:0x10de
[2022.05.05-14.02.34:200][  0]LogD3D11RHI:    1. 'Microsoft Basic Render Driver' (Feature Level 11_0)
[2022.05.05-14.02.34:200][  0]LogD3D11RHI:       0/0/8031 MB DedicatedVideo/DedicatedSystem/SharedSystem, Outputs:0, VendorId:0x1414
[2022.05.05-14.02.34:200][  0]LogD3D11RHI: Chosen D3D11 Adapter:
[2022.05.05-14.02.34:200][  0]LogD3D11RHI:     Description : NVIDIA GeForce RTX 2080
[2022.05.05-14.02.34:200][  0]LogD3D11RHI:     VendorId    : 10de
[2022.05.05-14.02.34:200][  0]LogD3D11RHI:     DeviceId    : 1e82
[2022.05.05-14.02.34:200][  0]LogD3D11RHI:     SubSysId    : 37221462
[2022.05.05-14.02.34:200][  0]LogD3D11RHI:     Revision    : 00a1
[2022.05.05-14.02.34:200][  0]LogD3D11RHI:     DedicatedVideoMemory : 8399093760 bytes
[2022.05.05-14.02.34:200][  0]LogD3D11RHI:     DedicatedSystemMemory : 0 bytes
[2022.05.05-14.02.34:200][  0]LogD3D11RHI:     SharedSystemMemory : 8421318656 bytes
[2022.05.05-14.02.34:200][  0]LogD3D11RHI:     AdapterLuid : 0 48486
[2022.05.05-14.02.34:205][  0]LogD3D11RHI: Creating new Direct3DDevice
[2022.05.05-14.02.34:205][  0]LogD3D11RHI:     GPU DeviceId: 0x1e82 (for the marketing name, search the web for "GPU Device Id")
[2022.05.05-14.02.34:205][  0]LogWindows: EnumDisplayDevices:
[2022.05.05-14.02.34:205][  0]LogWindows:    0. 'NVIDIA GeForce RTX 2080' (P:1 D:1)
[2022.05.05-14.02.34:205][  0]LogWindows:    1. 'NVIDIA GeForce RTX 2080' (P:0 D:1)
[2022.05.05-14.02.34:205][  0]LogWindows:    2. 'NVIDIA GeForce RTX 2080' (P:0 D:0)
[2022.05.05-14.02.34:205][  0]LogWindows:    3. 'NVIDIA GeForce RTX 2080' (P:0 D:0)
[2022.05.05-14.02.34:205][  0]LogWindows: DebugString: FoundDriverCount:4 
[2022.05.05-14.02.34:205][  0]LogD3D11RHI:     Adapter Name: NVIDIA GeForce RTX 2080
[2022.05.05-14.02.34:205][  0]LogD3D11RHI:   Driver Version: 511.79 (internal:30.0.15.1179, unified:511.79)
[2022.05.05-14.02.34:205][  0]LogD3D11RHI:      Driver Date: 2-10-2022
[2022.05.05-14.02.34:205][  0]LogRHI: Texture pool is 5607 MB (70% of 8010 MB)
[2022.05.05-14.02.34:205][  0]LogD3D11RHI: Creating D3DDevice using adapter:
[2022.05.05-14.02.34:205][  0]LogD3D11RHI:     Description : NVIDIA GeForce RTX 2080
[2022.05.05-14.02.34:205][  0]LogD3D11RHI:     VendorId    : 10de
[2022.05.05-14.02.34:205][  0]LogD3D11RHI:     DeviceId    : 1e82
[2022.05.05-14.02.34:205][  0]LogD3D11RHI:     SubSysId    : 37221462
[2022.05.05-14.02.34:205][  0]LogD3D11RHI:     Revision    : 00a1
[2022.05.05-14.02.34:205][  0]LogD3D11RHI:     DedicatedVideoMemory : 8399093760 bytes
[2022.05.05-14.02.34:205][  0]LogD3D11RHI:     DedicatedSystemMemory : 0 bytes
[2022.05.05-14.02.34:206][  0]LogD3D11RHI:     SharedSystemMemory : 8421318656 bytes
[2022.05.05-14.02.34:206][  0]LogD3D11RHI:     AdapterLuid : 0 48486
[2022.05.05-14.02.34:261][  0]LogD3D11RHI: RHI has support for 64 bit atomics
[2022.05.05-14.02.34:261][  0]LogD3D11RHI: Async texture creation enabled
[2022.05.05-14.02.34:261][  0]LogD3D11RHI: Array index from any shader is supported
[2022.05.05-14.02.34:281][  0]LogD3D11RHI: GPU Timing Frequency: 1000.000000 (Debug: 2 2)
[2022.05.05-14.02.34:304][  0]LogRHI: GeForceNow SDK initialized: 1
[2022.05.05-14.02.34:539][  0]LogTargetPlatformManager: Display: Loaded TargetPlatform 'AllDesktop'
[2022.05.05-14.02.34:558][  0]LogTargetPlatformManager: Display: Loaded TargetPlatform 'Android'
[2022.05.05-14.02.34:558][  0]LogTargetPlatformManager: Display: Loaded TargetPlatform 'Android_ASTC'
[2022.05.05-14.02.34:558][  0]LogTargetPlatformManager: Display: Loaded TargetPlatform 'Android_DXT'
[2022.05.05-14.02.34:558][  0]LogTargetPlatformManager: Display: Loaded TargetPlatform 'Android_ETC2'
[2022.05.05-14.02.34:558][  0]LogTargetPlatformManager: Display: Loaded TargetPlatform 'AndroidClient'
[2022.05.05-14.02.34:558][  0]LogTargetPlatformManager: Display: Loaded TargetPlatform 'Android_ASTCClient'
[2022.05.05-14.02.34:558][  0]LogTargetPlatformManager: Display: Loaded TargetPlatform 'Android_DXTClient'
[2022.05.05-14.02.34:558][  0]LogTargetPlatformManager: Display: Loaded TargetPlatform 'Android_ETC2Client'
[2022.05.05-14.02.34:558][  0]LogTargetPlatformManager: Display: Loaded TargetPlatform 'Android_Multi'
[2022.05.05-14.02.34:558][  0]LogTargetPlatformManager: Display: Loaded TargetPlatform 'Android_MultiClient'
[2022.05.05-14.02.34:573][  0]LogTargetPlatformManager: Display: Loaded TargetPlatform 'IOSClient'
[2022.05.05-14.02.34:573][  0]LogTargetPlatformManager: Display: Loaded TargetPlatform 'IOS'
[2022.05.05-14.02.34:583][  0]LogTargetPlatformManager: Display: Loaded TargetPlatform 'Linux'
[2022.05.05-14.02.34:586][  0]LogTargetPlatformManager: Display: Loaded TargetPlatform 'LinuxNoEditor'
[2022.05.05-14.02.34:590][  0]LogTargetPlatformManager: Display: Loaded TargetPlatform 'LinuxClient'
[2022.05.05-14.02.34:593][  0]LogTargetPlatformManager: Display: Loaded TargetPlatform 'LinuxServer'
[2022.05.05-14.02.34:602][  0]LogTargetPlatformManager: Display: Loaded TargetPlatform 'LinuxAArch64NoEditor'
[2022.05.05-14.02.34:605][  0]LogTargetPlatformManager: Display: Loaded TargetPlatform 'LinuxAArch64Client'
[2022.05.05-14.02.34:611][  0]LogTargetPlatformManager: Display: Loaded TargetPlatform 'LinuxAArch64Server'
[2022.05.05-14.02.34:635][  0]LogTargetPlatformManager: Display: Loaded TargetPlatform 'Lumin'
[2022.05.05-14.02.34:635][  0]LogTargetPlatformManager: Display: Loaded TargetPlatform 'LuminClient'
[2022.05.05-14.02.34:643][  0]LogTargetPlatformManager: Display: Loaded TargetPlatform 'MacNoEditor'
[2022.05.05-14.02.34:646][  0]LogTargetPlatformManager: Display: Loaded TargetPlatform 'Mac'
[2022.05.05-14.02.34:651][  0]LogTargetPlatformManager: Display: Loaded TargetPlatform 'MacClient'
[2022.05.05-14.02.34:654][  0]LogTargetPlatformManager: Display: Loaded TargetPlatform 'MacServer'
[2022.05.05-14.02.34:664][  0]LogTargetPlatformManager: Display: Loaded TargetPlatform 'TVOSClient'
[2022.05.05-14.02.34:664][  0]LogTargetPlatformManager: Display: Loaded TargetPlatform 'TVOS'
[2022.05.05-14.02.34:672][  0]LogTargetPlatformManager: Display: Loaded TargetPlatform 'WindowsNoEditor'
[2022.05.05-14.02.34:676][  0]LogTargetPlatformManager: Display: Loaded TargetPlatform 'Windows'
[2022.05.05-14.02.34:679][  0]LogTargetPlatformManager: Display: Loaded TargetPlatform 'WindowsClient'
[2022.05.05-14.02.34:685][  0]LogTargetPlatformManager: Display: Loaded TargetPlatform 'WindowsServer'
[2022.05.05-14.02.34:685][  0]LogTargetPlatformManager: Display: Building Assets For Windows
[2022.05.05-14.02.34:690][  0]LogAudioDebug: Display: Lib vorbis DLL was dynamically loaded.
[2022.05.05-14.02.34:713][  0]LogTextureFormatOodle: Display: Oodle Texture 2.9.0 init RDO Off
[2022.05.05-14.02.34:736][  0]LogRendererCore: Ray tracing is disabled. Reason: r.RayTracing=0.
[2022.05.05-14.02.34:737][  0]LogShaderCompilers: Guid format shader working directory is -38 characters bigger than the processId version (../../../../../../Users/Administrador/Documents/Unreal Projects/Unreal-Prisma/ThirdPersonVR/Intermediate/Shaders/WorkingDirectory/14616/).
[2022.05.05-14.02.34:737][  0]LogShaderCompilers: Cleaned the shader compiler working directory 'C:/Users/Administrador/AppData/Local/Temp/UnrealShaderWorkingDir/4543EF8046492582E01CC489040BDA7C/'.
[2022.05.05-14.02.34:737][  0]LogXGEController: Cannot use XGE Controller as Incredibuild is not installed on this machine.
[2022.05.05-14.02.34:737][  0]LogShaderCompilers: Cannot use XGE Shader Compiler as Incredibuild is not installed on this machine.
[2022.05.05-14.02.34:737][  0]LogShaderCompilers: Display: Using Local Shader Compiler.
[2022.05.05-14.02.35:427][  0]LogDerivedDataCache: Display: Max Cache Size: 512 MB
[2022.05.05-14.02.35:489][  0]LogDerivedDataCache: Loaded boot cache 0.06s 103MB C:/Users/Administrador/AppData/Local/UnrealEngine/4.27/DerivedDataCache/Boot.ddc.
[2022.05.05-14.02.35:489][  0]LogDerivedDataCache: Display: Loaded Boot cache: C:/Users/Administrador/AppData/Local/UnrealEngine/4.27/DerivedDataCache/Boot.ddc
[2022.05.05-14.02.35:489][  0]LogDerivedDataCache: FDerivedDataBackendGraph:  Pak pak cache file ../../../../../../Users/Administrador/Documents/Unreal Projects/Unreal-Prisma/ThirdPersonVR/DerivedDataCache/DDC.ddp not found, will not use a pak cache.
[2022.05.05-14.02.35:489][  0]LogDerivedDataCache: Unable to find inner node Pak for hierarchical cache Hierarchy.
[2022.05.05-14.02.35:489][  0]LogDerivedDataCache: FDerivedDataBackendGraph:  CompressedPak pak cache file ../../../../../../Users/Administrador/Documents/Unreal Projects/Unreal-Prisma/ThirdPersonVR/DerivedDataCache/Compressed.ddp not found, will not use a pak cache.
[2022.05.05-14.02.35:489][  0]LogDerivedDataCache: Unable to find inner node CompressedPak for hierarchical cache Hierarchy.
[2022.05.05-14.02.35:504][  0]LogDerivedDataCache: Display: Pak cache opened for reading ../../../Engine/DerivedDataCache/Compressed.ddp.
[2022.05.05-14.02.35:504][  0]LogDerivedDataCache: FDerivedDataBackendGraph:  EnterprisePak pak cache file ../../../Enterprise/DerivedDataCache/Compressed.ddp not found, will not use a pak cache.
[2022.05.05-14.02.35:504][  0]LogDerivedDataCache: Unable to find inner node EnterprisePak for hierarchical cache Hierarchy.
[2022.05.05-14.02.35:511][  0]LogDerivedDataCache: Speed tests for C:/Users/Administrador/AppData/Local/UnrealEngine/Common/DerivedDataCache took 0.01 seconds
[2022.05.05-14.02.35:511][  0]LogDerivedDataCache: Display: Performance to C:/Users/Administrador/AppData/Local/UnrealEngine/Common/DerivedDataCache: Latency=0.02ms. RandomReadSpeed=354.46MBs, RandomWriteSpeed=265.94MBs. Assigned SpeedClass 'Local'
[2022.05.05-14.02.35:511][  0]LogDerivedDataCache: Using Local data cache path C:/Users/Administrador/AppData/Local/UnrealEngine/Common/DerivedDataCache: Writable
[2022.05.05-14.02.35:511][  0]LogDerivedDataCache: Shared data cache path not found in *engine.ini, will not use an Shared cache.
[2022.05.05-14.02.35:511][  0]LogDerivedDataCache: Unable to find inner node Shared for hierarchical cache Hierarchy.
[2022.05.05-14.02.35:553][  0]LogSlate: Using FreeType 2.10.0
[2022.05.05-14.02.35:554][  0]LogSlate: SlateFontServices - WITH_FREETYPE: 1, WITH_HARFBUZZ: 1
[2022.05.05-14.02.35:573][  0]LogAssetRegistry: FAssetRegistry took 0.0031 seconds to start up
[2022.05.05-14.02.35:786][  0]LogInit: Selected Device Profile: [Windows]
[2022.05.05-14.02.35:786][  0]LogInit: Active device profile: [000001B60E9A2900][000001B60A2E6180 49] Windows
[2022.05.05-14.02.35:786][  0]LogInit: Profiles: [000001B60E9A2900][000001B60A2E6180 49] Windows, [000001B60E941900][000001B60FA90440 49] WindowsNoEditor, [000001B60E9A1900][000001B60FA94700 49] WindowsServer, [000001B60E942900][000001B60FAA49C0 49] WindowsClient, [000001B60E9A2B00][000001B60A2EAC40 49] IOS, [000001B60E943300][000001B60E46EEC0 49] iPadAir, [000001B60E9A3400][000001B60E477180 49] iPadAir2, [000001B60E6FF200][000001B60E4CB6C0 49] IPadPro, [000001B60E6FF300][000001B60FEA7700 49] iPadAir3, [000001B60E9A2A00][000001B60E4879C0 49] iPadAir4, [000001B60E6FDF00][000001B60FEBA100 49] iPadMini2, [000001B60E9A1700][000001B60E4C63C0 49] iPadMini3, [000001B60E6FDA00][000001B60F7D4680 49] iPadMini4, [000001B60E9A1E00][000001B60F7DC940 49] iPadMini5, [000001B60E93E800][000001B60FA38E40 49] iPhone6, [000001B60E93E900][000001B60F7F0E80 49] iPodTouch6, [000001B60E6FD200][000001B60FA45380 49] iPhone7, [000001B60E6FD100][000001B60E4733C0 49] iPodTouch7, [000001B60E93DD00][000001B60FA3D680 49] iPhone5S, [000001B60E6FF400][000001B60F7F5940 49] iPhone6Plus, [000001B60E93EF00][000001B60FA41C00 49] iPhone6S, [000001B60E6FE600][000001B60FE9C340 49] iPhone6SPlus, [000001B60E93EA00][000001B60FEA0600 49] iPhone7Plus, [000001B60E6FD600][000001B60E5448C0 49] iPhoneSE, [000001B60E93E600][000001B60E548B80 49] iPhone8, [000001B60E6FCC00][000001B60E54CE40 49] iPhone8Plus, [000001B60E93DB00][000001B60F7F90C0 49] iPhoneX, [000001B60E6FE500][000001B60E551340 49] iPhoneXS, [000001B60E93C300][000001B60FC79600 49] iPhoneXSMax, [000001B60E6FF800][000001B60FE918C0 49] iPhoneXR, [000001B60E93F200][000001B60A385B80 49] iPhone11, [000001B60E6FD400][000001B60A3882C0 49] iPhone11Pro, [000001B60E93D000][000001B60A38C580 49] iPhone11ProMax, [000001B60E6FEC00][000001B60FC7C840 49] iPhoneSE2, [000001B60E93FA00][000001B60FC84B00 49] iPhone12Mini, [000001B60E6FDC00][000001B60FC8CDC0 49] iPhone12, [000001B60E93CE00][000001B60E5D7080 49] iPhone12Pro, [000001B60E6FF000][000001B60FC75300 49] iPhone12ProMax, [000001B60E93EC00][000001B60E5DB580 49] iPadPro105, [000001B60E6FE400][000001B60FA0B840 49] iPadPro129, [000001B60E93C800][000001B60FA0FB00 49] iPadPro97, [000001B60E6FFD00][000001B60FA12240 49] iPadPro2_129, [000001B60E93E200][000001B60FA16500 49] iPad5, [000001B60E6FE100][000001B60FA1A7C0 49] iPad6, [000001B60E93F800][000001B60FA1EA80 49] iPad7, [000001B60E6FE700][000001B60FA22D40 49] iPad8, [000001B60E93CD00][000001B60FA27000 49] iPadPro11, [000001B60D6D8B00][000001B60FA2B2C0 49] iPadPro2_11, [000001B60E943800][000001B60E5E3540 49] iPadPro3_129, [000001B60D6D9300][000001B60FA2F7C0 49] iPadPro4_129, [000001B60E942400][000001B60FBDFA80 49] AppleTV, [000001B60D6D8E00][000001B60E5581C0 49] AppleTV4K, [000001B60E942A00][000001B60E55C480 49] TVOS, [000001B60D6D9A00][000001B60E560740 49] Mac, [000001B60E941800][000001B60E564A00 49] MacClient, [000001B60D6D8900][000001B60E568CC0 49] MacNoEditor, [000001B60E943000][000001B60E56CF80 49] MacServer, [000001B60D6D8200][000001B60E571240 49] Linux, [000001B60E940D00][000001B60E575500 49] LinuxAArch64, [000001B60D6D9100][000001B60FBDB780 49] LinuxNoEditor, [000001B60E941400][000001B60E5B9A40 49] LinuxAArch64NoEditor, [000001B60D6D8700][000001B60E5BC180 49] LinuxClient, [000001B60E941700][000001B60E5C0440 49] LinuxAArch64Client, [000001B60E93D900][000001B60F7CA700 49] LinuxServer, [000001B60E6FCF00][000001B60F7CE9C0 49] LinuxAArch64Server, [000001B60E93F900][000001B60FC5EC80 49] Android, [000001B60E6FCE00][000001B60FC6CF40 49] Android_Low, [000001B60E93E300][000001B60FC71200 49] Android_Mid, [000001B60E6FF900][000001B60A2EF4C0 49] Android_High, [000001B60E93D100][000001B60E5B5740 49] Android_Default, [000001B60E6FE300][000001B60A2F39C0 49] Android_Adreno4xx, [000001B60E93D500][000001B60A328100 49] Android_Adreno5xx_Low, [000001B60E6FDD00][000001B60A32C3C0 49] Android_Adreno5xx, [000001B60E93E700][000001B60A330680 49] Android_Adreno6xx, [000001B60E6FC700][000001B60A334940 49] Android_Adreno6xx_Vulkan, [000001B60E93DC00][000001B60A338C00 49] Android_Mali_T6xx, [000001B60E6FC200][000001B60A33CEC0 49] Android_Mali_T7xx, [000001B60E93E100][000001B60A341180 49] Android_Mali_T8xx, [000001B60E6FEE00][000001B60A345440 49] Android_Mali_G71, [000001B60E93C700][000001B60A349700 49] Android_Mali_G72, [000001B60E6FD900][000001B60A325980 49] Android_Mali_G72_Vulkan, [000001B60E93FB00][000001B60A369C00 49] Android_Mali_G76, [000001B60E6FF500][000001B60A376340 49] Android_Mali_G76_Vulkan, [000001B60E93C400][000001B60A37A600 49] Android_Mali_G77, [000001B60E6FC400][000001B60A37E8C0 49] Android_Mali_G77_Vulkan, [000001B60E93CF00][000001B60F97EB80 49] Android_Mali_G78, [000001B60E6FD700][000001B60F988E40 49] Android_Mali_G78_Vulkan, [000001B60E93CB00][000001B60F98D100 49] Android_Mali_G710, [000001B60E6FC100][000001B60F9913C0 49] Android_Mali_G710_Vulkan, [000001B60E93CA00][000001B67FC37680 49] Android_Vulkan_SM5, [000001B60E6FE000][000001B67FC3B940 49] Android_PowerVR_G6xxx, [000001B60D6D8100][000001B60A373BC0 49] Android_PowerVR_GT7xxx, [000001B60E6FCD00][000001B67FC3E2C0 49] Android_PowerVR_GE8xxx, [000001B60E9A2200][000001B67FC46580 49] Android_PowerVR_GM9xxx, [000001B60E942800][000001B60E5DE840 49] Android_PowerVR_GM9xxx_Vulkan, [000001B60E9A2100][000001B60F994B00 49] Android_TegraK1, [000001B60E941B00][000001B60F998DC0 49] Android_Unknown_Vulkan, [000001B60E9A2E00][000001B60F99D080 49] Lumin, [000001B60E940700][000001B60F9A1340 49] Lumin_Desktop, [000001B60E9A0400][000001B60F9B7600 49] HoloLens, 
[2022.05.05-14.02.35:905][  0]LogMeshReduction: Using QuadricMeshReduction for automatic static mesh reduction
[2022.05.05-14.02.35:905][  0]LogMeshReduction: Using SimplygonMeshReduction for automatic skeletal mesh reduction
[2022.05.05-14.02.35:905][  0]LogMeshReduction: Using ProxyLODMeshReduction for automatic mesh merging
[2022.05.05-14.02.35:905][  0]LogMeshReduction: No distributed automatic mesh merging module available
[2022.05.05-14.02.35:905][  0]LogMeshMerging: No distributed automatic mesh merging module available
[2022.05.05-14.02.35:918][  0]LogNetVersion: ThirdPersonVR 1.0.0, NetCL: 17155196, EngineNetVer: 17, GameNetVer: 0 (Checksum: 1214796559)
[2022.05.05-14.02.36:244][  0]LogTexture: Default maximum texture size for cubemaps generated from long-lat sources has been changed from 512 to unlimited. In order to preserve old behaiour for '/Engine/MapTemplates/Sky/DaylightAmbientCubemap.DaylightAmbientCubemap', its maximum texture size has been explicitly set to 512.
[2022.05.05-14.02.36:308][  0]LogHMD: PokeAHoleMaterial loaded successfully
[2022.05.05-14.02.36:314][  0]LogUObjectArray: 17178 objects as part of root set at end of initial load.
[2022.05.05-14.02.36:314][  0]LogUObjectAllocator: 4302048 out of 0 bytes used by permanent object pool.
[2022.05.05-14.02.36:314][  0]LogUObjectArray: CloseDisregardForGC: 0/0 objects in disregard for GC pool
[2022.05.05-14.02.36:470][  0]LogNiagaraDebuggerClient: Niagara Debugger Client Initialized | Session: EAAA2AD14211F53C532A7A997ECD6EAD | Instance: 112D8BF64E9CDC192C2314814AC6989A (DESKTOP-QU0IU8S-14616).
[2022.05.05-14.02.36:592][  0]LogPython: Using Python 3.7.7
[2022.05.05-14.02.37:038][  0]LogTcpMessaging: Initializing TcpMessaging bridge
[2022.05.05-14.02.37:042][  0]LogUdpMessaging: Initializing bridge on interface 0.0.0.0:0 to multicast group 230.0.0.1:6666.
[2022.05.05-14.02.37:392][  0]SourceControl: Source control is disabled
[2022.05.05-14.02.37:392][  0]SourceControl: Source control is disabled
[2022.05.05-14.02.37:396][  0]SourceControl: Source control is disabled
[2022.05.05-14.02.37:398][  0]SourceControl: Source control is disabled
[2022.05.05-14.02.37:420][  0]LogUProjectInfo: Found projects:
[2022.05.05-14.02.37:429][  0]SourceControl: Source control is disabled
[2022.05.05-14.02.37:605][  0]LogOpenImageDenoise: OIDN starting up
[2022.05.05-14.02.37:630][  0]LogAndroidPermission: UAndroidPermissionCallbackProxy::GetInstance
[2022.05.05-14.02.37:650][  0]LogAudioCaptureCore: Display: No Audio Capture implementations found. Audio input will be silent.
[2022.05.05-14.02.37:650][  0]LogAudioCaptureCore: Display: No Audio Capture implementations found. Audio input will be silent.
[2022.05.05-14.02.37:757][  0]LogCollectionManager: Loaded 0 collections in 0.001986 seconds
[2022.05.05-14.02.37:779][  0]LogFileCache: Scanning file cache for directory 'C:/Users/Administrador/Documents/Unreal Projects/Unreal-Prisma/ThirdPersonVR/Saved/Collections/' took 0.00s
[2022.05.05-14.02.37:779][  0]LogFileCache: Scanning file cache for directory 'C:/Users/Administrador/Documents/Unreal Projects/Unreal-Prisma/ThirdPersonVR/Content/Developers/Administrador/Collections/' took 0.00s
[2022.05.05-14.02.37:779][  0]LogFileCache: Scanning file cache for directory 'C:/Users/Administrador/Documents/Unreal Projects/Unreal-Prisma/ThirdPersonVR/Content/Collections/' took 0.00s
[2022.05.05-14.02.37:779][  0]LogOcInput: OculusInput pre-init called
[2022.05.05-14.02.37:971][  0]LogEngine: Initializing Engine...
[2022.05.05-14.02.37:971][  0]LogHMD: PokeAHoleMaterial loaded successfully
[2022.05.05-14.02.37:972][  0]LogHMD: Initializing OVRPlugin session
[2022.05.05-14.02.38:111][  0]LogHMD: Allocating Oculus 3648 x 1824 rendertarget swapchain
[2022.05.05-14.02.38:112][  0]LogHMD: Oculus plugin initialized. Version: 4.27.2-18319896+++UE4+Release-4.27, OVRPlugin: 1.59.0
[2022.05.05-14.02.38:113][  0]LogStats: UGameplayTagsManager::InitializeManager -  0.000 s
[2022.05.05-14.02.38:229][  0]LogInit: Initializing FReadOnlyCVARCache
[2022.05.05-14.02.38:237][  0]LogAIModule: Creating AISystem for world Untitled
[2022.05.05-14.02.38:253][  0]LogAudio: Display: Initializing Audio Device Manager...
[2022.05.05-14.02.38:256][  0]LogAudio: Display: Loading Default Audio Settings Objects...
[2022.05.05-14.02.38:256][  0]LogAudio: Display: No default SoundConcurrencyObject specified (or failed to load).
[2022.05.05-14.02.38:257][  0]LogAudio: Display: Audio Device Manager Initialized
[2022.05.05-14.02.38:257][  0]LogAudio: Display: Creating Audio Device:                 Id: 1, Scope: Shared, Realtime: True
[2022.05.05-14.02.38:257][  0]LogAudioMixer: Display: Audio Mixer Platform Settings:
[2022.05.05-14.02.38:257][  0]LogAudioMixer: Display: 	Sample Rate:						  48000
[2022.05.05-14.02.38:257][  0]LogAudioMixer: Display: 	Callback Buffer Frame Size Requested: 1024
[2022.05.05-14.02.38:257][  0]LogAudioMixer: Display: 	Callback Buffer Frame Size To Use:	  1024
[2022.05.05-14.02.38:257][  0]LogAudioMixer: Display: 	Number of buffers to queue:			  2
[2022.05.05-14.02.38:257][  0]LogAudioMixer: Display: 	Max Channels (voices):				  32
[2022.05.05-14.02.38:257][  0]LogAudioMixer: Display: 	Number of Async Source Workers:		  0
[2022.05.05-14.02.38:257][  0]LogAudio: Display: AudioDevice MaxSources: 32
[2022.05.05-14.02.38:258][  0]LogAudio: Display: Audio Spatialization Plugin: None (built-in).
[2022.05.05-14.02.38:258][  0]LogAudio: Display: Audio Reverb Plugin: None (built-in).
[2022.05.05-14.02.38:258][  0]LogAudio: Display: Audio Occlusion Plugin: None (built-in).
[2022.05.05-14.02.38:258][  0]LogAudioMixer: Display: Initializing audio mixer.
[2022.05.05-14.02.38:267][  0]LogAudioMixer: Display: 0: FrontLeft
[2022.05.05-14.02.38:267][  0]LogAudioMixer: Display: 1: FrontRight
[2022.05.05-14.02.38:281][  0]LogAudioMixer: Display: Using Audio Device Headphones (2- High Definition Audio Device)
[2022.05.05-14.02.38:283][  0]LogAudioMixer: Display: Initializing Sound Submixes...
[2022.05.05-14.02.38:285][  0]LogAudioMixer: Display: Creating Master Submix 'MasterSubmixDefault'
[2022.05.05-14.02.38:285][  0]LogAudioMixer: Display: Creating Master Submix 'MasterReverbSubmixDefault'
[2022.05.05-14.02.38:286][  0]LogAudioMixer: Display: Creating Master Submix 'MasterEQSubmixDefault'
[2022.05.05-14.02.38:286][  0]LogAudioMixer: FMixerPlatformXAudio2::StartAudioStream() called
[2022.05.05-14.02.38:286][  0]LogAudioMixer: Display: Output buffers initialized: Frames=1024, Channels=2, Samples=2048
[2022.05.05-14.02.38:286][  0]LogAudioMixer: Display: Starting AudioMixerPlatformInterface::RunInternal()
[2022.05.05-14.02.38:287][  0]LogAudioMixer: Display: FMixerPlatformXAudio2::SubmitBuffer() called for the first time
[2022.05.05-14.02.38:287][  0]LogInit: FAudioDevice initialized.
[2022.05.05-14.02.38:287][  0]LogAudio: Display: Audio Device (ID: 1) registered with world 'Untitled'.
[2022.05.05-14.02.38:287][  0]LogNetVersion: Set ProjectVersion to 1.0.0.0. Version Checksum will be recalculated on next use.
[2022.05.05-14.02.38:336][  0]LogDerivedDataCache: Saved boot cache 0.05s 103MB C:/Users/Administrador/AppData/Local/UnrealEngine/4.27/DerivedDataCache/Boot.ddc.
[2022.05.05-14.02.38:337][  0]LogInit: Texture streaming: Enabled
[2022.05.05-14.02.38:349][  0]LogAnalytics: Display: [UEEditor.Rocket.Release] APIServer = https://datarouter.ol.epicgames.com/. AppVersion = 4.27.2-18319896+++UE4+Release-4.27
[2022.05.05-14.02.38:352][  0]LogEngineSessionManager: EngineSessionManager initialized
[2022.05.05-14.02.38:352][  0]LogEditorSessionSummary: Verbose: Initializing EditorSessionSummaryWriter for editor session tracking
[2022.05.05-14.02.38:354][  0]LogEditorSessionSummary: EditorSessionSummaryWriter initialized
[2022.05.05-14.02.38:373][  0]LogInit: Transaction tracking system initialized
[2022.05.05-14.02.38:390][  0]BlueprintLog: New page: Editor Load
[2022.05.05-14.02.38:437][  0]LocalizationService: Localization service is disabled
[2022.05.05-14.02.38:455][  0]TimingProfiler: Initialize
[2022.05.05-14.02.38:455][  0]TimingProfiler: OnSessionChanged
[2022.05.05-14.02.38:455][  0]LoadingProfiler: Initialize
[2022.05.05-14.02.38:455][  0]LoadingProfiler: OnSessionChanged
[2022.05.05-14.02.38:455][  0]NetworkingProfiler: Initialize
[2022.05.05-14.02.38:455][  0]NetworkingProfiler: OnSessionChanged
[2022.05.05-14.02.38:455][  0]MemoryProfiler: Initialize
[2022.05.05-14.02.38:455][  0]MemoryProfiler: OnSessionChanged
[2022.05.05-14.02.38:570][  0]LogCook: Display: CookSettings for Memory: MemoryMaxUsedVirtual 0MiB, MemoryMaxUsedPhysical 16384MiB, MemoryMinFreeVirtual 0MiB, MemoryMinFreePhysical 1024MiB
[2022.05.05-14.02.38:570][  0]LogCook: Display: Mobile HDR setting 1
[2022.05.05-14.02.38:625][  0]LogFileCache: Scanning file cache for directory 'C:/Users/Administrador/Documents/Unreal Projects/Unreal-Prisma/ThirdPersonVR/Content/' took 0.02s
[2022.05.05-14.02.38:870][  0]LogInit: Display: Engine is initialized. Leaving FEngineLoop::Init()
[2022.05.05-14.02.38:872][  0]SourceControl: Source control is disabled
[2022.05.05-14.02.38:872][  0]LogUnrealEdMisc: Loading editor; pre map load, took 6.003
[2022.05.05-14.02.38:873][  0]LogEditorServer: Warning: Can't find file '../../../../../../Users/Administrador/Documents/Unreal Projects/Unreal-Prisma/ThirdPersonVR/Content/ThirdPersonCPP/Maps/ThirdPersonExampleMap.umap'
[2022.05.05-14.02.38:873][  0]Cmd: MAP CHECKDEP NOCLEARLOG
[2022.05.05-14.02.38:873][  0]MapCheck: Map check complete: 0 Error(s), 0 Warning(s), took 0,128ms to complete.
[2022.05.05-14.02.38:873][  0]LogFileHelpers: Loading map 'ThirdPersonExampleMap' took 0.000
[2022.05.05-14.02.38:875][  0]LogUnrealEdMisc: Total Editor Startup Time, took 6.005
[2022.05.05-14.02.38:978][  0]LogSlate: Updating window title bar state: overlay mode, drag disabled, window buttons hidden, title bar hidden
[2022.05.05-14.02.38:984][  0]LogSlate: Updating window title bar state: overlay mode, drag disabled, window buttons hidden, title bar hidden
[2022.05.05-14.02.38:989][  0]LogSlate: Updating window title bar state: overlay mode, drag disabled, window buttons hidden, title bar hidden
[2022.05.05-14.02.38:994][  0]LogSlate: Updating window title bar state: overlay mode, drag disabled, window buttons hidden, title bar hidden
[2022.05.05-14.02.39:006][  0]LogNativeClassHierarchy: Verbose: Native class hierarchy populated in 0.0088 seconds. Added 3824 classes and 930 folders.
[2022.05.05-14.02.39:008][  0]LogNativeClassHierarchy: Verbose: Native class hierarchy updated for 'WidgetCarousel' in 0.0003 seconds. Added 0 classes and 0 folders.
[2022.05.05-14.02.39:009][  0]LogPakFile: PakFile PrimaryIndexSize=187
[2022.05.05-14.02.39:009][  0]LogPakFile: PakFile PathHashIndexSize=101
[2022.05.05-14.02.39:009][  0]LogPakFile: PakFile FullDirectoryIndexSize=148
[2022.05.05-14.02.39:009][  0]LogShaderLibrary: Display: ShaderCodeLibraryPakFileMountedCallback: PakFile 'C:/Program Files/Epic Games/UE_4.27/FeaturePacks/FP_FirstPerson.upack' (chunk index -1, root 'root:/') mounted
[2022.05.05-14.02.39:009][  0]LogShaderLibrary: Display: ShaderCodeLibraryPakFileMountedCallback: pending pak file info (ChunkID:-1 Root:root:/ File:C:/Program Files/Epic Games/UE_4.27/FeaturePacks/FP_FirstPerson.upack)
[2022.05.05-14.02.39:009][  0]LogPakFile: OnPakFileMounted2Time == 0.000068
[2022.05.05-14.02.39:010][  0]LogPakFile: PakFile PrimaryIndexSize=189
[2022.05.05-14.02.39:010][  0]LogPakFile: PakFile PathHashIndexSize=101
[2022.05.05-14.02.39:010][  0]LogPakFile: PakFile FullDirectoryIndexSize=152
[2022.05.05-14.02.39:010][  0]LogShaderLibrary: Display: ShaderCodeLibraryPakFileMountedCallback: PakFile 'C:/Program Files/Epic Games/UE_4.27/FeaturePacks/FP_FirstPersonBP.upack' (chunk index -1, root 'root:/') mounted
[2022.05.05-14.02.39:010][  0]LogShaderLibrary: Display: ShaderCodeLibraryPakFileMountedCallback: pending pak file info (ChunkID:-1 Root:root:/ File:C:/Program Files/Epic Games/UE_4.27/FeaturePacks/FP_FirstPersonBP.upack)
[2022.05.05-14.02.39:010][  0]LogPakFile: OnPakFileMounted2Time == 0.000041
[2022.05.05-14.02.39:010][  0]LogPakFile: PakFile PrimaryIndexSize=191
[2022.05.05-14.02.39:011][  0]LogPakFile: PakFile PathHashIndexSize=101
[2022.05.05-14.02.39:011][  0]LogPakFile: PakFile FullDirectoryIndexSize=160
[2022.05.05-14.02.39:011][  0]LogShaderLibrary: Display: ShaderCodeLibraryPakFileMountedCallback: PakFile 'C:/Program Files/Epic Games/UE_4.27/FeaturePacks/MobileStarterContent.upack' (chunk index -1, root 'root:/') mounted
[2022.05.05-14.02.39:011][  0]LogShaderLibrary: Display: ShaderCodeLibraryPakFileMountedCallback: pending pak file info (ChunkID:-1 Root:root:/ File:C:/Program Files/Epic Games/UE_4.27/FeaturePacks/MobileStarterContent.upack)
[2022.05.05-14.02.39:011][  0]LogPakFile: OnPakFileMounted2Time == 0.000033
[2022.05.05-14.02.39:011][  0]LogPakFile: PakFile PrimaryIndexSize=185
[2022.05.05-14.02.39:011][  0]LogPakFile: PakFile PathHashIndexSize=101
[2022.05.05-14.02.39:011][  0]LogPakFile: PakFile FullDirectoryIndexSize=148
[2022.05.05-14.02.39:011][  0]LogShaderLibrary: Display: ShaderCodeLibraryPakFileMountedCallback: PakFile 'C:/Program Files/Epic Games/UE_4.27/FeaturePacks/StarterContent.upack' (chunk index -1, root 'root:/') mounted
[2022.05.05-14.02.39:011][  0]LogShaderLibrary: Display: ShaderCodeLibraryPakFileMountedCallback: pending pak file info (ChunkID:-1 Root:root:/ File:C:/Program Files/Epic Games/UE_4.27/FeaturePacks/StarterContent.upack)
[2022.05.05-14.02.39:011][  0]LogPakFile: OnPakFileMounted2Time == 0.000037
[2022.05.05-14.02.39:011][  0]LogPakFile: PakFile PrimaryIndexSize=190
[2022.05.05-14.02.39:011][  0]LogPakFile: PakFile PathHashIndexSize=101
[2022.05.05-14.02.39:011][  0]LogPakFile: PakFile FullDirectoryIndexSize=154
[2022.05.05-14.02.39:011][  0]LogShaderLibrary: Display: ShaderCodeLibraryPakFileMountedCallback: PakFile 'C:/Program Files/Epic Games/UE_4.27/FeaturePacks/TP_2DSideScroller.upack' (chunk index -1, root 'root:/') mounted
[2022.05.05-14.02.39:011][  0]LogShaderLibrary: Display: ShaderCodeLibraryPakFileMountedCallback: pending pak file info (ChunkID:-1 Root:root:/ File:C:/Program Files/Epic Games/UE_4.27/FeaturePacks/TP_2DSideScroller.upack)
[2022.05.05-14.02.39:011][  0]LogPakFile: OnPakFileMounted2Time == 0.000036
[2022.05.05-14.02.39:012][  0]LogPakFile: PakFile PrimaryIndexSize=192
[2022.05.05-14.02.39:012][  0]LogPakFile: PakFile PathHashIndexSize=101
[2022.05.05-14.02.39:012][  0]LogPakFile: PakFile FullDirectoryIndexSize=158
[2022.05.05-14.02.39:012][  0]LogShaderLibrary: Display: ShaderCodeLibraryPakFileMountedCallback: PakFile 'C:/Program Files/Epic Games/UE_4.27/FeaturePacks/TP_2DSideScrollerBP.upack' (chunk index -1, root 'root:/') mounted
[2022.05.05-14.02.39:012][  0]LogShaderLibrary: Display: ShaderCodeLibraryPakFileMountedCallback: pending pak file info (ChunkID:-1 Root:root:/ File:C:/Program Files/Epic Games/UE_4.27/FeaturePacks/TP_2DSideScrollerBP.upack)
[2022.05.05-14.02.39:012][  0]LogPakFile: OnPakFileMounted2Time == 0.000036
[2022.05.05-14.02.39:013][  0]LogPakFile: PakFile PrimaryIndexSize=182
[2022.05.05-14.02.39:013][  0]LogPakFile: PakFile PathHashIndexSize=101
[2022.05.05-14.02.39:013][  0]LogPakFile: PakFile FullDirectoryIndexSize=138
[2022.05.05-14.02.39:013][  0]LogShaderLibrary: Display: ShaderCodeLibraryPakFileMountedCallback: PakFile 'C:/Program Files/Epic Games/UE_4.27/FeaturePacks/TP_Flying.upack' (chunk index -1, root 'root:/') mounted
[2022.05.05-14.02.39:013][  0]LogShaderLibrary: Display: ShaderCodeLibraryPakFileMountedCallback: pending pak file info (ChunkID:-1 Root:root:/ File:C:/Program Files/Epic Games/UE_4.27/FeaturePacks/TP_Flying.upack)
[2022.05.05-14.02.39:013][  0]LogPakFile: OnPakFileMounted2Time == 0.000033
[2022.05.05-14.02.39:013][  0]LogPakFile: PakFile PrimaryIndexSize=184
[2022.05.05-14.02.39:013][  0]LogPakFile: PakFile PathHashIndexSize=101
[2022.05.05-14.02.39:013][  0]LogPakFile: PakFile FullDirectoryIndexSize=142
[2022.05.05-14.02.39:013][  0]LogShaderLibrary: Display: ShaderCodeLibraryPakFileMountedCallback: PakFile 'C:/Program Files/Epic Games/UE_4.27/FeaturePacks/TP_FlyingBP.upack' (chunk index -1, root 'root:/') mounted
[2022.05.05-14.02.39:013][  0]LogShaderLibrary: Display: ShaderCodeLibraryPakFileMountedCallback: pending pak file info (ChunkID:-1 Root:root:/ File:C:/Program Files/Epic Games/UE_4.27/FeaturePacks/TP_FlyingBP.upack)
[2022.05.05-14.02.39:013][  0]LogPakFile: OnPakFileMounted2Time == 0.000032
[2022.05.05-14.02.39:014][  0]LogPakFile: PakFile PrimaryIndexSize=188
[2022.05.05-14.02.39:014][  0]LogPakFile: PakFile PathHashIndexSize=101
[2022.05.05-14.02.39:014][  0]LogPakFile: PakFile FullDirectoryIndexSize=150
[2022.05.05-14.02.39:014][  0]LogShaderLibrary: Display: ShaderCodeLibraryPakFileMountedCallback: PakFile 'C:/Program Files/Epic Games/UE_4.27/FeaturePacks/TP_HandheldARBP.upack' (chunk index -1, root 'root:/') mounted
[2022.05.05-14.02.39:014][  0]LogShaderLibrary: Display: ShaderCodeLibraryPakFileMountedCallback: pending pak file info (ChunkID:-1 Root:root:/ File:C:/Program Files/Epic Games/UE_4.27/FeaturePacks/TP_HandheldARBP.upack)
[2022.05.05-14.02.39:014][  0]LogPakFile: OnPakFileMounted2Time == 0.000035
[2022.05.05-14.02.39:014][  0]LogPakFile: PakFile PrimaryIndexSize=182
[2022.05.05-14.02.39:014][  0]LogPakFile: PakFile PathHashIndexSize=101
[2022.05.05-14.02.39:014][  0]LogPakFile: PakFile FullDirectoryIndexSize=138
[2022.05.05-14.02.39:014][  0]LogShaderLibrary: Display: ShaderCodeLibraryPakFileMountedCallback: PakFile 'C:/Program Files/Epic Games/UE_4.27/FeaturePacks/TP_Puzzle.upack' (chunk index -1, root 'root:/') mounted
[2022.05.05-14.02.39:014][  0]LogShaderLibrary: Display: ShaderCodeLibraryPakFileMountedCallback: pending pak file info (ChunkID:-1 Root:root:/ File:C:/Program Files/Epic Games/UE_4.27/FeaturePacks/TP_Puzzle.upack)
[2022.05.05-14.02.39:014][  0]LogPakFile: OnPakFileMounted2Time == 0.000033
[2022.05.05-14.02.39:015][  0]LogPakFile: PakFile PrimaryIndexSize=184
[2022.05.05-14.02.39:015][  0]LogPakFile: PakFile PathHashIndexSize=101
[2022.05.05-14.02.39:015][  0]LogPakFile: PakFile FullDirectoryIndexSize=142
[2022.05.05-14.02.39:015][  0]LogShaderLibrary: Display: ShaderCodeLibraryPakFileMountedCallback: PakFile 'C:/Program Files/Epic Games/UE_4.27/FeaturePacks/TP_PuzzleBP.upack' (chunk index -1, root 'root:/') mounted
[2022.05.05-14.02.39:015][  0]LogShaderLibrary: Display: ShaderCodeLibraryPakFileMountedCallback: pending pak file info (ChunkID:-1 Root:root:/ File:C:/Program Files/Epic Games/UE_4.27/FeaturePacks/TP_PuzzleBP.upack)
[2022.05.05-14.02.39:015][  0]LogPakFile: OnPakFileMounted2Time == 0.000033
[2022.05.05-14.02.39:015][  0]LogPakFile: PakFile PrimaryIndexSize=183
[2022.05.05-14.02.39:015][  0]LogPakFile: PakFile PathHashIndexSize=101
[2022.05.05-14.02.39:015][  0]LogPakFile: PakFile FullDirectoryIndexSize=140
[2022.05.05-14.02.39:015][  0]LogShaderLibrary: Display: ShaderCodeLibraryPakFileMountedCallback: PakFile 'C:/Program Files/Epic Games/UE_4.27/FeaturePacks/TP_Rolling.upack' (chunk index -1, root 'root:/') mounted
[2022.05.05-14.02.39:015][  0]LogShaderLibrary: Display: ShaderCodeLibraryPakFileMountedCallback: pending pak file info (ChunkID:-1 Root:root:/ File:C:/Program Files/Epic Games/UE_4.27/FeaturePacks/TP_Rolling.upack)
[2022.05.05-14.02.39:015][  0]LogPakFile: OnPakFileMounted2Time == 0.000032
[2022.05.05-14.02.39:016][  0]LogPakFile: PakFile PrimaryIndexSize=185
[2022.05.05-14.02.39:016][  0]LogPakFile: PakFile PathHashIndexSize=101
[2022.05.05-14.02.39:016][  0]LogPakFile: PakFile FullDirectoryIndexSize=144
[2022.05.05-14.02.39:016][  0]LogShaderLibrary: Display: ShaderCodeLibraryPakFileMountedCallback: PakFile 'C:/Program Files/Epic Games/UE_4.27/FeaturePacks/TP_RollingBP.upack' (chunk index -1, root 'root:/') mounted
[2022.05.05-14.02.39:016][  0]LogShaderLibrary: Display: ShaderCodeLibraryPakFileMountedCallback: pending pak file info (ChunkID:-1 Root:root:/ File:C:/Program Files/Epic Games/UE_4.27/FeaturePacks/TP_RollingBP.upack)
[2022.05.05-14.02.39:016][  0]LogPakFile: OnPakFileMounted2Time == 0.000033
[2022.05.05-14.02.39:016][  0]LogPakFile: PakFile PrimaryIndexSize=188
[2022.05.05-14.02.39:016][  0]LogPakFile: PakFile PathHashIndexSize=101
[2022.05.05-14.02.39:016][  0]LogPakFile: PakFile FullDirectoryIndexSize=150
[2022.05.05-14.02.39:016][  0]LogShaderLibrary: Display: ShaderCodeLibraryPakFileMountedCallback: PakFile 'C:/Program Files/Epic Games/UE_4.27/FeaturePacks/TP_SideScroller.upack' (chunk index -1, root 'root:/') mounted
[2022.05.05-14.02.39:016][  0]LogShaderLibrary: Display: ShaderCodeLibraryPakFileMountedCallback: pending pak file info (ChunkID:-1 Root:root:/ File:C:/Program Files/Epic Games/UE_4.27/FeaturePacks/TP_SideScroller.upack)
[2022.05.05-14.02.39:016][  0]LogPakFile: OnPakFileMounted2Time == 0.000034
[2022.05.05-14.02.39:017][  0]LogPakFile: PakFile PrimaryIndexSize=190
[2022.05.05-14.02.39:017][  0]LogPakFile: PakFile PathHashIndexSize=101
[2022.05.05-14.02.39:017][  0]LogPakFile: PakFile FullDirectoryIndexSize=154
[2022.05.05-14.02.39:017][  0]LogShaderLibrary: Display: ShaderCodeLibraryPakFileMountedCallback: PakFile 'C:/Program Files/Epic Games/UE_4.27/FeaturePacks/TP_SideScrollerBP.upack' (chunk index -1, root 'root:/') mounted
[2022.05.05-14.02.39:017][  0]LogShaderLibrary: Display: ShaderCodeLibraryPakFileMountedCallback: pending pak file info (ChunkID:-1 Root:root:/ File:C:/Program Files/Epic Games/UE_4.27/FeaturePacks/TP_SideScrollerBP.upack)
[2022.05.05-14.02.39:017][  0]LogPakFile: OnPakFileMounted2Time == 0.000035
[2022.05.05-14.02.39:017][  0]LogPakFile: PakFile PrimaryIndexSize=187
[2022.05.05-14.02.39:017][  0]LogPakFile: PakFile PathHashIndexSize=101
[2022.05.05-14.02.39:017][  0]LogPakFile: PakFile FullDirectoryIndexSize=148
[2022.05.05-14.02.39:017][  0]LogShaderLibrary: Display: ShaderCodeLibraryPakFileMountedCallback: PakFile 'C:/Program Files/Epic Games/UE_4.27/FeaturePacks/TP_ThirdPerson.upack' (chunk index -1, root 'root:/') mounted
[2022.05.05-14.02.39:017][  0]LogShaderLibrary: Display: ShaderCodeLibraryPakFileMountedCallback: pending pak file info (ChunkID:-1 Root:root:/ File:C:/Program Files/Epic Games/UE_4.27/FeaturePacks/TP_ThirdPerson.upack)
[2022.05.05-14.02.39:017][  0]LogPakFile: OnPakFileMounted2Time == 0.000032
[2022.05.05-14.02.39:017][  0]LogPakFile: PakFile PrimaryIndexSize=189
[2022.05.05-14.02.39:017][  0]LogPakFile: PakFile PathHashIndexSize=101
[2022.05.05-14.02.39:017][  0]LogPakFile: PakFile FullDirectoryIndexSize=152
[2022.05.05-14.02.39:017][  0]LogShaderLibrary: Display: ShaderCodeLibraryPakFileMountedCallback: PakFile 'C:/Program Files/Epic Games/UE_4.27/FeaturePacks/TP_ThirdPersonBP.upack' (chunk index -1, root 'root:/') mounted
[2022.05.05-14.02.39:017][  0]LogShaderLibrary: Display: ShaderCodeLibraryPakFileMountedCallback: pending pak file info (ChunkID:-1 Root:root:/ File:C:/Program Files/Epic Games/UE_4.27/FeaturePacks/TP_ThirdPersonBP.upack)
[2022.05.05-14.02.39:018][  0]LogPakFile: OnPakFileMounted2Time == 0.000037
[2022.05.05-14.02.39:018][  0]LogPakFile: PakFile PrimaryIndexSize=183
[2022.05.05-14.02.39:018][  0]LogPakFile: PakFile PathHashIndexSize=101
[2022.05.05-14.02.39:018][  0]LogPakFile: PakFile FullDirectoryIndexSize=140
[2022.05.05-14.02.39:018][  0]LogShaderLibrary: Display: ShaderCodeLibraryPakFileMountedCallback: PakFile 'C:/Program Files/Epic Games/UE_4.27/FeaturePacks/TP_TopDown.upack' (chunk index -1, root 'root:/') mounted
[2022.05.05-14.02.39:018][  0]LogShaderLibrary: Display: ShaderCodeLibraryPakFileMountedCallback: pending pak file info (ChunkID:-1 Root:root:/ File:C:/Program Files/Epic Games/UE_4.27/FeaturePacks/TP_TopDown.upack)
[2022.05.05-14.02.39:018][  0]LogPakFile: OnPakFileMounted2Time == 0.000039
[2022.05.05-14.02.39:018][  0]LogPakFile: PakFile PrimaryIndexSize=185
[2022.05.05-14.02.39:018][  0]LogPakFile: PakFile PathHashIndexSize=101
[2022.05.05-14.02.39:018][  0]LogPakFile: PakFile FullDirectoryIndexSize=144
[2022.05.05-14.02.39:018][  0]LogShaderLibrary: Display: ShaderCodeLibraryPakFileMountedCallback: PakFile 'C:/Program Files/Epic Games/UE_4.27/FeaturePacks/TP_TopDownBP.upack' (chunk index -1, root 'root:/') mounted
[2022.05.05-14.02.39:018][  0]LogShaderLibrary: Display: ShaderCodeLibraryPakFileMountedCallback: pending pak file info (ChunkID:-1 Root:root:/ File:C:/Program Files/Epic Games/UE_4.27/FeaturePacks/TP_TopDownBP.upack)
[2022.05.05-14.02.39:018][  0]LogPakFile: OnPakFileMounted2Time == 0.000033
[2022.05.05-14.02.39:019][  0]LogPakFile: PakFile PrimaryIndexSize=185
[2022.05.05-14.02.39:019][  0]LogPakFile: PakFile PathHashIndexSize=101
[2022.05.05-14.02.39:019][  0]LogPakFile: PakFile FullDirectoryIndexSize=144
[2022.05.05-14.02.39:019][  0]LogShaderLibrary: Display: ShaderCodeLibraryPakFileMountedCallback: PakFile 'C:/Program Files/Epic Games/UE_4.27/FeaturePacks/TP_TwinStick.upack' (chunk index -1, root 'root:/') mounted
[2022.05.05-14.02.39:019][  0]LogShaderLibrary: Display: ShaderCodeLibraryPakFileMountedCallback: pending pak file info (ChunkID:-1 Root:root:/ File:C:/Program Files/Epic Games/UE_4.27/FeaturePacks/TP_TwinStick.upack)
[2022.05.05-14.02.39:019][  0]LogPakFile: OnPakFileMounted2Time == 0.000032
[2022.05.05-14.02.39:019][  0]LogPakFile: PakFile PrimaryIndexSize=187
[2022.05.05-14.02.39:019][  0]LogPakFile: PakFile PathHashIndexSize=101
[2022.05.05-14.02.39:019][  0]LogPakFile: PakFile FullDirectoryIndexSize=148
[2022.05.05-14.02.39:019][  0]LogShaderLibrary: Display: ShaderCodeLibraryPakFileMountedCallback: PakFile 'C:/Program Files/Epic Games/UE_4.27/FeaturePacks/TP_TwinStickBP.upack' (chunk index -1, root 'root:/') mounted
[2022.05.05-14.02.39:019][  0]LogShaderLibrary: Display: ShaderCodeLibraryPakFileMountedCallback: pending pak file info (ChunkID:-1 Root:root:/ File:C:/Program Files/Epic Games/UE_4.27/FeaturePacks/TP_TwinStickBP.upack)
[2022.05.05-14.02.39:019][  0]LogPakFile: OnPakFileMounted2Time == 0.000033
[2022.05.05-14.02.39:020][  0]LogPakFile: PakFile PrimaryIndexSize=183
[2022.05.05-14.02.39:020][  0]LogPakFile: PakFile PathHashIndexSize=101
[2022.05.05-14.02.39:020][  0]LogPakFile: PakFile FullDirectoryIndexSize=140
[2022.05.05-14.02.39:020][  0]LogShaderLibrary: Display: ShaderCodeLibraryPakFileMountedCallback: PakFile 'C:/Program Files/Epic Games/UE_4.27/FeaturePacks/TP_Vehicle.upack' (chunk index -1, root 'root:/') mounted
[2022.05.05-14.02.39:020][  0]LogShaderLibrary: Display: ShaderCodeLibraryPakFileMountedCallback: pending pak file info (ChunkID:-1 Root:root:/ File:C:/Program Files/Epic Games/UE_4.27/FeaturePacks/TP_Vehicle.upack)
[2022.05.05-14.02.39:020][  0]LogPakFile: OnPakFileMounted2Time == 0.000032
[2022.05.05-14.02.39:020][  0]LogPakFile: PakFile PrimaryIndexSize=186
[2022.05.05-14.02.39:020][  0]LogPakFile: PakFile PathHashIndexSize=101
[2022.05.05-14.02.39:020][  0]LogPakFile: PakFile FullDirectoryIndexSize=146
[2022.05.05-14.02.39:020][  0]LogShaderLibrary: Display: ShaderCodeLibraryPakFileMountedCallback: PakFile 'C:/Program Files/Epic Games/UE_4.27/FeaturePacks/TP_VehicleAdv.upack' (chunk index -1, root 'root:/') mounted
[2022.05.05-14.02.39:020][  0]LogShaderLibrary: Display: ShaderCodeLibraryPakFileMountedCallback: pending pak file info (ChunkID:-1 Root:root:/ File:C:/Program Files/Epic Games/UE_4.27/FeaturePacks/TP_VehicleAdv.upack)
[2022.05.05-14.02.39:020][  0]LogPakFile: OnPakFileMounted2Time == 0.000034
[2022.05.05-14.02.39:021][  0]LogPakFile: PakFile PrimaryIndexSize=188
[2022.05.05-14.02.39:021][  0]LogPakFile: PakFile PathHashIndexSize=101
[2022.05.05-14.02.39:021][  0]LogPakFile: PakFile FullDirectoryIndexSize=150
[2022.05.05-14.02.39:021][  0]LogShaderLibrary: Display: ShaderCodeLibraryPakFileMountedCallback: PakFile 'C:/Program Files/Epic Games/UE_4.27/FeaturePacks/TP_VehicleAdvBP.upack' (chunk index -1, root 'root:/') mounted
[2022.05.05-14.02.39:021][  0]LogShaderLibrary: Display: ShaderCodeLibraryPakFileMountedCallback: pending pak file info (ChunkID:-1 Root:root:/ File:C:/Program Files/Epic Games/UE_4.27/FeaturePacks/TP_VehicleAdvBP.upack)
[2022.05.05-14.02.39:021][  0]LogPakFile: OnPakFileMounted2Time == 0.000036
[2022.05.05-14.02.39:021][  0]LogPakFile: PakFile PrimaryIndexSize=185
[2022.05.05-14.02.39:021][  0]LogPakFile: PakFile PathHashIndexSize=101
[2022.05.05-14.02.39:021][  0]LogPakFile: PakFile FullDirectoryIndexSize=144
[2022.05.05-14.02.39:021][  0]LogShaderLibrary: Display: ShaderCodeLibraryPakFileMountedCallback: PakFile 'C:/Program Files/Epic Games/UE_4.27/FeaturePacks/TP_VehicleBP.upack' (chunk index -1, root 'root:/') mounted
[2022.05.05-14.02.39:021][  0]LogShaderLibrary: Display: ShaderCodeLibraryPakFileMountedCallback: pending pak file info (ChunkID:-1 Root:root:/ File:C:/Program Files/Epic Games/UE_4.27/FeaturePacks/TP_VehicleBP.upack)
[2022.05.05-14.02.39:021][  0]LogPakFile: OnPakFileMounted2Time == 0.000033
[2022.05.05-14.02.39:021][  0]LogPakFile: PakFile PrimaryIndexSize=192
[2022.05.05-14.02.39:021][  0]LogPakFile: PakFile PathHashIndexSize=101
[2022.05.05-14.02.39:022][  0]LogPakFile: PakFile FullDirectoryIndexSize=158
[2022.05.05-14.02.39:022][  0]LogShaderLibrary: Display: ShaderCodeLibraryPakFileMountedCallback: PakFile 'C:/Program Files/Epic Games/UE_4.27/FeaturePacks/TP_VirtualRealityBP.upack' (chunk index -1, root 'root:/') mounted
[2022.05.05-14.02.39:022][  0]LogShaderLibrary: Display: ShaderCodeLibraryPakFileMountedCallback: pending pak file info (ChunkID:-1 Root:root:/ File:C:/Program Files/Epic Games/UE_4.27/FeaturePacks/TP_VirtualRealityBP.upack)
[2022.05.05-14.02.39:022][  0]LogPakFile: OnPakFileMounted2Time == 0.000033
[2022.05.05-14.02.39:053][  0]LogNativeClassHierarchy: Verbose: Native class hierarchy updated for 'AddContentDialog' in 0.0003 seconds. Added 0 classes and 0 folders.
[2022.05.05-14.02.39:057][  0]LogNativeClassHierarchy: Verbose: Native class hierarchy updated for 'SceneOutliner' in 0.0003 seconds. Added 2 classes and 0 folders.
[2022.05.05-14.02.39:383][  0]LogSlate: Only BGRA pngs, bmps or icos are supported in by External Image Picker
[2022.05.05-14.02.39:456][  0]LogSlate: Took 0.000135 seconds to synchronously load lazily loaded font '../../../Engine/Content/Slate/Fonts/Roboto-Regular.ttf' (155K)
[2022.05.05-14.02.39:457][  0]LogSlate: Took 0.000118 seconds to synchronously load lazily loaded font '../../../Engine/Content/Editor/Slate/Fonts/FontAwesome.ttf' (139K)
[2022.05.05-14.02.39:458][  0]LogSlate: Took 0.000098 seconds to synchronously load lazily loaded font '../../../Engine/Content/Slate/Fonts/Roboto-Bold.ttf' (160K)
[2022.05.05-14.02.39:535][  0]LogRenderer: Reallocating scene render targets to support 1208x464 Format 10 NumSamples 1 (Frame:1).
[2022.05.05-14.02.39:560][  0]LogSlate: Took 0.000144 seconds to synchronously load lazily loaded font '../../../Engine/Content/Slate/Fonts/Roboto-Light.ttf' (167K)
[2022.05.05-14.02.39:591][  0]LogNativeClassHierarchy: Verbose: Native class hierarchy updated for 'HierarchicalLODOutliner' in 0.0003 seconds. Added 0 classes and 0 folders.
[2022.05.05-14.02.39:591][  0]LogInput: Warning: Action Jump uses invalid key OculusGo_Left_Trigger_Click.
[2022.05.05-14.02.39:592][  0]LogInput: Warning: Action ResetVR uses invalid key OculusGo_Left_Trackpad_Click.
[2022.05.05-14.02.39:592][  0]LogInput: Warning: Use -RemoveInvalidKeys to remove instances of these keys from the action mapping.
[2022.05.05-14.02.39:592][  0]LogLoad: (Engine Initialization) Total time: 6.72 seconds
[2022.05.05-14.02.39:592][  0]LogLoad: (Engine Initialization) Total Blueprint compile time: 0.00 seconds
[2022.05.05-14.02.39:601][  0]LogOcInput: OculusInput is initialized
[2022.05.05-14.02.39:648][  0]LogContentStreaming: Texture pool size now 1000 MB
[2022.05.05-14.02.39:674][  1]LogAssetRegistry: Asset discovery search completed in 4.1023 seconds
[2022.05.05-14.02.39:681][  1]LogCollectionManager: Fixed up redirectors for 0 collections in 0.000003 seconds (updated 0 objects)
[2022.05.05-14.02.41:420][139]LogOutputDevice: Warning: 

Script Stack (0 frames):

[2022.05.05-14.02.41:420][139]LogWindows: Windows GetLastError: La operación se completó correctamente. (0)
[2022.05.05-14.02.43:013][139]LogWindows: Error: === Critical error: ===
[2022.05.05-14.02.43:013][139]LogWindows: Error: 
[2022.05.05-14.02.43:013][139]LogWindows: Error: Assertion failed: Tag.Size == Loaded [File:D:/Build/++UE4/Sync/Engine/Source/Runtime/CoreUObject/Private/UObject/Class.cpp] [Line: 1499] 
[2022.05.05-14.02.43:013][139]LogWindows: Error: 
[2022.05.05-14.02.43:013][139]LogWindows: Error: 
[2022.05.05-14.02.43:013][139]LogWindows: Error: 
[2022.05.05-14.02.43:013][139]LogWindows: Error: [Callstack] 0x00007ffd9bdb4f69 KERNELBASE.dll!UnknownFunction []
[2022.05.05-14.02.43:013][139]LogWindows: Error: [Callstack] 0x00007ffd466c39b8 UE4Editor-Core.dll!`string'() []
[2022.05.05-14.02.43:013][139]LogWindows: Error: [Callstack] 0x0000008b09571cc0 UnknownFunction []
[2022.05.05-14.02.43:013][139]LogWindows: Error: [Callstack] 0x0000000000000400 UnknownFunction []
[2022.05.05-14.02.43:013][139]LogWindows: Error: [Callstack] 0x0000000000000079 UnknownFunction []
[2022.05.05-14.02.43:013][139]LogWindows: Error: [Callstack] 0x0000000000004000 UnknownFunction []
[2022.05.05-14.02.43:013][139]LogWindows: Error: 
[2022.05.05-14.02.43:016][139]LogExit: Executing StaticShutdownAfterError
[2022.05.05-14.02.43:018][139]LogWindows: FPlatformMisc::RequestExit(1)
[2022.05.05-14.02.43:018][139]LogWindows: FPlatformMisc::RequestExitWithStatus(1, 3)
[2022.05.05-14.02.43:018][139]LogCore: Engine exit requested (reason: Win RequestExit)
[2022.05.05-14.02.43:026][139]Log file closed, 05/05/22 16:02:43
