Log file open, 03/29/22 12:42:33
LogWindows: Failed to load 'aqProf.dll' (GetLastError=126)
LogWindows: File 'aqProf.dll' does not exist
LogWindows: Failed to load 'VtuneApi.dll' (GetLastError=126)
LogWindows: File 'VtuneApi.dll' does not exist
LogWindows: Failed to load 'VtuneApi32e.dll' (GetLastError=126)
LogWindows: File 'VtuneApi32e.dll' does not exist
LogConsoleResponse: Display: Failed to find resolution value strings in scalability ini. Falling back to default.
LogConsoleResponse: Display: Failed to find resolution value strings in scalability ini. Falling back to default.
LogInit: Display: Running engine for game: Arkanoid
LogPlatformFile: Not using cached read wrapper
LogTaskGraph: Started task graph with 5 named threads and 35 total threads with 3 sets of task threads.
LogStats: Stats thread started at 0.324409
LogICUInternationalization: ICU TimeZone Detection - Raw Offset: +1:00, Platform Override: ''
LogInit: Display: Loading text-based GConfig....
LogPluginManager: Mounting plugin MeshPainting
LogPluginManager: Mounting plugin XGEController
LogPluginManager: Mounting plugin EnvironmentQueryEditor
LogPluginManager: Mounting plugin AISupport
LogPluginManager: Mounting plugin OodleData
LogPluginManager: Mounting plugin OodleNetwork
LogPluginManager: Mounting plugin Paper2D
LogPluginManager: Mounting plugin CameraShakePreviewer
LogPluginManager: Mounting plugin LightPropagationVolume
LogPluginManager: Mounting plugin GameplayCameras
LogPluginManager: Mounting plugin AssetManagerEditor
LogPluginManager: Mounting plugin CurveEditorTools
LogPluginManager: Mounting plugin CryptoKeys
LogPluginManager: Mounting plugin DataValidation
LogPluginManager: Mounting plugin FacialAnimation
LogPluginManager: Mounting plugin GameplayTagsEditor
LogPluginManager: Mounting plugin MacGraphicsSwitching
LogPluginManager: Mounting plugin MobileLauncherProfileWizard
LogPluginManager: Mounting plugin MaterialAnalyzer
LogPluginManager: Mounting plugin GeometryMode
LogPluginManager: Mounting plugin PluginBrowser
LogPluginManager: Mounting plugin SpeedTreeImporter
LogPluginManager: Mounting plugin AlembicImporter
LogPluginManager: Mounting plugin AutomationUtils
LogPluginManager: Mounting plugin BackChannel
LogPluginManager: Mounting plugin ChaosClothEditor
LogPluginManager: Mounting plugin ChaosEditor
LogPluginManager: Mounting plugin ChaosNiagara
LogPluginManager: Mounting plugin ChaosSolverPlugin
LogPluginManager: Mounting plugin CharacterAI
LogPluginManager: Mounting plugin ChaosCloth
LogPluginManager: Mounting plugin AnimationSharing
LogPluginManager: Mounting plugin GeometryCollectionPlugin
LogPluginManager: Mounting plugin GeometryCache
LogPluginManager: Mounting plugin GeometryProcessing
LogPluginManager: Mounting plugin CLionSourceCodeAccess
LogPluginManager: Mounting plugin CodeLiteSourceCodeAccess
LogPluginManager: Mounting plugin MotoSynth
LogPluginManager: Mounting plugin OpenImageDenoise
LogPluginManager: Mounting plugin KDevelopSourceCodeAccess
LogPluginManager: Mounting plugin NullSourceCodeAccess
LogPluginManager: Mounting plugin GitSourceControl
LogPluginManager: Mounting plugin Niagara
LogPluginManager: Mounting plugin PerforceSourceControl
LogPluginManager: Mounting plugin PixWinPlugin
LogPluginManager: Mounting plugin PlanarCut
LogPluginManager: Mounting plugin PluginUtils
LogPluginManager: Mounting plugin PlatformCrypto
LogPluginManager: Mounting plugin ProxyLODPlugin
LogPluginManager: Mounting plugin PropertyAccessNode
LogPluginManager: Mounting plugin RiderLink
LogPluginManager: Mounting plugin PlasticSourceControl
LogPluginManager: Mounting plugin RiderSourceCodeAccess
LogPluginManager: Mounting plugin SubversionSourceControl
LogPluginManager: Mounting plugin TextureFormatOodle
LogPluginManager: Mounting plugin PythonScriptPlugin
LogPluginManager: Mounting plugin UObjectPlugin
LogPluginManager: Mounting plugin VisualStudioCodeSourceCodeAccess
LogPluginManager: Mounting plugin SkeletalReduction
LogPluginManager: Mounting plugin VisualStudioSourceCodeAccess
LogPluginManager: Mounting plugin LuminPlatformFeatures
LogPluginManager: Mounting plugin XCodeSourceCodeAccess
LogPluginManager: Mounting plugin MagicLeap
LogPluginManager: Mounting plugin MagicLeapLightEstimation
LogPluginManager: Mounting plugin MagicLeapPassableWorld
LogPluginManager: Mounting plugin MLSDK
LogPluginManager: Mounting plugin MagicLeapMedia
LogPluginManager: Mounting plugin DatasmithContent
LogPluginManager: Mounting plugin VariantManagerContent
LogPluginManager: Mounting plugin TcpMessaging
LogPluginManager: Mounting plugin UdpMessaging
LogPluginManager: Mounting plugin ActorSequence
LogPluginManager: Mounting plugin LevelSequenceEditor
LogPluginManager: Mounting plugin TemplateSequence
LogPluginManager: Mounting plugin MatineeToLevelSequence
LogPluginManager: Mounting plugin AndroidMedia
LogPluginManager: Mounting plugin AvfMedia
LogPluginManager: Mounting plugin ImgMedia
LogPluginManager: Mounting plugin MediaCompositing
LogPluginManager: Mounting plugin MediaPlayerEditor
LogPluginManager: Mounting plugin WebMMedia
LogPluginManager: Mounting plugin OnlineSubsystem
LogPluginManager: Mounting plugin WmfMedia
LogPluginManager: Mounting plugin OnlineSubsystemNull
LogPluginManager: Mounting plugin OnlineSubsystemUtils
LogPluginManager: Mounting plugin LauncherChunkInstaller
LogPluginManager: Mounting plugin ScreenshotTools
LogPluginManager: Mounting plugin Takes
LogPluginManager: Mounting plugin ActorLayerUtilities
LogPluginManager: Mounting plugin AndroidDeviceProfileSelector
LogPluginManager: Mounting plugin AndroidMoviePlayer
LogPluginManager: Mounting plugin ArchVisCharacter
LogPluginManager: Mounting plugin AppleImageUtils
LogPluginManager: Mounting plugin AppleMoviePlayer
LogPluginManager: Mounting plugin AudioCapture
LogPluginManager: Mounting plugin AndroidPermission
LogPluginManager: Mounting plugin AssetTags
LogPluginManager: Mounting plugin AudioSynesthesia
LogPluginManager: Mounting plugin CableComponent
LogPluginManager: Mounting plugin ChunkDownloader
LogPluginManager: Mounting plugin CustomMeshComponent
LogPluginManager: Mounting plugin EditableMesh
LogPluginManager: Mounting plugin GooglePAD
LogPluginManager: Mounting plugin ExampleDeviceProfileSelector
LogPluginManager: Mounting plugin GoogleCloudMessaging
LogPluginManager: Mounting plugin IOSDeviceProfileSelector
LogPluginManager: Mounting plugin LinuxDeviceProfileSelector
LogPluginManager: Mounting plugin LocationServicesBPLibrary
LogPluginManager: Mounting plugin MobilePatchingUtils
LogPluginManager: Mounting plugin OpenXR
LogPluginManager: Mounting plugin OpenXREyeTracker
LogPluginManager: Mounting plugin OpenXRHandTracking
LogPluginManager: Mounting plugin PostSplashScreen
LogPluginManager: Mounting plugin PhysXVehicles
LogPluginManager: Mounting plugin ProceduralMeshComponent
LogPluginManager: Mounting plugin PropertyAccessEditor
LogPluginManager: Mounting plugin RuntimePhysXCooking
LogPluginManager: Mounting plugin SignificanceManager
LogPluginManager: Mounting plugin SoundFields
LogPluginManager: Mounting plugin Synthesis
LogPluginManager: Mounting plugin WebMMoviePlayer
LogPluginManager: Mounting plugin WindowsMoviePlayer
LogPluginManager: Mounting plugin LiveLink
LogPluginManager: Mounting plugin ContentBrowserAssetDataSource
LogPluginManager: Mounting plugin ContentBrowserFileDataSource
LogPluginManager: Mounting plugin ContentBrowserClassDataSource
LogPluginManager: Mounting plugin OnlineSubsystemGooglePlay
LogPluginManager: Mounting plugin OnlineSubsystemIOS
LogPluginManager: Mounting plugin OculusVR
LogPluginManager: Mounting plugin SteamVR
PixWinPlugin: PIX capture plugin failed to initialize! Check that the process is launched from PIX.
LogInit: Using libcurl 7.55.1-DEV
LogInit:  - built for x86_64-pc-win32
LogInit:  - supports SSL with OpenSSL/1.1.1
LogInit:  - supports HTTP deflate (compression) using libz 1.2.8
LogInit:  - other features:
LogInit:      CURL_VERSION_SSL
LogInit:      CURL_VERSION_LIBZ
LogInit:      CURL_VERSION_IPV6
LogInit:      CURL_VERSION_ASYNCHDNS
LogInit:      CURL_VERSION_LARGEFILE
LogInit:      CURL_VERSION_IDN
LogInit:  CurlRequestOptions (configurable via config and command line):
LogInit:  - bVerifyPeer = true  - Libcurl will verify peer certificate
LogInit:  - bUseHttpProxy = false  - Libcurl will NOT use HTTP proxy
LogInit:  - bDontReuseConnections = false  - Libcurl will reuse connections
LogInit:  - MaxHostConnections = 16  - Libcurl will limit the number of connections to a host
LogInit:  - LocalHostAddr = Default
LogInit:  - BufferSize = 65536
LogOnline: OSS: Creating online subsystem instance for: NULL
LogInit: WinSock: version 1.1 (2.2), MaxSocks=32767, MaxUdp=65467
LogOnline: OSS: TryLoadSubsystemAndSetDefault: Loaded subsystem for module [NULL]
LogOculusPluginWrapper: OculusPlugin initialized successfully
LogHMD: Failed initializing OVRPlugin 1.59.0
LogInit: Build: ++UE4+Release-4.27-CL-18319896
LogInit: Engine Version: 4.27.2-18319896+++UE4+Release-4.27
LogInit: Compatible Engine Version: 4.27.0-17155196+++UE4+Release-4.27
LogInit: Net CL: 17155196
LogInit: OS: Windows 10 (Release 2009) (), CPU: Intel(R) Core(TM) i7-7800X CPU @ 3.50GHz, GPU: NVIDIA GeForce RTX 2080
LogInit: Compiled (64-bit): Nov 30 2021 07:12:08
LogInit: Compiled with Visual C++: 19.24.28315.00
LogInit: Build Configuration: Development
LogInit: Branch Name: ++UE4+Release-4.27
LogInit: Command Line:  -skipcompile
LogInit: Base Directory: C:/Program Files/Epic Games/UE_4.27/Engine/Binaries/Win64/
LogInit: Allocator: TBB
LogInit: Installed Engine Build: 1
LogDevObjectVersion: Number of dev versions registered: 29
LogDevObjectVersion:   Dev-Blueprints (B0D832E4-1F89-4F0D-ACCF-7EB736FD4AA2): 10
LogDevObjectVersion:   Dev-Build (E1C64328-A22C-4D53-A36C-8E866417BD8C): 0
LogDevObjectVersion:   Dev-Core (375EC13C-06E4-48FB-B500-84F0262A717E): 4
LogDevObjectVersion:   Dev-Editor (E4B068ED-F494-42E9-A231-DA0B2E46BB41): 40
LogDevObjectVersion:   Dev-Framework (CFFC743F-43B0-4480-9391-14DF171D2073): 37
LogDevObjectVersion:   Dev-Mobile (B02B49B5-BB20-44E9-A304-32B752E40360): 3
LogDevObjectVersion:   Dev-Networking (A4E4105C-59A1-49B5-A7C5-40C4547EDFEE): 0
LogDevObjectVersion:   Dev-Online (39C831C9-5AE6-47DC-9A44-9C173E1C8E7C): 0
LogDevObjectVersion:   Dev-Physics (78F01B33-EBEA-4F98-B9B4-84EACCB95AA2): 14
LogDevObjectVersion:   Dev-Platform (6631380F-2D4D-43E0-8009-CF276956A95A): 0
LogDevObjectVersion:   Dev-Rendering (12F88B9F-8875-4AFC-A67C-D90C383ABD29): 45
LogDevObjectVersion:   Dev-Sequencer (7B5AE74C-D270-4C10-A958-57980B212A5A): 13
LogDevObjectVersion:   Dev-VR (D7296918-1DD6-4BDD-9DE2-64A83CC13884): 3
LogDevObjectVersion:   Dev-LoadTimes (C2A15278-BFE7-4AFE-6C17-90FF531DF755): 1
LogDevObjectVersion:   Private-Geometry (6EACA3D4-40EC-4CC1-B786-8BED09428FC5): 3
LogDevObjectVersion:   Dev-AnimPhys (29E575DD-E0A3-4627-9D10-D276232CDCEA): 17
LogDevObjectVersion:   Dev-Anim (AF43A65D-7FD3-4947-9873-3E8ED9C1BB05): 15
LogDevObjectVersion:   Dev-ReflectionCapture (6B266CEC-1EC7-4B8F-A30B-E4D90942FC07): 1
LogDevObjectVersion:   Dev-Automation (0DF73D61-A23F-47EA-B727-89E90C41499A): 1
LogDevObjectVersion:   FortniteMain (601D1886-AC64-4F84-AA16-D3DE0DEAC7D6): 47
LogDevObjectVersion:   FortniteRelease (E7086368-6B23-4C58-8439-1B7016265E91): 1
LogDevObjectVersion:   Dev-Enterprise (9DFFBCD6-494F-0158-E221-12823C92A888): 10
LogDevObjectVersion:   Dev-Niagara (F2AED0AC-9AFE-416F-8664-AA7FFA26D6FC): 1
LogDevObjectVersion:   Dev-Destruction (174F1F0B-B4C6-45A5-B13F-2EE8D0FB917D): 10
LogDevObjectVersion:   Dev-Physics-Ext (35F94A83-E258-406C-A318-09F59610247C): 41
LogDevObjectVersion:   Dev-PhysicsMaterial-Chaos (B68FC16E-8B1B-42E2-B453-215C058844FE): 1
LogDevObjectVersion:   Dev-CineCamera (B2E18506-4273-CFC2-A54E-F4BB758BBA07): 1
LogDevObjectVersion:   Dev-VirtualProduction (64F58936-FD1B-42BA-BA96-7289D5D0FA4E): 1
LogDevObjectVersion:   Dev-MediaFramework (6F0ED827-A609-4895-9C91-998D90180EA4): 2
LogInit: Presizing for max 25165824 objects, including 0 objects not considered by GC, pre-allocating 0 bytes for permanent pool.
LogConfig: Applying CVar settings from Section [/Script/Engine.StreamingSettings] File [C:/Users/Administrador/Documents/Unreal Projects/Unreal-Prisma/Arkanoid/Saved/Config/Windows/Engine.ini]
LogConfig: Setting CVar [[s.MinBulkDataSizeForAsyncLoading:131072]]
LogConfig: Setting CVar [[s.AsyncLoadingThreadEnabled:0]]
LogConfig: Setting CVar [[s.EventDrivenLoaderEnabled:1]]
LogConfig: Setting CVar [[s.WarnIfTimeLimitExceeded:0]]
LogConfig: Setting CVar [[s.TimeLimitExceededMultiplier:1.5]]
LogConfig: Setting CVar [[s.TimeLimitExceededMinTime:0.005]]
LogConfig: Setting CVar [[s.UseBackgroundLevelStreaming:1]]
LogConfig: Setting CVar [[s.PriorityAsyncLoadingExtraTime:15.0]]
LogConfig: Setting CVar [[s.LevelStreamingActorsUpdateTimeLimit:5.0]]
LogConfig: Setting CVar [[s.PriorityLevelStreamingActorsUpdateExtraTime:5.0]]
LogConfig: Setting CVar [[s.LevelStreamingComponentsRegistrationGranularity:10]]
LogConfig: Setting CVar [[s.UnregisterComponentsTimeLimit:1.0]]
LogConfig: Setting CVar [[s.LevelStreamingComponentsUnregistrationGranularity:5]]
LogConfig: Setting CVar [[s.FlushStreamingOnExit:1]]
LogInit: Object subsystem initialized
LogConfig: Setting CVar [[con.DebugEarlyDefault:1]]
LogConfig: Setting CVar [[r.setres:1280x720]]
[2022.03.29-10.42.36:154][  0]LogConfig: Setting CVar [[r.VSync:0]]
[2022.03.29-10.42.36:154][  0]LogConfig: Setting CVar [[r.RHICmdBypass:0]]
[2022.03.29-10.42.36:155][  0]LogConfig: Applying CVar settings from Section [/Script/Engine.RendererSettings] File [C:/Users/Administrador/Documents/Unreal Projects/Unreal-Prisma/Arkanoid/Saved/Config/Windows/Engine.ini]
[2022.03.29-10.42.36:155][  0]LogConfig: Setting CVar [[r.GPUCrashDebugging:0]]
[2022.03.29-10.42.36:155][  0]LogConfig: Applying CVar settings from Section [/Script/Engine.RendererOverrideSettings] File [C:/Users/Administrador/Documents/Unreal Projects/Unreal-Prisma/Arkanoid/Saved/Config/Windows/Engine.ini]
[2022.03.29-10.42.36:155][  0]LogConfig: Applying CVar settings from Section [/Script/Engine.StreamingSettings] File [C:/Users/Administrador/Documents/Unreal Projects/Unreal-Prisma/Arkanoid/Saved/Config/Windows/Engine.ini]
[2022.03.29-10.42.36:155][  0]LogConfig: Setting CVar [[s.MinBulkDataSizeForAsyncLoading:131072]]
[2022.03.29-10.42.36:155][  0]LogConfig: Setting CVar [[s.AsyncLoadingThreadEnabled:0]]
[2022.03.29-10.42.36:155][  0]LogConfig: Setting CVar [[s.EventDrivenLoaderEnabled:1]]
[2022.03.29-10.42.36:155][  0]LogConfig: Setting CVar [[s.WarnIfTimeLimitExceeded:0]]
[2022.03.29-10.42.36:155][  0]LogConfig: Setting CVar [[s.TimeLimitExceededMultiplier:1.5]]
[2022.03.29-10.42.36:155][  0]LogConfig: Setting CVar [[s.TimeLimitExceededMinTime:0.005]]
[2022.03.29-10.42.36:155][  0]LogConfig: Setting CVar [[s.UseBackgroundLevelStreaming:1]]
[2022.03.29-10.42.36:155][  0]LogConfig: Setting CVar [[s.PriorityAsyncLoadingExtraTime:15.0]]
[2022.03.29-10.42.36:155][  0]LogConfig: Setting CVar [[s.LevelStreamingActorsUpdateTimeLimit:5.0]]
[2022.03.29-10.42.36:155][  0]LogConfig: Setting CVar [[s.PriorityLevelStreamingActorsUpdateExtraTime:5.0]]
[2022.03.29-10.42.36:155][  0]LogConfig: Setting CVar [[s.LevelStreamingComponentsRegistrationGranularity:10]]
[2022.03.29-10.42.36:155][  0]LogConfig: Setting CVar [[s.UnregisterComponentsTimeLimit:1.0]]
[2022.03.29-10.42.36:156][  0]LogConfig: Setting CVar [[s.LevelStreamingComponentsUnregistrationGranularity:5]]
[2022.03.29-10.42.36:156][  0]LogConfig: Setting CVar [[s.FlushStreamingOnExit:1]]
[2022.03.29-10.42.36:156][  0]LogConfig: Applying CVar settings from Section [/Script/Engine.GarbageCollectionSettings] File [C:/Users/Administrador/Documents/Unreal Projects/Unreal-Prisma/Arkanoid/Saved/Config/Windows/Engine.ini]
[2022.03.29-10.42.36:156][  0]LogConfig: Setting CVar [[gc.MaxObjectsNotConsideredByGC:1]]
[2022.03.29-10.42.36:156][  0]LogConfig: Setting CVar [[gc.SizeOfPermanentObjectPool:0]]
[2022.03.29-10.42.36:156][  0]LogConfig: Setting CVar [[gc.FlushStreamingOnGC:0]]
[2022.03.29-10.42.36:156][  0]LogConfig: Setting CVar [[gc.NumRetriesBeforeForcingGC:10]]
[2022.03.29-10.42.36:156][  0]LogConfig: Setting CVar [[gc.AllowParallelGC:1]]
[2022.03.29-10.42.36:156][  0]LogConfig: Setting CVar [[gc.TimeBetweenPurgingPendingKillObjects:61.1]]
[2022.03.29-10.42.36:156][  0]LogConfig: Setting CVar [[gc.MaxObjectsInEditor:25165824]]
[2022.03.29-10.42.36:156][  0]LogConfig: Setting CVar [[gc.IncrementalBeginDestroyEnabled:1]]
[2022.03.29-10.42.36:156][  0]LogConfig: Setting CVar [[gc.CreateGCClusters:1]]
[2022.03.29-10.42.36:156][  0]LogConfig: Setting CVar [[gc.MinGCClusterSize:5]]
[2022.03.29-10.42.36:156][  0]LogConfig: Setting CVar [[gc.ActorClusteringEnabled:0]]
[2022.03.29-10.42.36:156][  0]LogConfig: Setting CVar [[gc.BlueprintClusteringEnabled:0]]
[2022.03.29-10.42.36:156][  0]LogConfig: Setting CVar [[gc.UseDisregardForGCOnDedicatedServers:0]]
[2022.03.29-10.42.36:157][  0]LogConfig: Setting CVar [[gc.MultithreadedDestructionEnabled:1]]
[2022.03.29-10.42.36:157][  0]LogConfig: Applying CVar settings from Section [/Script/Engine.NetworkSettings] File [C:/Users/Administrador/Documents/Unreal Projects/Unreal-Prisma/Arkanoid/Saved/Config/Windows/Engine.ini]
[2022.03.29-10.42.36:157][  0]LogConfig: Applying CVar settings from Section [/Script/UnrealEd.CookerSettings] File [C:/Users/Administrador/Documents/Unreal Projects/Unreal-Prisma/Arkanoid/Saved/Config/Windows/Engine.ini]
[2022.03.29-10.42.36:180][  0]LogConfig: Applying CVar settings from Section [ViewDistanceQuality@3] File [C:/Users/Administrador/Documents/Unreal Projects/Unreal-Prisma/Arkanoid/Saved/Config/Windows/Scalability.ini]
[2022.03.29-10.42.36:180][  0]LogConfig: Setting CVar [[r.SkeletalMeshLODBias:0]]
[2022.03.29-10.42.36:180][  0]LogConfig: Setting CVar [[r.ViewDistanceScale:1.0]]
[2022.03.29-10.42.36:180][  0]LogConfig: Applying CVar settings from Section [AntiAliasingQuality@3] File [C:/Users/Administrador/Documents/Unreal Projects/Unreal-Prisma/Arkanoid/Saved/Config/Windows/Scalability.ini]
[2022.03.29-10.42.36:180][  0]LogConfig: Setting CVar [[r.PostProcessAAQuality:4]]
[2022.03.29-10.42.36:180][  0]LogConfig: Applying CVar settings from Section [ShadowQuality@3] File [C:/Users/Administrador/Documents/Unreal Projects/Unreal-Prisma/Arkanoid/Saved/Config/Windows/Scalability.ini]
[2022.03.29-10.42.36:180][  0]LogConfig: Setting CVar [[r.LightFunctionQuality:1]]
[2022.03.29-10.42.36:180][  0]LogConfig: Setting CVar [[r.ShadowQuality:5]]
[2022.03.29-10.42.36:180][  0]LogConfig: Setting CVar [[r.Shadow.CSM.MaxCascades:10]]
[2022.03.29-10.42.36:180][  0]LogConfig: Setting CVar [[r.Shadow.MaxResolution:2048]]
[2022.03.29-10.42.36:181][  0]LogConfig: Setting CVar [[r.Shadow.MaxCSMResolution:2048]]
[2022.03.29-10.42.36:181][  0]LogConfig: Setting CVar [[r.Shadow.RadiusThreshold:0.01]]
[2022.03.29-10.42.36:181][  0]LogConfig: Setting CVar [[r.Shadow.DistanceScale:1.0]]
[2022.03.29-10.42.36:181][  0]LogConfig: Setting CVar [[r.Shadow.CSM.TransitionScale:1.0]]
[2022.03.29-10.42.36:181][  0]LogConfig: Setting CVar [[r.Shadow.PreShadowResolutionFactor:1.0]]
[2022.03.29-10.42.36:181][  0]LogConfig: Setting CVar [[r.DistanceFieldShadowing:1]]
[2022.03.29-10.42.36:181][  0]LogConfig: Setting CVar [[r.DistanceFieldAO:1]]
[2022.03.29-10.42.36:181][  0]LogConfig: Setting CVar [[r.AOQuality:2]]
[2022.03.29-10.42.36:181][  0]LogConfig: Setting CVar [[r.VolumetricFog:1]]
[2022.03.29-10.42.36:181][  0]LogConfig: Setting CVar [[r.VolumetricFog.GridPixelSize:8]]
[2022.03.29-10.42.36:181][  0]LogConfig: Setting CVar [[r.VolumetricFog.GridSizeZ:128]]
[2022.03.29-10.42.36:181][  0]LogConfig: Setting CVar [[r.VolumetricFog.HistoryMissSupersampleCount:4]]
[2022.03.29-10.42.36:181][  0]LogConfig: Setting CVar [[r.LightMaxDrawDistanceScale:1]]
[2022.03.29-10.42.36:181][  0]LogConfig: Setting CVar [[r.CapsuleShadows:1]]
[2022.03.29-10.42.36:181][  0]LogConfig: Applying CVar settings from Section [PostProcessQuality@3] File [C:/Users/Administrador/Documents/Unreal Projects/Unreal-Prisma/Arkanoid/Saved/Config/Windows/Scalability.ini]
[2022.03.29-10.42.36:181][  0]LogConfig: Setting CVar [[r.MotionBlurQuality:4]]
[2022.03.29-10.42.36:182][  0]LogConfig: Setting CVar [[r.AmbientOcclusionMipLevelFactor:0.4]]
[2022.03.29-10.42.36:182][  0]LogConfig: Setting CVar [[r.AmbientOcclusionMaxQuality:100]]
[2022.03.29-10.42.36:182][  0]LogConfig: Setting CVar [[r.AmbientOcclusionLevels:-1]]
[2022.03.29-10.42.36:182][  0]LogConfig: Setting CVar [[r.AmbientOcclusionRadiusScale:1.0]]
[2022.03.29-10.42.36:182][  0]LogConfig: Setting CVar [[r.DepthOfFieldQuality:2]]
[2022.03.29-10.42.36:182][  0]LogConfig: Setting CVar [[r.RenderTargetPoolMin:400]]
[2022.03.29-10.42.36:182][  0]LogConfig: Setting CVar [[r.LensFlareQuality:2]]
[2022.03.29-10.42.36:182][  0]LogConfig: Setting CVar [[r.SceneColorFringeQuality:1]]
[2022.03.29-10.42.36:182][  0]LogConfig: Setting CVar [[r.EyeAdaptationQuality:2]]
[2022.03.29-10.42.36:182][  0]LogConfig: Setting CVar [[r.BloomQuality:5]]
[2022.03.29-10.42.36:182][  0]LogConfig: Setting CVar [[r.FastBlurThreshold:100]]
[2022.03.29-10.42.36:182][  0]LogConfig: Setting CVar [[r.Upscale.Quality:3]]
[2022.03.29-10.42.36:182][  0]LogConfig: Setting CVar [[r.Tonemapper.GrainQuantization:1]]
[2022.03.29-10.42.36:182][  0]LogConfig: Setting CVar [[r.LightShaftQuality:1]]
[2022.03.29-10.42.36:182][  0]LogConfig: Setting CVar [[r.Filter.SizeScale:1]]
[2022.03.29-10.42.36:183][  0]LogConfig: Setting CVar [[r.Tonemapper.Quality:5]]
[2022.03.29-10.42.36:183][  0]LogConfig: Setting CVar [[r.DOF.Gather.AccumulatorQuality:1        ; higher gathering accumulator quality]]
[2022.03.29-10.42.36:183][  0]LogConfig: Setting CVar [[r.DOF.Gather.PostfilterMethod:1          ; Median3x3 postfilering method]]
[2022.03.29-10.42.36:183][  0]LogConfig: Setting CVar [[r.DOF.Gather.EnableBokehSettings:0       ; no bokeh simulation when gathering]]
[2022.03.29-10.42.36:183][  0]LogConfig: Setting CVar [[r.DOF.Gather.RingCount:4                 ; medium number of samples when gathering]]
[2022.03.29-10.42.36:183][  0]LogConfig: Setting CVar [[r.DOF.Scatter.ForegroundCompositing:1    ; additive foreground scattering]]
[2022.03.29-10.42.36:183][  0]LogConfig: Setting CVar [[r.DOF.Scatter.BackgroundCompositing:2    ; additive background scattering]]
[2022.03.29-10.42.36:183][  0]LogConfig: Setting CVar [[r.DOF.Scatter.EnableBokehSettings:1      ; bokeh simulation when scattering]]
[2022.03.29-10.42.36:183][  0]LogConfig: Setting CVar [[r.DOF.Scatter.MaxSpriteRatio:0.1         ; only a maximum of 10% of scattered bokeh]]
[2022.03.29-10.42.36:183][  0]LogConfig: Setting CVar [[r.DOF.Recombine.Quality:1                ; cheap slight out of focus]]
[2022.03.29-10.42.36:183][  0]LogConfig: Setting CVar [[r.DOF.Recombine.EnableBokehSettings:0    ; no bokeh simulation on slight out of focus]]
[2022.03.29-10.42.36:183][  0]LogConfig: Setting CVar [[r.DOF.TemporalAAQuality:1                ; more stable temporal accumulation]]
[2022.03.29-10.42.36:183][  0]LogConfig: Setting CVar [[r.DOF.Kernel.MaxForegroundRadius:0.025]]
[2022.03.29-10.42.36:183][  0]LogConfig: Setting CVar [[r.DOF.Kernel.MaxBackgroundRadius:0.025]]
[2022.03.29-10.42.36:183][  0]LogConfig: Applying CVar settings from Section [TextureQuality@3] File [C:/Users/Administrador/Documents/Unreal Projects/Unreal-Prisma/Arkanoid/Saved/Config/Windows/Scalability.ini]
[2022.03.29-10.42.36:184][  0]LogConfig: Setting CVar [[r.Streaming.MipBias:0]]
[2022.03.29-10.42.36:184][  0]LogConfig: Setting CVar [[r.Streaming.AmortizeCPUToGPUCopy:0]]
[2022.03.29-10.42.36:184][  0]LogConfig: Setting CVar [[r.Streaming.MaxNumTexturesToStreamPerFrame:0]]
[2022.03.29-10.42.36:184][  0]LogConfig: Setting CVar [[r.Streaming.Boost:1]]
[2022.03.29-10.42.36:184][  0]LogConfig: Setting CVar [[r.MaxAnisotropy:8]]
[2022.03.29-10.42.36:184][  0]LogConfig: Setting CVar [[r.VT.MaxAnisotropy:8]]
[2022.03.29-10.42.36:184][  0]LogConfig: Setting CVar [[r.Streaming.LimitPoolSizeToVRAM:0]]
[2022.03.29-10.42.36:184][  0]LogConfig: Setting CVar [[r.Streaming.PoolSize:1000]]
[2022.03.29-10.42.36:184][  0]LogConfig: Setting CVar [[r.Streaming.MaxEffectiveScreenSize:0]]
[2022.03.29-10.42.36:184][  0]LogConfig: Applying CVar settings from Section [EffectsQuality@3] File [C:/Users/Administrador/Documents/Unreal Projects/Unreal-Prisma/Arkanoid/Saved/Config/Windows/Scalability.ini]
[2022.03.29-10.42.36:184][  0]LogConfig: Setting CVar [[r.TranslucencyLightingVolumeDim:64]]
[2022.03.29-10.42.36:184][  0]LogConfig: Setting CVar [[r.RefractionQuality:2]]
[2022.03.29-10.42.36:184][  0]LogConfig: Setting CVar [[r.SSR.Quality:3]]
[2022.03.29-10.42.36:184][  0]LogConfig: Setting CVar [[r.SSR.HalfResSceneColor:0]]
[2022.03.29-10.42.36:184][  0]LogConfig: Setting CVar [[r.SceneColorFormat:4]]
[2022.03.29-10.42.36:185][  0]LogConfig: Setting CVar [[r.DetailMode:2]]
[2022.03.29-10.42.36:185][  0]LogConfig: Setting CVar [[r.TranslucencyVolumeBlur:1]]
[2022.03.29-10.42.36:185][  0]LogConfig: Setting CVar [[r.MaterialQualityLevel:1 ; High quality]]
[2022.03.29-10.42.36:185][  0]LogConfig: Setting CVar [[r.AnisotropicMaterials:1]]
[2022.03.29-10.42.36:185][  0]LogConfig: Setting CVar [[r.SSS.Scale:1]]
[2022.03.29-10.42.36:185][  0]LogConfig: Setting CVar [[r.SSS.SampleSet:2]]
[2022.03.29-10.42.36:185][  0]LogConfig: Setting CVar [[r.SSS.Quality:1]]
[2022.03.29-10.42.36:185][  0]LogConfig: Setting CVar [[r.SSS.HalfRes:0]]
[2022.03.29-10.42.36:185][  0]LogConfig: Setting CVar [[r.SSGI.Quality:3]]
[2022.03.29-10.42.36:185][  0]LogConfig: Setting CVar [[r.EmitterSpawnRateScale:1.0]]
[2022.03.29-10.42.36:185][  0]LogConfig: Setting CVar [[r.ParticleLightQuality:2]]
[2022.03.29-10.42.36:185][  0]LogConfig: Setting CVar [[r.SkyAtmosphere.AerialPerspectiveLUT.FastApplyOnOpaque:1 ; Always have FastSkyLUT 1 in this case to avoid wrong sky]]
[2022.03.29-10.42.36:185][  0]LogConfig: Setting CVar [[r.SkyAtmosphere.AerialPerspectiveLUT.SampleCountMaxPerSlice:4]]
[2022.03.29-10.42.36:185][  0]LogConfig: Setting CVar [[r.SkyAtmosphere.AerialPerspectiveLUT.DepthResolution:16.0]]
[2022.03.29-10.42.36:185][  0]LogConfig: Setting CVar [[r.SkyAtmosphere.FastSkyLUT:1]]
[2022.03.29-10.42.36:186][  0]LogConfig: Setting CVar [[r.SkyAtmosphere.FastSkyLUT.SampleCountMin:4.0]]
[2022.03.29-10.42.36:186][  0]LogConfig: Setting CVar [[r.SkyAtmosphere.FastSkyLUT.SampleCountMax:128.0]]
[2022.03.29-10.42.36:186][  0]LogConfig: Setting CVar [[r.SkyAtmosphere.SampleCountMin:4.0]]
[2022.03.29-10.42.36:186][  0]LogConfig: Setting CVar [[r.SkyAtmosphere.SampleCountMax:128.0]]
[2022.03.29-10.42.36:186][  0]LogConfig: Setting CVar [[r.SkyAtmosphere.TransmittanceLUT.UseSmallFormat:0]]
[2022.03.29-10.42.36:186][  0]LogConfig: Setting CVar [[r.SkyAtmosphere.TransmittanceLUT.SampleCount:10.0]]
[2022.03.29-10.42.36:186][  0]LogConfig: Setting CVar [[r.SkyAtmosphere.MultiScatteringLUT.SampleCount:15.0]]
[2022.03.29-10.42.36:186][  0]LogConfig: Setting CVar [[r.SkyLight.RealTimeReflectionCapture:1]]
[2022.03.29-10.42.36:186][  0]LogConfig: Applying CVar settings from Section [FoliageQuality@3] File [C:/Users/Administrador/Documents/Unreal Projects/Unreal-Prisma/Arkanoid/Saved/Config/Windows/Scalability.ini]
[2022.03.29-10.42.36:186][  0]LogConfig: Setting CVar [[foliage.DensityScale:1.0]]
[2022.03.29-10.42.36:186][  0]LogConfig: Setting CVar [[grass.DensityScale:1.0]]
[2022.03.29-10.42.36:186][  0]LogConfig: Applying CVar settings from Section [ShadingQuality@3] File [C:/Users/Administrador/Documents/Unreal Projects/Unreal-Prisma/Arkanoid/Saved/Config/Windows/Scalability.ini]
[2022.03.29-10.42.36:186][  0]LogConfig: Setting CVar [[r.HairStrands.SkyLighting.IntegrationType:2]]
[2022.03.29-10.42.36:186][  0]LogConfig: Setting CVar [[r.HairStrands.SkyAO.SampleCount:4]]
[2022.03.29-10.42.36:186][  0]LogConfig: Setting CVar [[r.HairStrands.Visibility.MSAA.SamplePerPixel:4]]
[2022.03.29-10.42.36:186][  0]LogInit: Selected Device Profile: [Windows]
[2022.03.29-10.42.36:187][  0]LogInit: Applying CVar settings loaded from the selected device profile: [Windows]
[2022.03.29-10.42.36:187][  0]LogHAL: Display: Platform has ~ 16 GB [16842637312 / 17179869184 / 16], which maps to Larger [LargestMinGB=32, LargerMinGB=12, DefaultMinGB=8, SmallerMinGB=6, SmallestMinGB=0)
[2022.03.29-10.42.36:187][  0]LogInit: Going up to parent DeviceProfile []
[2022.03.29-10.42.36:187][  0]LogConfig: Applying CVar settings from Section [ViewDistanceQuality@3] File [C:/Users/Administrador/Documents/Unreal Projects/Unreal-Prisma/Arkanoid/Saved/Config/Windows/Scalability.ini]
[2022.03.29-10.42.36:187][  0]LogConfig: Setting CVar [[r.SkeletalMeshLODBias:0]]
[2022.03.29-10.42.36:187][  0]LogConfig: Setting CVar [[r.ViewDistanceScale:1.0]]
[2022.03.29-10.42.36:187][  0]LogConfig: Applying CVar settings from Section [AntiAliasingQuality@3] File [C:/Users/Administrador/Documents/Unreal Projects/Unreal-Prisma/Arkanoid/Saved/Config/Windows/Scalability.ini]
[2022.03.29-10.42.36:187][  0]LogConfig: Setting CVar [[r.PostProcessAAQuality:4]]
[2022.03.29-10.42.36:187][  0]LogConfig: Applying CVar settings from Section [ShadowQuality@3] File [C:/Users/Administrador/Documents/Unreal Projects/Unreal-Prisma/Arkanoid/Saved/Config/Windows/Scalability.ini]
[2022.03.29-10.42.36:187][  0]LogConfig: Setting CVar [[r.LightFunctionQuality:1]]
[2022.03.29-10.42.36:187][  0]LogConfig: Setting CVar [[r.ShadowQuality:5]]
[2022.03.29-10.42.36:187][  0]LogConfig: Setting CVar [[r.Shadow.CSM.MaxCascades:10]]
[2022.03.29-10.42.36:187][  0]LogConfig: Setting CVar [[r.Shadow.MaxResolution:2048]]
[2022.03.29-10.42.36:187][  0]LogConfig: Setting CVar [[r.Shadow.MaxCSMResolution:2048]]
[2022.03.29-10.42.36:188][  0]LogConfig: Setting CVar [[r.Shadow.RadiusThreshold:0.01]]
[2022.03.29-10.42.36:188][  0]LogConfig: Setting CVar [[r.Shadow.DistanceScale:1.0]]
[2022.03.29-10.42.36:188][  0]LogConfig: Setting CVar [[r.Shadow.CSM.TransitionScale:1.0]]
[2022.03.29-10.42.36:188][  0]LogConfig: Setting CVar [[r.Shadow.PreShadowResolutionFactor:1.0]]
[2022.03.29-10.42.36:188][  0]LogConfig: Setting CVar [[r.DistanceFieldShadowing:1]]
[2022.03.29-10.42.36:188][  0]LogConfig: Setting CVar [[r.DistanceFieldAO:1]]
[2022.03.29-10.42.36:188][  0]LogConfig: Setting CVar [[r.AOQuality:2]]
[2022.03.29-10.42.36:188][  0]LogConfig: Setting CVar [[r.VolumetricFog:1]]
[2022.03.29-10.42.36:188][  0]LogConfig: Setting CVar [[r.VolumetricFog.GridPixelSize:8]]
[2022.03.29-10.42.36:188][  0]LogConfig: Setting CVar [[r.VolumetricFog.GridSizeZ:128]]
[2022.03.29-10.42.36:188][  0]LogConfig: Setting CVar [[r.VolumetricFog.HistoryMissSupersampleCount:4]]
[2022.03.29-10.42.36:188][  0]LogConfig: Setting CVar [[r.LightMaxDrawDistanceScale:1]]
[2022.03.29-10.42.36:188][  0]LogConfig: Setting CVar [[r.CapsuleShadows:1]]
[2022.03.29-10.42.36:188][  0]LogConfig: Applying CVar settings from Section [PostProcessQuality@3] File [C:/Users/Administrador/Documents/Unreal Projects/Unreal-Prisma/Arkanoid/Saved/Config/Windows/Scalability.ini]
[2022.03.29-10.42.36:188][  0]LogConfig: Setting CVar [[r.MotionBlurQuality:4]]
[2022.03.29-10.42.36:188][  0]LogConfig: Setting CVar [[r.AmbientOcclusionMipLevelFactor:0.4]]
[2022.03.29-10.42.36:188][  0]LogConfig: Setting CVar [[r.AmbientOcclusionMaxQuality:100]]
[2022.03.29-10.42.36:188][  0]LogConfig: Setting CVar [[r.AmbientOcclusionLevels:-1]]
[2022.03.29-10.42.36:189][  0]LogConfig: Setting CVar [[r.AmbientOcclusionRadiusScale:1.0]]
[2022.03.29-10.42.36:189][  0]LogConfig: Setting CVar [[r.DepthOfFieldQuality:2]]
[2022.03.29-10.42.36:189][  0]LogConfig: Setting CVar [[r.RenderTargetPoolMin:400]]
[2022.03.29-10.42.36:189][  0]LogConfig: Setting CVar [[r.LensFlareQuality:2]]
[2022.03.29-10.42.36:189][  0]LogConfig: Setting CVar [[r.SceneColorFringeQuality:1]]
[2022.03.29-10.42.36:189][  0]LogConfig: Setting CVar [[r.EyeAdaptationQuality:2]]
[2022.03.29-10.42.36:189][  0]LogConfig: Setting CVar [[r.BloomQuality:5]]
[2022.03.29-10.42.36:189][  0]LogConfig: Setting CVar [[r.FastBlurThreshold:100]]
[2022.03.29-10.42.36:189][  0]LogConfig: Setting CVar [[r.Upscale.Quality:3]]
[2022.03.29-10.42.36:189][  0]LogConfig: Setting CVar [[r.Tonemapper.GrainQuantization:1]]
[2022.03.29-10.42.36:189][  0]LogConfig: Setting CVar [[r.LightShaftQuality:1]]
[2022.03.29-10.42.36:189][  0]LogConfig: Setting CVar [[r.Filter.SizeScale:1]]
[2022.03.29-10.42.36:189][  0]LogConfig: Setting CVar [[r.Tonemapper.Quality:5]]
[2022.03.29-10.42.36:189][  0]LogConfig: Setting CVar [[r.DOF.Gather.AccumulatorQuality:1        ; higher gathering accumulator quality]]
[2022.03.29-10.42.36:189][  0]LogConfig: Setting CVar [[r.DOF.Gather.PostfilterMethod:1          ; Median3x3 postfilering method]]
[2022.03.29-10.42.36:189][  0]LogConfig: Setting CVar [[r.DOF.Gather.EnableBokehSettings:0       ; no bokeh simulation when gathering]]
[2022.03.29-10.42.36:190][  0]LogConfig: Setting CVar [[r.DOF.Gather.RingCount:4                 ; medium number of samples when gathering]]
[2022.03.29-10.42.36:190][  0]LogConfig: Setting CVar [[r.DOF.Scatter.ForegroundCompositing:1    ; additive foreground scattering]]
[2022.03.29-10.42.36:190][  0]LogConfig: Setting CVar [[r.DOF.Scatter.BackgroundCompositing:2    ; additive background scattering]]
[2022.03.29-10.42.36:190][  0]LogConfig: Setting CVar [[r.DOF.Scatter.EnableBokehSettings:1      ; bokeh simulation when scattering]]
[2022.03.29-10.42.36:190][  0]LogConfig: Setting CVar [[r.DOF.Scatter.MaxSpriteRatio:0.1         ; only a maximum of 10% of scattered bokeh]]
[2022.03.29-10.42.36:190][  0]LogConfig: Setting CVar [[r.DOF.Recombine.Quality:1                ; cheap slight out of focus]]
[2022.03.29-10.42.36:190][  0]LogConfig: Setting CVar [[r.DOF.Recombine.EnableBokehSettings:0    ; no bokeh simulation on slight out of focus]]
[2022.03.29-10.42.36:190][  0]LogConfig: Setting CVar [[r.DOF.TemporalAAQuality:1                ; more stable temporal accumulation]]
[2022.03.29-10.42.36:190][  0]LogConfig: Setting CVar [[r.DOF.Kernel.MaxForegroundRadius:0.025]]
[2022.03.29-10.42.36:190][  0]LogConfig: Setting CVar [[r.DOF.Kernel.MaxBackgroundRadius:0.025]]
[2022.03.29-10.42.36:190][  0]LogConfig: Applying CVar settings from Section [TextureQuality@3] File [C:/Users/Administrador/Documents/Unreal Projects/Unreal-Prisma/Arkanoid/Saved/Config/Windows/Scalability.ini]
[2022.03.29-10.42.36:190][  0]LogConfig: Setting CVar [[r.Streaming.MipBias:0]]
[2022.03.29-10.42.36:190][  0]LogConfig: Setting CVar [[r.Streaming.AmortizeCPUToGPUCopy:0]]
[2022.03.29-10.42.36:190][  0]LogConfig: Setting CVar [[r.Streaming.MaxNumTexturesToStreamPerFrame:0]]
[2022.03.29-10.42.36:190][  0]LogConfig: Setting CVar [[r.Streaming.Boost:1]]
[2022.03.29-10.42.36:190][  0]LogConfig: Setting CVar [[r.MaxAnisotropy:8]]
[2022.03.29-10.42.36:191][  0]LogConfig: Setting CVar [[r.VT.MaxAnisotropy:8]]
[2022.03.29-10.42.36:191][  0]LogConfig: Setting CVar [[r.Streaming.LimitPoolSizeToVRAM:0]]
[2022.03.29-10.42.36:191][  0]LogConfig: Setting CVar [[r.Streaming.PoolSize:1000]]
[2022.03.29-10.42.36:191][  0]LogConfig: Setting CVar [[r.Streaming.MaxEffectiveScreenSize:0]]
[2022.03.29-10.42.36:191][  0]LogConfig: Applying CVar settings from Section [EffectsQuality@3] File [C:/Users/Administrador/Documents/Unreal Projects/Unreal-Prisma/Arkanoid/Saved/Config/Windows/Scalability.ini]
[2022.03.29-10.42.36:191][  0]LogConfig: Setting CVar [[r.TranslucencyLightingVolumeDim:64]]
[2022.03.29-10.42.36:191][  0]LogConfig: Setting CVar [[r.RefractionQuality:2]]
[2022.03.29-10.42.36:191][  0]LogConfig: Setting CVar [[r.SSR.Quality:3]]
[2022.03.29-10.42.36:191][  0]LogConfig: Setting CVar [[r.SSR.HalfResSceneColor:0]]
[2022.03.29-10.42.36:191][  0]LogConfig: Setting CVar [[r.SceneColorFormat:4]]
[2022.03.29-10.42.36:191][  0]LogConfig: Setting CVar [[r.DetailMode:2]]
[2022.03.29-10.42.36:191][  0]LogConfig: Setting CVar [[r.TranslucencyVolumeBlur:1]]
[2022.03.29-10.42.36:191][  0]LogConfig: Setting CVar [[r.MaterialQualityLevel:1 ; High quality]]
[2022.03.29-10.42.36:191][  0]LogConfig: Setting CVar [[r.AnisotropicMaterials:1]]
[2022.03.29-10.42.36:191][  0]LogConfig: Setting CVar [[r.SSS.Scale:1]]
[2022.03.29-10.42.36:191][  0]LogConfig: Setting CVar [[r.SSS.SampleSet:2]]
[2022.03.29-10.42.36:191][  0]LogConfig: Setting CVar [[r.SSS.Quality:1]]
[2022.03.29-10.42.36:191][  0]LogConfig: Setting CVar [[r.SSS.HalfRes:0]]
[2022.03.29-10.42.36:191][  0]LogConfig: Setting CVar [[r.SSGI.Quality:3]]
[2022.03.29-10.42.36:192][  0]LogConfig: Setting CVar [[r.EmitterSpawnRateScale:1.0]]
[2022.03.29-10.42.36:192][  0]LogConfig: Setting CVar [[r.ParticleLightQuality:2]]
[2022.03.29-10.42.36:192][  0]LogConfig: Setting CVar [[r.SkyAtmosphere.AerialPerspectiveLUT.FastApplyOnOpaque:1 ; Always have FastSkyLUT 1 in this case to avoid wrong sky]]
[2022.03.29-10.42.36:192][  0]LogConfig: Setting CVar [[r.SkyAtmosphere.AerialPerspectiveLUT.SampleCountMaxPerSlice:4]]
[2022.03.29-10.42.36:192][  0]LogConfig: Setting CVar [[r.SkyAtmosphere.AerialPerspectiveLUT.DepthResolution:16.0]]
[2022.03.29-10.42.36:192][  0]LogConfig: Setting CVar [[r.SkyAtmosphere.FastSkyLUT:1]]
[2022.03.29-10.42.36:192][  0]LogConfig: Setting CVar [[r.SkyAtmosphere.FastSkyLUT.SampleCountMin:4.0]]
[2022.03.29-10.42.36:192][  0]LogConfig: Setting CVar [[r.SkyAtmosphere.FastSkyLUT.SampleCountMax:128.0]]
[2022.03.29-10.42.36:192][  0]LogConfig: Setting CVar [[r.SkyAtmosphere.SampleCountMin:4.0]]
[2022.03.29-10.42.36:192][  0]LogConfig: Setting CVar [[r.SkyAtmosphere.SampleCountMax:128.0]]
[2022.03.29-10.42.36:192][  0]LogConfig: Setting CVar [[r.SkyAtmosphere.TransmittanceLUT.UseSmallFormat:0]]
[2022.03.29-10.42.36:192][  0]LogConfig: Setting CVar [[r.SkyAtmosphere.TransmittanceLUT.SampleCount:10.0]]
[2022.03.29-10.42.36:192][  0]LogConfig: Setting CVar [[r.SkyAtmosphere.MultiScatteringLUT.SampleCount:15.0]]
[2022.03.29-10.42.36:192][  0]LogConfig: Setting CVar [[r.SkyLight.RealTimeReflectionCapture:1]]
[2022.03.29-10.42.36:192][  0]LogConfig: Applying CVar settings from Section [FoliageQuality@3] File [C:/Users/Administrador/Documents/Unreal Projects/Unreal-Prisma/Arkanoid/Saved/Config/Windows/Scalability.ini]
[2022.03.29-10.42.36:192][  0]LogConfig: Setting CVar [[foliage.DensityScale:1.0]]
[2022.03.29-10.42.36:192][  0]LogConfig: Setting CVar [[grass.DensityScale:1.0]]
[2022.03.29-10.42.36:192][  0]LogConfig: Applying CVar settings from Section [ShadingQuality@3] File [C:/Users/Administrador/Documents/Unreal Projects/Unreal-Prisma/Arkanoid/Saved/Config/Windows/Scalability.ini]
[2022.03.29-10.42.36:192][  0]LogConfig: Setting CVar [[r.HairStrands.SkyLighting.IntegrationType:2]]
[2022.03.29-10.42.36:193][  0]LogConfig: Setting CVar [[r.HairStrands.SkyAO.SampleCount:4]]
[2022.03.29-10.42.36:193][  0]LogConfig: Setting CVar [[r.HairStrands.Visibility.MSAA.SamplePerPixel:4]]
[2022.03.29-10.42.36:193][  0]LogConfig: Applying CVar settings from Section [Startup] File [../../../Engine/Config/ConsoleVariables.ini]
[2022.03.29-10.42.36:193][  0]LogConfig: Setting CVar [[net.UseAdaptiveNetUpdateFrequency:0]]
[2022.03.29-10.42.36:193][  0]LogConfig: Setting CVar [[p.chaos.AllowCreatePhysxBodies:1]]
[2022.03.29-10.42.36:193][  0]LogConfig: Setting CVar [[fx.SkipVectorVMBackendOptimizations:1]]
[2022.03.29-10.42.36:193][  0]LogConfig: Applying CVar settings from Section [ConsoleVariables] File [C:/Users/Administrador/Documents/Unreal Projects/Unreal-Prisma/Arkanoid/Saved/Config/Windows/Engine.ini]
[2022.03.29-10.42.36:194][  0]LogConfig: Applying CVar settings from Section [ConsoleVariables] File [C:/Users/Administrador/Documents/Unreal Projects/Unreal-Prisma/Arkanoid/Saved/Config/Windows/Editor.ini]
[2022.03.29-10.42.36:194][  0]LogInit: Computer: DESKTOP-QU0IU8S
[2022.03.29-10.42.36:194][  0]LogInit: User: Administrador
[2022.03.29-10.42.36:194][  0]LogInit: CPU Page size=4096, Cores=6
[2022.03.29-10.42.36:194][  0]LogInit: High frequency timer resolution =10.000000 MHz
[2022.03.29-10.42.36:194][  0]LogMemory: Memory total: Physical=15.7GB (16GB approx)
[2022.03.29-10.42.36:194][  0]LogMemory: Platform Memory Stats for Windows
[2022.03.29-10.42.36:194][  0]LogMemory: Process Physical Memory: 143.19 MB used, 143.20 MB peak
[2022.03.29-10.42.36:194][  0]LogMemory: Process Virtual Memory: 123.58 MB used, 123.58 MB peak
[2022.03.29-10.42.36:194][  0]LogMemory: Physical Memory: 9746.70 MB used,  6315.70 MB free, 16062.39 MB total
[2022.03.29-10.42.36:194][  0]LogMemory: Virtual Memory: 134211976.00 MB used,  5750.64 MB free, 134217728.00 MB total
[2022.03.29-10.42.36:204][  0]LogWindows: WindowsPlatformFeatures enabled
[2022.03.29-10.42.36:602][  0]LogInit: Physics initialised using underlying interface: PhysX
[2022.03.29-10.42.36:607][  0]LogInit: Overriding language with editor language configuration option (en).
[2022.03.29-10.42.36:608][  0]LogInit: Using OS detected locale (es-ES).
[2022.03.29-10.42.36:833][  0]LogInit: Setting process to per monitor DPI aware
[2022.03.29-10.42.36:872][  0]LogWindowsTextInputMethodSystem: Display: IME system deactivated.
[2022.03.29-10.42.36:925][  0]LogSlate: New Slate User Created.  User Index 0, Is Virtual User: 0
[2022.03.29-10.42.36:926][  0]LogSlate: Slate User Registered.  User Index 0, Is Virtual User: 0
[2022.03.29-10.42.38:554][  0]LogD3D11RHI: Loaded GFSDK_Aftermath_Lib.x64.dll
[2022.03.29-10.42.38:560][  0]LogHMD: Failed to initialize OpenVR with code 110
[2022.03.29-10.42.38:560][  0]LogD3D11RHI: D3D11 min allowed feature level: 11_0
[2022.03.29-10.42.38:560][  0]LogD3D11RHI: D3D11 max allowed feature level: 11_0
[2022.03.29-10.42.38:560][  0]LogD3D11RHI: D3D11 adapters:
[2022.03.29-10.42.38:675][  0]LogD3D11RHI:    0. 'NVIDIA GeForce RTX 2080' (Feature Level 11_0)
[2022.03.29-10.42.38:675][  0]LogD3D11RHI:       8010/0/8031 MB DedicatedVideo/DedicatedSystem/SharedSystem, Outputs:2, VendorId:0x10de
[2022.03.29-10.42.38:681][  0]LogD3D11RHI:    1. 'Microsoft Basic Render Driver' (Feature Level 11_0)
[2022.03.29-10.42.38:681][  0]LogD3D11RHI:       0/0/8031 MB DedicatedVideo/DedicatedSystem/SharedSystem, Outputs:0, VendorId:0x1414
[2022.03.29-10.42.38:681][  0]LogD3D11RHI: Chosen D3D11 Adapter:
[2022.03.29-10.42.38:681][  0]LogD3D11RHI:     Description : NVIDIA GeForce RTX 2080
[2022.03.29-10.42.38:682][  0]LogD3D11RHI:     VendorId    : 10de
[2022.03.29-10.42.38:682][  0]LogD3D11RHI:     DeviceId    : 1e82
[2022.03.29-10.42.38:682][  0]LogD3D11RHI:     SubSysId    : 37221462
[2022.03.29-10.42.38:682][  0]LogD3D11RHI:     Revision    : 00a1
[2022.03.29-10.42.38:682][  0]LogD3D11RHI:     DedicatedVideoMemory : 8399093760 bytes
[2022.03.29-10.42.38:682][  0]LogD3D11RHI:     DedicatedSystemMemory : 0 bytes
[2022.03.29-10.42.38:682][  0]LogD3D11RHI:     SharedSystemMemory : 8421318656 bytes
[2022.03.29-10.42.38:682][  0]LogD3D11RHI:     AdapterLuid : 0 47866
[2022.03.29-10.42.38:686][  0]LogD3D11RHI: Creating new Direct3DDevice
[2022.03.29-10.42.38:686][  0]LogD3D11RHI:     GPU DeviceId: 0x1e82 (for the marketing name, search the web for "GPU Device Id")
[2022.03.29-10.42.38:686][  0]LogWindows: EnumDisplayDevices:
[2022.03.29-10.42.38:686][  0]LogWindows:    0. 'NVIDIA GeForce RTX 2080' (P:1 D:1)
[2022.03.29-10.42.38:686][  0]LogWindows:    1. 'NVIDIA GeForce RTX 2080' (P:0 D:1)
[2022.03.29-10.42.38:687][  0]LogWindows:    2. 'NVIDIA GeForce RTX 2080' (P:0 D:0)
[2022.03.29-10.42.38:687][  0]LogWindows:    3. 'NVIDIA GeForce RTX 2080' (P:0 D:0)
[2022.03.29-10.42.38:687][  0]LogWindows: DebugString: FoundDriverCount:4 
[2022.03.29-10.42.38:687][  0]LogD3D11RHI:     Adapter Name: NVIDIA GeForce RTX 2080
[2022.03.29-10.42.38:687][  0]LogD3D11RHI:   Driver Version: 511.79 (internal:30.0.15.1179, unified:511.79)
[2022.03.29-10.42.38:687][  0]LogD3D11RHI:      Driver Date: 2-10-2022
[2022.03.29-10.42.38:687][  0]LogRHI: Texture pool is 5607 MB (70% of 8010 MB)
[2022.03.29-10.42.38:687][  0]LogD3D11RHI: Creating D3DDevice using adapter:
[2022.03.29-10.42.38:687][  0]LogD3D11RHI:     Description : NVIDIA GeForce RTX 2080
[2022.03.29-10.42.38:687][  0]LogD3D11RHI:     VendorId    : 10de
[2022.03.29-10.42.38:687][  0]LogD3D11RHI:     DeviceId    : 1e82
[2022.03.29-10.42.38:688][  0]LogD3D11RHI:     SubSysId    : 37221462
[2022.03.29-10.42.38:688][  0]LogD3D11RHI:     Revision    : 00a1
[2022.03.29-10.42.38:688][  0]LogD3D11RHI:     DedicatedVideoMemory : 8399093760 bytes
[2022.03.29-10.42.38:688][  0]LogD3D11RHI:     DedicatedSystemMemory : 0 bytes
[2022.03.29-10.42.38:688][  0]LogD3D11RHI:     SharedSystemMemory : 8421318656 bytes
[2022.03.29-10.42.38:688][  0]LogD3D11RHI:     AdapterLuid : 0 47866
[2022.03.29-10.42.38:740][  0]LogD3D11RHI: RHI has support for 64 bit atomics
[2022.03.29-10.42.38:740][  0]LogD3D11RHI: Async texture creation enabled
[2022.03.29-10.42.38:740][  0]LogD3D11RHI: Array index from any shader is supported
[2022.03.29-10.42.38:754][  0]LogD3D11RHI: GPU Timing Frequency: 1000.000000 (Debug: 2 1)
[2022.03.29-10.42.38:833][  0]LogRHI: GeForceNow SDK initialized: 1
[2022.03.29-10.42.39:092][  0]LogTargetPlatformManager: Display: Loaded TargetPlatform 'AllDesktop'
[2022.03.29-10.42.39:140][  0]LogTargetPlatformManager: Display: Loaded TargetPlatform 'Android'
[2022.03.29-10.42.39:140][  0]LogTargetPlatformManager: Display: Loaded TargetPlatform 'Android_ASTC'
[2022.03.29-10.42.39:140][  0]LogTargetPlatformManager: Display: Loaded TargetPlatform 'Android_DXT'
[2022.03.29-10.42.39:140][  0]LogTargetPlatformManager: Display: Loaded TargetPlatform 'Android_ETC2'
[2022.03.29-10.42.39:140][  0]LogTargetPlatformManager: Display: Loaded TargetPlatform 'AndroidClient'
[2022.03.29-10.42.39:140][  0]LogTargetPlatformManager: Display: Loaded TargetPlatform 'Android_ASTCClient'
[2022.03.29-10.42.39:140][  0]LogTargetPlatformManager: Display: Loaded TargetPlatform 'Android_DXTClient'
[2022.03.29-10.42.39:140][  0]LogTargetPlatformManager: Display: Loaded TargetPlatform 'Android_ETC2Client'
[2022.03.29-10.42.39:140][  0]LogTargetPlatformManager: Display: Loaded TargetPlatform 'Android_Multi'
[2022.03.29-10.42.39:140][  0]LogTargetPlatformManager: Display: Loaded TargetPlatform 'Android_MultiClient'
[2022.03.29-10.42.39:235][  0]LogTargetPlatformManager: Display: Loaded TargetPlatform 'IOSClient'
[2022.03.29-10.42.39:235][  0]LogTargetPlatformManager: Display: Loaded TargetPlatform 'IOS'
[2022.03.29-10.42.39:270][  0]LogTargetPlatformManager: Display: Loaded TargetPlatform 'Linux'
[2022.03.29-10.42.39:295][  0]LogTargetPlatformManager: Display: Loaded TargetPlatform 'LinuxNoEditor'
[2022.03.29-10.42.39:324][  0]LogTargetPlatformManager: Display: Loaded TargetPlatform 'LinuxClient'
[2022.03.29-10.42.39:354][  0]LogTargetPlatformManager: Display: Loaded TargetPlatform 'LinuxServer'
[2022.03.29-10.42.39:387][  0]LogTargetPlatformManager: Display: Loaded TargetPlatform 'LinuxAArch64NoEditor'
[2022.03.29-10.42.39:414][  0]LogTargetPlatformManager: Display: Loaded TargetPlatform 'LinuxAArch64Client'
[2022.03.29-10.42.39:439][  0]LogTargetPlatformManager: Display: Loaded TargetPlatform 'LinuxAArch64Server'
[2022.03.29-10.42.39:484][  0]LogTargetPlatformManager: Display: Loaded TargetPlatform 'Lumin'
[2022.03.29-10.42.39:484][  0]LogTargetPlatformManager: Display: Loaded TargetPlatform 'LuminClient'
[2022.03.29-10.42.39:522][  0]LogTargetPlatformManager: Display: Loaded TargetPlatform 'MacNoEditor'
[2022.03.29-10.42.39:555][  0]LogTargetPlatformManager: Display: Loaded TargetPlatform 'Mac'
[2022.03.29-10.42.39:588][  0]LogTargetPlatformManager: Display: Loaded TargetPlatform 'MacClient'
[2022.03.29-10.42.39:619][  0]LogTargetPlatformManager: Display: Loaded TargetPlatform 'MacServer'
[2022.03.29-10.42.39:649][  0]LogTargetPlatformManager: Display: Loaded TargetPlatform 'TVOSClient'
[2022.03.29-10.42.39:649][  0]LogTargetPlatformManager: Display: Loaded TargetPlatform 'TVOS'
[2022.03.29-10.42.39:685][  0]LogTargetPlatformManager: Display: Loaded TargetPlatform 'WindowsNoEditor'
[2022.03.29-10.42.39:721][  0]LogTargetPlatformManager: Display: Loaded TargetPlatform 'Windows'
[2022.03.29-10.42.39:748][  0]LogTargetPlatformManager: Display: Loaded TargetPlatform 'WindowsClient'
[2022.03.29-10.42.39:781][  0]LogTargetPlatformManager: Display: Loaded TargetPlatform 'WindowsServer'
[2022.03.29-10.42.39:782][  0]LogTargetPlatformManager: Display: Building Assets For Windows
[2022.03.29-10.42.39:876][  0]LogAudioDebug: Display: Lib vorbis DLL was dynamically loaded.
[2022.03.29-10.42.40:169][  0]LogTextureFormatOodle: Display: Oodle Texture 2.9.0 init RDO Off
[2022.03.29-10.42.40:448][  0]LogRendererCore: Ray tracing is disabled. Reason: r.RayTracing=0.
[2022.03.29-10.42.40:448][  0]LogShaderCompilers: Guid format shader working directory is -32 characters bigger than the processId version (../../../../../../Users/Administrador/Documents/Unreal Projects/Unreal-Prisma/Arkanoid/Intermediate/Shaders/WorkingDirectory/2768/).
[2022.03.29-10.42.40:448][  0]LogShaderCompilers: Cleaned the shader compiler working directory 'C:/Users/Administrador/AppData/Local/Temp/UnrealShaderWorkingDir/B450490944DAAC0F00CAB1B9218CE44C/'.
[2022.03.29-10.42.40:448][  0]LogXGEController: Cannot use XGE Controller as Incredibuild is not installed on this machine.
[2022.03.29-10.42.40:449][  0]LogShaderCompilers: Cannot use XGE Shader Compiler as Incredibuild is not installed on this machine.
[2022.03.29-10.42.40:449][  0]LogShaderCompilers: Display: Using Local Shader Compiler.
[2022.03.29-10.42.41:150][  0]LogDerivedDataCache: Display: Max Cache Size: 512 MB
[2022.03.29-10.42.41:211][  0]LogDerivedDataCache: Loaded boot cache 0.06s 94MB C:/Users/Administrador/AppData/Local/UnrealEngine/4.27/DerivedDataCache/Boot.ddc.
[2022.03.29-10.42.41:211][  0]LogDerivedDataCache: Display: Loaded Boot cache: C:/Users/Administrador/AppData/Local/UnrealEngine/4.27/DerivedDataCache/Boot.ddc
[2022.03.29-10.42.41:211][  0]LogDerivedDataCache: FDerivedDataBackendGraph:  Pak pak cache file ../../../../../../Users/Administrador/Documents/Unreal Projects/Unreal-Prisma/Arkanoid/DerivedDataCache/DDC.ddp not found, will not use a pak cache.
[2022.03.29-10.42.41:211][  0]LogDerivedDataCache: Unable to find inner node Pak for hierarchical cache Hierarchy.
[2022.03.29-10.42.41:211][  0]LogDerivedDataCache: FDerivedDataBackendGraph:  CompressedPak pak cache file ../../../../../../Users/Administrador/Documents/Unreal Projects/Unreal-Prisma/Arkanoid/DerivedDataCache/Compressed.ddp not found, will not use a pak cache.
[2022.03.29-10.42.41:212][  0]LogDerivedDataCache: Unable to find inner node CompressedPak for hierarchical cache Hierarchy.
[2022.03.29-10.42.41:237][  0]LogDerivedDataCache: Display: Pak cache opened for reading ../../../Engine/DerivedDataCache/Compressed.ddp.
[2022.03.29-10.42.41:237][  0]LogDerivedDataCache: FDerivedDataBackendGraph:  EnterprisePak pak cache file ../../../Enterprise/DerivedDataCache/Compressed.ddp not found, will not use a pak cache.
[2022.03.29-10.42.41:237][  0]LogDerivedDataCache: Unable to find inner node EnterprisePak for hierarchical cache Hierarchy.
[2022.03.29-10.42.41:244][  0]LogDerivedDataCache: Speed tests for C:/Users/Administrador/AppData/Local/UnrealEngine/Common/DerivedDataCache took 0.01 seconds
[2022.03.29-10.42.41:244][  0]LogDerivedDataCache: Display: Performance to C:/Users/Administrador/AppData/Local/UnrealEngine/Common/DerivedDataCache: Latency=0.02ms. RandomReadSpeed=387.48MBs, RandomWriteSpeed=236.42MBs. Assigned SpeedClass 'Local'
[2022.03.29-10.42.41:245][  0]LogDerivedDataCache: Using Local data cache path C:/Users/Administrador/AppData/Local/UnrealEngine/Common/DerivedDataCache: Writable
[2022.03.29-10.42.41:245][  0]LogDerivedDataCache: Shared data cache path not found in *engine.ini, will not use an Shared cache.
[2022.03.29-10.42.41:245][  0]LogDerivedDataCache: Unable to find inner node Shared for hierarchical cache Hierarchy.
[2022.03.29-10.42.41:287][  0]LogSlate: Using FreeType 2.10.0
[2022.03.29-10.42.41:300][  0]LogSlate: SlateFontServices - WITH_FREETYPE: 1, WITH_HARFBUZZ: 1
[2022.03.29-10.42.41:343][  0]LogAssetRegistry: FAssetRegistry took 0.0031 seconds to start up
[2022.03.29-10.42.41:553][  0]LogInit: Selected Device Profile: [Windows]
[2022.03.29-10.42.41:553][  0]LogInit: Active device profile: [00000224E054ED00][00000224DFF0B040 49] Windows
[2022.03.29-10.42.41:553][  0]LogInit: Profiles: [00000224E054ED00][00000224DFF0B040 49] Windows, [00000224E04F1D00][00000224DFC6B300 49] WindowsNoEditor, [00000224E054FC00][00000224DFC6F5C0 49] WindowsServer, [00000224E04F2A00][00000224DFC73880 49] WindowsClient, [00000224E054D800][00000224DFC77B40 49] IOS, [00000224E04F1300][00000224DFC7A280 49] iPadAir, [00000224E054E500][00000224D72EA540 49] iPadAir2, [00000224E046D300][00000224D72FEA80 49] IPadPro, [00000224E046D400][00000224D72EEAC0 49] iPadAir3, [00000224E04F3A00][00000224DFF06D40 49] iPadAir4, [00000224E046E100][00000224D72F6FC0 49] iPadMini2, [00000224E04F2F00][00000224D72FB280 49] iPadMini3, [00000224E046EC00][00000224D73FB540 49] iPadMini4, [00000224E04F1E00][00000224D73FF800 49] iPadMini5, [00000224E0474B00][00000224D66D61C0 49] iPhone6, [00000224E0474C00][00000224D7402200 49] iPodTouch6, [00000224E054DA00][00000224D66F2740 49] iPhone7, [00000224E054D400][00000224D740A780 49] iPodTouch7, [00000224E046D000][00000224D740EA40 49] iPhone5S, [00000224E046C800][00000224D7406D00 49] iPhone6Plus, [00000224E0477D00][00000224D72F2F80 49] iPhone6S, [00000224E046CD00][00000224D72C7240 49] iPhone6SPlus, [00000224E0477600][00000224E1071500 49] iPhone7Plus, [00000224E046EE00][00000224E10757C0 49] iPhoneSE, [00000224E0476100][00000224E107DA80 49] iPhone8, [00000224E046DB00][00000224E10801C0 49] iPhone8Plus, [00000224E0476800][00000224E17B0480 49] iPhoneX, [00000224E046E500][00000224E17B4740 49] iPhoneXS, [00000224E0474E00][00000224E17B8A00 49] iPhoneXSMax, [00000224E054F500][00000224D72CACC0 49] iPhoneXR, [00000224E0477E00][00000224D66EEF40 49] iPhone11, [00000224E054DF00][00000224D72CF1C0 49] iPhone11Pro, [00000224E0477300][00000224D72E1480 49] iPhone11ProMax, [00000224E054C100][00000224D72E5740 49] iPhoneSE2, [00000224E0476D00][00000224E1079A00 49] iPhone12Mini, [00000224E054C200][00000224DFEE8140 49] iPhone12, [00000224E0476F00][00000224DFEEC400 49] iPhone12Pro, [00000224E054C900][00000224DFEF06C0 49] iPhone12ProMax, [00000224E0474800][00000224DFEF4980 49] iPadPro105, [00000224E054CB00][00000224D72C2C40 49] iPadPro129, [00000224E0474700][00000224E10ACF00 49] iPadPro97, [00000224E054E000][00000224D72D3180 49] iPadPro2_129, [00000224E0475700][00000224DFEF9400 49] iPad5, [00000224E054F600][00000224DFF016C0 49] iPad6, [00000224E0474F00][00000224E1085980 49] iPad7, [00000224E054DE00][00000224E10880C0 49] iPad8, [00000224E0477800][00000224E108C380 49] iPadPro11, [00000224E054CD00][00000224E1090640 49] iPadPro2_11, [00000224E0477400][00000224E1094900 49] iPadPro3_129, [00000224E054CF00][00000224E1098BC0 49] iPadPro4_129, [00000224E0474500][00000224E109CE80 49] AppleTV, [00000224E054E900][00000224E10A1140 49] AppleTV4K, [00000224E0475600][00000224DFEFD3C0 49] TVOS, [00000224E054D700][00000224E10A5640 49] Mac, [00000224E0474300][00000224E0FCB900 49] MacClient, [00000224E054C800][00000224E0FCFBC0 49] MacNoEditor, [00000224E0477A00][00000224E0FD2300 49] MacServer, [00000224E054EB00][00000224E0FD65C0 49] Linux, [00000224E0475400][00000224E0FDA880 49] LinuxAArch64, [00000224E054CA00][00000224E0FDEB40 49] LinuxNoEditor, [00000224E0474A00][00000224E0FE2E00 49] LinuxAArch64NoEditor, [00000224E054D500][00000224E0FE70C0 49] LinuxClient, [00000224E0476E00][00000224E0FEB380 49] LinuxAArch64Client, [00000224E054D000][00000224E10A9600 49] LinuxServer, [00000224E0476500][00000224E0FEF880 49] LinuxAArch64Server, [00000224E054F700][00000224E0FF7B40 49] Android, [00000224E0477F00][00000224E0FFA280 49] Android_Low, [00000224E054DB00][00000224E0FFE540 49] Android_Mid, [00000224E0476400][00000224E1002800 49] Android_High, [00000224E054F400][00000224E1006AC0 49] Android_Default, [00000224E0475800][00000224E100AD80 49] Android_Adreno4xx, [00000224E054C400][00000224E1231040 49] Android_Adreno5xx_Low, [00000224E0476C00][00000224E1235300 49] Android_Adreno5xx, [00000224E046D800][00000224E12395C0 49] Android_Adreno6xx, [00000224E04F0300][00000224E0FF3840 49] Android_Adreno6xx_Vulkan, [00000224E046D100][00000224E123DAC0 49] Android_Mali_T6xx, [00000224E04F2500][00000224E1244200 49] Android_Mali_T7xx, [00000224E046F700][00000224E12484C0 49] Android_Mali_T8xx, [00000224E04F0600][00000224E124C780 49] Android_Mali_G71, [00000224E046F200][00000224E1250A40 49] Android_Mali_G72, [00000224E04F2800][00000224E1254D00 49] Android_Mali_G72_Vulkan, [00000224E046E900][00000224E1258FC0 49] Android_Mali_G76, [00000224E04F3B00][00000224E125D280 49] Android_Mali_G76_Vulkan, [00000224E046E000][00000224E1261540 49] Android_Mali_G77, [00000224E04F3100][00000224E1265800 49] Android_Mali_G77_Vulkan, [00000224E046DE00][00000224E1241A80 49] Android_Mali_G78, [00000224E04F2900][00000224E1268180 49] Android_Mali_G78_Vulkan, [00000224E046CF00][00000224E1270440 49] Android_Mali_G710, [00000224E04F2E00][00000224E1274700 49] Android_Mali_G710_Vulkan, [00000224E046F100][00000224E12789C0 49] Android_Vulkan_SM5, [00000224E04F1800][00000224E127CC80 49] Android_PowerVR_G6xxx, [00000224E046DA00][00000224E1280F40 49] Android_PowerVR_GT7xxx, [00000224E04F0900][00000224E1285200 49] Android_PowerVR_GE8xxx, [00000224E046DF00][00000224E12894C0 49] Android_PowerVR_GM9xxx, [00000224E04F1600][00000224E128D780 49] Android_PowerVR_GM9xxx_Vulkan, [00000224E046DD00][00000224E1291A40 49] Android_TegraK1, [00000224E04F0C00][00000224E126C140 49] Android_Unknown_Vulkan, [00000224E046CC00][00000224E12943C0 49] Lumin, [00000224E04F3700][00000224E129C680 49] Lumin_Desktop, [00000224E046F900][00000224E12A0940 49] HoloLens, 
[2022.03.29-10.42.42:011][  0]LogMeshReduction: Using QuadricMeshReduction for automatic static mesh reduction
[2022.03.29-10.42.42:011][  0]LogMeshReduction: Using SimplygonMeshReduction for automatic skeletal mesh reduction
[2022.03.29-10.42.42:011][  0]LogMeshReduction: Using ProxyLODMeshReduction for automatic mesh merging
[2022.03.29-10.42.42:011][  0]LogMeshReduction: No distributed automatic mesh merging module available
[2022.03.29-10.42.42:011][  0]LogMeshMerging: No distributed automatic mesh merging module available
[2022.03.29-10.42.42:057][  0]LogNetVersion: Arkanoid 1.0.0, NetCL: 17155196, EngineNetVer: 17, GameNetVer: 0 (Checksum: 2394782433)
[2022.03.29-10.42.42:585][  0]LogTexture: Default maximum texture size for cubemaps generated from long-lat sources has been changed from 512 to unlimited. In order to preserve old behaiour for '/Engine/MapTemplates/Sky/DaylightAmbientCubemap.DaylightAmbientCubemap', its maximum texture size has been explicitly set to 512.
[2022.03.29-10.42.42:671][  0]LogHMD: PokeAHoleMaterial loaded successfully
[2022.03.29-10.42.42:676][  0]LogUObjectArray: 17178 objects as part of root set at end of initial load.
[2022.03.29-10.42.42:677][  0]LogUObjectAllocator: 4302048 out of 0 bytes used by permanent object pool.
[2022.03.29-10.42.42:677][  0]LogUObjectArray: CloseDisregardForGC: 0/0 objects in disregard for GC pool
[2022.03.29-10.42.44:614][  0]LogNiagaraDebuggerClient: Niagara Debugger Client Initialized | Session: 6A22F0FD4F0EDCBB7425CB83FE4EDFCA | Instance: 43EFF5AA4A2795463DB973B2232CE7B8 (DESKTOP-QU0IU8S-2768).
[2022.03.29-10.42.45:023][  0]LogPython: Using Python 3.7.7
[2022.03.29-10.42.46:136][  0]LogTcpMessaging: Initializing TcpMessaging bridge
[2022.03.29-10.42.46:170][  0]LogUdpMessaging: Initializing bridge on interface 0.0.0.0:0 to multicast group 230.0.0.1:6666.
[2022.03.29-10.42.48:398][  0]LogOpenImageDenoise: OIDN starting up
[2022.03.29-10.42.48:436][  0]SourceControl: Source control is disabled
[2022.03.29-10.42.48:436][  0]SourceControl: Source control is disabled
[2022.03.29-10.42.48:527][  0]SourceControl: Source control is disabled
[2022.03.29-10.42.48:590][  0]SourceControl: Source control is disabled
[2022.03.29-10.42.48:663][  0]SourceControl: Source control is disabled
[2022.03.29-10.42.48:717][  0]LogUProjectInfo: Found projects:
[2022.03.29-10.42.49:389][  0]LogAudioCaptureCore: Display: No Audio Capture implementations found. Audio input will be silent.
[2022.03.29-10.42.49:389][  0]LogAudioCaptureCore: Display: No Audio Capture implementations found. Audio input will be silent.
[2022.03.29-10.42.49:447][  0]LogAndroidPermission: UAndroidPermissionCallbackProxy::GetInstance
[2022.03.29-10.42.50:373][  0]LogCollectionManager: Loaded 0 collections in 0.002055 seconds
[2022.03.29-10.42.50:508][  0]LogFileCache: Scanning file cache for directory 'C:/Users/Administrador/Documents/Unreal Projects/Unreal-Prisma/Arkanoid/Saved/Collections/' took 0.00s
[2022.03.29-10.42.50:508][  0]LogFileCache: Scanning file cache for directory 'C:/Users/Administrador/Documents/Unreal Projects/Unreal-Prisma/Arkanoid/Content/Developers/Administrador/Collections/' took 0.00s
[2022.03.29-10.42.50:508][  0]LogFileCache: Scanning file cache for directory 'C:/Users/Administrador/Documents/Unreal Projects/Unreal-Prisma/Arkanoid/Content/Collections/' took 0.00s
[2022.03.29-10.42.50:508][  0]LogOcInput: OculusInput pre-init called
[2022.03.29-10.42.50:907][  0]LogEngine: Initializing Engine...
[2022.03.29-10.42.50:948][  0]LogHMD: Failed to enumerate extensions. Please check that you have a valid OpenXR runtime installed.
[2022.03.29-10.42.50:948][  0]LogHMD: Failed to initialize OpenVR with code 110
[2022.03.29-10.42.50:948][  0]LogMagicLeap: Warning: VR disabled because ZI is not enabled.  To enable, in the editor, Edit -> Project Settings -> Plugins -> Magic Leap Plugin -> Enable Zero Iteration
[2022.03.29-10.42.50:949][  0]LogStats: UGameplayTagsManager::InitializeManager -  0.000 s
[2022.03.29-10.42.51:151][  0]LogInit: Initializing FReadOnlyCVARCache
[2022.03.29-10.42.51:188][  0]LogAIModule: Creating AISystem for world Untitled
[2022.03.29-10.42.51:189][  0]LogAudio: Display: Initializing Audio Device Manager...
[2022.03.29-10.42.51:218][  0]LogAudio: Display: Loading Default Audio Settings Objects...
[2022.03.29-10.42.51:219][  0]LogAudio: Display: No default SoundConcurrencyObject specified (or failed to load).
[2022.03.29-10.42.51:219][  0]LogAudio: Display: Audio Device Manager Initialized
[2022.03.29-10.42.51:219][  0]LogAudio: Display: Creating Audio Device:                 Id: 1, Scope: Shared, Realtime: True
[2022.03.29-10.42.51:220][  0]LogAudioMixer: Display: Audio Mixer Platform Settings:
[2022.03.29-10.42.51:220][  0]LogAudioMixer: Display: 	Sample Rate:						  48000
[2022.03.29-10.42.51:220][  0]LogAudioMixer: Display: 	Callback Buffer Frame Size Requested: 1024
[2022.03.29-10.42.51:220][  0]LogAudioMixer: Display: 	Callback Buffer Frame Size To Use:	  1024
[2022.03.29-10.42.51:220][  0]LogAudioMixer: Display: 	Number of buffers to queue:			  2
[2022.03.29-10.42.51:220][  0]LogAudioMixer: Display: 	Max Channels (voices):				  32
[2022.03.29-10.42.51:220][  0]LogAudioMixer: Display: 	Number of Async Source Workers:		  0
[2022.03.29-10.42.51:220][  0]LogAudio: Display: AudioDevice MaxSources: 32
[2022.03.29-10.42.51:221][  0]LogAudio: Display: Audio Spatialization Plugin: None (built-in).
[2022.03.29-10.42.51:221][  0]LogAudio: Display: Audio Reverb Plugin: None (built-in).
[2022.03.29-10.42.51:222][  0]LogAudio: Display: Audio Occlusion Plugin: None (built-in).
[2022.03.29-10.42.51:222][  0]LogAudioMixer: Display: Initializing audio mixer.
[2022.03.29-10.42.51:241][  0]LogAudioMixer: Display: 0: FrontLeft
[2022.03.29-10.42.51:242][  0]LogAudioMixer: Display: 1: FrontRight
[2022.03.29-10.42.51:297][  0]LogAudioMixer: Display: Using Audio Device 27B1 (NVIDIA High Definition Audio)
[2022.03.29-10.42.51:302][  0]LogAudioMixer: Display: Initializing Sound Submixes...
[2022.03.29-10.42.51:310][  0]LogAudioMixer: Display: Creating Master Submix 'MasterSubmixDefault'
[2022.03.29-10.42.51:310][  0]LogAudioMixer: Display: Creating Master Submix 'MasterReverbSubmixDefault'
[2022.03.29-10.42.51:311][  0]LogAudioMixer: Display: Creating Master Submix 'MasterEQSubmixDefault'
[2022.03.29-10.42.51:311][  0]LogAudioMixer: FMixerPlatformXAudio2::StartAudioStream() called
[2022.03.29-10.42.51:311][  0]LogAudioMixer: Display: Output buffers initialized: Frames=1024, Channels=2, Samples=2048
[2022.03.29-10.42.51:312][  0]LogAudioMixer: Display: Starting AudioMixerPlatformInterface::RunInternal()
[2022.03.29-10.42.51:313][  0]LogAudioMixer: Display: FMixerPlatformXAudio2::SubmitBuffer() called for the first time
[2022.03.29-10.42.51:313][  0]LogInit: FAudioDevice initialized.
[2022.03.29-10.42.51:313][  0]LogAudio: Display: Audio Device (ID: 1) registered with world 'Untitled'.
[2022.03.29-10.42.51:313][  0]LogNetVersion: Set ProjectVersion to 1.0.0.0. Version Checksum will be recalculated on next use.
[2022.03.29-10.42.51:361][  0]LogDerivedDataCache: Saved boot cache 0.05s 94MB C:/Users/Administrador/AppData/Local/UnrealEngine/4.27/DerivedDataCache/Boot.ddc.
[2022.03.29-10.42.51:362][  0]LogInit: Texture streaming: Enabled
[2022.03.29-10.42.51:449][  0]LogAnalytics: Display: [UEEditor.Rocket.Release] APIServer = https://datarouter.ol.epicgames.com/. AppVersion = 4.27.2-18319896+++UE4+Release-4.27
[2022.03.29-10.42.51:475][  0]LogEngineSessionManager: EngineSessionManager initialized
[2022.03.29-10.42.51:475][  0]LogEditorSessionSummary: Verbose: Initializing EditorSessionSummaryWriter for editor session tracking
[2022.03.29-10.42.51:476][  0]LogEditorSessionSummary: EditorSessionSummaryWriter initialized
[2022.03.29-10.42.51:558][  0]LogInit: Transaction tracking system initialized
[2022.03.29-10.42.51:737][  0]BlueprintLog: New page: Editor Load
[2022.03.29-10.42.52:213][  0]LocalizationService: Localization service is disabled
[2022.03.29-10.42.52:413][  0]TimingProfiler: Initialize
[2022.03.29-10.42.52:413][  0]TimingProfiler: OnSessionChanged
[2022.03.29-10.42.52:413][  0]LoadingProfiler: Initialize
[2022.03.29-10.42.52:413][  0]LoadingProfiler: OnSessionChanged
[2022.03.29-10.42.52:413][  0]NetworkingProfiler: Initialize
[2022.03.29-10.42.52:413][  0]NetworkingProfiler: OnSessionChanged
[2022.03.29-10.42.52:413][  0]MemoryProfiler: Initialize
[2022.03.29-10.42.52:414][  0]MemoryProfiler: OnSessionChanged
[2022.03.29-10.42.52:938][  0]LogCook: Display: CookSettings for Memory: MemoryMaxUsedVirtual 0MiB, MemoryMaxUsedPhysical 16384MiB, MemoryMinFreeVirtual 0MiB, MemoryMinFreePhysical 1024MiB
[2022.03.29-10.42.52:938][  0]LogCook: Display: Mobile HDR setting 1
[2022.03.29-10.42.53:840][  0]LogFileCache: Scanning file cache for directory 'C:/Users/Administrador/Documents/Unreal Projects/Unreal-Prisma/Arkanoid/Content/' took 0.00s
[2022.03.29-10.42.54:367][  0]LogInit: Display: Engine is initialized. Leaving FEngineLoop::Init()
[2022.03.29-10.42.54:370][  0]SourceControl: Source control is disabled
[2022.03.29-10.42.54:370][  0]LogUnrealEdMisc: Loading editor; pre map load, took 21.153
[2022.03.29-10.42.54:371][  0]Cmd: MAP LOAD FILE="../../../../../../Users/Administrador/Documents/Unreal Projects/Unreal-Prisma/Arkanoid/Content/Maps/Mapa.umap" TEMPLATE=0 SHOWPROGRESS=1 FEATURELEVEL=3
[2022.03.29-10.42.54:371][  0]LightingResults: New page: Lighting Build
[2022.03.29-10.42.54:372][  0]LogWorld: UWorld::CleanupWorld for Untitled, bSessionEnded=true, bCleanupResources=true
[2022.03.29-10.42.54:373][  0]LogSlate: InvalidateAllWidgets triggered.  All widgets were invalidated
[2022.03.29-10.42.54:373][  0]MapCheck: New page: Map Check
[2022.03.29-10.42.54:373][  0]LightingResults: New page: Lighting Build
[2022.03.29-10.42.54:377][  0]LogAudio: Display: Audio Device unregistered from world 'None'.
[2022.03.29-10.42.54:380][  0]LogUObjectHash: Compacting FUObjectHashTables data took   0.75ms
[2022.03.29-10.42.54:384][  0]LogLinker: Warning: [AssetLog] C:\Users\Administrador\Documents\Unreal Projects\Unreal-Prisma\Arkanoid\Content\Materials\M_Brick.uasset: Failed to load '/Game/Materials/CollisionMaterial': Can't find file.
[2022.03.29-10.42.54:385][  0]LogLinker: Warning: [AssetLog] C:\Users\Administrador\Documents\Unreal Projects\Unreal-Prisma\Arkanoid\Content\Materials\M_Brick.uasset: Failed to load '/Game/Materials/CollisionMaterial': Can't find file.
[2022.03.29-10.42.54:385][  0]LogLinker: Warning: [AssetLog] C:\Users\Administrador\Documents\Unreal Projects\Unreal-Prisma\Arkanoid\Content\Materials\M_Brick.uasset: Failed to load '/Game/Materials/CollisionMaterial': Can't find file.
[2022.03.29-10.42.54:385][  0]LogLinker: Warning: [AssetLog] C:\Users\Administrador\Documents\Unreal Projects\Unreal-Prisma\Arkanoid\Content\Meshes\SM_Brick.uasset: Failed to load '/Game/Materials/CollisionMaterial': Can't find file.
[2022.03.29-10.42.54:386][  0]LogLinker: Warning: [AssetLog] C:\Users\Administrador\Documents\Unreal Projects\Unreal-Prisma\Arkanoid\Content\Meshes\SM_Brick.uasset: Failed to load '/Game/Materials/CollisionMaterial': Can't find file.
[2022.03.29-10.42.54:391][  0]LogLinker: Warning: [AssetLog] C:\Users\Administrador\Documents\Unreal Projects\Unreal-Prisma\Arkanoid\Content\Meshes\SM_Wall.uasset: Failed to load '/Game/Materials/CollisionMaterial': Can't find file.
[2022.03.29-10.42.54:391][  0]LogLinker: Warning: [AssetLog] C:\Users\Administrador\Documents\Unreal Projects\Unreal-Prisma\Arkanoid\Content\Meshes\SM_Wall.uasset: Failed to load '/Game/Materials/CollisionMaterial': Can't find file.
[2022.03.29-10.42.54:396][  0]LogLinker: Warning: [AssetLog] C:\Users\Administrador\Documents\Unreal Projects\Unreal-Prisma\Arkanoid\Content\Meshes\SM_Wall.uasset: Failed to load '/Game/Materials/CollisionMaterial': Can't find file.
[2022.03.29-10.42.54:396][  0]LoadErrors: Failed to load /Game/Materials/CollisionMaterial.CollisionMaterial Referenced by BodySetup_0
[2022.03.29-10.42.54:397][  0]LogLinker: Warning: [AssetLog] C:\Users\Administrador\Documents\Unreal Projects\Unreal-Prisma\Arkanoid\Content\Materials\M_Brick.uasset: Failed to load '/Game/Materials/CollisionMaterial': Can't find file.
[2022.03.29-10.42.54:397][  0]LoadErrors: Failed to load /Game/Materials/CollisionMaterial.CollisionMaterial Referenced by M_Brick
[2022.03.29-10.42.54:398][  0]LogLinker: Warning: [AssetLog] C:\Users\Administrador\Documents\Unreal Projects\Unreal-Prisma\Arkanoid\Content\Meshes\SM_Brick.uasset: Failed to load '/Game/Materials/CollisionMaterial': Can't find file.
[2022.03.29-10.42.54:398][  0]LoadErrors: Failed to load /Game/Materials/CollisionMaterial.CollisionMaterial Referenced by BodySetup_0
[2022.03.29-10.42.54:453][  0]LogAudio: Display: Audio Device (ID: 1) registered with world 'Mapa'.
[2022.03.29-10.42.54:454][  0]LogAIModule: Creating AISystem for world Mapa
[2022.03.29-10.42.54:466][  0]LogEditorServer: Finished looking for orphan Actors (0.000 secs)
[2022.03.29-10.42.54:473][  0]LogUObjectHash: Compacting FUObjectHashTables data took   0.59ms
[2022.03.29-10.42.54:473][  0]Cmd: MAP CHECKDEP NOCLEARLOG
[2022.03.29-10.42.54:474][  0]MapCheck: Map check complete: 0 Error(s), 0 Warning(s), took 0,179ms to complete.
[2022.03.29-10.42.54:474][  0]LogFileHelpers: Loading map 'Mapa' took 0.103
[2022.03.29-10.42.54:476][  0]LogUnrealEdMisc: Total Editor Startup Time, took 21.258
[2022.03.29-10.42.54:627][  0]LogSlate: Updating window title bar state: overlay mode, drag disabled, window buttons hidden, title bar hidden
[2022.03.29-10.42.54:633][  0]LogSlate: Updating window title bar state: overlay mode, drag disabled, window buttons hidden, title bar hidden
[2022.03.29-10.42.54:639][  0]LogSlate: Updating window title bar state: overlay mode, drag disabled, window buttons hidden, title bar hidden
[2022.03.29-10.42.54:645][  0]LogSlate: Updating window title bar state: overlay mode, drag disabled, window buttons hidden, title bar hidden
[2022.03.29-10.42.54:662][  0]LogNativeClassHierarchy: Verbose: Native class hierarchy populated in 0.0093 seconds. Added 3827 classes and 930 folders.
[2022.03.29-10.42.54:664][  0]LogNativeClassHierarchy: Verbose: Native class hierarchy updated for 'WidgetCarousel' in 0.0003 seconds. Added 0 classes and 0 folders.
[2022.03.29-10.42.54:672][  0]LogPakFile: PakFile PrimaryIndexSize=187
[2022.03.29-10.42.54:672][  0]LogPakFile: PakFile PathHashIndexSize=101
[2022.03.29-10.42.54:672][  0]LogPakFile: PakFile FullDirectoryIndexSize=148
[2022.03.29-10.42.54:672][  0]LogShaderLibrary: Display: ShaderCodeLibraryPakFileMountedCallback: PakFile 'C:/Program Files/Epic Games/UE_4.27/FeaturePacks/FP_FirstPerson.upack' (chunk index -1, root 'root:/') mounted
[2022.03.29-10.42.54:673][  0]LogShaderLibrary: Display: ShaderCodeLibraryPakFileMountedCallback: pending pak file info (ChunkID:-1 Root:root:/ File:C:/Program Files/Epic Games/UE_4.27/FeaturePacks/FP_FirstPerson.upack)
[2022.03.29-10.42.54:673][  0]LogPakFile: OnPakFileMounted2Time == 0.000245
[2022.03.29-10.42.54:679][  0]LogPakFile: PakFile PrimaryIndexSize=189
[2022.03.29-10.42.54:679][  0]LogPakFile: PakFile PathHashIndexSize=101
[2022.03.29-10.42.54:679][  0]LogPakFile: PakFile FullDirectoryIndexSize=152
[2022.03.29-10.42.54:679][  0]LogShaderLibrary: Display: ShaderCodeLibraryPakFileMountedCallback: PakFile 'C:/Program Files/Epic Games/UE_4.27/FeaturePacks/FP_FirstPersonBP.upack' (chunk index -1, root 'root:/') mounted
[2022.03.29-10.42.54:679][  0]LogShaderLibrary: Display: ShaderCodeLibraryPakFileMountedCallback: pending pak file info (ChunkID:-1 Root:root:/ File:C:/Program Files/Epic Games/UE_4.27/FeaturePacks/FP_FirstPersonBP.upack)
[2022.03.29-10.42.54:680][  0]LogPakFile: OnPakFileMounted2Time == 0.000238
[2022.03.29-10.42.54:684][  0]LogPakFile: PakFile PrimaryIndexSize=191
[2022.03.29-10.42.54:684][  0]LogPakFile: PakFile PathHashIndexSize=101
[2022.03.29-10.42.54:684][  0]LogPakFile: PakFile FullDirectoryIndexSize=160
[2022.03.29-10.42.54:685][  0]LogShaderLibrary: Display: ShaderCodeLibraryPakFileMountedCallback: PakFile 'C:/Program Files/Epic Games/UE_4.27/FeaturePacks/MobileStarterContent.upack' (chunk index -1, root 'root:/') mounted
[2022.03.29-10.42.54:685][  0]LogShaderLibrary: Display: ShaderCodeLibraryPakFileMountedCallback: pending pak file info (ChunkID:-1 Root:root:/ File:C:/Program Files/Epic Games/UE_4.27/FeaturePacks/MobileStarterContent.upack)
[2022.03.29-10.42.54:685][  0]LogPakFile: OnPakFileMounted2Time == 0.000209
[2022.03.29-10.42.54:689][  0]LogPakFile: PakFile PrimaryIndexSize=185
[2022.03.29-10.42.54:689][  0]LogPakFile: PakFile PathHashIndexSize=101
[2022.03.29-10.42.54:690][  0]LogPakFile: PakFile FullDirectoryIndexSize=148
[2022.03.29-10.42.54:690][  0]LogShaderLibrary: Display: ShaderCodeLibraryPakFileMountedCallback: PakFile 'C:/Program Files/Epic Games/UE_4.27/FeaturePacks/StarterContent.upack' (chunk index -1, root 'root:/') mounted
[2022.03.29-10.42.54:690][  0]LogShaderLibrary: Display: ShaderCodeLibraryPakFileMountedCallback: pending pak file info (ChunkID:-1 Root:root:/ File:C:/Program Files/Epic Games/UE_4.27/FeaturePacks/StarterContent.upack)
[2022.03.29-10.42.54:690][  0]LogPakFile: OnPakFileMounted2Time == 0.000219
[2022.03.29-10.42.54:694][  0]LogPakFile: PakFile PrimaryIndexSize=190
[2022.03.29-10.42.54:695][  0]LogPakFile: PakFile PathHashIndexSize=101
[2022.03.29-10.42.54:695][  0]LogPakFile: PakFile FullDirectoryIndexSize=154
[2022.03.29-10.42.54:695][  0]LogShaderLibrary: Display: ShaderCodeLibraryPakFileMountedCallback: PakFile 'C:/Program Files/Epic Games/UE_4.27/FeaturePacks/TP_2DSideScroller.upack' (chunk index -1, root 'root:/') mounted
[2022.03.29-10.42.54:695][  0]LogShaderLibrary: Display: ShaderCodeLibraryPakFileMountedCallback: pending pak file info (ChunkID:-1 Root:root:/ File:C:/Program Files/Epic Games/UE_4.27/FeaturePacks/TP_2DSideScroller.upack)
[2022.03.29-10.42.54:695][  0]LogPakFile: OnPakFileMounted2Time == 0.000226
[2022.03.29-10.42.54:699][  0]LogPakFile: PakFile PrimaryIndexSize=192
[2022.03.29-10.42.54:699][  0]LogPakFile: PakFile PathHashIndexSize=101
[2022.03.29-10.42.54:699][  0]LogPakFile: PakFile FullDirectoryIndexSize=158
[2022.03.29-10.42.54:699][  0]LogShaderLibrary: Display: ShaderCodeLibraryPakFileMountedCallback: PakFile 'C:/Program Files/Epic Games/UE_4.27/FeaturePacks/TP_2DSideScrollerBP.upack' (chunk index -1, root 'root:/') mounted
[2022.03.29-10.42.54:700][  0]LogShaderLibrary: Display: ShaderCodeLibraryPakFileMountedCallback: pending pak file info (ChunkID:-1 Root:root:/ File:C:/Program Files/Epic Games/UE_4.27/FeaturePacks/TP_2DSideScrollerBP.upack)
[2022.03.29-10.42.54:700][  0]LogPakFile: OnPakFileMounted2Time == 0.000246
[2022.03.29-10.42.54:704][  0]LogPakFile: PakFile PrimaryIndexSize=182
[2022.03.29-10.42.54:704][  0]LogPakFile: PakFile PathHashIndexSize=101
[2022.03.29-10.42.54:704][  0]LogPakFile: PakFile FullDirectoryIndexSize=138
[2022.03.29-10.42.54:704][  0]LogShaderLibrary: Display: ShaderCodeLibraryPakFileMountedCallback: PakFile 'C:/Program Files/Epic Games/UE_4.27/FeaturePacks/TP_Flying.upack' (chunk index -1, root 'root:/') mounted
[2022.03.29-10.42.54:704][  0]LogShaderLibrary: Display: ShaderCodeLibraryPakFileMountedCallback: pending pak file info (ChunkID:-1 Root:root:/ File:C:/Program Files/Epic Games/UE_4.27/FeaturePacks/TP_Flying.upack)
[2022.03.29-10.42.54:704][  0]LogPakFile: OnPakFileMounted2Time == 0.000170
[2022.03.29-10.42.54:709][  0]LogPakFile: PakFile PrimaryIndexSize=184
[2022.03.29-10.42.54:709][  0]LogPakFile: PakFile PathHashIndexSize=101
[2022.03.29-10.42.54:709][  0]LogPakFile: PakFile FullDirectoryIndexSize=142
[2022.03.29-10.42.54:709][  0]LogShaderLibrary: Display: ShaderCodeLibraryPakFileMountedCallback: PakFile 'C:/Program Files/Epic Games/UE_4.27/FeaturePacks/TP_FlyingBP.upack' (chunk index -1, root 'root:/') mounted
[2022.03.29-10.42.54:709][  0]LogShaderLibrary: Display: ShaderCodeLibraryPakFileMountedCallback: pending pak file info (ChunkID:-1 Root:root:/ File:C:/Program Files/Epic Games/UE_4.27/FeaturePacks/TP_FlyingBP.upack)
[2022.03.29-10.42.54:709][  0]LogPakFile: OnPakFileMounted2Time == 0.000230
[2022.03.29-10.42.54:713][  0]LogPakFile: PakFile PrimaryIndexSize=188
[2022.03.29-10.42.54:713][  0]LogPakFile: PakFile PathHashIndexSize=101
[2022.03.29-10.42.54:713][  0]LogPakFile: PakFile FullDirectoryIndexSize=150
[2022.03.29-10.42.54:713][  0]LogShaderLibrary: Display: ShaderCodeLibraryPakFileMountedCallback: PakFile 'C:/Program Files/Epic Games/UE_4.27/FeaturePacks/TP_HandheldARBP.upack' (chunk index -1, root 'root:/') mounted
[2022.03.29-10.42.54:713][  0]LogShaderLibrary: Display: ShaderCodeLibraryPakFileMountedCallback: pending pak file info (ChunkID:-1 Root:root:/ File:C:/Program Files/Epic Games/UE_4.27/FeaturePacks/TP_HandheldARBP.upack)
[2022.03.29-10.42.54:714][  0]LogPakFile: OnPakFileMounted2Time == 0.000236
[2022.03.29-10.42.54:718][  0]LogPakFile: PakFile PrimaryIndexSize=182
[2022.03.29-10.42.54:718][  0]LogPakFile: PakFile PathHashIndexSize=101
[2022.03.29-10.42.54:718][  0]LogPakFile: PakFile FullDirectoryIndexSize=138
[2022.03.29-10.42.54:718][  0]LogShaderLibrary: Display: ShaderCodeLibraryPakFileMountedCallback: PakFile 'C:/Program Files/Epic Games/UE_4.27/FeaturePacks/TP_Puzzle.upack' (chunk index -1, root 'root:/') mounted
[2022.03.29-10.42.54:718][  0]LogShaderLibrary: Display: ShaderCodeLibraryPakFileMountedCallback: pending pak file info (ChunkID:-1 Root:root:/ File:C:/Program Files/Epic Games/UE_4.27/FeaturePacks/TP_Puzzle.upack)
[2022.03.29-10.42.54:718][  0]LogPakFile: OnPakFileMounted2Time == 0.000221
[2022.03.29-10.42.54:722][  0]LogPakFile: PakFile PrimaryIndexSize=184
[2022.03.29-10.42.54:723][  0]LogPakFile: PakFile PathHashIndexSize=101
[2022.03.29-10.42.54:723][  0]LogPakFile: PakFile FullDirectoryIndexSize=142
[2022.03.29-10.42.54:723][  0]LogShaderLibrary: Display: ShaderCodeLibraryPakFileMountedCallback: PakFile 'C:/Program Files/Epic Games/UE_4.27/FeaturePacks/TP_PuzzleBP.upack' (chunk index -1, root 'root:/') mounted
[2022.03.29-10.42.54:723][  0]LogShaderLibrary: Display: ShaderCodeLibraryPakFileMountedCallback: pending pak file info (ChunkID:-1 Root:root:/ File:C:/Program Files/Epic Games/UE_4.27/FeaturePacks/TP_PuzzleBP.upack)
[2022.03.29-10.42.54:723][  0]LogPakFile: OnPakFileMounted2Time == 0.000240
[2022.03.29-10.42.54:727][  0]LogPakFile: PakFile PrimaryIndexSize=183
[2022.03.29-10.42.54:727][  0]LogPakFile: PakFile PathHashIndexSize=101
[2022.03.29-10.42.54:727][  0]LogPakFile: PakFile FullDirectoryIndexSize=140
[2022.03.29-10.42.54:728][  0]LogShaderLibrary: Display: ShaderCodeLibraryPakFileMountedCallback: PakFile 'C:/Program Files/Epic Games/UE_4.27/FeaturePacks/TP_Rolling.upack' (chunk index -1, root 'root:/') mounted
[2022.03.29-10.42.54:728][  0]LogShaderLibrary: Display: ShaderCodeLibraryPakFileMountedCallback: pending pak file info (ChunkID:-1 Root:root:/ File:C:/Program Files/Epic Games/UE_4.27/FeaturePacks/TP_Rolling.upack)
[2022.03.29-10.42.54:728][  0]LogPakFile: OnPakFileMounted2Time == 0.000204
[2022.03.29-10.42.54:732][  0]LogPakFile: PakFile PrimaryIndexSize=185
[2022.03.29-10.42.54:732][  0]LogPakFile: PakFile PathHashIndexSize=101
[2022.03.29-10.42.54:732][  0]LogPakFile: PakFile FullDirectoryIndexSize=144
[2022.03.29-10.42.54:732][  0]LogShaderLibrary: Display: ShaderCodeLibraryPakFileMountedCallback: PakFile 'C:/Program Files/Epic Games/UE_4.27/FeaturePacks/TP_RollingBP.upack' (chunk index -1, root 'root:/') mounted
[2022.03.29-10.42.54:732][  0]LogShaderLibrary: Display: ShaderCodeLibraryPakFileMountedCallback: pending pak file info (ChunkID:-1 Root:root:/ File:C:/Program Files/Epic Games/UE_4.27/FeaturePacks/TP_RollingBP.upack)
[2022.03.29-10.42.54:732][  0]LogPakFile: OnPakFileMounted2Time == 0.000230
[2022.03.29-10.42.54:736][  0]LogPakFile: PakFile PrimaryIndexSize=188
[2022.03.29-10.42.54:737][  0]LogPakFile: PakFile PathHashIndexSize=101
[2022.03.29-10.42.54:737][  0]LogPakFile: PakFile FullDirectoryIndexSize=150
[2022.03.29-10.42.54:737][  0]LogShaderLibrary: Display: ShaderCodeLibraryPakFileMountedCallback: PakFile 'C:/Program Files/Epic Games/UE_4.27/FeaturePacks/TP_SideScroller.upack' (chunk index -1, root 'root:/') mounted
[2022.03.29-10.42.54:737][  0]LogShaderLibrary: Display: ShaderCodeLibraryPakFileMountedCallback: pending pak file info (ChunkID:-1 Root:root:/ File:C:/Program Files/Epic Games/UE_4.27/FeaturePacks/TP_SideScroller.upack)
[2022.03.29-10.42.54:737][  0]LogPakFile: OnPakFileMounted2Time == 0.000240
[2022.03.29-10.42.54:741][  0]LogPakFile: PakFile PrimaryIndexSize=190
[2022.03.29-10.42.54:741][  0]LogPakFile: PakFile PathHashIndexSize=101
[2022.03.29-10.42.54:741][  0]LogPakFile: PakFile FullDirectoryIndexSize=154
[2022.03.29-10.42.54:741][  0]LogShaderLibrary: Display: ShaderCodeLibraryPakFileMountedCallback: PakFile 'C:/Program Files/Epic Games/UE_4.27/FeaturePacks/TP_SideScrollerBP.upack' (chunk index -1, root 'root:/') mounted
[2022.03.29-10.42.54:741][  0]LogShaderLibrary: Display: ShaderCodeLibraryPakFileMountedCallback: pending pak file info (ChunkID:-1 Root:root:/ File:C:/Program Files/Epic Games/UE_4.27/FeaturePacks/TP_SideScrollerBP.upack)
[2022.03.29-10.42.54:742][  0]LogPakFile: OnPakFileMounted2Time == 0.000219
[2022.03.29-10.42.54:746][  0]LogPakFile: PakFile PrimaryIndexSize=187
[2022.03.29-10.42.54:746][  0]LogPakFile: PakFile PathHashIndexSize=101
[2022.03.29-10.42.54:746][  0]LogPakFile: PakFile FullDirectoryIndexSize=148
[2022.03.29-10.42.54:746][  0]LogShaderLibrary: Display: ShaderCodeLibraryPakFileMountedCallback: PakFile 'C:/Program Files/Epic Games/UE_4.27/FeaturePacks/TP_ThirdPerson.upack' (chunk index -1, root 'root:/') mounted
[2022.03.29-10.42.54:746][  0]LogShaderLibrary: Display: ShaderCodeLibraryPakFileMountedCallback: pending pak file info (ChunkID:-1 Root:root:/ File:C:/Program Files/Epic Games/UE_4.27/FeaturePacks/TP_ThirdPerson.upack)
[2022.03.29-10.42.54:746][  0]LogPakFile: OnPakFileMounted2Time == 0.000234
[2022.03.29-10.42.54:750][  0]LogPakFile: PakFile PrimaryIndexSize=189
[2022.03.29-10.42.54:750][  0]LogPakFile: PakFile PathHashIndexSize=101
[2022.03.29-10.42.54:750][  0]LogPakFile: PakFile FullDirectoryIndexSize=152
[2022.03.29-10.42.54:750][  0]LogShaderLibrary: Display: ShaderCodeLibraryPakFileMountedCallback: PakFile 'C:/Program Files/Epic Games/UE_4.27/FeaturePacks/TP_ThirdPersonBP.upack' (chunk index -1, root 'root:/') mounted
[2022.03.29-10.42.54:751][  0]LogShaderLibrary: Display: ShaderCodeLibraryPakFileMountedCallback: pending pak file info (ChunkID:-1 Root:root:/ File:C:/Program Files/Epic Games/UE_4.27/FeaturePacks/TP_ThirdPersonBP.upack)
[2022.03.29-10.42.54:751][  0]LogPakFile: OnPakFileMounted2Time == 0.000274
[2022.03.29-10.42.54:756][  0]LogPakFile: PakFile PrimaryIndexSize=183
[2022.03.29-10.42.54:756][  0]LogPakFile: PakFile PathHashIndexSize=101
[2022.03.29-10.42.54:756][  0]LogPakFile: PakFile FullDirectoryIndexSize=140
[2022.03.29-10.42.54:756][  0]LogShaderLibrary: Display: ShaderCodeLibraryPakFileMountedCallback: PakFile 'C:/Program Files/Epic Games/UE_4.27/FeaturePacks/TP_TopDown.upack' (chunk index -1, root 'root:/') mounted
[2022.03.29-10.42.54:756][  0]LogShaderLibrary: Display: ShaderCodeLibraryPakFileMountedCallback: pending pak file info (ChunkID:-1 Root:root:/ File:C:/Program Files/Epic Games/UE_4.27/FeaturePacks/TP_TopDown.upack)
[2022.03.29-10.42.54:756][  0]LogPakFile: OnPakFileMounted2Time == 0.000190
[2022.03.29-10.42.54:760][  0]LogPakFile: PakFile PrimaryIndexSize=185
[2022.03.29-10.42.54:760][  0]LogPakFile: PakFile PathHashIndexSize=101
[2022.03.29-10.42.54:760][  0]LogPakFile: PakFile FullDirectoryIndexSize=144
[2022.03.29-10.42.54:760][  0]LogShaderLibrary: Display: ShaderCodeLibraryPakFileMountedCallback: PakFile 'C:/Program Files/Epic Games/UE_4.27/FeaturePacks/TP_TopDownBP.upack' (chunk index -1, root 'root:/') mounted
[2022.03.29-10.42.54:760][  0]LogShaderLibrary: Display: ShaderCodeLibraryPakFileMountedCallback: pending pak file info (ChunkID:-1 Root:root:/ File:C:/Program Files/Epic Games/UE_4.27/FeaturePacks/TP_TopDownBP.upack)
[2022.03.29-10.42.54:761][  0]LogPakFile: OnPakFileMounted2Time == 0.000229
[2022.03.29-10.42.54:768][  0]LogPakFile: PakFile PrimaryIndexSize=185
[2022.03.29-10.42.54:768][  0]LogPakFile: PakFile PathHashIndexSize=101
[2022.03.29-10.42.54:768][  0]LogPakFile: PakFile FullDirectoryIndexSize=144
[2022.03.29-10.42.54:768][  0]LogShaderLibrary: Display: ShaderCodeLibraryPakFileMountedCallback: PakFile 'C:/Program Files/Epic Games/UE_4.27/FeaturePacks/TP_TwinStick.upack' (chunk index -1, root 'root:/') mounted
[2022.03.29-10.42.54:768][  0]LogShaderLibrary: Display: ShaderCodeLibraryPakFileMountedCallback: pending pak file info (ChunkID:-1 Root:root:/ File:C:/Program Files/Epic Games/UE_4.27/FeaturePacks/TP_TwinStick.upack)
[2022.03.29-10.42.54:768][  0]LogPakFile: OnPakFileMounted2Time == 0.000254
[2022.03.29-10.42.54:772][  0]LogPakFile: PakFile PrimaryIndexSize=187
[2022.03.29-10.42.54:773][  0]LogPakFile: PakFile PathHashIndexSize=101
[2022.03.29-10.42.54:773][  0]LogPakFile: PakFile FullDirectoryIndexSize=148
[2022.03.29-10.42.54:773][  0]LogShaderLibrary: Display: ShaderCodeLibraryPakFileMountedCallback: PakFile 'C:/Program Files/Epic Games/UE_4.27/FeaturePacks/TP_TwinStickBP.upack' (chunk index -1, root 'root:/') mounted
[2022.03.29-10.42.54:773][  0]LogShaderLibrary: Display: ShaderCodeLibraryPakFileMountedCallback: pending pak file info (ChunkID:-1 Root:root:/ File:C:/Program Files/Epic Games/UE_4.27/FeaturePacks/TP_TwinStickBP.upack)
[2022.03.29-10.42.54:773][  0]LogPakFile: OnPakFileMounted2Time == 0.000225
[2022.03.29-10.42.54:777][  0]LogPakFile: PakFile PrimaryIndexSize=183
[2022.03.29-10.42.54:777][  0]LogPakFile: PakFile PathHashIndexSize=101
[2022.03.29-10.42.54:777][  0]LogPakFile: PakFile FullDirectoryIndexSize=140
[2022.03.29-10.42.54:777][  0]LogShaderLibrary: Display: ShaderCodeLibraryPakFileMountedCallback: PakFile 'C:/Program Files/Epic Games/UE_4.27/FeaturePacks/TP_Vehicle.upack' (chunk index -1, root 'root:/') mounted
[2022.03.29-10.42.54:777][  0]LogShaderLibrary: Display: ShaderCodeLibraryPakFileMountedCallback: pending pak file info (ChunkID:-1 Root:root:/ File:C:/Program Files/Epic Games/UE_4.27/FeaturePacks/TP_Vehicle.upack)
[2022.03.29-10.42.54:777][  0]LogPakFile: OnPakFileMounted2Time == 0.000211
[2022.03.29-10.42.54:781][  0]LogPakFile: PakFile PrimaryIndexSize=186
[2022.03.29-10.42.54:781][  0]LogPakFile: PakFile PathHashIndexSize=101
[2022.03.29-10.42.54:782][  0]LogPakFile: PakFile FullDirectoryIndexSize=146
[2022.03.29-10.42.54:782][  0]LogShaderLibrary: Display: ShaderCodeLibraryPakFileMountedCallback: PakFile 'C:/Program Files/Epic Games/UE_4.27/FeaturePacks/TP_VehicleAdv.upack' (chunk index -1, root 'root:/') mounted
[2022.03.29-10.42.54:782][  0]LogShaderLibrary: Display: ShaderCodeLibraryPakFileMountedCallback: pending pak file info (ChunkID:-1 Root:root:/ File:C:/Program Files/Epic Games/UE_4.27/FeaturePacks/TP_VehicleAdv.upack)
[2022.03.29-10.42.54:782][  0]LogPakFile: OnPakFileMounted2Time == 0.000251
[2022.03.29-10.42.54:786][  0]LogPakFile: PakFile PrimaryIndexSize=188
[2022.03.29-10.42.54:786][  0]LogPakFile: PakFile PathHashIndexSize=101
[2022.03.29-10.42.54:786][  0]LogPakFile: PakFile FullDirectoryIndexSize=150
[2022.03.29-10.42.54:786][  0]LogShaderLibrary: Display: ShaderCodeLibraryPakFileMountedCallback: PakFile 'C:/Program Files/Epic Games/UE_4.27/FeaturePacks/TP_VehicleAdvBP.upack' (chunk index -1, root 'root:/') mounted
[2022.03.29-10.42.54:786][  0]LogShaderLibrary: Display: ShaderCodeLibraryPakFileMountedCallback: pending pak file info (ChunkID:-1 Root:root:/ File:C:/Program Files/Epic Games/UE_4.27/FeaturePacks/TP_VehicleAdvBP.upack)
[2022.03.29-10.42.54:787][  0]LogPakFile: OnPakFileMounted2Time == 0.000164
[2022.03.29-10.42.54:790][  0]LogPakFile: PakFile PrimaryIndexSize=185
[2022.03.29-10.42.54:791][  0]LogPakFile: PakFile PathHashIndexSize=101
[2022.03.29-10.42.54:791][  0]LogPakFile: PakFile FullDirectoryIndexSize=144
[2022.03.29-10.42.54:791][  0]LogShaderLibrary: Display: ShaderCodeLibraryPakFileMountedCallback: PakFile 'C:/Program Files/Epic Games/UE_4.27/FeaturePacks/TP_VehicleBP.upack' (chunk index -1, root 'root:/') mounted
[2022.03.29-10.42.54:791][  0]LogShaderLibrary: Display: ShaderCodeLibraryPakFileMountedCallback: pending pak file info (ChunkID:-1 Root:root:/ File:C:/Program Files/Epic Games/UE_4.27/FeaturePacks/TP_VehicleBP.upack)
[2022.03.29-10.42.54:791][  0]LogPakFile: OnPakFileMounted2Time == 0.000210
[2022.03.29-10.42.54:795][  0]LogPakFile: PakFile PrimaryIndexSize=192
[2022.03.29-10.42.54:795][  0]LogPakFile: PakFile PathHashIndexSize=101
[2022.03.29-10.42.54:795][  0]LogPakFile: PakFile FullDirectoryIndexSize=158
[2022.03.29-10.42.54:795][  0]LogShaderLibrary: Display: ShaderCodeLibraryPakFileMountedCallback: PakFile 'C:/Program Files/Epic Games/UE_4.27/FeaturePacks/TP_VirtualRealityBP.upack' (chunk index -1, root 'root:/') mounted
[2022.03.29-10.42.54:795][  0]LogShaderLibrary: Display: ShaderCodeLibraryPakFileMountedCallback: pending pak file info (ChunkID:-1 Root:root:/ File:C:/Program Files/Epic Games/UE_4.27/FeaturePacks/TP_VirtualRealityBP.upack)
[2022.03.29-10.42.54:795][  0]LogPakFile: OnPakFileMounted2Time == 0.000231
[2022.03.29-10.42.54:913][  0]LogNativeClassHierarchy: Verbose: Native class hierarchy updated for 'AddContentDialog' in 0.0003 seconds. Added 0 classes and 0 folders.
[2022.03.29-10.42.54:917][  0]LogNativeClassHierarchy: Verbose: Native class hierarchy updated for 'SceneOutliner' in 0.0003 seconds. Added 2 classes and 0 folders.
[2022.03.29-10.42.55:021][  0]LogSlate: Took 0.003750 seconds to synchronously load lazily loaded font '../../../Engine/Content/Slate/Fonts/Roboto-Regular.ttf' (155K)
[2022.03.29-10.42.55:025][  0]LogSlate: Took 0.003552 seconds to synchronously load lazily loaded font '../../../Engine/Content/Editor/Slate/Fonts/FontAwesome.ttf' (139K)
[2022.03.29-10.42.55:029][  0]LogSlate: Took 0.003009 seconds to synchronously load lazily loaded font '../../../Engine/Content/Slate/Fonts/Roboto-Bold.ttf' (160K)
[2022.03.29-10.42.55:038][  0]LogSlate: Took 0.005014 seconds to synchronously load lazily loaded font '../../../Engine/Content/Slate/Fonts/DroidSansMono.ttf' (77K)
[2022.03.29-10.42.55:215][  0]LogRenderer: Reallocating scene render targets to support 1208x572 Format 10 NumSamples 1 (Frame:1).
[2022.03.29-10.42.55:341][  0]LogNativeClassHierarchy: Verbose: Native class hierarchy updated for 'HierarchicalLODOutliner' in 0.0003 seconds. Added 0 classes and 0 folders.
[2022.03.29-10.42.55:341][  0]LogLoad: (Engine Initialization) Total time: 22.12 seconds
[2022.03.29-10.42.55:341][  0]LogLoad: (Engine Initialization) Total Blueprint compile time: 0.00 seconds
[2022.03.29-10.42.55:382][  0]LogAssetRegistry: Asset discovery search completed in 14.0405 seconds
[2022.03.29-10.42.55:404][  0]LogCollectionManager: Fixed up redirectors for 0 collections in 0.000004 seconds (updated 0 objects)
[2022.03.29-10.42.55:405][  0]LogContentStreaming: Texture pool size now 1000 MB
[2022.03.29-10.42.56:364][ 83]LogSlate: Took 0.003758 seconds to synchronously load lazily loaded font '../../../Engine/Content/Slate/Fonts/Roboto-Light.ttf' (167K)
[2022.03.29-10.43.00:102][466]LogSlate: Window 'Message Log' being destroyed
[2022.03.29-10.43.02:228][679]LogTemp: Repeating last play command: Selected Viewport
[2022.03.29-10.43.02:232][679]LogPlayLevel: PlayLevel: No blueprints needed recompiling
[2022.03.29-10.43.02:237][679]PIE: New page: PIE session: Mapa (29 mar. 2022 14:43:02)
[2022.03.29-10.43.02:238][679]LogOnline: OSS: Creating online subsystem instance for: NULL
[2022.03.29-10.43.02:240][679]LogOnline: OSS: TryLoadSubsystemAndSetDefault: Loaded subsystem for module [NULL]
[2022.03.29-10.43.02:240][679]LogPlayLevel: Creating play world package: /Game/Maps/UEDPIE_0_Mapa
[2022.03.29-10.43.02:250][679]LogPlayLevel: PIE: StaticDuplicateObject took: (0.010135s)
[2022.03.29-10.43.02:251][679]LogAIModule: Creating AISystem for world Mapa
[2022.03.29-10.43.02:252][679]LogPlayLevel: PIE: World Init took: (0.001119s)
[2022.03.29-10.43.02:252][679]LogPlayLevel: PIE: Created PIE world by copying editor world from /Game/Maps/Mapa.Mapa to /Game/Maps/UEDPIE_0_Mapa.Mapa (0.011694s)
[2022.03.29-10.43.02:256][679]LogUObjectHash: Compacting FUObjectHashTables data took   0.59ms
[2022.03.29-10.43.02:257][679]LogAudio: Display: Creating Audio Device:                 Id: 2, Scope: Unique, Realtime: True
[2022.03.29-10.43.02:257][679]LogAudioMixer: Display: Audio Mixer Platform Settings:
[2022.03.29-10.43.02:257][679]LogAudioMixer: Display: 	Sample Rate:						  48000
[2022.03.29-10.43.02:258][679]LogAudioMixer: Display: 	Callback Buffer Frame Size Requested: 1024
[2022.03.29-10.43.02:258][679]LogAudioMixer: Display: 	Callback Buffer Frame Size To Use:	  1024
[2022.03.29-10.43.02:258][679]LogAudioMixer: Display: 	Number of buffers to queue:			  2
[2022.03.29-10.43.02:258][679]LogAudioMixer: Display: 	Max Channels (voices):				  32
[2022.03.29-10.43.02:258][679]LogAudioMixer: Display: 	Number of Async Source Workers:		  0
[2022.03.29-10.43.02:258][679]LogAudio: Display: AudioDevice MaxSources: 32
[2022.03.29-10.43.02:259][679]LogAudio: Display: Audio Spatialization Plugin: None (built-in).
[2022.03.29-10.43.02:259][679]LogAudio: Display: Audio Reverb Plugin: None (built-in).
[2022.03.29-10.43.02:259][679]LogAudio: Display: Audio Occlusion Plugin: None (built-in).
[2022.03.29-10.43.02:259][679]LogAudioMixer: Display: Initializing audio mixer.
[2022.03.29-10.43.02:262][679]LogAudioMixer: Display: 0: FrontLeft
[2022.03.29-10.43.02:262][679]LogAudioMixer: Display: 1: FrontRight
[2022.03.29-10.43.02:270][679]LogAudioMixer: Display: Using Audio Device 27B1 (NVIDIA High Definition Audio)
[2022.03.29-10.43.02:270][679]LogAudioMixer: Display: Initializing Sound Submixes...
[2022.03.29-10.43.02:270][679]LogAudioMixer: Display: Creating Master Submix 'MasterSubmixDefault'
[2022.03.29-10.43.02:270][679]LogAudioMixer: Display: Creating Master Submix 'MasterReverbSubmixDefault'
[2022.03.29-10.43.02:271][679]LogAudioMixer: Display: Creating Master Submix 'MasterEQSubmixDefault'
[2022.03.29-10.43.02:271][679]LogAudioMixer: FMixerPlatformXAudio2::StartAudioStream() called
[2022.03.29-10.43.02:271][679]LogAudioMixer: Display: Output buffers initialized: Frames=1024, Channels=2, Samples=2048
[2022.03.29-10.43.02:272][679]LogAudioMixer: Display: Starting AudioMixerPlatformInterface::RunInternal()
[2022.03.29-10.43.02:272][679]LogAudioMixer: Display: FMixerPlatformXAudio2::SubmitBuffer() called for the first time
[2022.03.29-10.43.02:272][679]LogInit: FAudioDevice initialized.
[2022.03.29-10.43.02:273][679]LogAudio: Display: Audio Device (ID: 2) registered with world 'Mapa'.
[2022.03.29-10.43.02:282][679]LogLinker: Warning: [AssetLog] C:\Users\Administrador\Documents\Unreal Projects\Unreal-Prisma\Arkanoid\Content\Meshes\SM_Paddle.uasset: Failed to load '/Game/Materials/CollisionMaterial': Can't find file.
[2022.03.29-10.43.02:282][679]LogLinker: Warning: [AssetLog] C:\Users\Administrador\Documents\Unreal Projects\Unreal-Prisma\Arkanoid\Content\Meshes\SM_Paddle.uasset: Failed to load '/Game/Materials/CollisionMaterial': Can't find file.
[2022.03.29-10.43.02:283][679]LogLinker: Warning: [AssetLog] C:\Users\Administrador\Documents\Unreal Projects\Unreal-Prisma\Arkanoid\Content\Meshes\SM_Paddle.uasset: Failed to load '/Game/Materials/CollisionMaterial': Can't find file.
[2022.03.29-10.43.02:286][679]LogLinker: Warning: [AssetLog] C:\Users\Administrador\Documents\Unreal Projects\Unreal-Prisma\Arkanoid\Content\Meshes\SM_Ball.uasset: Failed to load '/Game/Materials/CollisionMaterial': Can't find file.
[2022.03.29-10.43.02:286][679]LogLinker: Warning: [AssetLog] C:\Users\Administrador\Documents\Unreal Projects\Unreal-Prisma\Arkanoid\Content\Meshes\SM_Ball.uasset: Failed to load '/Game/Materials/CollisionMaterial': Can't find file.
[2022.03.29-10.43.02:290][679]LogLinker: Warning: [AssetLog] C:\Users\Administrador\Documents\Unreal Projects\Unreal-Prisma\Arkanoid\Content\Meshes\SM_Paddle.uasset: Failed to load '/Game/Materials/CollisionMaterial': Can't find file.
[2022.03.29-10.43.02:291][679]LogLinker: Warning: [AssetLog] C:\Users\Administrador\Documents\Unreal Projects\Unreal-Prisma\Arkanoid\Content\Meshes\SM_Ball.uasset: Failed to load '/Game/Materials/CollisionMaterial': Can't find file.
[2022.03.29-10.43.02:323][679]LogLoad: Game class is 'Arkanoid_Gamemode_BP_C'
[2022.03.29-10.43.02:330][679]LogWorld: Bringing World /Game/Maps/UEDPIE_0_Mapa.Mapa up for play (max tick rate 0) at 2022.03.29-12.43.02
[2022.03.29-10.43.02:331][679]LogWorld: Bringing up level for play took: 0.007025
[2022.03.29-10.43.02:331][679]LogOnline: OSS: Creating online subsystem instance for: :Context_1
[2022.03.29-10.43.02:335][679]LogNativeClassHierarchy: Verbose: Native class hierarchy updated for 'MovieSceneCapture' in 0.0004 seconds. Added 20 classes and 0 folders.
[2022.03.29-10.43.02:338][679]PIE: Server logged in
[2022.03.29-10.43.02:340][679]PIE: Play in editor total start time 0,108 seconds.
